
*** Running vivado
    with args -log system_util_vector_logic_0_0.vds -m64 -product Vivado -mode batch -messageDb vivado.pb -notrace -source system_util_vector_logic_0_0.tcl


****** Vivado v2018.3.1 (64-bit)
  **** SW Build 2489853 on Tue Mar 26 04:20:25 MDT 2019
  **** IP Build 2486929 on Tue Mar 26 06:44:21 MDT 2019
    ** Copyright 1986-2019 Xilinx, Inc. All Rights Reserved.

source system_util_vector_logic_0_0.tcl -notrace
Command: synth_design -top system_util_vector_logic_0_0 -part xc7z035ffg676-2 -mode out_of_context
Starting synth_design
Attempting to get a license for feature 'Synthesis' and/or device 'xc7z035'
INFO: [Common 17-349] Got license for feature 'Synthesis' and/or device 'xc7z035'
INFO: Launching helper process for spawning children vivado processes
INFO: Helper process launched with PID 22716 
---------------------------------------------------------------------------------
Starting Synthesize : Time (s): cpu = 00:00:02 ; elapsed = 00:00:04 . Memory (MB): peak = 473.906 ; gain = 94.203
---------------------------------------------------------------------------------
INFO: [Synth 8-6157] synthesizing module 'system_util_vector_logic_0_0' [f:/FILE/FPGA/ZYNQ/08_LAN/05_LWIP_1g_sfp/example/LWIP_sfp/lwip_sfp/Miz_sys/Miz_sys.srcs/sources_1/bd/system/ip/system_util_vector_logic_0_0/synth/system_util_vector_logic_0_0.v:57]
INFO: [Synth 8-6157] synthesizing module 'util_vector_logic_v2_0_1_util_vector_logic' [f:/FILE/FPGA/ZYNQ/08_LAN/05_LWIP_1g_sfp/example/LWIP_sfp/lwip_sfp/Miz_sys/Miz_sys.srcs/sources_1/bd/system/ipshared/2137/hdl/util_vector_logic_v2_0_vl_rfs.v:45]
	Parameter C_OPERATION bound to: not - type: string 
	Parameter C_SIZE bound to: 1 - type: integer 
INFO: [Synth 8-6155] done synthesizing module 'util_vector_logic_v2_0_1_util_vector_logic' (1#1) [f:/FILE/FPGA/ZYNQ/08_LAN/05_LWIP_1g_sfp/example/LWIP_sfp/lwip_sfp/Miz_sys/Miz_sys.srcs/sources_1/bd/system/ipshared/2137/hdl/util_vector_logic_v2_0_vl_rfs.v:45]
INFO: [Synth 8-6155] done synthesizing module 'system_util_vector_logic_0_0' (2#1) [f:/FILE/FPGA/ZYNQ/08_LAN/05_LWIP_1g_sfp/example/LWIP_sfp/lwip_sfp/Miz_sys/Miz_sys.srcs/sources_1/bd/system/ip/system_util_vector_logic_0_0/synth/system_util_vector_logic_0_0.v:57]
WARNING: [Synth 8-3331] design util_vector_logic_v2_0_1_util_vector_logic has unconnected port Op2[0]
---------------------------------------------------------------------------------
Finished Synthesize : Time (s): cpu = 00:00:02 ; elapsed = 00:00:05 . Memory (MB): peak = 529.715 ; gain = 150.012
---------------------------------------------------------------------------------
---------------------------------------------------------------------------------
Finished Constraint Validation : Time (s): cpu = 00:00:03 ; elapsed = 00:00:05 . Memory (MB): peak = 529.715 ; gain = 150.012
---------------------------------------------------------------------------------
---------------------------------------------------------------------------------
Start Loading Part and Timing Information
---------------------------------------------------------------------------------
Loading part: xc7z035ffg676-2
---------------------------------------------------------------------------------
INFO: [Device 21-403] Loading part xc7z035ffg676-2
Finished Loading Part and Timing Information : Time (s): cpu = 00:00:03 ; elapsed = 00:00:05 . Memory (MB): peak = 529.715 ; gain = 150.012
---------------------------------------------------------------------------------
---------------------------------------------------------------------------------
Finished RTL Optimization Phase 2 : Time (s): cpu = 00:00:03 ; elapsed = 00:00:05 . Memory (MB): peak = 529.715 ; gain = 150.012
---------------------------------------------------------------------------------

Report RTL Partitions: 
+-+--------------+------------+----------+
| |RTL Partition |Replication |Instances |
+-+--------------+------------+----------+
+-+--------------+------------+----------+
No constraint files found.
---------------------------------------------------------------------------------
Start RTL Component Statistics 
---------------------------------------------------------------------------------
Detailed RTL Component Info : 
---------------------------------------------------------------------------------
Finished RTL Component Statistics 
---------------------------------------------------------------------------------
---------------------------------------------------------------------------------
Start RTL Hierarchical Component Statistics 
---------------------------------------------------------------------------------
Hierarchical RTL Component report 
---------------------------------------------------------------------------------
Finished RTL Hierarchical Component Statistics
---------------------------------------------------------------------------------
---------------------------------------------------------------------------------
Start Part Resource Summary
---------------------------------------------------------------------------------
Part Resources:
DSPs: 900 (col length:140)
BRAMs: 1000 (col length: RAMB18 140 RAMB36 70)
---------------------------------------------------------------------------------
Finished Part Resource Summary
---------------------------------------------------------------------------------
No constraint files found.
---------------------------------------------------------------------------------
Start Cross Boundary and Area Optimization
---------------------------------------------------------------------------------
Warning: Parallel synthesis criteria is not met 
---------------------------------------------------------------------------------
Finished Cross Boundary and Area Optimization : Time (s): cpu = 00:00:06 ; elapsed = 00:00:08 . Memory (MB): peak = 739.953 ; gain = 360.250
---------------------------------------------------------------------------------

Report RTL Partitions: 
+-+--------------+------------+----------+
| |RTL Partition |Replication |Instances |
+-+--------------+------------+----------+
+-+--------------+------------+----------+
No constraint files found.
---------------------------------------------------------------------------------
Start Timing Optimization
---------------------------------------------------------------------------------
---------------------------------------------------------------------------------
Finished Timing Optimization : Time (s): cpu = 00:00:06 ; elapsed = 00:00:08 . Memory (MB): peak = 739.953 ; gain = 360.250
---------------------------------------------------------------------------------

Report RTL Partitions: 
+-+--------------+------------+----------+
| |RTL Partition |Replication |Instances |
+-+--------------+------------+----------+
+-+--------------+------------+----------+
---------------------------------------------------------------------------------
Start Technology Mapping
---------------------------------------------------------------------------------
---------------------------------------------------------------------------------
Finished Technology Mapping : Time (s): cpu = 00:00:06 ; elapsed = 00:00:08 . Memory (MB): peak = 740.141 ; gain = 360.438
---------------------------------------------------------------------------------

Report RTL Partitions: 
+-+--------------+------------+----------+
| |RTL Partition |Replication |Instances |
+-+--------------+------------+----------+
+-+--------------+------------+----------+
---------------------------------------------------------------------------------
Start IO Insertion
---------------------------------------------------------------------------------
---------------------------------------------------------------------------------
Start Flattening Before IO Insertion
---------------------------------------------------------------------------------
---------------------------------------------------------------------------------
Finished Flattening Before IO Insertion
---------------------------------------------------------------------------------
---------------------------------------------------------------------------------
Start Final Netlist Cleanup
---------------------------------------------------------------------------------
---------------------------------------------------------------------------------
Finished Final Netlist Cleanup
---------------------------------------------------------------------------------
---------------------------------------------------------------------------------
Finished IO Insertion : Time (s): cpu = 00:00:06 ; elapsed = 00:00:09 . Memory (MB): peak = 740.141 ; gain = 360.438
---------------------------------------------------------------------------------

Report Check Netlist: 
+------+------------------+-------+---------+-------+------------------+
|      |Item              |Errors |Warnings |Status |Description       |
+------+------------------+-------+---------+-------+------------------+
|1     |multi_driven_nets |      0|        0|Passed |Multi driven nets |
+------+------------------+-------+---------+-------+------------------+
---------------------------------------------------------------------------------
Start Renaming Generated Instances
---------------------------------------------------------------------------------
---------------------------------------------------------------------------------
Finished Renaming Generated Instances : Time (s): cpu = 00:00:06 ; elapsed = 00:00:09 . Memory (MB): peak = 740.141 ; gain = 360.438
---------------------------------------------------------------------------------

Report RTL Partitions: 
+-+--------------+------------+----------+
| |RTL Partition |Replication |Instances |
+-+--------------+------------+----------+
+-+--------------+------------+----------+
---------------------------------------------------------------------------------
Start Rebuilding User Hierarchy
---------------------------------------------------------------------------------
---------------------------------------------------------------------------------
Finished Rebuilding User Hierarchy : Time (s): cpu = 00:00:06 ; elapsed = 00:00:09 . Memory (MB): peak = 740.141 ; gain = 360.438
---------------------------------------------------------------------------------
---------------------------------------------------------------------------------
Start Renaming Generated Ports
---------------------------------------------------------------------------------
---------------------------------------------------------------------------------
Finished Renaming Generated Ports : Time (s): cpu = 00:00:06 ; elapsed = 00:00:09 . Memory (MB): peak = 740.141 ; gain = 360.438
---------------------------------------------------------------------------------
---------------------------------------------------------------------------------
Start Handling Custom Attributes
---------------------------------------------------------------------------------
---------------------------------------------------------------------------------
Finished Handling Custom Attributes : Time (s): cpu = 00:00:06 ; elapsed = 00:00:09 . Memory (MB): peak = 740.141 ; gain = 360.438
---------------------------------------------------------------------------------
---------------------------------------------------------------------------------
Start Renaming Generated Nets
---------------------------------------------------------------------------------
---------------------------------------------------------------------------------
Finished Renaming Generated Nets : Time (s): cpu = 00:00:06 ; elapsed = 00:00:09 . Memory (MB): peak = 740.141 ; gain = 360.438
---------------------------------------------------------------------------------
---------------------------------------------------------------------------------
Start Writing Synthesis Report
---------------------------------------------------------------------------------

Report BlackBoxes: 
+-+--------------+----------+
| |BlackBox name |Instances |
+-+--------------+----------+
+-+--------------+----------+

Report Cell Usage: 
+------+-----+------+
|      |Cell |Count |
+------+-----+------+
|1     |LUT1 |     1|
+------+-----+------+

Report Instance Areas: 
+------+---------+-------+------+
|      |Instance |Module |Cells |
+------+---------+-------+------+
|1     |top      |       |     1|
+------+---------+-------+------+
---------------------------------------------------------------------------------
Finished Writing Synthesis Report : Time (s): cpu = 00:00:06 ; elapsed = 00:00:09 . Memory (MB): peak = 740.141 ; gain = 360.438
---------------------------------------------------------------------------------
Synthesis finished with 0 errors, 0 critical warnings and 1 warnings.
Synthesis Optimization Runtime : Time (s): cpu = 00:00:06 ; elapsed = 00:00:09 . Memory (MB): peak = 740.141 ; gain = 360.438
Synthesis Optimization Complete : Time (s): cpu = 00:00:06 ; elapsed = 00:00:09 . Memory (MB): peak = 740.141 ; gain = 360.438
INFO: [Project 1-571] Translating synthesized netlist
INFO: [Project 1-570] Preparing netlist for logic optimization
INFO: [Opt 31-138] Pushed 0 inverter(s) to 0 load pin(s).
Netlist sorting complete. Time (s): cpu = 00:00:00 ; elapsed = 00:00:00 . Memory (MB): peak = 857.941 ; gain = 0.000
INFO: [Project 1-111] Unisim Transformation Summary:
No Unisim elements were transformed.

INFO: [Common 17-83] Releasing license: Synthesis
11 Infos, 1 Warnings, 0 Critical Warnings and 0 Errors encountered.
synth_design completed successfully
synth_design: Time (s): cpu = 00:00:11 ; elapsed = 00:00:14 . Memory (MB): peak = 857.980 ; gain = 489.746
Netlist sorting complete. Time (s): cpu = 00:00:00 ; elapsed = 00:00:00.001 . Memory (MB): peak = 857.980 ; gain = 0.000
WARNING: [Constraints 18-5210] No constraints selected for write.
Resolution: This message can indicate that there are no constraints for the design, or it can indicate that the used_in flags are set such that the constraints are ignored. This later case is used when running synth_design to not write synthesis constraints to the resulting checkpoint. Instead, project constraints are read when the synthesized design is opened.
INFO: [Timing 38-35] Done setting XDC timing constraints.
INFO: [Common 17-1381] The checkpoint 'F:/FILE/FPGA/ZYNQ/08_LAN/05_LWIP_1g_sfp/example/LWIP_sfp/lwip_sfp/Miz_sys/Miz_sys.runs/system_util_vector_logic_0_0_synth_1/system_util_vector_logic_0_0.dcp' has been generated.
write_checkpoint: Time (s): cpu = 00:00:09 ; elapsed = 00:00:11 . Memory (MB): peak = 1318.332 ; gain = 460.352
INFO: [Coretcl 2-1648] Added synthesis output to IP cache for IP system_util_vector_logic_0_0, cache-ID = 2fd271fbc91f865c
Netlist sorting complete. Time (s): cpu = 00:00:00 ; elapsed = 00:00:00 . Memory (MB): peak = 1322.348 ; gain = 0.000
WARNING: [Constraints 18-5210] No constraints selected for write.
Resolution: This message can indicate that there are no constraints for the design, or it can indicate that the used_in flags are set such that the constraints are ignored. This later case is used when running synth_design to not write synthesis constraints to the resulting checkpoint. Instead, project constraints are read when the synthesized design is opened.
INFO: [Common 17-1381] The checkpoint 'F:/FILE/FPGA/ZYNQ/08_LAN/05_LWIP_1g_sfp/example/LWIP_sfp/lwip_sfp/Miz_sys/Miz_sys.runs/system_util_vector_logic_0_0_synth_1/system_util_vector_logic_0_0.dcp' has been generated.
INFO: [runtcl-4] Executing : report_utilization -file system_util_vector_logic_0_0_utilization_synth.rpt -pb system_util_vector_logic_0_0_utilization_synth.pb
INFO: [Common 17-206] Exiting Vivado at Sat May 30 00:14:38 2020...
