#-----------------------------------------------------------
# Vivado v2018.3.1 (64-bit)
# SW Build 2489853 on Tue Mar 26 04:20:25 MDT 2019
# IP Build 2486929 on Tue Mar 26 06:44:21 MDT 2019
# Start of session at: Sat Apr 11 13:54:21 2020
# Process ID: 18412
# Current directory: F:/FILE/FPGA/ZYNQ/08_LAN/02_LWIP_RGMII
# Command line: vivado.exe -gui_launcher_event rodinguilauncherevent6252 F:\FILE\FPGA\ZYNQ\08_LAN\02_LWIP_RGMII\02_LWIP_RGMII.xpr
# Log file: F:/FILE/FPGA/ZYNQ/08_LAN/02_LWIP_RGMII/vivado.log
# Journal file: F:/FILE/FPGA/ZYNQ/08_LAN/02_LWIP_RGMII\vivado.jou
#-----------------------------------------------------------
start_gui
open_project F:/FILE/FPGA/ZYNQ/08_LAN/02_LWIP_RGMII/02_LWIP_RGMII.xpr
INFO: [Project 1-313] Project file moved from 'F:/FILE/FPGA/ZYNQ/08_LAN/05_MB_DDR3_LWIP_RGMII/02_LWIP_RGMII' since last save.
Scanning sources...
Finished scanning sources
INFO: [IP_Flow 19-234] Refreshing IP repositories
INFO: [IP_Flow 19-1704] No user IP repositories specified
INFO: [IP_Flow 19-2313] Loaded Vivado IP repository 'F:/Xilinx/Vivado/2018.3/data/ip'.
open_project: Time (s): cpu = 00:00:21 ; elapsed = 00:00:14 . Memory (MB): peak = 908.934 ; gain = 273.656
update_compile_order -fileset sources_1
open_bd_design {F:/FILE/FPGA/ZYNQ/08_LAN/02_LWIP_RGMII/02_LWIP_RGMII.srcs/sources_1/bd/system/system.bd}
Adding cell -- xilinx.com:ip:processing_system7:5.5 - processing_system7_0
Adding cell -- xilinx.com:ip:xlconcat:2.1 - xlconcat_0
Adding cell -- xilinx.com:ip:axi_dma:7.1 - axi_dma_0
Adding cell -- xilinx.com:ip:axi_ethernet:7.1 - axi_ethernet_0
Adding cell -- xilinx.com:ip:axi_interconnect:2.1 - axi_mem_intercon
Adding cell -- xilinx.com:ip:axi_crossbar:2.1 - xbar
Adding cell -- xilinx.com:ip:axi_dwidth_converter:2.1 - auto_us
Adding cell -- xilinx.com:ip:axi_dwidth_converter:2.1 - auto_us
Adding cell -- xilinx.com:ip:axi_dwidth_converter:2.1 - auto_us
Adding cell -- xilinx.com:ip:axi_protocol_converter:2.1 - auto_pc
Adding cell -- xilinx.com:ip:axi_interconnect:2.1 - ps7_0_axi_periph
Adding cell -- xilinx.com:ip:axi_crossbar:2.1 - xbar
Adding cell -- xilinx.com:ip:axi_protocol_converter:2.1 - auto_pc
Adding cell -- xilinx.com:ip:proc_sys_reset:5.0 - rst_ps7_0_100M
Successfully read diagram <system> from BD file <F:/FILE/FPGA/ZYNQ/08_LAN/02_LWIP_RGMII/02_LWIP_RGMII.srcs/sources_1/bd/system/system.bd>
WARNING: [BD 41-1731] Type mismatch between connected pins: /c_counter_binary_0/THRESH0(data) and /c_shift_ram_0/CE(ce)
WARNING: [BD 41-1731] Type mismatch between connected pins: /c_shift_ram_0/Q(data) and /phy_rst_n(rst)
INFO: [Device 21-403] Loading part xc7z035ffg676-2
startgroup
set_property -dict [list CONFIG.PHY_TYPE {1000BaseX} CONFIG.PHYADDR {3}] [get_bd_cells axi_ethernet_0]
INFO: [xilinx.com:ip:gig_ethernet_pcs_pma:16.1-98989] bd_4bad_pcs_pma_0: ARCHITECTURE : zynq
INFO: [xilinx.com:ip:gig_ethernet_pcs_pma:16.1-98989] bd_4bad_pcs_pma_0: PART : xc7z035ffg676-2
INFO: [xilinx.com:ip:gig_ethernet_pcs_pma:16.1-98989] bd_4bad_pcs_pma_0: SPEEDGRADE : -2
INFO: [xilinx.com:ip:gig_ethernet_pcs_pma:16.1-98989] bd_4bad_pcs_pma_0: Standard : 1000BASEX
delete_bd_objs [get_bd_nets processing_system7_0_FCLK_CLK1] [get_bd_nets axi_ethernet_0_phy_rst_n] [get_bd_intf_nets axi_ethernet_0_mdio] [get_bd_intf_nets axi_ethernet_0_rgmii]
endgroup
startgroup
apply_bd_automation -rule xilinx.com:bd_rule:board -config { Manual_Source {Auto}}  [get_bd_intf_pins axi_ethernet_0/sfp]
INFO: [board_rule 100-100] create_bd_intf_port -mode Master -vlnv xilinx.com:interface:sfp_rtl:1.0 sfp_rtl_0
INFO: [board_rule 100-100] connect_bd_intf_net /sfp_rtl_0 /axi_ethernet_0/sfp
apply_bd_automation -rule xilinx.com:bd_rule:board -config { Manual_Source {Auto}}  [get_bd_intf_pins axi_ethernet_0/mgt_clk]
INFO: [board_rule 100-100] create_bd_intf_port -mode Slave -vlnv xilinx.com:interface:diff_clock_rtl:1.0 diff_clock_rtl_0
INFO: [board_rule 100-100] set_property CONFIG.FREQ_HZ 100000000 /diff_clock_rtl_0
INFO: [board_rule 100-100] connect_bd_intf_net /diff_clock_rtl_0 /axi_ethernet_0/mgt_clk
endgroup
delete_bd_objs [get_bd_intf_ports mdio]
delete_bd_objs [get_bd_intf_ports rgmii]
delete_bd_objs [get_bd_ports phy_reset_n]
set_property name sfp [get_bd_intf_ports sfp_rtl_0]
set_property name mgt_clk [get_bd_intf_ports diff_clock_rtl_0]
save_bd_design
Wrote  : <F:\FILE\FPGA\ZYNQ\08_LAN\02_LWIP_RGMII\02_LWIP_RGMII.srcs\sources_1\bd\system\system.bd> 
Wrote  : <F:/FILE/FPGA/ZYNQ/08_LAN/02_LWIP_RGMII/02_LWIP_RGMII.srcs/sources_1/bd/system/ui/bd_c954508f.ui> 
reset_run synth_1
reset_run system_axi_ethernet_0_0_synth_1
reset_run bd_4bad_mac_0_synth_1
launch_runs impl_1 -to_step write_bitstream -jobs 12
WARNING: [BD 41-1284] Cannot set parameter SUGGESTED_PRIORITY on port /processing_system7_0/IRQ_F2P
WARNING: [BD 41-1284] Cannot set parameter SUGGESTED_PRIORITY on port /processing_system7_0/IRQ_F2P
WARNING: [BD 41-1284] Cannot set parameter SUGGESTED_PRIORITY on port /processing_system7_0/IRQ_F2P
WARNING: [BD 41-1284] Cannot set parameter SUGGESTED_PRIORITY on port /processing_system7_0/IRQ_F2P
WARNING: [BD 41-1284] Cannot set parameter SUGGESTED_PRIORITY on port /processing_system7_0/IRQ_F2P
WARNING: [BD 41-1284] Cannot set parameter SUGGESTED_PRIORITY on port /processing_system7_0/IRQ_F2P
WARNING: [BD 41-1284] Cannot set parameter SUGGESTED_PRIORITY on port /processing_system7_0/IRQ_F2P
WARNING: [BD 41-1284] Cannot set parameter SUGGESTED_PRIORITY on port /processing_system7_0/IRQ_F2P
WARNING: [BD 41-1284] Cannot set parameter SUGGESTED_PRIORITY on port /processing_system7_0/IRQ_F2P
WARNING: [BD 41-1284] Cannot set parameter SUGGESTED_PRIORITY on port /processing_system7_0/IRQ_F2P
WARNING: [BD 41-1284] Cannot set parameter SUGGESTED_PRIORITY on port /processing_system7_0/IRQ_F2P
WARNING: [BD 41-1284] Cannot set parameter SUGGESTED_PRIORITY on port /processing_system7_0/IRQ_F2P
WARNING: [BD 41-1284] Cannot set parameter SUGGESTED_PRIORITY on port /processing_system7_0/IRQ_F2P
WARNING: [BD 41-1284] Cannot set parameter SUGGESTED_PRIORITY on port /processing_system7_0/IRQ_F2P
WARNING: [BD 41-1284] Cannot set parameter SUGGESTED_PRIORITY on port /processing_system7_0/IRQ_F2P
WARNING: [BD 41-1284] Cannot set parameter SUGGESTED_PRIORITY on port /processing_system7_0/IRQ_F2P
INFO: [xilinx.com:ip:c_shift_ram:12.0-913] /c_shift_ram_0 Width has been set to manual on the GUI. It will not be updated during validation with a propagated value.
INFO: [xilinx.com:ip:c_shift_ram:12.0-913] /c_shift_ram_0 Width has been set to manual on the GUI. It will not be updated during validation with a propagated value.
INFO: [xilinx.com:ip:c_shift_ram:12.0-913] /c_shift_ram_0 Width has been set to manual on the GUI. It will not be updated during validation with a propagated value.
INFO: [xilinx.com:ip:c_shift_ram:12.0-913] /c_shift_ram_0 Width has been set to manual on the GUI. It will not be updated during validation with a propagated value.
INFO: [xilinx.com:ip:c_shift_ram:12.0-913] /c_shift_ram_0 Width has been set to manual on the GUI. It will not be updated during validation with a propagated value.
INFO: [xilinx.com:ip:c_shift_ram:12.0-913] /c_shift_ram_0 Width has been set to manual on the GUI. It will not be updated during validation with a propagated value.
INFO: [xilinx.com:ip:c_shift_ram:12.0-913] /c_shift_ram_0 Width has been set to manual on the GUI. It will not be updated during validation with a propagated value.
INFO: [xilinx.com:ip:c_shift_ram:12.0-913] /c_shift_ram_0 Width has been set to manual on the GUI. It will not be updated during validation with a propagated value.
INFO: [xilinx.com:ip:c_shift_ram:12.0-913] /c_shift_ram_0 Width has been set to manual on the GUI. It will not be updated during validation with a propagated value.
Wrote  : <F:\FILE\FPGA\ZYNQ\08_LAN\02_LWIP_RGMII\02_LWIP_RGMII.srcs\sources_1\bd\system\system.bd> 
WARNING: [BD 41-235] Width mismatch when connecting pin: '/axi_mem_intercon/m00_couplers/auto_pc/m_axi_rid'(2) to net 'auto_pc_to_m00_couplers_RID'(6) - Only lower order bits will be connected.
WARNING: [BD 41-235] Width mismatch when connecting pin: '/axi_mem_intercon/m00_couplers/auto_pc/m_axi_bid'(2) to net 'auto_pc_to_m00_couplers_BID'(6) - Only lower order bits will be connected.
WARNING: [BD 41-235] Width mismatch when connecting pin: '/processing_system7_0/S_AXI_HP0_AWID'(6) to net 'axi_mem_intercon_M00_AXI_AWID'(2) - Only lower order bits will be connected.
WARNING: [BD 41-235] Width mismatch when connecting pin: '/processing_system7_0/S_AXI_HP0_ARID'(6) to net 'axi_mem_intercon_M00_AXI_ARID'(2) - Only lower order bits will be connected.
WARNING: [BD 41-235] Width mismatch when connecting pin: '/processing_system7_0/S_AXI_HP0_WID'(6) to net 'axi_mem_intercon_M00_AXI_WID'(2) - Only lower order bits will be connected.
VHDL Output written to : F:/FILE/FPGA/ZYNQ/08_LAN/02_LWIP_RGMII/02_LWIP_RGMII.srcs/sources_1/bd/system/synth/system.v
WARNING: [BD 41-235] Width mismatch when connecting pin: '/axi_mem_intercon/m00_couplers/auto_pc/m_axi_rid'(2) to net 'auto_pc_to_m00_couplers_RID'(6) - Only lower order bits will be connected.
WARNING: [BD 41-235] Width mismatch when connecting pin: '/axi_mem_intercon/m00_couplers/auto_pc/m_axi_bid'(2) to net 'auto_pc_to_m00_couplers_BID'(6) - Only lower order bits will be connected.
WARNING: [BD 41-235] Width mismatch when connecting pin: '/processing_system7_0/S_AXI_HP0_AWID'(6) to net 'axi_mem_intercon_M00_AXI_AWID'(2) - Only lower order bits will be connected.
WARNING: [BD 41-235] Width mismatch when connecting pin: '/processing_system7_0/S_AXI_HP0_ARID'(6) to net 'axi_mem_intercon_M00_AXI_ARID'(2) - Only lower order bits will be connected.
WARNING: [BD 41-235] Width mismatch when connecting pin: '/processing_system7_0/S_AXI_HP0_WID'(6) to net 'axi_mem_intercon_M00_AXI_WID'(2) - Only lower order bits will be connected.
VHDL Output written to : F:/FILE/FPGA/ZYNQ/08_LAN/02_LWIP_RGMII/02_LWIP_RGMII.srcs/sources_1/bd/system/sim/system.v
VHDL Output written to : F:/FILE/FPGA/ZYNQ/08_LAN/02_LWIP_RGMII/02_LWIP_RGMII.srcs/sources_1/bd/system/hdl/system_wrapper.v
INFO: [BD 41-1029] Generation completed for the IP Integrator block processing_system7_0 .
Exporting to file f:/FILE/FPGA/ZYNQ/08_LAN/02_LWIP_RGMII/02_LWIP_RGMII.srcs/sources_1/bd/system/ip/system_axi_ethernet_0_0/bd_0/hw_handoff/system_axi_ethernet_0_0.hwh
Generated Block Design Tcl file f:/FILE/FPGA/ZYNQ/08_LAN/02_LWIP_RGMII/02_LWIP_RGMII.srcs/sources_1/bd/system/ip/system_axi_ethernet_0_0/bd_0/hw_handoff/system_axi_ethernet_0_0_bd.tcl
Generated Hardware Definition File f:/FILE/FPGA/ZYNQ/08_LAN/02_LWIP_RGMII/02_LWIP_RGMII.srcs/sources_1/bd/system/ip/system_axi_ethernet_0_0/bd_0/synth/system_axi_ethernet_0_0.hwdef
INFO: [BD 41-1029] Generation completed for the IP Integrator block axi_ethernet_0 .
INFO: [BD 41-1029] Generation completed for the IP Integrator block axi_dma_0 .
INFO: [BD 41-1029] Generation completed for the IP Integrator block rst_ps7_0_100M .
INFO: [BD 41-1029] Generation completed for the IP Integrator block xlconcat_0 .
INFO: [BD 41-1029] Generation completed for the IP Integrator block axi_mem_intercon/xbar .
INFO: [BD 41-1029] Generation completed for the IP Integrator block ps7_0_axi_periph/xbar .
WARNING: [IP_Flow 19-4994] Overwriting existing constraint file 'f:/FILE/FPGA/ZYNQ/08_LAN/02_LWIP_RGMII/02_LWIP_RGMII.srcs/sources_1/bd/system/ip/system_auto_us_0/system_auto_us_0_ooc.xdc'
INFO: [BD 41-1029] Generation completed for the IP Integrator block axi_mem_intercon/s00_couplers/auto_us .
WARNING: [IP_Flow 19-4994] Overwriting existing constraint file 'f:/FILE/FPGA/ZYNQ/08_LAN/02_LWIP_RGMII/02_LWIP_RGMII.srcs/sources_1/bd/system/ip/system_auto_us_1/system_auto_us_1_ooc.xdc'
INFO: [BD 41-1029] Generation completed for the IP Integrator block axi_mem_intercon/s01_couplers/auto_us .
WARNING: [IP_Flow 19-4994] Overwriting existing constraint file 'f:/FILE/FPGA/ZYNQ/08_LAN/02_LWIP_RGMII/02_LWIP_RGMII.srcs/sources_1/bd/system/ip/system_auto_us_2/system_auto_us_2_ooc.xdc'
INFO: [BD 41-1029] Generation completed for the IP Integrator block axi_mem_intercon/s02_couplers/auto_us .
WARNING: [IP_Flow 19-4994] Overwriting existing constraint file 'f:/FILE/FPGA/ZYNQ/08_LAN/02_LWIP_RGMII/02_LWIP_RGMII.srcs/sources_1/bd/system/ip/system_auto_pc_0/system_auto_pc_0_ooc.xdc'
INFO: [BD 41-1029] Generation completed for the IP Integrator block axi_mem_intercon/m00_couplers/auto_pc .
WARNING: [IP_Flow 19-4994] Overwriting existing constraint file 'f:/FILE/FPGA/ZYNQ/08_LAN/02_LWIP_RGMII/02_LWIP_RGMII.srcs/sources_1/bd/system/ip/system_auto_pc_1/system_auto_pc_1_ooc.xdc'
INFO: [BD 41-1029] Generation completed for the IP Integrator block ps7_0_axi_periph/s00_couplers/auto_pc .
Exporting to file F:/FILE/FPGA/ZYNQ/08_LAN/02_LWIP_RGMII/02_LWIP_RGMII.srcs/sources_1/bd/system/hw_handoff/system.hwh
Generated Block Design Tcl file F:/FILE/FPGA/ZYNQ/08_LAN/02_LWIP_RGMII/02_LWIP_RGMII.srcs/sources_1/bd/system/hw_handoff/system_bd.tcl
Generated Hardware Definition File F:/FILE/FPGA/ZYNQ/08_LAN/02_LWIP_RGMII/02_LWIP_RGMII.srcs/sources_1/bd/system/synth/system.hwdef
INFO: [IP_Flow 19-4993] Using cached IP synthesis design for IP system_auto_pc_0, cache-ID = e8d328b8e952013f; cache size = 27.260 MB.
INFO: [IP_Flow 19-4993] Using cached IP synthesis design for IP system_auto_pc_1, cache-ID = ad8dc00d884676da; cache size = 27.260 MB.
INFO: [IP_Flow 19-4993] Using cached IP synthesis design for IP system_auto_us_0, cache-ID = 99f31aae4743b54c; cache size = 27.260 MB.
INFO: [IP_Flow 19-4993] Using cached IP synthesis design for IP system_auto_us_1, cache-ID = 37a722389dc63933; cache size = 27.260 MB.
INFO: [IP_Flow 19-4993] Using cached IP synthesis design for IP system_auto_us_2, cache-ID = e45ba3baa86853c2; cache size = 27.260 MB.
[Sat Apr 11 17:18:43 2020] Launched system_axi_ethernet_0_0_synth_1, bd_4bad_util_vector_logic_0_0_synth_1, bd_4bad_c_counter_binary_0_0_synth_1, bd_4bad_c_shift_ram_0_0_synth_1, bd_4bad_mac_0_synth_1, bd_4bad_pcs_pma_0_synth_1, bd_4bad_eth_buf_0_synth_1, synth_1...
Run output will be captured here:
system_axi_ethernet_0_0_synth_1: F:/FILE/FPGA/ZYNQ/08_LAN/02_LWIP_RGMII/02_LWIP_RGMII.runs/system_axi_ethernet_0_0_synth_1/runme.log
bd_4bad_util_vector_logic_0_0_synth_1: F:/FILE/FPGA/ZYNQ/08_LAN/02_LWIP_RGMII/02_LWIP_RGMII.runs/bd_4bad_util_vector_logic_0_0_synth_1/runme.log
bd_4bad_c_counter_binary_0_0_synth_1: F:/FILE/FPGA/ZYNQ/08_LAN/02_LWIP_RGMII/02_LWIP_RGMII.runs/bd_4bad_c_counter_binary_0_0_synth_1/runme.log
bd_4bad_c_shift_ram_0_0_synth_1: F:/FILE/FPGA/ZYNQ/08_LAN/02_LWIP_RGMII/02_LWIP_RGMII.runs/bd_4bad_c_shift_ram_0_0_synth_1/runme.log
bd_4bad_mac_0_synth_1: F:/FILE/FPGA/ZYNQ/08_LAN/02_LWIP_RGMII/02_LWIP_RGMII.runs/bd_4bad_mac_0_synth_1/runme.log
bd_4bad_pcs_pma_0_synth_1: F:/FILE/FPGA/ZYNQ/08_LAN/02_LWIP_RGMII/02_LWIP_RGMII.runs/bd_4bad_pcs_pma_0_synth_1/runme.log
bd_4bad_eth_buf_0_synth_1: F:/FILE/FPGA/ZYNQ/08_LAN/02_LWIP_RGMII/02_LWIP_RGMII.runs/bd_4bad_eth_buf_0_synth_1/runme.log
synth_1: F:/FILE/FPGA/ZYNQ/08_LAN/02_LWIP_RGMII/02_LWIP_RGMII.runs/synth_1/runme.log
[Sat Apr 11 17:18:44 2020] Launched impl_1...
Run output will be captured here: F:/FILE/FPGA/ZYNQ/08_LAN/02_LWIP_RGMII/02_LWIP_RGMII.runs/impl_1/runme.log
launch_runs: Time (s): cpu = 00:00:38 ; elapsed = 00:01:11 . Memory (MB): peak = 1550.953 ; gain = 86.121
make_wrapper -files [get_files F:/FILE/FPGA/ZYNQ/08_LAN/02_LWIP_RGMII/02_LWIP_RGMII.srcs/sources_1/bd/system/system.bd] -top
add_files -norecurse F:/FILE/FPGA/ZYNQ/08_LAN/02_LWIP_RGMII/02_LWIP_RGMII.srcs/sources_1/bd/system/hdl/system_wrapper.v
update_compile_order -fileset sources_1
reset_run synth_1
launch_runs impl_1 -to_step write_bitstream -jobs 12
[Sat Apr 11 17:28:06 2020] Launched synth_1...
Run output will be captured here: F:/FILE/FPGA/ZYNQ/08_LAN/02_LWIP_RGMII/02_LWIP_RGMII.runs/synth_1/runme.log
[Sat Apr 11 17:28:06 2020] Launched impl_1...
Run output will be captured here: F:/FILE/FPGA/ZYNQ/08_LAN/02_LWIP_RGMII/02_LWIP_RGMII.runs/impl_1/runme.log
export_ip_user_files -of_objects  [get_files F:/FILE/FPGA/ZYNQ/08_LAN/02_LWIP_RGMII/02_LWIP_RGMII.srcs/sources_1/bd/system/hdl/system_wrapper.v] -no_script -reset -force -quiet
remove_files  F:/FILE/FPGA/ZYNQ/08_LAN/02_LWIP_RGMII/02_LWIP_RGMII.srcs/sources_1/bd/system/hdl/system_wrapper.v
file delete -force F:/FILE/FPGA/ZYNQ/08_LAN/02_LWIP_RGMII/02_LWIP_RGMII.srcs/sources_1/bd/system/hdl/system_wrapper.v
export_ip_user_files -of_objects  [get_files F:/FILE/FPGA/ZYNQ/08_LAN/02_LWIP_RGMII/02_LWIP_RGMII.srcs/sources_1/imports/hdl/system_wrapper.v] -no_script -reset -force -quiet
remove_files  F:/FILE/FPGA/ZYNQ/08_LAN/02_LWIP_RGMII/02_LWIP_RGMII.srcs/sources_1/imports/hdl/system_wrapper.v
file delete -force F:/FILE/FPGA/ZYNQ/08_LAN/02_LWIP_RGMII/02_LWIP_RGMII.srcs/sources_1/imports/hdl/system_wrapper.v
make_wrapper -files [get_files F:/FILE/FPGA/ZYNQ/08_LAN/02_LWIP_RGMII/02_LWIP_RGMII.srcs/sources_1/bd/system/system.bd] -top
INFO: [BD 41-1662] The design 'system.bd' is already validated. Therefore parameter propagation will not be re-run.
WARNING: [BD 41-235] Width mismatch when connecting pin: '/axi_mem_intercon/m00_couplers/auto_pc/m_axi_rid'(2) to net 'auto_pc_to_m00_couplers_RID'(6) - Only lower order bits will be connected.
WARNING: [BD 41-235] Width mismatch when connecting pin: '/axi_mem_intercon/m00_couplers/auto_pc/m_axi_bid'(2) to net 'auto_pc_to_m00_couplers_BID'(6) - Only lower order bits will be connected.
WARNING: [BD 41-235] Width mismatch when connecting pin: '/processing_system7_0/S_AXI_HP0_AWID'(6) to net 'axi_mem_intercon_M00_AXI_AWID'(2) - Only lower order bits will be connected.
WARNING: [BD 41-235] Width mismatch when connecting pin: '/processing_system7_0/S_AXI_HP0_ARID'(6) to net 'axi_mem_intercon_M00_AXI_ARID'(2) - Only lower order bits will be connected.
WARNING: [BD 41-235] Width mismatch when connecting pin: '/processing_system7_0/S_AXI_HP0_WID'(6) to net 'axi_mem_intercon_M00_AXI_WID'(2) - Only lower order bits will be connected.
VHDL Output written to : F:/FILE/FPGA/ZYNQ/08_LAN/02_LWIP_RGMII/02_LWIP_RGMII.srcs/sources_1/bd/system/synth/system.v
WARNING: [BD 41-235] Width mismatch when connecting pin: '/axi_mem_intercon/m00_couplers/auto_pc/m_axi_rid'(2) to net 'auto_pc_to_m00_couplers_RID'(6) - Only lower order bits will be connected.
WARNING: [BD 41-235] Width mismatch when connecting pin: '/axi_mem_intercon/m00_couplers/auto_pc/m_axi_bid'(2) to net 'auto_pc_to_m00_couplers_BID'(6) - Only lower order bits will be connected.
WARNING: [BD 41-235] Width mismatch when connecting pin: '/processing_system7_0/S_AXI_HP0_AWID'(6) to net 'axi_mem_intercon_M00_AXI_AWID'(2) - Only lower order bits will be connected.
WARNING: [BD 41-235] Width mismatch when connecting pin: '/processing_system7_0/S_AXI_HP0_ARID'(6) to net 'axi_mem_intercon_M00_AXI_ARID'(2) - Only lower order bits will be connected.
WARNING: [BD 41-235] Width mismatch when connecting pin: '/processing_system7_0/S_AXI_HP0_WID'(6) to net 'axi_mem_intercon_M00_AXI_WID'(2) - Only lower order bits will be connected.
VHDL Output written to : F:/FILE/FPGA/ZYNQ/08_LAN/02_LWIP_RGMII/02_LWIP_RGMII.srcs/sources_1/bd/system/sim/system.v
VHDL Output written to : F:/FILE/FPGA/ZYNQ/08_LAN/02_LWIP_RGMII/02_LWIP_RGMII.srcs/sources_1/bd/system/hdl/system_wrapper.v
add_files -norecurse F:/FILE/FPGA/ZYNQ/08_LAN/02_LWIP_RGMII/02_LWIP_RGMII.srcs/sources_1/bd/system/hdl/system_wrapper.v
reset_run synth_1
launch_runs impl_1 -to_step write_bitstream -jobs 12
INFO: [BD 41-1662] The design 'system.bd' is already validated. Therefore parameter propagation will not be re-run.
WARNING: [BD 41-235] Width mismatch when connecting pin: '/axi_mem_intercon/m00_couplers/auto_pc/m_axi_rid'(2) to net 'auto_pc_to_m00_couplers_RID'(6) - Only lower order bits will be connected.
WARNING: [BD 41-235] Width mismatch when connecting pin: '/axi_mem_intercon/m00_couplers/auto_pc/m_axi_bid'(2) to net 'auto_pc_to_m00_couplers_BID'(6) - Only lower order bits will be connected.
WARNING: [BD 41-235] Width mismatch when connecting pin: '/processing_system7_0/S_AXI_HP0_AWID'(6) to net 'axi_mem_intercon_M00_AXI_AWID'(2) - Only lower order bits will be connected.
WARNING: [BD 41-235] Width mismatch when connecting pin: '/processing_system7_0/S_AXI_HP0_ARID'(6) to net 'axi_mem_intercon_M00_AXI_ARID'(2) - Only lower order bits will be connected.
WARNING: [BD 41-235] Width mismatch when connecting pin: '/processing_system7_0/S_AXI_HP0_WID'(6) to net 'axi_mem_intercon_M00_AXI_WID'(2) - Only lower order bits will be connected.
VHDL Output written to : F:/FILE/FPGA/ZYNQ/08_LAN/02_LWIP_RGMII/02_LWIP_RGMII.srcs/sources_1/bd/system/synth/system.v
WARNING: [BD 41-235] Width mismatch when connecting pin: '/axi_mem_intercon/m00_couplers/auto_pc/m_axi_rid'(2) to net 'auto_pc_to_m00_couplers_RID'(6) - Only lower order bits will be connected.
WARNING: [BD 41-235] Width mismatch when connecting pin: '/axi_mem_intercon/m00_couplers/auto_pc/m_axi_bid'(2) to net 'auto_pc_to_m00_couplers_BID'(6) - Only lower order bits will be connected.
WARNING: [BD 41-235] Width mismatch when connecting pin: '/processing_system7_0/S_AXI_HP0_AWID'(6) to net 'axi_mem_intercon_M00_AXI_AWID'(2) - Only lower order bits will be connected.
WARNING: [BD 41-235] Width mismatch when connecting pin: '/processing_system7_0/S_AXI_HP0_ARID'(6) to net 'axi_mem_intercon_M00_AXI_ARID'(2) - Only lower order bits will be connected.
WARNING: [BD 41-235] Width mismatch when connecting pin: '/processing_system7_0/S_AXI_HP0_WID'(6) to net 'axi_mem_intercon_M00_AXI_WID'(2) - Only lower order bits will be connected.
VHDL Output written to : F:/FILE/FPGA/ZYNQ/08_LAN/02_LWIP_RGMII/02_LWIP_RGMII.srcs/sources_1/bd/system/sim/system.v
VHDL Output written to : F:/FILE/FPGA/ZYNQ/08_LAN/02_LWIP_RGMII/02_LWIP_RGMII.srcs/sources_1/bd/system/hdl/system_wrapper.v
INFO: [BD 41-1029] Generation completed for the IP Integrator block processing_system7_0 .
INFO: [BD 41-1637] Generated targets are already up-to-date for bd-design 'bd_4bad' - hence not re-generating.
INFO: [BD 41-1029] Generation completed for the IP Integrator block axi_ethernet_0 .
INFO: [BD 41-1029] Generation completed for the IP Integrator block axi_dma_0 .
INFO: [BD 41-1029] Generation completed for the IP Integrator block rst_ps7_0_100M .
INFO: [BD 41-1029] Generation completed for the IP Integrator block xlconcat_0 .
INFO: [BD 41-1029] Generation completed for the IP Integrator block axi_mem_intercon/xbar .
INFO: [BD 41-1029] Generation completed for the IP Integrator block ps7_0_axi_periph/xbar .
INFO: [BD 41-1029] Generation completed for the IP Integrator block axi_mem_intercon/s00_couplers/auto_us .
INFO: [BD 41-1029] Generation completed for the IP Integrator block axi_mem_intercon/s01_couplers/auto_us .
INFO: [BD 41-1029] Generation completed for the IP Integrator block axi_mem_intercon/s02_couplers/auto_us .
INFO: [BD 41-1029] Generation completed for the IP Integrator block axi_mem_intercon/m00_couplers/auto_pc .
INFO: [BD 41-1029] Generation completed for the IP Integrator block ps7_0_axi_periph/s00_couplers/auto_pc .
Exporting to file F:/FILE/FPGA/ZYNQ/08_LAN/02_LWIP_RGMII/02_LWIP_RGMII.srcs/sources_1/bd/system/hw_handoff/system.hwh
Generated Block Design Tcl file F:/FILE/FPGA/ZYNQ/08_LAN/02_LWIP_RGMII/02_LWIP_RGMII.srcs/sources_1/bd/system/hw_handoff/system_bd.tcl
Generated Hardware Definition File F:/FILE/FPGA/ZYNQ/08_LAN/02_LWIP_RGMII/02_LWIP_RGMII.srcs/sources_1/bd/system/synth/system.hwdef
[Sat Apr 11 17:37:51 2020] Launched synth_1...
Run output will be captured here: F:/FILE/FPGA/ZYNQ/08_LAN/02_LWIP_RGMII/02_LWIP_RGMII.runs/synth_1/runme.log
[Sat Apr 11 17:37:51 2020] Launched impl_1...
Run output will be captured here: F:/FILE/FPGA/ZYNQ/08_LAN/02_LWIP_RGMII/02_LWIP_RGMII.runs/impl_1/runme.log
launch_runs: Time (s): cpu = 00:00:02 ; elapsed = 00:00:06 . Memory (MB): peak = 1644.668 ; gain = 36.602
add_files -fileset utils_1 -norecurse {{F:/FILE/FPGA/ZYNQ/zynq_7035/USB TCL/NOUSB.tcl}}
set_property STEPS.WRITE_BITSTREAM.TCL.PRE [ get_files {{F:/FILE/FPGA/ZYNQ/zynq_7035/USB TCL/NOUSB.tcl}} -of [get_fileset utils_1] ] [get_runs impl_1]
reset_run impl_1 -prev_step 
launch_runs impl_1 -to_step write_bitstream -jobs 12
[Sat Apr 11 20:11:08 2020] Launched impl_1...
Run output will be captured here: F:/FILE/FPGA/ZYNQ/08_LAN/02_LWIP_RGMII/02_LWIP_RGMII.runs/impl_1/runme.log
WARNING: [filemgmt 56-199] Attempt to get parsing info during refresh. "On-the-fly" syntax checking information may be incorrect. [F:/FILE/FPGA/ZYNQ/08_LAN/02_LWIP_RGMII/02_LWIP_RGMII.srcs/sources_1/imports/hdl/system_wrapper.v:]
WARNING: [filemgmt 56-199] Attempt to get parsing info during refresh. "On-the-fly" syntax checking information may be incorrect. [F:/FILE/FPGA/ZYNQ/08_LAN/02_LWIP_RGMII/02_LWIP_RGMII.srcs/sources_1/bd/system/hdl/system_wrapper.v:]
ERROR: [Common 17-180] Spawn failed: No such file or directory
WARNING: [filemgmt 56-199] Attempt to get parsing info during refresh. "On-the-fly" syntax checking information may be incorrect. [F:/FILE/FPGA/ZYNQ/08_LAN/02_LWIP_RGMII/02_LWIP_RGMII.srcs/sources_1/imports/hdl/system_wrapper.v:]
WARNING: [filemgmt 56-199] Attempt to get parsing info during refresh. "On-the-fly" syntax checking information may be incorrect. [F:/FILE/FPGA/ZYNQ/08_LAN/02_LWIP_RGMII/02_LWIP_RGMII.srcs/sources_1/bd/system/hdl/system_wrapper.v:]
ERROR: [Common 17-180] Spawn failed: No such file or directory
WARNING: [filemgmt 56-199] Attempt to get parsing info during refresh. "On-the-fly" syntax checking information may be incorrect. [F:/FILE/FPGA/ZYNQ/08_LAN/02_LWIP_RGMII/02_LWIP_RGMII.srcs/sources_1/imports/hdl/system_wrapper.v:]
WARNING: [filemgmt 56-199] Attempt to get parsing info during refresh. "On-the-fly" syntax checking information may be incorrect. [F:/FILE/FPGA/ZYNQ/08_LAN/02_LWIP_RGMII/02_LWIP_RGMII.srcs/sources_1/bd/system/hdl/system_wrapper.v:]
ERROR: [Common 17-180] Spawn failed: No such file or directory
WARNING: [filemgmt 56-199] Attempt to get parsing info during refresh. "On-the-fly" syntax checking information may be incorrect. [F:/FILE/FPGA/ZYNQ/08_LAN/02_LWIP_RGMII/02_LWIP_RGMII.srcs/sources_1/imports/hdl/system_wrapper.v:]
WARNING: [filemgmt 56-199] Attempt to get parsing info during refresh. "On-the-fly" syntax checking information may be incorrect. [F:/FILE/FPGA/ZYNQ/08_LAN/02_LWIP_RGMII/02_LWIP_RGMII.srcs/sources_1/bd/system/hdl/system_wrapper.v:]
ERROR: [Common 17-180] Spawn failed: No such file or directory
WARNING: [filemgmt 56-199] Attempt to get parsing info during refresh. "On-the-fly" syntax checking information may be incorrect. [F:/FILE/FPGA/ZYNQ/08_LAN/02_LWIP_RGMII/02_LWIP_RGMII.srcs/sources_1/imports/hdl/system_wrapper.v:]
WARNING: [filemgmt 56-199] Attempt to get parsing info during refresh. "On-the-fly" syntax checking information may be incorrect. [F:/FILE/FPGA/ZYNQ/08_LAN/02_LWIP_RGMII/02_LWIP_RGMII.srcs/sources_1/bd/system/hdl/system_wrapper.v:]
ERROR: [Common 17-180] Spawn failed: No such file or directory
WARNING: [filemgmt 56-199] Attempt to get parsing info during refresh. "On-the-fly" syntax checking information may be incorrect. [F:/FILE/FPGA/ZYNQ/08_LAN/02_LWIP_RGMII/02_LWIP_RGMII.srcs/sources_1/imports/hdl/system_wrapper.v:]
WARNING: [filemgmt 56-199] Attempt to get parsing info during refresh. "On-the-fly" syntax checking information may be incorrect. [F:/FILE/FPGA/ZYNQ/08_LAN/02_LWIP_RGMII/02_LWIP_RGMII.srcs/sources_1/bd/system/hdl/system_wrapper.v:]
ERROR: [Common 17-180] Spawn failed: No such file or directory
WARNING: [filemgmt 56-199] Attempt to get parsing info during refresh. "On-the-fly" syntax checking information may be incorrect. [F:/FILE/FPGA/ZYNQ/08_LAN/02_LWIP_RGMII/02_LWIP_RGMII.srcs/sources_1/imports/hdl/system_wrapper.v:]
WARNING: [filemgmt 56-199] Attempt to get parsing info during refresh. "On-the-fly" syntax checking information may be incorrect. [F:/FILE/FPGA/ZYNQ/08_LAN/02_LWIP_RGMII/02_LWIP_RGMII.srcs/sources_1/bd/system/hdl/system_wrapper.v:]
ERROR: [Common 17-180] Spawn failed: No such file or directory
WARNING: [filemgmt 56-199] Attempt to get parsing info during refresh. "On-the-fly" syntax checking information may be incorrect. [F:/FILE/FPGA/ZYNQ/08_LAN/02_LWIP_RGMII/02_LWIP_RGMII.srcs/sources_1/imports/hdl/system_wrapper.v:]
WARNING: [filemgmt 56-199] Attempt to get parsing info during refresh. "On-the-fly" syntax checking information may be incorrect. [F:/FILE/FPGA/ZYNQ/08_LAN/02_LWIP_RGMII/02_LWIP_RGMII.srcs/sources_1/bd/system/hdl/system_wrapper.v:]
ERROR: [Common 17-180] Spawn failed: No such file or directory
WARNING: [filemgmt 56-199] Attempt to get parsing info during refresh. "On-the-fly" syntax checking information may be incorrect. [F:/FILE/FPGA/ZYNQ/08_LAN/02_LWIP_RGMII/02_LWIP_RGMII.srcs/sources_1/imports/hdl/system_wrapper.v:]
WARNING: [filemgmt 56-199] Attempt to get parsing info during refresh. "On-the-fly" syntax checking information may be incorrect. [F:/FILE/FPGA/ZYNQ/08_LAN/02_LWIP_RGMII/02_LWIP_RGMII.srcs/sources_1/bd/system/hdl/system_wrapper.v:]
WARNING: [filemgmt 56-199] Attempt to get parsing info during refresh. "On-the-fly" syntax checking information may be incorrect. [F:/FILE/FPGA/ZYNQ/08_LAN/02_LWIP_RGMII/02_LWIP_RGMII.srcs/sources_1/imports/hdl/system_wrapper.v:]
WARNING: [filemgmt 56-199] Attempt to get parsing info during refresh. "On-the-fly" syntax checking information may be incorrect. [F:/FILE/FPGA/ZYNQ/08_LAN/02_LWIP_RGMII/02_LWIP_RGMII.srcs/sources_1/bd/system/hdl/system_wrapper.v:]
ERROR: [Common 17-180] Spawn failed: No such file or directory
WARNING: [filemgmt 56-199] Attempt to get parsing info during refresh. "On-the-fly" syntax checking information may be incorrect. [F:/FILE/FPGA/ZYNQ/08_LAN/02_LWIP_RGMII/02_LWIP_RGMII.srcs/sources_1/imports/hdl/system_wrapper.v:]
WARNING: [filemgmt 56-199] Attempt to get parsing info during refresh. "On-the-fly" syntax checking information may be incorrect. [F:/FILE/FPGA/ZYNQ/08_LAN/02_LWIP_RGMII/02_LWIP_RGMII.srcs/sources_1/bd/system/hdl/system_wrapper.v:]
ERROR: [Common 17-180] Spawn failed: No such file or directory
WARNING: [filemgmt 56-199] Attempt to get parsing info during refresh. "On-the-fly" syntax checking information may be incorrect. [F:/FILE/FPGA/ZYNQ/08_LAN/02_LWIP_RGMII/02_LWIP_RGMII.srcs/sources_1/imports/hdl/system_wrapper.v:]
WARNING: [filemgmt 56-199] Attempt to get parsing info during refresh. "On-the-fly" syntax checking information may be incorrect. [F:/FILE/FPGA/ZYNQ/08_LAN/02_LWIP_RGMII/02_LWIP_RGMII.srcs/sources_1/bd/system/hdl/system_wrapper.v:]
ERROR: [Common 17-180] Spawn failed: No such file or directory
WARNING: [filemgmt 56-199] Attempt to get parsing info during refresh. "On-the-fly" syntax checking information may be incorrect. [F:/FILE/FPGA/ZYNQ/08_LAN/02_LWIP_RGMII/02_LWIP_RGMII.srcs/sources_1/imports/hdl/system_wrapper.v:]
WARNING: [filemgmt 56-199] Attempt to get parsing info during refresh. "On-the-fly" syntax checking information may be incorrect. [F:/FILE/FPGA/ZYNQ/08_LAN/02_LWIP_RGMII/02_LWIP_RGMII.srcs/sources_1/bd/system/hdl/system_wrapper.v:]
ERROR: [Common 17-180] Spawn failed: No such file or directory
WARNING: [filemgmt 56-199] Attempt to get parsing info during refresh. "On-the-fly" syntax checking information may be incorrect. [F:/FILE/FPGA/ZYNQ/08_LAN/02_LWIP_RGMII/02_LWIP_RGMII.srcs/sources_1/imports/hdl/system_wrapper.v:]
WARNING: [filemgmt 56-199] Attempt to get parsing info during refresh. "On-the-fly" syntax checking information may be incorrect. [F:/FILE/FPGA/ZYNQ/08_LAN/02_LWIP_RGMII/02_LWIP_RGMII.srcs/sources_1/bd/system/hdl/system_wrapper.v:]
ERROR: [Common 17-180] Spawn failed: No such file or directory
WARNING: [filemgmt 56-199] Attempt to get parsing info during refresh. "On-the-fly" syntax checking information may be incorrect. [F:/FILE/FPGA/ZYNQ/08_LAN/02_LWIP_RGMII/02_LWIP_RGMII.srcs/sources_1/imports/hdl/system_wrapper.v:]
WARNING: [filemgmt 56-199] Attempt to get parsing info during refresh. "On-the-fly" syntax checking information may be incorrect. [F:/FILE/FPGA/ZYNQ/08_LAN/02_LWIP_RGMII/02_LWIP_RGMII.srcs/sources_1/bd/system/hdl/system_wrapper.v:]
ERROR: [Common 17-180] Spawn failed: No such file or directory
WARNING: [filemgmt 56-199] Attempt to get parsing info during refresh. "On-the-fly" syntax checking information may be incorrect. [F:/FILE/FPGA/ZYNQ/08_LAN/02_LWIP_RGMII/02_LWIP_RGMII.srcs/sources_1/imports/hdl/system_wrapper.v:]
WARNING: [filemgmt 56-199] Attempt to get parsing info during refresh. "On-the-fly" syntax checking information may be incorrect. [F:/FILE/FPGA/ZYNQ/08_LAN/02_LWIP_RGMII/02_LWIP_RGMII.srcs/sources_1/bd/system/hdl/system_wrapper.v:]
WARNING: [filemgmt 56-199] Attempt to get parsing info during refresh. "On-the-fly" syntax checking information may be incorrect. [F:/FILE/FPGA/ZYNQ/08_LAN/02_LWIP_RGMII/02_LWIP_RGMII.srcs/sources_1/imports/hdl/system_wrapper.v:]
WARNING: [filemgmt 56-199] Attempt to get parsing info during refresh. "On-the-fly" syntax checking information may be incorrect. [F:/FILE/FPGA/ZYNQ/08_LAN/02_LWIP_RGMII/02_LWIP_RGMII.srcs/sources_1/bd/system/hdl/system_wrapper.v:]
ERROR: [Common 17-180] Spawn failed: No such file or directory
WARNING: [filemgmt 56-199] Attempt to get parsing info during refresh. "On-the-fly" syntax checking information may be incorrect. [F:/FILE/FPGA/ZYNQ/08_LAN/02_LWIP_RGMII/02_LWIP_RGMII.srcs/sources_1/imports/hdl/system_wrapper.v:]
WARNING: [filemgmt 56-199] Attempt to get parsing info during refresh. "On-the-fly" syntax checking information may be incorrect. [F:/FILE/FPGA/ZYNQ/08_LAN/02_LWIP_RGMII/02_LWIP_RGMII.srcs/sources_1/bd/system/hdl/system_wrapper.v:]
ERROR: [Common 17-180] Spawn failed: No such file or directory
WARNING: [filemgmt 56-199] Attempt to get parsing info during refresh. "On-the-fly" syntax checking information may be incorrect. [F:/FILE/FPGA/ZYNQ/08_LAN/02_LWIP_RGMII/02_LWIP_RGMII.srcs/sources_1/imports/hdl/system_wrapper.v:]
WARNING: [filemgmt 56-199] Attempt to get parsing info during refresh. "On-the-fly" syntax checking information may be incorrect. [F:/FILE/FPGA/ZYNQ/08_LAN/02_LWIP_RGMII/02_LWIP_RGMII.srcs/sources_1/bd/system/hdl/system_wrapper.v:]
WARNING: [filemgmt 56-199] Attempt to get parsing info during refresh. "On-the-fly" syntax checking information may be incorrect. [F:/FILE/FPGA/ZYNQ/08_LAN/02_LWIP_RGMII/02_LWIP_RGMII.srcs/sources_1/imports/hdl/system_wrapper.v:]
WARNING: [filemgmt 56-199] Attempt to get parsing info during refresh. "On-the-fly" syntax checking information may be incorrect. [F:/FILE/FPGA/ZYNQ/08_LAN/02_LWIP_RGMII/02_LWIP_RGMII.srcs/sources_1/bd/system/hdl/system_wrapper.v:]
ERROR: [Common 17-180] Spawn failed: No such file or directory
WARNING: [filemgmt 56-199] Attempt to get parsing info during refresh. "On-the-fly" syntax checking information may be incorrect. [F:/FILE/FPGA/ZYNQ/08_LAN/02_LWIP_RGMII/02_LWIP_RGMII.srcs/sources_1/imports/hdl/system_wrapper.v:]
WARNING: [filemgmt 56-199] Attempt to get parsing info during refresh. "On-the-fly" syntax checking information may be incorrect. [F:/FILE/FPGA/ZYNQ/08_LAN/02_LWIP_RGMII/02_LWIP_RGMII.srcs/sources_1/bd/system/hdl/system_wrapper.v:]
ERROR: [Common 17-180] Spawn failed: No such file or directory
WARNING: [filemgmt 56-199] Attempt to get parsing info during refresh. "On-the-fly" syntax checking information may be incorrect. [F:/FILE/FPGA/ZYNQ/08_LAN/02_LWIP_RGMII/02_LWIP_RGMII.srcs/sources_1/imports/hdl/system_wrapper.v:]
WARNING: [filemgmt 56-199] Attempt to get parsing info during refresh. "On-the-fly" syntax checking information may be incorrect. [F:/FILE/FPGA/ZYNQ/08_LAN/02_LWIP_RGMII/02_LWIP_RGMII.srcs/sources_1/bd/system/hdl/system_wrapper.v:]
ERROR: [Common 17-180] Spawn failed: No such file or directory
WARNING: [filemgmt 56-199] Attempt to get parsing info during refresh. "On-the-fly" syntax checking information may be incorrect. [F:/FILE/FPGA/ZYNQ/08_LAN/02_LWIP_RGMII/02_LWIP_RGMII.srcs/sources_1/imports/hdl/system_wrapper.v:]
WARNING: [filemgmt 56-199] Attempt to get parsing info during refresh. "On-the-fly" syntax checking information may be incorrect. [F:/FILE/FPGA/ZYNQ/08_LAN/02_LWIP_RGMII/02_LWIP_RGMII.srcs/sources_1/bd/system/hdl/system_wrapper.v:]
ERROR: [Common 17-180] Spawn failed: No such file or directory
WARNING: [filemgmt 56-199] Attempt to get parsing info during refresh. "On-the-fly" syntax checking information may be incorrect. [F:/FILE/FPGA/ZYNQ/08_LAN/02_LWIP_RGMII/02_LWIP_RGMII.srcs/sources_1/imports/hdl/system_wrapper.v:]
WARNING: [filemgmt 56-199] Attempt to get parsing info during refresh. "On-the-fly" syntax checking information may be incorrect. [F:/FILE/FPGA/ZYNQ/08_LAN/02_LWIP_RGMII/02_LWIP_RGMII.srcs/sources_1/bd/system/hdl/system_wrapper.v:]
ERROR: [Common 17-180] Spawn failed: No such file or directory
WARNING: [filemgmt 56-199] Attempt to get parsing info during refresh. "On-the-fly" syntax checking information may be incorrect. [F:/FILE/FPGA/ZYNQ/08_LAN/02_LWIP_RGMII/02_LWIP_RGMII.srcs/sources_1/imports/hdl/system_wrapper.v:]
WARNING: [filemgmt 56-199] Attempt to get parsing info during refresh. "On-the-fly" syntax checking information may be incorrect. [F:/FILE/FPGA/ZYNQ/08_LAN/02_LWIP_RGMII/02_LWIP_RGMII.srcs/sources_1/bd/system/hdl/system_wrapper.v:]
ERROR: [Common 17-180] Spawn failed: No such file or directory
WARNING: [filemgmt 56-199] Attempt to get parsing info during refresh. "On-the-fly" syntax checking information may be incorrect. [F:/FILE/FPGA/ZYNQ/08_LAN/02_LWIP_RGMII/02_LWIP_RGMII.srcs/sources_1/imports/hdl/system_wrapper.v:]
WARNING: [filemgmt 56-199] Attempt to get parsing info during refresh. "On-the-fly" syntax checking information may be incorrect. [F:/FILE/FPGA/ZYNQ/08_LAN/02_LWIP_RGMII/02_LWIP_RGMII.srcs/sources_1/bd/system/hdl/system_wrapper.v:]
ERROR: [Common 17-180] Spawn failed: No such file or directory
WARNING: [filemgmt 56-199] Attempt to get parsing info during refresh. "On-the-fly" syntax checking information may be incorrect. [F:/FILE/FPGA/ZYNQ/08_LAN/02_LWIP_RGMII/02_LWIP_RGMII.srcs/sources_1/imports/hdl/system_wrapper.v:]
WARNING: [filemgmt 56-199] Attempt to get parsing info during refresh. "On-the-fly" syntax checking information may be incorrect. [F:/FILE/FPGA/ZYNQ/08_LAN/02_LWIP_RGMII/02_LWIP_RGMII.srcs/sources_1/bd/system/hdl/system_wrapper.v:]
ERROR: [Common 17-180] Spawn failed: No such file or directory
WARNING: [filemgmt 56-199] Attempt to get parsing info during refresh. "On-the-fly" syntax checking information may be incorrect. [F:/FILE/FPGA/ZYNQ/08_LAN/02_LWIP_RGMII/02_LWIP_RGMII.srcs/sources_1/imports/hdl/system_wrapper.v:]
WARNING: [filemgmt 56-199] Attempt to get parsing info during refresh. "On-the-fly" syntax checking information may be incorrect. [F:/FILE/FPGA/ZYNQ/08_LAN/02_LWIP_RGMII/02_LWIP_RGMII.srcs/sources_1/bd/system/hdl/system_wrapper.v:]
ERROR: [Common 17-180] Spawn failed: No such file or directory
WARNING: [filemgmt 56-199] Attempt to get parsing info during refresh. "On-the-fly" syntax checking information may be incorrect. [F:/FILE/FPGA/ZYNQ/08_LAN/02_LWIP_RGMII/02_LWIP_RGMII.srcs/sources_1/imports/hdl/system_wrapper.v:]
WARNING: [filemgmt 56-199] Attempt to get parsing info during refresh. "On-the-fly" syntax checking information may be incorrect. [F:/FILE/FPGA/ZYNQ/08_LAN/02_LWIP_RGMII/02_LWIP_RGMII.srcs/sources_1/bd/system/hdl/system_wrapper.v:]
ERROR: [Common 17-180] Spawn failed: No such file or directory
WARNING: [filemgmt 56-199] Attempt to get parsing info during refresh. "On-the-fly" syntax checking information may be incorrect. [F:/FILE/FPGA/ZYNQ/08_LAN/02_LWIP_RGMII/02_LWIP_RGMII.srcs/sources_1/imports/hdl/system_wrapper.v:]
WARNING: [filemgmt 56-199] Attempt to get parsing info during refresh. "On-the-fly" syntax checking information may be incorrect. [F:/FILE/FPGA/ZYNQ/08_LAN/02_LWIP_RGMII/02_LWIP_RGMII.srcs/sources_1/bd/system/hdl/system_wrapper.v:]
ERROR: [Common 17-180] Spawn failed: No such file or directory
WARNING: [filemgmt 56-199] Attempt to get parsing info during refresh. "On-the-fly" syntax checking information may be incorrect. [F:/FILE/FPGA/ZYNQ/08_LAN/02_LWIP_RGMII/02_LWIP_RGMII.srcs/sources_1/imports/hdl/system_wrapper.v:]
WARNING: [filemgmt 56-199] Attempt to get parsing info during refresh. "On-the-fly" syntax checking information may be incorrect. [F:/FILE/FPGA/ZYNQ/08_LAN/02_LWIP_RGMII/02_LWIP_RGMII.srcs/sources_1/bd/system/hdl/system_wrapper.v:]
ERROR: [Common 17-180] Spawn failed: No such file or directory
WARNING: [filemgmt 56-199] Attempt to get parsing info during refresh. "On-the-fly" syntax checking information may be incorrect. [F:/FILE/FPGA/ZYNQ/08_LAN/02_LWIP_RGMII/02_LWIP_RGMII.srcs/sources_1/imports/hdl/system_wrapper.v:]
WARNING: [filemgmt 56-199] Attempt to get parsing info during refresh. "On-the-fly" syntax checking information may be incorrect. [F:/FILE/FPGA/ZYNQ/08_LAN/02_LWIP_RGMII/02_LWIP_RGMII.srcs/sources_1/bd/system/hdl/system_wrapper.v:]
ERROR: [Common 17-180] Spawn failed: No such file or directory
reset_run impl_1 -prev_step 
launch_runs impl_1 -to_step write_bitstream -jobs 12
WARNING: [Vivado 12-872] Run step 'Design Initialization' is out-of-date.
[Sat Apr 11 20:54:08 2020] Launched impl_1...
Run output will be captured here: F:/FILE/FPGA/ZYNQ/08_LAN/02_LWIP_RGMII/02_LWIP_RGMII.runs/impl_1/runme.log
INFO: [Vivado 12-4159] Implementation run is out of date. Exported hardware information may be inconsistent with respect to the current state of the design. It is recommended that you re-run implementation and re-generate bitstream before doing hardware export.
file copy -force F:/FILE/FPGA/ZYNQ/08_LAN/02_LWIP_RGMII/02_LWIP_RGMII.runs/impl_1/system_wrapper.sysdef F:/FILE/FPGA/ZYNQ/08_LAN/02_LWIP_RGMII/02_LWIP_RGMII.sdk/system_wrapper.hdf

INFO: [Vivado 12-4158] Exported Hardware file is out of date. Exported hardware information may be inconsistent with respect to the current state of the design. It is recommended that you re-export the design and launch SDK otherwise SDK is launched with out of date hardware system file.
launch_sdk -workspace F:/FILE/FPGA/ZYNQ/08_LAN/02_LWIP_RGMII/02_LWIP_RGMII.sdk -hwspec F:/FILE/FPGA/ZYNQ/08_LAN/02_LWIP_RGMII/02_LWIP_RGMII.sdk/system_wrapper.hdf
INFO: [Vivado 12-393] Launching SDK...
INFO: [Vivado 12-417] Running xsdk -workspace F:/FILE/FPGA/ZYNQ/08_LAN/02_LWIP_RGMII/02_LWIP_RGMII.sdk -hwspec F:/FILE/FPGA/ZYNQ/08_LAN/02_LWIP_RGMII/02_LWIP_RGMII.sdk/system_wrapper.hdf
INFO: [Vivado 12-3157] SDK launch initiated. Please check console for any further messages.
reset_run synth_1
exit
INFO: [Common 17-206] Exiting Vivado at Sun Apr 12 01:23:16 2020...
