
*** Running vivado
    with args -log system_auto_us_2.vds -m64 -product Vivado -mode batch -messageDb vivado.pb -notrace -source system_auto_us_2.tcl


****** Vivado v2018.3.1 (64-bit)
  **** SW Build 2489853 on Tue Mar 26 04:20:25 MDT 2019
  **** IP Build 2486929 on Tue Mar 26 06:44:21 MDT 2019
    ** Copyright 1986-2019 Xilinx, Inc. All Rights Reserved.

source system_auto_us_2.tcl -notrace
Command: synth_design -top system_auto_us_2 -part xc7z035ffg676-2 -mode out_of_context
Starting synth_design
Attempting to get a license for feature 'Synthesis' and/or device 'xc7z035'
INFO: [Common 17-349] Got license for feature 'Synthesis' and/or device 'xc7z035'
INFO: Launching helper process for spawning children vivado processes
INFO: Helper process launched with PID 9668 
---------------------------------------------------------------------------------
Starting RTL Elaboration : Time (s): cpu = 00:00:11 ; elapsed = 00:00:12 . Memory (MB): peak = 485.914 ; gain = 106.379
---------------------------------------------------------------------------------
INFO: [Synth 8-6157] synthesizing module 'system_auto_us_2' [f:/FILE/FPGA/ZYNQ/08_LAN/05_MB_DDR3_LWIP_RGMII/02_PL_AXI_LWIP_RGMII/02_LWIP_RGMII/02_LWIP_RGMII.srcs/sources_1/bd/system/ip/system_auto_us_2/synth/system_auto_us_2.v:58]
INFO: [Synth 8-6157] synthesizing module 'axi_dwidth_converter_v2_1_18_top' [f:/FILE/FPGA/ZYNQ/08_LAN/05_MB_DDR3_LWIP_RGMII/02_PL_AXI_LWIP_RGMII/02_LWIP_RGMII/02_LWIP_RGMII.srcs/sources_1/bd/system/ipshared/0815/hdl/axi_dwidth_converter_v2_1_vlsyn_rfs.v:14462]
	Parameter C_FAMILY bound to: zynq - type: string 
	Parameter C_AXI_PROTOCOL bound to: 0 - type: integer 
	Parameter C_S_AXI_ID_WIDTH bound to: 1 - type: integer 
	Parameter C_SUPPORTS_ID bound to: 0 - type: integer 
	Parameter C_AXI_ADDR_WIDTH bound to: 32 - type: integer 
	Parameter C_S_AXI_DATA_WIDTH bound to: 32 - type: integer 
	Parameter C_M_AXI_DATA_WIDTH bound to: 64 - type: integer 
	Parameter C_AXI_SUPPORTS_WRITE bound to: 1 - type: integer 
	Parameter C_AXI_SUPPORTS_READ bound to: 0 - type: integer 
	Parameter C_FIFO_MODE bound to: 0 - type: integer 
	Parameter C_S_AXI_ACLK_RATIO bound to: 1 - type: integer 
	Parameter C_M_AXI_ACLK_RATIO bound to: 2 - type: integer 
	Parameter C_AXI_IS_ACLK_ASYNC bound to: 0 - type: integer 
	Parameter C_MAX_SPLIT_BEATS bound to: 16 - type: integer 
	Parameter C_PACKING_LEVEL bound to: 1 - type: integer 
	Parameter C_SYNCHRONIZER_STAGE bound to: 3 - type: integer 
	Parameter C_S_AXI_BYTES_LOG bound to: 2 - type: integer 
	Parameter C_M_AXI_BYTES_LOG bound to: 3 - type: integer 
	Parameter C_RATIO bound to: 0 - type: integer 
	Parameter C_RATIO_LOG bound to: 0 - type: integer 
	Parameter P_AXI4 bound to: 0 - type: integer 
	Parameter P_AXI3 bound to: 1 - type: integer 
	Parameter P_AXILITE bound to: 2 - type: integer 
	Parameter P_CONVERSION bound to: 2 - type: integer 
	Parameter P_MAX_SPLIT_BEATS bound to: 16 - type: integer 
INFO: [Synth 8-5534] Detected attribute (* KEEP = "TRUE" *) [f:/FILE/FPGA/ZYNQ/08_LAN/05_MB_DDR3_LWIP_RGMII/02_PL_AXI_LWIP_RGMII/02_LWIP_RGMII/02_LWIP_RGMII.srcs/sources_1/bd/system/ipshared/0815/hdl/axi_dwidth_converter_v2_1_vlsyn_rfs.v:14513]
INFO: [Synth 8-5534] Detected attribute (* KEEP = "TRUE" *) [f:/FILE/FPGA/ZYNQ/08_LAN/05_MB_DDR3_LWIP_RGMII/02_PL_AXI_LWIP_RGMII/02_LWIP_RGMII/02_LWIP_RGMII.srcs/sources_1/bd/system/ipshared/0815/hdl/axi_dwidth_converter_v2_1_vlsyn_rfs.v:14514]
INFO: [Synth 8-5534] Detected attribute (* KEEP = "TRUE" *) [f:/FILE/FPGA/ZYNQ/08_LAN/05_MB_DDR3_LWIP_RGMII/02_PL_AXI_LWIP_RGMII/02_LWIP_RGMII/02_LWIP_RGMII.srcs/sources_1/bd/system/ipshared/0815/hdl/axi_dwidth_converter_v2_1_vlsyn_rfs.v:14562]
INFO: [Synth 8-5534] Detected attribute (* KEEP = "TRUE" *) [f:/FILE/FPGA/ZYNQ/08_LAN/05_MB_DDR3_LWIP_RGMII/02_PL_AXI_LWIP_RGMII/02_LWIP_RGMII/02_LWIP_RGMII.srcs/sources_1/bd/system/ipshared/0815/hdl/axi_dwidth_converter_v2_1_vlsyn_rfs.v:14563]
INFO: [Synth 8-6157] synthesizing module 'axi_dwidth_converter_v2_1_18_axi_upsizer' [f:/FILE/FPGA/ZYNQ/08_LAN/05_MB_DDR3_LWIP_RGMII/02_PL_AXI_LWIP_RGMII/02_LWIP_RGMII/02_LWIP_RGMII.srcs/sources_1/bd/system/ipshared/0815/hdl/axi_dwidth_converter_v2_1_vlsyn_rfs.v:7038]
	Parameter C_FAMILY bound to: zynq - type: string 
	Parameter C_AXI_PROTOCOL bound to: 0 - type: integer 
	Parameter C_S_AXI_ID_WIDTH bound to: 1 - type: integer 
	Parameter C_SUPPORTS_ID bound to: 0 - type: integer 
	Parameter C_AXI_ADDR_WIDTH bound to: 32 - type: integer 
	Parameter C_S_AXI_DATA_WIDTH bound to: 32 - type: integer 
	Parameter C_M_AXI_DATA_WIDTH bound to: 64 - type: integer 
	Parameter C_AXI_SUPPORTS_WRITE bound to: 1 - type: integer 
	Parameter C_AXI_SUPPORTS_READ bound to: 0 - type: integer 
	Parameter C_FIFO_MODE bound to: 0 - type: integer 
	Parameter C_S_AXI_ACLK_RATIO bound to: 1 - type: integer 
	Parameter C_M_AXI_ACLK_RATIO bound to: 2 - type: integer 
	Parameter C_AXI_IS_ACLK_ASYNC bound to: 0 - type: integer 
	Parameter C_PACKING_LEVEL bound to: 1 - type: integer 
	Parameter C_SYNCHRONIZER_STAGE bound to: 3 - type: integer 
	Parameter C_S_AXI_BYTES_LOG bound to: 2 - type: integer 
	Parameter C_M_AXI_BYTES_LOG bound to: 3 - type: integer 
	Parameter C_RATIO bound to: 2 - type: integer 
	Parameter C_RATIO_LOG bound to: 1 - type: integer 
	Parameter P_BYPASS bound to: 0 - type: integer 
	Parameter P_LIGHTWT bound to: 7 - type: integer 
	Parameter P_FWD_REV bound to: 1 - type: integer 
	Parameter P_CONV_LIGHT_WT bound to: 0 - type: integer 
	Parameter P_AXI4 bound to: 0 - type: integer 
	Parameter C_FIFO_DEPTH_LOG bound to: 5 - type: integer 
	Parameter P_SI_LT_MI bound to: 1'b1 
	Parameter P_ACLK_RATIO bound to: 2 - type: integer 
	Parameter P_NO_FIFO bound to: 0 - type: integer 
	Parameter P_PKTFIFO bound to: 1 - type: integer 
	Parameter P_PKTFIFO_CLK bound to: 2 - type: integer 
	Parameter P_DATAFIFO bound to: 3 - type: integer 
	Parameter P_DATAFIFO_CLK bound to: 4 - type: integer 
	Parameter P_CLK_CONV bound to: 1'b0 
	Parameter C_M_AXI_AW_REGISTER bound to: 0 - type: integer 
	Parameter C_M_AXI_W_REGISTER bound to: 1 - type: integer 
	Parameter C_M_AXI_AR_REGISTER bound to: 0 - type: integer 
	Parameter C_S_AXI_R_REGISTER bound to: 0 - type: integer 
	Parameter C_M_AXI_R_REGISTER bound to: 1 - type: integer 
	Parameter P_RID_QUEUE bound to: 0 - type: integer 
INFO: [Synth 8-6157] synthesizing module 'axi_dwidth_converter_v2_1_18_w_upsizer' [f:/FILE/FPGA/ZYNQ/08_LAN/05_MB_DDR3_LWIP_RGMII/02_PL_AXI_LWIP_RGMII/02_LWIP_RGMII/02_LWIP_RGMII.srcs/sources_1/bd/system/ipshared/0815/hdl/axi_dwidth_converter_v2_1_vlsyn_rfs.v:5563]
	Parameter C_FAMILY bound to: rtl - type: string 
	Parameter C_S_AXI_DATA_WIDTH bound to: 32 - type: integer 
	Parameter C_M_AXI_DATA_WIDTH bound to: 64 - type: integer 
	Parameter C_M_AXI_REGISTER bound to: 1 - type: integer 
	Parameter C_PACKING_LEVEL bound to: 1 - type: integer 
	Parameter C_S_AXI_BYTES_LOG bound to: 2 - type: integer 
	Parameter C_M_AXI_BYTES_LOG bound to: 3 - type: integer 
	Parameter C_RATIO bound to: 2 - type: integer 
	Parameter C_RATIO_LOG bound to: 1 - type: integer 
	Parameter C_NEVER_PACK bound to: 0 - type: integer 
	Parameter C_DEFAULT_PACK bound to: 1 - type: integer 
	Parameter C_ALWAYS_PACK bound to: 2 - type: integer 
INFO: [Synth 8-6155] done synthesizing module 'axi_dwidth_converter_v2_1_18_w_upsizer' (1#1) [f:/FILE/FPGA/ZYNQ/08_LAN/05_MB_DDR3_LWIP_RGMII/02_PL_AXI_LWIP_RGMII/02_LWIP_RGMII/02_LWIP_RGMII.srcs/sources_1/bd/system/ipshared/0815/hdl/axi_dwidth_converter_v2_1_vlsyn_rfs.v:5563]
INFO: [Synth 8-6157] synthesizing module 'axi_dwidth_converter_v2_1_18_a_upsizer' [f:/FILE/FPGA/ZYNQ/08_LAN/05_MB_DDR3_LWIP_RGMII/02_PL_AXI_LWIP_RGMII/02_LWIP_RGMII/02_LWIP_RGMII.srcs/sources_1/bd/system/ipshared/0815/hdl/axi_dwidth_converter_v2_1_vlsyn_rfs.v:3603]
	Parameter C_FAMILY bound to: rtl - type: string 
	Parameter C_AXI_PROTOCOL bound to: 0 - type: integer 
	Parameter C_AXI_ID_WIDTH bound to: 1 - type: integer 
	Parameter C_SUPPORTS_ID bound to: 0 - type: integer 
	Parameter C_AXI_ADDR_WIDTH bound to: 32 - type: integer 
	Parameter C_S_AXI_DATA_WIDTH bound to: 32 - type: integer 
	Parameter C_M_AXI_DATA_WIDTH bound to: 64 - type: integer 
	Parameter C_M_AXI_REGISTER bound to: 0 - type: integer 
	Parameter C_AXI_CHANNEL bound to: 0 - type: integer 
	Parameter C_PACKING_LEVEL bound to: 1 - type: integer 
	Parameter C_FIFO_MODE bound to: 0 - type: integer 
	Parameter C_ID_QUEUE bound to: 0 - type: integer 
	Parameter C_S_AXI_BYTES_LOG bound to: 2 - type: integer 
	Parameter C_M_AXI_BYTES_LOG bound to: 3 - type: integer 
	Parameter C_S_AXI_NATIVE_SIZE bound to: 3'b010 
	Parameter C_M_AXI_NATIVE_SIZE bound to: 3'b011 
	Parameter C_DOUBLE_LEN bound to: 24'b000000000000000011111111 
	Parameter C_FIX_BURST bound to: 2'b00 
	Parameter C_INCR_BURST bound to: 2'b01 
	Parameter C_WRAP_BURST bound to: 2'b10 
	Parameter C_NEVER_PACK bound to: 0 - type: integer 
	Parameter C_DEFAULT_PACK bound to: 1 - type: integer 
	Parameter C_ALWAYS_PACK bound to: 2 - type: integer 
	Parameter C_FIFO_DEPTH_LOG bound to: 5 - type: integer 
	Parameter C_BURST_BYTES_LOG bound to: 6 - type: integer 
	Parameter C_SI_UNUSED_LOG bound to: 30 - type: integer 
	Parameter C_MI_UNUSED_LOG bound to: 29 - type: integer 
INFO: [Synth 8-6157] synthesizing module 'generic_baseblocks_v2_1_0_command_fifo' [f:/FILE/FPGA/ZYNQ/08_LAN/05_MB_DDR3_LWIP_RGMII/02_PL_AXI_LWIP_RGMII/02_LWIP_RGMII/02_LWIP_RGMII.srcs/sources_1/bd/system/ipshared/b752/hdl/generic_baseblocks_v2_1_vl_rfs.v:655]
	Parameter C_FAMILY bound to: rtl - type: string 
	Parameter C_ENABLE_S_VALID_CARRY bound to: 1 - type: integer 
	Parameter C_ENABLE_REGISTERED_OUTPUT bound to: 1 - type: integer 
	Parameter C_FIFO_DEPTH_LOG bound to: 5 - type: integer 
	Parameter C_FIFO_WIDTH bound to: 30 - type: integer 
INFO: [Synth 8-6155] done synthesizing module 'generic_baseblocks_v2_1_0_command_fifo' (2#1) [f:/FILE/FPGA/ZYNQ/08_LAN/05_MB_DDR3_LWIP_RGMII/02_PL_AXI_LWIP_RGMII/02_LWIP_RGMII/02_LWIP_RGMII.srcs/sources_1/bd/system/ipshared/b752/hdl/generic_baseblocks_v2_1_vl_rfs.v:655]
INFO: [Synth 8-6155] done synthesizing module 'axi_dwidth_converter_v2_1_18_a_upsizer' (3#1) [f:/FILE/FPGA/ZYNQ/08_LAN/05_MB_DDR3_LWIP_RGMII/02_PL_AXI_LWIP_RGMII/02_LWIP_RGMII/02_LWIP_RGMII.srcs/sources_1/bd/system/ipshared/0815/hdl/axi_dwidth_converter_v2_1_vlsyn_rfs.v:3603]
INFO: [Synth 8-6157] synthesizing module 'axi_register_slice_v2_1_18_axi_register_slice' [f:/FILE/FPGA/ZYNQ/08_LAN/05_MB_DDR3_LWIP_RGMII/02_PL_AXI_LWIP_RGMII/02_LWIP_RGMII/02_LWIP_RGMII.srcs/sources_1/bd/system/ipshared/cc23/hdl/axi_register_slice_v2_1_vl_rfs.v:2637]
	Parameter C_FAMILY bound to: zynq - type: string 
	Parameter C_AXI_PROTOCOL bound to: 0 - type: integer 
	Parameter C_AXI_ID_WIDTH bound to: 1 - type: integer 
	Parameter C_AXI_ADDR_WIDTH bound to: 32 - type: integer 
	Parameter C_AXI_DATA_WIDTH bound to: 32 - type: integer 
	Parameter C_AXI_SUPPORTS_USER_SIGNALS bound to: 0 - type: integer 
	Parameter C_AXI_AWUSER_WIDTH bound to: 1 - type: integer 
	Parameter C_AXI_ARUSER_WIDTH bound to: 1 - type: integer 
	Parameter C_AXI_WUSER_WIDTH bound to: 1 - type: integer 
	Parameter C_AXI_RUSER_WIDTH bound to: 1 - type: integer 
	Parameter C_AXI_BUSER_WIDTH bound to: 1 - type: integer 
	Parameter C_REG_CONFIG_AW bound to: 7 - type: integer 
	Parameter C_REG_CONFIG_W bound to: 1 - type: integer 
	Parameter C_REG_CONFIG_B bound to: 7 - type: integer 
	Parameter C_REG_CONFIG_AR bound to: 0 - type: integer 
	Parameter C_REG_CONFIG_R bound to: 1 - type: integer 
	Parameter C_NUM_SLR_CROSSINGS bound to: 0 - type: integer 
	Parameter C_PIPELINES_MASTER_AW bound to: 0 - type: integer 
	Parameter C_PIPELINES_MASTER_W bound to: 0 - type: integer 
	Parameter C_PIPELINES_MASTER_B bound to: 0 - type: integer 
	Parameter C_PIPELINES_MASTER_AR bound to: 0 - type: integer 
	Parameter C_PIPELINES_MASTER_R bound to: 0 - type: integer 
	Parameter C_PIPELINES_SLAVE_AW bound to: 0 - type: integer 
	Parameter C_PIPELINES_SLAVE_W bound to: 0 - type: integer 
	Parameter C_PIPELINES_SLAVE_B bound to: 0 - type: integer 
	Parameter C_PIPELINES_SLAVE_AR bound to: 0 - type: integer 
	Parameter C_PIPELINES_SLAVE_R bound to: 0 - type: integer 
	Parameter C_PIPELINES_MIDDLE_AW bound to: 0 - type: integer 
	Parameter C_PIPELINES_MIDDLE_W bound to: 0 - type: integer 
	Parameter C_PIPELINES_MIDDLE_B bound to: 0 - type: integer 
	Parameter C_PIPELINES_MIDDLE_AR bound to: 0 - type: integer 
	Parameter C_PIPELINES_MIDDLE_R bound to: 0 - type: integer 
	Parameter C_AXI_SUPPORTS_REGION_SIGNALS bound to: 1 - type: integer 
	Parameter P_FORWARD bound to: 0 - type: integer 
	Parameter P_RESPONSE bound to: 1 - type: integer 
	Parameter G_AXI_AWADDR_INDEX bound to: 0 - type: integer 
	Parameter G_AXI_AWADDR_WIDTH bound to: 32 - type: integer 
	Parameter G_AXI_AWPROT_INDEX bound to: 32 - type: integer 
	Parameter G_AXI_AWPROT_WIDTH bound to: 3 - type: integer 
	Parameter G_AXI_AWSIZE_INDEX bound to: 35 - type: integer 
	Parameter G_AXI_AWSIZE_WIDTH bound to: 3 - type: integer 
	Parameter G_AXI_AWBURST_INDEX bound to: 38 - type: integer 
	Parameter G_AXI_AWBURST_WIDTH bound to: 2 - type: integer 
	Parameter G_AXI_AWCACHE_INDEX bound to: 40 - type: integer 
	Parameter G_AXI_AWCACHE_WIDTH bound to: 4 - type: integer 
	Parameter G_AXI_AWLEN_INDEX bound to: 44 - type: integer 
	Parameter G_AXI_AWLEN_WIDTH bound to: 8 - type: integer 
	Parameter G_AXI_AWLOCK_INDEX bound to: 52 - type: integer 
	Parameter G_AXI_AWLOCK_WIDTH bound to: 1 - type: integer 
	Parameter G_AXI_AWID_INDEX bound to: 53 - type: integer 
	Parameter G_AXI_AWID_WIDTH bound to: 1 - type: integer 
	Parameter G_AXI_AWQOS_INDEX bound to: 54 - type: integer 
	Parameter G_AXI_AWQOS_WIDTH bound to: 4 - type: integer 
	Parameter G_AXI_AWREGION_INDEX bound to: 58 - type: integer 
	Parameter G_AXI_AWREGION_WIDTH bound to: 4 - type: integer 
	Parameter G_AXI_AWUSER_INDEX bound to: 62 - type: integer 
	Parameter G_AXI_AWUSER_WIDTH bound to: 0 - type: integer 
	Parameter G_AXI_AWPAYLOAD_WIDTH bound to: 62 - type: integer 
	Parameter G_AXI_ARADDR_INDEX bound to: 0 - type: integer 
	Parameter G_AXI_ARADDR_WIDTH bound to: 32 - type: integer 
	Parameter G_AXI_ARPROT_INDEX bound to: 32 - type: integer 
	Parameter G_AXI_ARPROT_WIDTH bound to: 3 - type: integer 
	Parameter G_AXI_ARSIZE_INDEX bound to: 35 - type: integer 
	Parameter G_AXI_ARSIZE_WIDTH bound to: 3 - type: integer 
	Parameter G_AXI_ARBURST_INDEX bound to: 38 - type: integer 
	Parameter G_AXI_ARBURST_WIDTH bound to: 2 - type: integer 
	Parameter G_AXI_ARCACHE_INDEX bound to: 40 - type: integer 
	Parameter G_AXI_ARCACHE_WIDTH bound to: 4 - type: integer 
	Parameter G_AXI_ARLEN_INDEX bound to: 44 - type: integer 
	Parameter G_AXI_ARLEN_WIDTH bound to: 8 - type: integer 
	Parameter G_AXI_ARLOCK_INDEX bound to: 52 - type: integer 
	Parameter G_AXI_ARLOCK_WIDTH bound to: 1 - type: integer 
	Parameter G_AXI_ARID_INDEX bound to: 53 - type: integer 
	Parameter G_AXI_ARID_WIDTH bound to: 1 - type: integer 
	Parameter G_AXI_ARQOS_INDEX bound to: 54 - type: integer 
	Parameter G_AXI_ARQOS_WIDTH bound to: 4 - type: integer 
	Parameter G_AXI_ARREGION_INDEX bound to: 58 - type: integer 
	Parameter G_AXI_ARREGION_WIDTH bound to: 4 - type: integer 
	Parameter G_AXI_ARUSER_INDEX bound to: 62 - type: integer 
	Parameter G_AXI_ARUSER_WIDTH bound to: 0 - type: integer 
	Parameter G_AXI_ARPAYLOAD_WIDTH bound to: 62 - type: integer 
	Parameter G_AXI_WDATA_INDEX bound to: 0 - type: integer 
	Parameter G_AXI_WDATA_WIDTH bound to: 32 - type: integer 
	Parameter G_AXI_WSTRB_INDEX bound to: 32 - type: integer 
	Parameter G_AXI_WSTRB_WIDTH bound to: 4 - type: integer 
	Parameter G_AXI_WLAST_INDEX bound to: 36 - type: integer 
	Parameter G_AXI_WLAST_WIDTH bound to: 1 - type: integer 
	Parameter G_AXI_WID_INDEX bound to: 37 - type: integer 
	Parameter G_AXI_WID_WIDTH bound to: 0 - type: integer 
	Parameter G_AXI_WUSER_INDEX bound to: 37 - type: integer 
	Parameter G_AXI_WUSER_WIDTH bound to: 0 - type: integer 
	Parameter G_AXI_WPAYLOAD_WIDTH bound to: 37 - type: integer 
	Parameter G_AXI_BRESP_INDEX bound to: 0 - type: integer 
	Parameter G_AXI_BRESP_WIDTH bound to: 2 - type: integer 
	Parameter G_AXI_BID_INDEX bound to: 2 - type: integer 
	Parameter G_AXI_BID_WIDTH bound to: 1 - type: integer 
	Parameter G_AXI_BUSER_INDEX bound to: 3 - type: integer 
	Parameter G_AXI_BUSER_WIDTH bound to: 0 - type: integer 
	Parameter G_AXI_BPAYLOAD_WIDTH bound to: 3 - type: integer 
	Parameter G_AXI_RDATA_INDEX bound to: 0 - type: integer 
	Parameter G_AXI_RDATA_WIDTH bound to: 32 - type: integer 
	Parameter G_AXI_RRESP_INDEX bound to: 32 - type: integer 
	Parameter G_AXI_RRESP_WIDTH bound to: 2 - type: integer 
	Parameter G_AXI_RLAST_INDEX bound to: 34 - type: integer 
	Parameter G_AXI_RLAST_WIDTH bound to: 1 - type: integer 
	Parameter G_AXI_RID_INDEX bound to: 35 - type: integer 
	Parameter G_AXI_RID_WIDTH bound to: 1 - type: integer 
	Parameter G_AXI_RUSER_INDEX bound to: 36 - type: integer 
	Parameter G_AXI_RUSER_WIDTH bound to: 0 - type: integer 
	Parameter G_AXI_RPAYLOAD_WIDTH bound to: 36 - type: integer 
INFO: [Synth 8-6157] synthesizing module 'axi_register_slice_v2_1_18_axic_register_slice' [f:/FILE/FPGA/ZYNQ/08_LAN/05_MB_DDR3_LWIP_RGMII/02_PL_AXI_LWIP_RGMII/02_LWIP_RGMII/02_LWIP_RGMII.srcs/sources_1/bd/system/ipshared/cc23/hdl/axi_register_slice_v2_1_vl_rfs.v:409]
	Parameter C_FAMILY bound to: zynq - type: string 
	Parameter C_DATA_WIDTH bound to: 62 - type: integer 
	Parameter C_REG_CONFIG bound to: 7 - type: integer 
INFO: [Synth 8-6155] done synthesizing module 'axi_register_slice_v2_1_18_axic_register_slice' (4#1) [f:/FILE/FPGA/ZYNQ/08_LAN/05_MB_DDR3_LWIP_RGMII/02_PL_AXI_LWIP_RGMII/02_LWIP_RGMII/02_LWIP_RGMII.srcs/sources_1/bd/system/ipshared/cc23/hdl/axi_register_slice_v2_1_vl_rfs.v:409]
INFO: [Synth 8-6157] synthesizing module 'axi_register_slice_v2_1_18_axic_register_slice__parameterized0' [f:/FILE/FPGA/ZYNQ/08_LAN/05_MB_DDR3_LWIP_RGMII/02_PL_AXI_LWIP_RGMII/02_LWIP_RGMII/02_LWIP_RGMII.srcs/sources_1/bd/system/ipshared/cc23/hdl/axi_register_slice_v2_1_vl_rfs.v:409]
	Parameter C_FAMILY bound to: zynq - type: string 
	Parameter C_DATA_WIDTH bound to: 37 - type: integer 
	Parameter C_REG_CONFIG bound to: 1 - type: integer 
INFO: [Synth 8-6155] done synthesizing module 'axi_register_slice_v2_1_18_axic_register_slice__parameterized0' (4#1) [f:/FILE/FPGA/ZYNQ/08_LAN/05_MB_DDR3_LWIP_RGMII/02_PL_AXI_LWIP_RGMII/02_LWIP_RGMII/02_LWIP_RGMII.srcs/sources_1/bd/system/ipshared/cc23/hdl/axi_register_slice_v2_1_vl_rfs.v:409]
INFO: [Synth 8-6157] synthesizing module 'axi_register_slice_v2_1_18_axic_register_slice__parameterized1' [f:/FILE/FPGA/ZYNQ/08_LAN/05_MB_DDR3_LWIP_RGMII/02_PL_AXI_LWIP_RGMII/02_LWIP_RGMII/02_LWIP_RGMII.srcs/sources_1/bd/system/ipshared/cc23/hdl/axi_register_slice_v2_1_vl_rfs.v:409]
	Parameter C_FAMILY bound to: zynq - type: string 
	Parameter C_DATA_WIDTH bound to: 3 - type: integer 
	Parameter C_REG_CONFIG bound to: 7 - type: integer 
INFO: [Synth 8-6155] done synthesizing module 'axi_register_slice_v2_1_18_axic_register_slice__parameterized1' (4#1) [f:/FILE/FPGA/ZYNQ/08_LAN/05_MB_DDR3_LWIP_RGMII/02_PL_AXI_LWIP_RGMII/02_LWIP_RGMII/02_LWIP_RGMII.srcs/sources_1/bd/system/ipshared/cc23/hdl/axi_register_slice_v2_1_vl_rfs.v:409]
INFO: [Synth 8-6157] synthesizing module 'axi_register_slice_v2_1_18_axic_register_slice__parameterized2' [f:/FILE/FPGA/ZYNQ/08_LAN/05_MB_DDR3_LWIP_RGMII/02_PL_AXI_LWIP_RGMII/02_LWIP_RGMII/02_LWIP_RGMII.srcs/sources_1/bd/system/ipshared/cc23/hdl/axi_register_slice_v2_1_vl_rfs.v:409]
	Parameter C_FAMILY bound to: zynq - type: string 
	Parameter C_DATA_WIDTH bound to: 62 - type: integer 
	Parameter C_REG_CONFIG bound to: 0 - type: integer 
INFO: [Synth 8-6155] done synthesizing module 'axi_register_slice_v2_1_18_axic_register_slice__parameterized2' (4#1) [f:/FILE/FPGA/ZYNQ/08_LAN/05_MB_DDR3_LWIP_RGMII/02_PL_AXI_LWIP_RGMII/02_LWIP_RGMII/02_LWIP_RGMII.srcs/sources_1/bd/system/ipshared/cc23/hdl/axi_register_slice_v2_1_vl_rfs.v:409]
INFO: [Synth 8-6157] synthesizing module 'axi_register_slice_v2_1_18_axic_register_slice__parameterized3' [f:/FILE/FPGA/ZYNQ/08_LAN/05_MB_DDR3_LWIP_RGMII/02_PL_AXI_LWIP_RGMII/02_LWIP_RGMII/02_LWIP_RGMII.srcs/sources_1/bd/system/ipshared/cc23/hdl/axi_register_slice_v2_1_vl_rfs.v:409]
	Parameter C_FAMILY bound to: zynq - type: string 
	Parameter C_DATA_WIDTH bound to: 36 - type: integer 
	Parameter C_REG_CONFIG bound to: 1 - type: integer 
INFO: [Synth 8-6155] done synthesizing module 'axi_register_slice_v2_1_18_axic_register_slice__parameterized3' (4#1) [f:/FILE/FPGA/ZYNQ/08_LAN/05_MB_DDR3_LWIP_RGMII/02_PL_AXI_LWIP_RGMII/02_LWIP_RGMII/02_LWIP_RGMII.srcs/sources_1/bd/system/ipshared/cc23/hdl/axi_register_slice_v2_1_vl_rfs.v:409]
INFO: [Synth 8-6157] synthesizing module 'axi_infrastructure_v1_1_0_axi2vector' [f:/FILE/FPGA/ZYNQ/08_LAN/05_MB_DDR3_LWIP_RGMII/02_PL_AXI_LWIP_RGMII/02_LWIP_RGMII/02_LWIP_RGMII.srcs/sources_1/bd/system/ipshared/ec67/hdl/axi_infrastructure_v1_1_vl_rfs.v:60]
	Parameter C_AXI_PROTOCOL bound to: 0 - type: integer 
	Parameter C_AXI_ID_WIDTH bound to: 1 - type: integer 
	Parameter C_AXI_ADDR_WIDTH bound to: 32 - type: integer 
	Parameter C_AXI_DATA_WIDTH bound to: 32 - type: integer 
	Parameter C_AXI_SUPPORTS_USER_SIGNALS bound to: 0 - type: integer 
	Parameter C_AXI_SUPPORTS_REGION_SIGNALS bound to: 1 - type: integer 
	Parameter C_AXI_AWUSER_WIDTH bound to: 1 - type: integer 
	Parameter C_AXI_WUSER_WIDTH bound to: 1 - type: integer 
	Parameter C_AXI_BUSER_WIDTH bound to: 1 - type: integer 
	Parameter C_AXI_ARUSER_WIDTH bound to: 1 - type: integer 
	Parameter C_AXI_RUSER_WIDTH bound to: 1 - type: integer 
	Parameter C_AWPAYLOAD_WIDTH bound to: 62 - type: integer 
	Parameter C_WPAYLOAD_WIDTH bound to: 37 - type: integer 
	Parameter C_BPAYLOAD_WIDTH bound to: 3 - type: integer 
	Parameter C_ARPAYLOAD_WIDTH bound to: 62 - type: integer 
	Parameter C_RPAYLOAD_WIDTH bound to: 36 - type: integer 
	Parameter G_AXI_AWADDR_INDEX bound to: 0 - type: integer 
	Parameter G_AXI_AWADDR_WIDTH bound to: 32 - type: integer 
	Parameter G_AXI_AWPROT_INDEX bound to: 32 - type: integer 
	Parameter G_AXI_AWPROT_WIDTH bound to: 3 - type: integer 
	Parameter G_AXI_AWSIZE_INDEX bound to: 35 - type: integer 
	Parameter G_AXI_AWSIZE_WIDTH bound to: 3 - type: integer 
	Parameter G_AXI_AWBURST_INDEX bound to: 38 - type: integer 
	Parameter G_AXI_AWBURST_WIDTH bound to: 2 - type: integer 
	Parameter G_AXI_AWCACHE_INDEX bound to: 40 - type: integer 
	Parameter G_AXI_AWCACHE_WIDTH bound to: 4 - type: integer 
	Parameter G_AXI_AWLEN_INDEX bound to: 44 - type: integer 
	Parameter G_AXI_AWLEN_WIDTH bound to: 8 - type: integer 
	Parameter G_AXI_AWLOCK_INDEX bound to: 52 - type: integer 
	Parameter G_AXI_AWLOCK_WIDTH bound to: 1 - type: integer 
	Parameter G_AXI_AWID_INDEX bound to: 53 - type: integer 
	Parameter G_AXI_AWID_WIDTH bound to: 1 - type: integer 
	Parameter G_AXI_AWQOS_INDEX bound to: 54 - type: integer 
	Parameter G_AXI_AWQOS_WIDTH bound to: 4 - type: integer 
	Parameter G_AXI_AWREGION_INDEX bound to: 58 - type: integer 
	Parameter G_AXI_AWREGION_WIDTH bound to: 4 - type: integer 
	Parameter G_AXI_AWUSER_INDEX bound to: 62 - type: integer 
	Parameter G_AXI_AWUSER_WIDTH bound to: 0 - type: integer 
	Parameter G_AXI_AWPAYLOAD_WIDTH bound to: 62 - type: integer 
	Parameter G_AXI_ARADDR_INDEX bound to: 0 - type: integer 
	Parameter G_AXI_ARADDR_WIDTH bound to: 32 - type: integer 
	Parameter G_AXI_ARPROT_INDEX bound to: 32 - type: integer 
	Parameter G_AXI_ARPROT_WIDTH bound to: 3 - type: integer 
	Parameter G_AXI_ARSIZE_INDEX bound to: 35 - type: integer 
	Parameter G_AXI_ARSIZE_WIDTH bound to: 3 - type: integer 
	Parameter G_AXI_ARBURST_INDEX bound to: 38 - type: integer 
	Parameter G_AXI_ARBURST_WIDTH bound to: 2 - type: integer 
	Parameter G_AXI_ARCACHE_INDEX bound to: 40 - type: integer 
	Parameter G_AXI_ARCACHE_WIDTH bound to: 4 - type: integer 
	Parameter G_AXI_ARLEN_INDEX bound to: 44 - type: integer 
	Parameter G_AXI_ARLEN_WIDTH bound to: 8 - type: integer 
	Parameter G_AXI_ARLOCK_INDEX bound to: 52 - type: integer 
	Parameter G_AXI_ARLOCK_WIDTH bound to: 1 - type: integer 
	Parameter G_AXI_ARID_INDEX bound to: 53 - type: integer 
	Parameter G_AXI_ARID_WIDTH bound to: 1 - type: integer 
	Parameter G_AXI_ARQOS_INDEX bound to: 54 - type: integer 
	Parameter G_AXI_ARQOS_WIDTH bound to: 4 - type: integer 
	Parameter G_AXI_ARREGION_INDEX bound to: 58 - type: integer 
	Parameter G_AXI_ARREGION_WIDTH bound to: 4 - type: integer 
	Parameter G_AXI_ARUSER_INDEX bound to: 62 - type: integer 
	Parameter G_AXI_ARUSER_WIDTH bound to: 0 - type: integer 
	Parameter G_AXI_ARPAYLOAD_WIDTH bound to: 62 - type: integer 
	Parameter G_AXI_WDATA_INDEX bound to: 0 - type: integer 
	Parameter G_AXI_WDATA_WIDTH bound to: 32 - type: integer 
	Parameter G_AXI_WSTRB_INDEX bound to: 32 - type: integer 
	Parameter G_AXI_WSTRB_WIDTH bound to: 4 - type: integer 
	Parameter G_AXI_WLAST_INDEX bound to: 36 - type: integer 
	Parameter G_AXI_WLAST_WIDTH bound to: 1 - type: integer 
	Parameter G_AXI_WID_INDEX bound to: 37 - type: integer 
	Parameter G_AXI_WID_WIDTH bound to: 0 - type: integer 
	Parameter G_AXI_WUSER_INDEX bound to: 37 - type: integer 
	Parameter G_AXI_WUSER_WIDTH bound to: 0 - type: integer 
	Parameter G_AXI_WPAYLOAD_WIDTH bound to: 37 - type: integer 
	Parameter G_AXI_BRESP_INDEX bound to: 0 - type: integer 
	Parameter G_AXI_BRESP_WIDTH bound to: 2 - type: integer 
	Parameter G_AXI_BID_INDEX bound to: 2 - type: integer 
	Parameter G_AXI_BID_WIDTH bound to: 1 - type: integer 
	Parameter G_AXI_BUSER_INDEX bound to: 3 - type: integer 
	Parameter G_AXI_BUSER_WIDTH bound to: 0 - type: integer 
	Parameter G_AXI_BPAYLOAD_WIDTH bound to: 3 - type: integer 
	Parameter G_AXI_RDATA_INDEX bound to: 0 - type: integer 
	Parameter G_AXI_RDATA_WIDTH bound to: 32 - type: integer 
	Parameter G_AXI_RRESP_INDEX bound to: 32 - type: integer 
	Parameter G_AXI_RRESP_WIDTH bound to: 2 - type: integer 
	Parameter G_AXI_RLAST_INDEX bound to: 34 - type: integer 
	Parameter G_AXI_RLAST_WIDTH bound to: 1 - type: integer 
	Parameter G_AXI_RID_INDEX bound to: 35 - type: integer 
	Parameter G_AXI_RID_WIDTH bound to: 1 - type: integer 
	Parameter G_AXI_RUSER_INDEX bound to: 36 - type: integer 
	Parameter G_AXI_RUSER_WIDTH bound to: 0 - type: integer 
	Parameter G_AXI_RPAYLOAD_WIDTH bound to: 36 - type: integer 
INFO: [Synth 8-6155] done synthesizing module 'axi_infrastructure_v1_1_0_axi2vector' (5#1) [f:/FILE/FPGA/ZYNQ/08_LAN/05_MB_DDR3_LWIP_RGMII/02_PL_AXI_LWIP_RGMII/02_LWIP_RGMII/02_LWIP_RGMII.srcs/sources_1/bd/system/ipshared/ec67/hdl/axi_infrastructure_v1_1_vl_rfs.v:60]
INFO: [Synth 8-6157] synthesizing module 'axi_infrastructure_v1_1_0_vector2axi' [f:/FILE/FPGA/ZYNQ/08_LAN/05_MB_DDR3_LWIP_RGMII/02_PL_AXI_LWIP_RGMII/02_LWIP_RGMII/02_LWIP_RGMII.srcs/sources_1/bd/system/ipshared/ec67/hdl/axi_infrastructure_v1_1_vl_rfs.v:474]
	Parameter C_AXI_PROTOCOL bound to: 0 - type: integer 
	Parameter C_AXI_ID_WIDTH bound to: 1 - type: integer 
	Parameter C_AXI_ADDR_WIDTH bound to: 32 - type: integer 
	Parameter C_AXI_DATA_WIDTH bound to: 32 - type: integer 
	Parameter C_AXI_SUPPORTS_USER_SIGNALS bound to: 0 - type: integer 
	Parameter C_AXI_SUPPORTS_REGION_SIGNALS bound to: 1 - type: integer 
	Parameter C_AXI_AWUSER_WIDTH bound to: 1 - type: integer 
	Parameter C_AXI_WUSER_WIDTH bound to: 1 - type: integer 
	Parameter C_AXI_BUSER_WIDTH bound to: 1 - type: integer 
	Parameter C_AXI_ARUSER_WIDTH bound to: 1 - type: integer 
	Parameter C_AXI_RUSER_WIDTH bound to: 1 - type: integer 
	Parameter C_AWPAYLOAD_WIDTH bound to: 62 - type: integer 
	Parameter C_WPAYLOAD_WIDTH bound to: 37 - type: integer 
	Parameter C_BPAYLOAD_WIDTH bound to: 3 - type: integer 
	Parameter C_ARPAYLOAD_WIDTH bound to: 62 - type: integer 
	Parameter C_RPAYLOAD_WIDTH bound to: 36 - type: integer 
	Parameter G_AXI_AWADDR_INDEX bound to: 0 - type: integer 
	Parameter G_AXI_AWADDR_WIDTH bound to: 32 - type: integer 
	Parameter G_AXI_AWPROT_INDEX bound to: 32 - type: integer 
	Parameter G_AXI_AWPROT_WIDTH bound to: 3 - type: integer 
	Parameter G_AXI_AWSIZE_INDEX bound to: 35 - type: integer 
	Parameter G_AXI_AWSIZE_WIDTH bound to: 3 - type: integer 
	Parameter G_AXI_AWBURST_INDEX bound to: 38 - type: integer 
	Parameter G_AXI_AWBURST_WIDTH bound to: 2 - type: integer 
	Parameter G_AXI_AWCACHE_INDEX bound to: 40 - type: integer 
	Parameter G_AXI_AWCACHE_WIDTH bound to: 4 - type: integer 
	Parameter G_AXI_AWLEN_INDEX bound to: 44 - type: integer 
	Parameter G_AXI_AWLEN_WIDTH bound to: 8 - type: integer 
	Parameter G_AXI_AWLOCK_INDEX bound to: 52 - type: integer 
	Parameter G_AXI_AWLOCK_WIDTH bound to: 1 - type: integer 
	Parameter G_AXI_AWID_INDEX bound to: 53 - type: integer 
	Parameter G_AXI_AWID_WIDTH bound to: 1 - type: integer 
	Parameter G_AXI_AWQOS_INDEX bound to: 54 - type: integer 
	Parameter G_AXI_AWQOS_WIDTH bound to: 4 - type: integer 
	Parameter G_AXI_AWREGION_INDEX bound to: 58 - type: integer 
	Parameter G_AXI_AWREGION_WIDTH bound to: 4 - type: integer 
	Parameter G_AXI_AWUSER_INDEX bound to: 62 - type: integer 
	Parameter G_AXI_AWUSER_WIDTH bound to: 0 - type: integer 
	Parameter G_AXI_AWPAYLOAD_WIDTH bound to: 62 - type: integer 
	Parameter G_AXI_ARADDR_INDEX bound to: 0 - type: integer 
	Parameter G_AXI_ARADDR_WIDTH bound to: 32 - type: integer 
	Parameter G_AXI_ARPROT_INDEX bound to: 32 - type: integer 
	Parameter G_AXI_ARPROT_WIDTH bound to: 3 - type: integer 
	Parameter G_AXI_ARSIZE_INDEX bound to: 35 - type: integer 
	Parameter G_AXI_ARSIZE_WIDTH bound to: 3 - type: integer 
	Parameter G_AXI_ARBURST_INDEX bound to: 38 - type: integer 
	Parameter G_AXI_ARBURST_WIDTH bound to: 2 - type: integer 
	Parameter G_AXI_ARCACHE_INDEX bound to: 40 - type: integer 
	Parameter G_AXI_ARCACHE_WIDTH bound to: 4 - type: integer 
	Parameter G_AXI_ARLEN_INDEX bound to: 44 - type: integer 
	Parameter G_AXI_ARLEN_WIDTH bound to: 8 - type: integer 
	Parameter G_AXI_ARLOCK_INDEX bound to: 52 - type: integer 
	Parameter G_AXI_ARLOCK_WIDTH bound to: 1 - type: integer 
	Parameter G_AXI_ARID_INDEX bound to: 53 - type: integer 
	Parameter G_AXI_ARID_WIDTH bound to: 1 - type: integer 
	Parameter G_AXI_ARQOS_INDEX bound to: 54 - type: integer 
	Parameter G_AXI_ARQOS_WIDTH bound to: 4 - type: integer 
	Parameter G_AXI_ARREGION_INDEX bound to: 58 - type: integer 
	Parameter G_AXI_ARREGION_WIDTH bound to: 4 - type: integer 
	Parameter G_AXI_ARUSER_INDEX bound to: 62 - type: integer 
	Parameter G_AXI_ARUSER_WIDTH bound to: 0 - type: integer 
	Parameter G_AXI_ARPAYLOAD_WIDTH bound to: 62 - type: integer 
	Parameter G_AXI_WDATA_INDEX bound to: 0 - type: integer 
	Parameter G_AXI_WDATA_WIDTH bound to: 32 - type: integer 
	Parameter G_AXI_WSTRB_INDEX bound to: 32 - type: integer 
	Parameter G_AXI_WSTRB_WIDTH bound to: 4 - type: integer 
	Parameter G_AXI_WLAST_INDEX bound to: 36 - type: integer 
	Parameter G_AXI_WLAST_WIDTH bound to: 1 - type: integer 
	Parameter G_AXI_WID_INDEX bound to: 37 - type: integer 
	Parameter G_AXI_WID_WIDTH bound to: 0 - type: integer 
	Parameter G_AXI_WUSER_INDEX bound to: 37 - type: integer 
	Parameter G_AXI_WUSER_WIDTH bound to: 0 - type: integer 
	Parameter G_AXI_WPAYLOAD_WIDTH bound to: 37 - type: integer 
	Parameter G_AXI_BRESP_INDEX bound to: 0 - type: integer 
	Parameter G_AXI_BRESP_WIDTH bound to: 2 - type: integer 
	Parameter G_AXI_BID_INDEX bound to: 2 - type: integer 
	Parameter G_AXI_BID_WIDTH bound to: 1 - type: integer 
	Parameter G_AXI_BUSER_INDEX bound to: 3 - type: integer 
	Parameter G_AXI_BUSER_WIDTH bound to: 0 - type: integer 
	Parameter G_AXI_BPAYLOAD_WIDTH bound to: 3 - type: integer 
	Parameter G_AXI_RDATA_INDEX bound to: 0 - type: integer 
	Parameter G_AXI_RDATA_WIDTH bound to: 32 - type: integer 
	Parameter G_AXI_RRESP_INDEX bound to: 32 - type: integer 
	Parameter G_AXI_RRESP_WIDTH bound to: 2 - type: integer 
	Parameter G_AXI_RLAST_INDEX bound to: 34 - type: integer 
	Parameter G_AXI_RLAST_WIDTH bound to: 1 - type: integer 
	Parameter G_AXI_RID_INDEX bound to: 35 - type: integer 
	Parameter G_AXI_RID_WIDTH bound to: 1 - type: integer 
	Parameter G_AXI_RUSER_INDEX bound to: 36 - type: integer 
	Parameter G_AXI_RUSER_WIDTH bound to: 0 - type: integer 
	Parameter G_AXI_RPAYLOAD_WIDTH bound to: 36 - type: integer 
INFO: [Synth 8-6155] done synthesizing module 'axi_infrastructure_v1_1_0_vector2axi' (6#1) [f:/FILE/FPGA/ZYNQ/08_LAN/05_MB_DDR3_LWIP_RGMII/02_PL_AXI_LWIP_RGMII/02_LWIP_RGMII/02_LWIP_RGMII.srcs/sources_1/bd/system/ipshared/ec67/hdl/axi_infrastructure_v1_1_vl_rfs.v:474]
INFO: [Synth 8-6155] done synthesizing module 'axi_register_slice_v2_1_18_axi_register_slice' (7#1) [f:/FILE/FPGA/ZYNQ/08_LAN/05_MB_DDR3_LWIP_RGMII/02_PL_AXI_LWIP_RGMII/02_LWIP_RGMII/02_LWIP_RGMII.srcs/sources_1/bd/system/ipshared/cc23/hdl/axi_register_slice_v2_1_vl_rfs.v:2637]
WARNING: [Synth 8-350] instance 'si_register_slice_inst' of module 'axi_register_slice_v2_1_18_axi_register_slice' requires 93 connections, but only 92 given [f:/FILE/FPGA/ZYNQ/08_LAN/05_MB_DDR3_LWIP_RGMII/02_PL_AXI_LWIP_RGMII/02_LWIP_RGMII/02_LWIP_RGMII.srcs/sources_1/bd/system/ipshared/0815/hdl/axi_dwidth_converter_v2_1_vlsyn_rfs.v:7379]
WARNING: [Synth 8-3848] Net m_axi_rready in module/entity axi_dwidth_converter_v2_1_18_axi_upsizer does not have driver. [f:/FILE/FPGA/ZYNQ/08_LAN/05_MB_DDR3_LWIP_RGMII/02_PL_AXI_LWIP_RGMII/02_LWIP_RGMII/02_LWIP_RGMII.srcs/sources_1/bd/system/ipshared/0815/hdl/axi_dwidth_converter_v2_1_vlsyn_rfs.v:7176]
INFO: [Synth 8-6155] done synthesizing module 'axi_dwidth_converter_v2_1_18_axi_upsizer' (8#1) [f:/FILE/FPGA/ZYNQ/08_LAN/05_MB_DDR3_LWIP_RGMII/02_PL_AXI_LWIP_RGMII/02_LWIP_RGMII/02_LWIP_RGMII.srcs/sources_1/bd/system/ipshared/0815/hdl/axi_dwidth_converter_v2_1_vlsyn_rfs.v:7038]
INFO: [Synth 8-6155] done synthesizing module 'axi_dwidth_converter_v2_1_18_top' (9#1) [f:/FILE/FPGA/ZYNQ/08_LAN/05_MB_DDR3_LWIP_RGMII/02_PL_AXI_LWIP_RGMII/02_LWIP_RGMII/02_LWIP_RGMII.srcs/sources_1/bd/system/ipshared/0815/hdl/axi_dwidth_converter_v2_1_vlsyn_rfs.v:14462]
INFO: [Synth 8-6155] done synthesizing module 'system_auto_us_2' (10#1) [f:/FILE/FPGA/ZYNQ/08_LAN/05_MB_DDR3_LWIP_RGMII/02_PL_AXI_LWIP_RGMII/02_LWIP_RGMII/02_LWIP_RGMII.srcs/sources_1/bd/system/ip/system_auto_us_2/synth/system_auto_us_2.v:58]
WARNING: [Synth 8-3331] design axi_infrastructure_v1_1_0_vector2axi has unconnected port m_axi_buser[0]
WARNING: [Synth 8-3331] design axi_infrastructure_v1_1_0_vector2axi has unconnected port m_axi_ruser[0]
WARNING: [Synth 8-3331] design axi_infrastructure_v1_1_0_axi2vector has unconnected port s_axi_awuser[0]
WARNING: [Synth 8-3331] design axi_infrastructure_v1_1_0_axi2vector has unconnected port s_axi_wid[0]
WARNING: [Synth 8-3331] design axi_infrastructure_v1_1_0_axi2vector has unconnected port s_axi_wuser[0]
WARNING: [Synth 8-3331] design axi_infrastructure_v1_1_0_axi2vector has unconnected port s_axi_aruser[0]
WARNING: [Synth 8-3331] design axi_register_slice_v2_1_18_axic_register_slice__parameterized2 has unconnected port ACLK
WARNING: [Synth 8-3331] design axi_register_slice_v2_1_18_axic_register_slice__parameterized2 has unconnected port ARESET
WARNING: [Synth 8-3331] design axi_register_slice_v2_1_18_axi_register_slice has unconnected port aclk2x
WARNING: [Synth 8-3331] design axi_dwidth_converter_v2_1_18_a_upsizer has unconnected port cmd_id_ready
WARNING: [Synth 8-3331] design axi_dwidth_converter_v2_1_18_a_upsizer has unconnected port S_AXI_AID[0]
WARNING: [Synth 8-3331] design axi_dwidth_converter_v2_1_18_axi_upsizer has unconnected port m_axi_rready
WARNING: [Synth 8-3331] design axi_dwidth_converter_v2_1_18_axi_upsizer has unconnected port s_axi_awlock[1]
WARNING: [Synth 8-3331] design axi_dwidth_converter_v2_1_18_axi_upsizer has unconnected port s_axi_arlock[1]
WARNING: [Synth 8-3331] design axi_dwidth_converter_v2_1_18_axi_upsizer has unconnected port s_axi_rready
WARNING: [Synth 8-3331] design axi_dwidth_converter_v2_1_18_axi_upsizer has unconnected port m_axi_aresetn
WARNING: [Synth 8-3331] design axi_dwidth_converter_v2_1_18_axi_upsizer has unconnected port m_axi_aclk
WARNING: [Synth 8-3331] design axi_dwidth_converter_v2_1_18_axi_upsizer has unconnected port m_axi_arready
WARNING: [Synth 8-3331] design axi_dwidth_converter_v2_1_18_axi_upsizer has unconnected port m_axi_rdata[63]
WARNING: [Synth 8-3331] design axi_dwidth_converter_v2_1_18_axi_upsizer has unconnected port m_axi_rdata[62]
WARNING: [Synth 8-3331] design axi_dwidth_converter_v2_1_18_axi_upsizer has unconnected port m_axi_rdata[61]
WARNING: [Synth 8-3331] design axi_dwidth_converter_v2_1_18_axi_upsizer has unconnected port m_axi_rdata[60]
WARNING: [Synth 8-3331] design axi_dwidth_converter_v2_1_18_axi_upsizer has unconnected port m_axi_rdata[59]
WARNING: [Synth 8-3331] design axi_dwidth_converter_v2_1_18_axi_upsizer has unconnected port m_axi_rdata[58]
WARNING: [Synth 8-3331] design axi_dwidth_converter_v2_1_18_axi_upsizer has unconnected port m_axi_rdata[57]
WARNING: [Synth 8-3331] design axi_dwidth_converter_v2_1_18_axi_upsizer has unconnected port m_axi_rdata[56]
WARNING: [Synth 8-3331] design axi_dwidth_converter_v2_1_18_axi_upsizer has unconnected port m_axi_rdata[55]
WARNING: [Synth 8-3331] design axi_dwidth_converter_v2_1_18_axi_upsizer has unconnected port m_axi_rdata[54]
WARNING: [Synth 8-3331] design axi_dwidth_converter_v2_1_18_axi_upsizer has unconnected port m_axi_rdata[53]
WARNING: [Synth 8-3331] design axi_dwidth_converter_v2_1_18_axi_upsizer has unconnected port m_axi_rdata[52]
WARNING: [Synth 8-3331] design axi_dwidth_converter_v2_1_18_axi_upsizer has unconnected port m_axi_rdata[51]
WARNING: [Synth 8-3331] design axi_dwidth_converter_v2_1_18_axi_upsizer has unconnected port m_axi_rdata[50]
WARNING: [Synth 8-3331] design axi_dwidth_converter_v2_1_18_axi_upsizer has unconnected port m_axi_rdata[49]
WARNING: [Synth 8-3331] design axi_dwidth_converter_v2_1_18_axi_upsizer has unconnected port m_axi_rdata[48]
WARNING: [Synth 8-3331] design axi_dwidth_converter_v2_1_18_axi_upsizer has unconnected port m_axi_rdata[47]
WARNING: [Synth 8-3331] design axi_dwidth_converter_v2_1_18_axi_upsizer has unconnected port m_axi_rdata[46]
WARNING: [Synth 8-3331] design axi_dwidth_converter_v2_1_18_axi_upsizer has unconnected port m_axi_rdata[45]
WARNING: [Synth 8-3331] design axi_dwidth_converter_v2_1_18_axi_upsizer has unconnected port m_axi_rdata[44]
WARNING: [Synth 8-3331] design axi_dwidth_converter_v2_1_18_axi_upsizer has unconnected port m_axi_rdata[43]
WARNING: [Synth 8-3331] design axi_dwidth_converter_v2_1_18_axi_upsizer has unconnected port m_axi_rdata[42]
WARNING: [Synth 8-3331] design axi_dwidth_converter_v2_1_18_axi_upsizer has unconnected port m_axi_rdata[41]
WARNING: [Synth 8-3331] design axi_dwidth_converter_v2_1_18_axi_upsizer has unconnected port m_axi_rdata[40]
WARNING: [Synth 8-3331] design axi_dwidth_converter_v2_1_18_axi_upsizer has unconnected port m_axi_rdata[39]
WARNING: [Synth 8-3331] design axi_dwidth_converter_v2_1_18_axi_upsizer has unconnected port m_axi_rdata[38]
WARNING: [Synth 8-3331] design axi_dwidth_converter_v2_1_18_axi_upsizer has unconnected port m_axi_rdata[37]
WARNING: [Synth 8-3331] design axi_dwidth_converter_v2_1_18_axi_upsizer has unconnected port m_axi_rdata[36]
WARNING: [Synth 8-3331] design axi_dwidth_converter_v2_1_18_axi_upsizer has unconnected port m_axi_rdata[35]
WARNING: [Synth 8-3331] design axi_dwidth_converter_v2_1_18_axi_upsizer has unconnected port m_axi_rdata[34]
WARNING: [Synth 8-3331] design axi_dwidth_converter_v2_1_18_axi_upsizer has unconnected port m_axi_rdata[33]
WARNING: [Synth 8-3331] design axi_dwidth_converter_v2_1_18_axi_upsizer has unconnected port m_axi_rdata[32]
WARNING: [Synth 8-3331] design axi_dwidth_converter_v2_1_18_axi_upsizer has unconnected port m_axi_rdata[31]
WARNING: [Synth 8-3331] design axi_dwidth_converter_v2_1_18_axi_upsizer has unconnected port m_axi_rdata[30]
WARNING: [Synth 8-3331] design axi_dwidth_converter_v2_1_18_axi_upsizer has unconnected port m_axi_rdata[29]
WARNING: [Synth 8-3331] design axi_dwidth_converter_v2_1_18_axi_upsizer has unconnected port m_axi_rdata[28]
WARNING: [Synth 8-3331] design axi_dwidth_converter_v2_1_18_axi_upsizer has unconnected port m_axi_rdata[27]
WARNING: [Synth 8-3331] design axi_dwidth_converter_v2_1_18_axi_upsizer has unconnected port m_axi_rdata[26]
WARNING: [Synth 8-3331] design axi_dwidth_converter_v2_1_18_axi_upsizer has unconnected port m_axi_rdata[25]
WARNING: [Synth 8-3331] design axi_dwidth_converter_v2_1_18_axi_upsizer has unconnected port m_axi_rdata[24]
WARNING: [Synth 8-3331] design axi_dwidth_converter_v2_1_18_axi_upsizer has unconnected port m_axi_rdata[23]
WARNING: [Synth 8-3331] design axi_dwidth_converter_v2_1_18_axi_upsizer has unconnected port m_axi_rdata[22]
WARNING: [Synth 8-3331] design axi_dwidth_converter_v2_1_18_axi_upsizer has unconnected port m_axi_rdata[21]
WARNING: [Synth 8-3331] design axi_dwidth_converter_v2_1_18_axi_upsizer has unconnected port m_axi_rdata[20]
WARNING: [Synth 8-3331] design axi_dwidth_converter_v2_1_18_axi_upsizer has unconnected port m_axi_rdata[19]
WARNING: [Synth 8-3331] design axi_dwidth_converter_v2_1_18_axi_upsizer has unconnected port m_axi_rdata[18]
WARNING: [Synth 8-3331] design axi_dwidth_converter_v2_1_18_axi_upsizer has unconnected port m_axi_rdata[17]
WARNING: [Synth 8-3331] design axi_dwidth_converter_v2_1_18_axi_upsizer has unconnected port m_axi_rdata[16]
WARNING: [Synth 8-3331] design axi_dwidth_converter_v2_1_18_axi_upsizer has unconnected port m_axi_rdata[15]
WARNING: [Synth 8-3331] design axi_dwidth_converter_v2_1_18_axi_upsizer has unconnected port m_axi_rdata[14]
WARNING: [Synth 8-3331] design axi_dwidth_converter_v2_1_18_axi_upsizer has unconnected port m_axi_rdata[13]
WARNING: [Synth 8-3331] design axi_dwidth_converter_v2_1_18_axi_upsizer has unconnected port m_axi_rdata[12]
WARNING: [Synth 8-3331] design axi_dwidth_converter_v2_1_18_axi_upsizer has unconnected port m_axi_rdata[11]
WARNING: [Synth 8-3331] design axi_dwidth_converter_v2_1_18_axi_upsizer has unconnected port m_axi_rdata[10]
WARNING: [Synth 8-3331] design axi_dwidth_converter_v2_1_18_axi_upsizer has unconnected port m_axi_rdata[9]
WARNING: [Synth 8-3331] design axi_dwidth_converter_v2_1_18_axi_upsizer has unconnected port m_axi_rdata[8]
WARNING: [Synth 8-3331] design axi_dwidth_converter_v2_1_18_axi_upsizer has unconnected port m_axi_rdata[7]
WARNING: [Synth 8-3331] design axi_dwidth_converter_v2_1_18_axi_upsizer has unconnected port m_axi_rdata[6]
WARNING: [Synth 8-3331] design axi_dwidth_converter_v2_1_18_axi_upsizer has unconnected port m_axi_rdata[5]
WARNING: [Synth 8-3331] design axi_dwidth_converter_v2_1_18_axi_upsizer has unconnected port m_axi_rdata[4]
WARNING: [Synth 8-3331] design axi_dwidth_converter_v2_1_18_axi_upsizer has unconnected port m_axi_rdata[3]
WARNING: [Synth 8-3331] design axi_dwidth_converter_v2_1_18_axi_upsizer has unconnected port m_axi_rdata[2]
WARNING: [Synth 8-3331] design axi_dwidth_converter_v2_1_18_axi_upsizer has unconnected port m_axi_rdata[1]
WARNING: [Synth 8-3331] design axi_dwidth_converter_v2_1_18_axi_upsizer has unconnected port m_axi_rdata[0]
WARNING: [Synth 8-3331] design axi_dwidth_converter_v2_1_18_axi_upsizer has unconnected port m_axi_rresp[1]
WARNING: [Synth 8-3331] design axi_dwidth_converter_v2_1_18_axi_upsizer has unconnected port m_axi_rresp[0]
WARNING: [Synth 8-3331] design axi_dwidth_converter_v2_1_18_axi_upsizer has unconnected port m_axi_rlast
WARNING: [Synth 8-3331] design axi_dwidth_converter_v2_1_18_axi_upsizer has unconnected port m_axi_rvalid
---------------------------------------------------------------------------------
Finished RTL Elaboration : Time (s): cpu = 00:01:56 ; elapsed = 00:02:00 . Memory (MB): peak = 642.012 ; gain = 262.477
---------------------------------------------------------------------------------

Report Check Netlist: 
+------+------------------+-------+---------+-------+------------------+
|      |Item              |Errors |Warnings |Status |Description       |
+------+------------------+-------+---------+-------+------------------+
|1     |multi_driven_nets |      0|        0|Passed |Multi driven nets |
+------+------------------+-------+---------+-------+------------------+
---------------------------------------------------------------------------------
Start Handling Custom Attributes
---------------------------------------------------------------------------------
---------------------------------------------------------------------------------
Finished Handling Custom Attributes : Time (s): cpu = 00:01:56 ; elapsed = 00:02:00 . Memory (MB): peak = 642.012 ; gain = 262.477
---------------------------------------------------------------------------------
---------------------------------------------------------------------------------
Finished RTL Optimization Phase 1 : Time (s): cpu = 00:01:56 ; elapsed = 00:02:00 . Memory (MB): peak = 642.012 ; gain = 262.477
---------------------------------------------------------------------------------
INFO: [Device 21-403] Loading part xc7z035ffg676-2
INFO: [Project 1-570] Preparing netlist for logic optimization

Processing XDC Constraints
Initializing timing engine
Parsing XDC File [f:/FILE/FPGA/ZYNQ/08_LAN/05_MB_DDR3_LWIP_RGMII/02_PL_AXI_LWIP_RGMII/02_LWIP_RGMII/02_LWIP_RGMII.srcs/sources_1/bd/system/ip/system_auto_us_2/system_auto_us_2_ooc.xdc] for cell 'inst'
Finished Parsing XDC File [f:/FILE/FPGA/ZYNQ/08_LAN/05_MB_DDR3_LWIP_RGMII/02_PL_AXI_LWIP_RGMII/02_LWIP_RGMII/02_LWIP_RGMII.srcs/sources_1/bd/system/ip/system_auto_us_2/system_auto_us_2_ooc.xdc] for cell 'inst'
Parsing XDC File [F:/FILE/FPGA/ZYNQ/08_LAN/05_MB_DDR3_LWIP_RGMII/02_PL_AXI_LWIP_RGMII/02_LWIP_RGMII/02_LWIP_RGMII.runs/system_auto_us_2_synth_1/dont_touch.xdc]
Finished Parsing XDC File [F:/FILE/FPGA/ZYNQ/08_LAN/05_MB_DDR3_LWIP_RGMII/02_PL_AXI_LWIP_RGMII/02_LWIP_RGMII/02_LWIP_RGMII.runs/system_auto_us_2_synth_1/dont_touch.xdc]
Completed Processing XDC Constraints

Netlist sorting complete. Time (s): cpu = 00:00:00 ; elapsed = 00:00:00.001 . Memory (MB): peak = 970.531 ; gain = 0.000
INFO: [Project 1-111] Unisim Transformation Summary:
No Unisim elements were transformed.

Netlist sorting complete. Time (s): cpu = 00:00:00 ; elapsed = 00:00:00.001 . Memory (MB): peak = 970.828 ; gain = 0.000
Constraint Validation Runtime : Time (s): cpu = 00:00:00 ; elapsed = 00:00:00.047 . Memory (MB): peak = 972.207 ; gain = 1.676
---------------------------------------------------------------------------------
Finished Constraint Validation : Time (s): cpu = 00:02:05 ; elapsed = 00:02:10 . Memory (MB): peak = 972.207 ; gain = 592.672
---------------------------------------------------------------------------------
---------------------------------------------------------------------------------
Start Loading Part and Timing Information
---------------------------------------------------------------------------------
Loading part: xc7z035ffg676-2
---------------------------------------------------------------------------------
Finished Loading Part and Timing Information : Time (s): cpu = 00:02:05 ; elapsed = 00:02:10 . Memory (MB): peak = 972.207 ; gain = 592.672
---------------------------------------------------------------------------------
---------------------------------------------------------------------------------
Start Applying 'set_property' XDC Constraints
---------------------------------------------------------------------------------
Applied set_property DONT_TOUCH = true for inst. (constraint file  F:/FILE/FPGA/ZYNQ/08_LAN/05_MB_DDR3_LWIP_RGMII/02_PL_AXI_LWIP_RGMII/02_LWIP_RGMII/02_LWIP_RGMII.runs/system_auto_us_2_synth_1/dont_touch.xdc, line 9).
---------------------------------------------------------------------------------
Finished applying 'set_property' XDC Constraints : Time (s): cpu = 00:02:05 ; elapsed = 00:02:10 . Memory (MB): peak = 972.207 ; gain = 592.672
---------------------------------------------------------------------------------
INFO: [Synth 8-5818] HDL ADVISOR - The operator resource <adder> is shared. To prevent sharing consider applying a KEEP on the output of the operator [f:/FILE/FPGA/ZYNQ/08_LAN/05_MB_DDR3_LWIP_RGMII/02_PL_AXI_LWIP_RGMII/02_LWIP_RGMII/02_LWIP_RGMII.srcs/sources_1/bd/system/ipshared/b752/hdl/generic_baseblocks_v2_1_vl_rfs.v:868]
---------------------------------------------------------------------------------
Finished RTL Optimization Phase 2 : Time (s): cpu = 00:02:06 ; elapsed = 00:02:11 . Memory (MB): peak = 972.207 ; gain = 592.672
---------------------------------------------------------------------------------

Report RTL Partitions: 
+-+--------------+------------+----------+
| |RTL Partition |Replication |Instances |
+-+--------------+------------+----------+
+-+--------------+------------+----------+
---------------------------------------------------------------------------------
Start RTL Component Statistics 
---------------------------------------------------------------------------------
Detailed RTL Component Info : 
+---Adders : 
	   2 Input      8 Bit       Adders := 2     
	   2 Input      6 Bit       Adders := 1     
	   2 Input      5 Bit       Adders := 1     
	   2 Input      4 Bit       Adders := 1     
	   2 Input      3 Bit       Adders := 2     
+---Registers : 
	               62 Bit    Registers := 1     
	               37 Bit    Registers := 2     
	               36 Bit    Registers := 2     
	               30 Bit    Registers := 1     
	                8 Bit    Registers := 17    
	                5 Bit    Registers := 1     
	                3 Bit    Registers := 3     
	                2 Bit    Registers := 4     
	                1 Bit    Registers := 33    
+---Muxes : 
	   2 Input     37 Bit        Muxes := 2     
	   2 Input     36 Bit        Muxes := 2     
	   2 Input     32 Bit        Muxes := 3     
	   2 Input      8 Bit        Muxes := 19    
	   8 Input      8 Bit        Muxes := 2     
	   2 Input      3 Bit        Muxes := 6     
	   8 Input      3 Bit        Muxes := 3     
	   2 Input      2 Bit        Muxes := 3     
	   2 Input      1 Bit        Muxes := 48    
---------------------------------------------------------------------------------
Finished RTL Component Statistics 
---------------------------------------------------------------------------------
---------------------------------------------------------------------------------
Start RTL Hierarchical Component Statistics 
---------------------------------------------------------------------------------
Hierarchical RTL Component report 
Module axi_dwidth_converter_v2_1_18_w_upsizer 
Detailed RTL Component Info : 
+---Adders : 
	   2 Input      8 Bit       Adders := 1     
	   2 Input      3 Bit       Adders := 1     
+---Registers : 
	                8 Bit    Registers := 17    
	                3 Bit    Registers := 2     
	                1 Bit    Registers := 21    
+---Muxes : 
	   2 Input      8 Bit        Muxes := 18    
	   2 Input      3 Bit        Muxes := 3     
	   2 Input      1 Bit        Muxes := 43    
Module generic_baseblocks_v2_1_0_command_fifo 
Detailed RTL Component Info : 
+---Adders : 
	   2 Input      5 Bit       Adders := 1     
+---Registers : 
	               30 Bit    Registers := 1     
	                5 Bit    Registers := 1     
	                1 Bit    Registers := 3     
+---Muxes : 
	   2 Input      2 Bit        Muxes := 1     
	   2 Input      1 Bit        Muxes := 1     
Module axi_dwidth_converter_v2_1_18_a_upsizer 
Detailed RTL Component Info : 
+---Adders : 
	   2 Input      8 Bit       Adders := 1     
	   2 Input      6 Bit       Adders := 1     
	   2 Input      4 Bit       Adders := 1     
	   2 Input      3 Bit       Adders := 1     
+---Registers : 
	                1 Bit    Registers := 1     
+---Muxes : 
	   2 Input     32 Bit        Muxes := 3     
	   8 Input      8 Bit        Muxes := 2     
	   2 Input      8 Bit        Muxes := 1     
	   8 Input      3 Bit        Muxes := 3     
	   2 Input      3 Bit        Muxes := 3     
	   2 Input      2 Bit        Muxes := 2     
Module axi_register_slice_v2_1_18_axic_register_slice 
Detailed RTL Component Info : 
+---Registers : 
	               62 Bit    Registers := 1     
	                2 Bit    Registers := 1     
	                1 Bit    Registers := 2     
+---Muxes : 
	   2 Input      1 Bit        Muxes := 2     
Module axi_register_slice_v2_1_18_axic_register_slice__parameterized0 
Detailed RTL Component Info : 
+---Registers : 
	               37 Bit    Registers := 2     
	                2 Bit    Registers := 1     
	                1 Bit    Registers := 2     
+---Muxes : 
	   2 Input     37 Bit        Muxes := 2     
Module axi_register_slice_v2_1_18_axic_register_slice__parameterized1 
Detailed RTL Component Info : 
+---Registers : 
	                3 Bit    Registers := 1     
	                2 Bit    Registers := 1     
	                1 Bit    Registers := 2     
+---Muxes : 
	   2 Input      1 Bit        Muxes := 2     
Module axi_register_slice_v2_1_18_axic_register_slice__parameterized3 
Detailed RTL Component Info : 
+---Registers : 
	               36 Bit    Registers := 2     
	                2 Bit    Registers := 1     
	                1 Bit    Registers := 2     
+---Muxes : 
	   2 Input     36 Bit        Muxes := 2     
---------------------------------------------------------------------------------
Finished RTL Hierarchical Component Statistics
---------------------------------------------------------------------------------
---------------------------------------------------------------------------------
Start Part Resource Summary
---------------------------------------------------------------------------------
Part Resources:
DSPs: 900 (col length:140)
BRAMs: 1000 (col length: RAMB18 140 RAMB36 70)
---------------------------------------------------------------------------------
Finished Part Resource Summary
---------------------------------------------------------------------------------
---------------------------------------------------------------------------------
Start Cross Boundary and Area Optimization
---------------------------------------------------------------------------------
Warning: Parallel synthesis criteria is not met 
WARNING: [Synth 8-3331] design axi_dwidth_converter_v2_1_18_top has unconnected port m_axi_rready
WARNING: [Synth 8-3331] design axi_dwidth_converter_v2_1_18_top has unconnected port s_axi_arid[0]
WARNING: [Synth 8-3331] design axi_dwidth_converter_v2_1_18_top has unconnected port s_axi_araddr[31]
WARNING: [Synth 8-3331] design axi_dwidth_converter_v2_1_18_top has unconnected port s_axi_araddr[30]
WARNING: [Synth 8-3331] design axi_dwidth_converter_v2_1_18_top has unconnected port s_axi_araddr[29]
WARNING: [Synth 8-3331] design axi_dwidth_converter_v2_1_18_top has unconnected port s_axi_araddr[28]
WARNING: [Synth 8-3331] design axi_dwidth_converter_v2_1_18_top has unconnected port s_axi_araddr[27]
WARNING: [Synth 8-3331] design axi_dwidth_converter_v2_1_18_top has unconnected port s_axi_araddr[26]
WARNING: [Synth 8-3331] design axi_dwidth_converter_v2_1_18_top has unconnected port s_axi_araddr[25]
WARNING: [Synth 8-3331] design axi_dwidth_converter_v2_1_18_top has unconnected port s_axi_araddr[24]
WARNING: [Synth 8-3331] design axi_dwidth_converter_v2_1_18_top has unconnected port s_axi_araddr[23]
WARNING: [Synth 8-3331] design axi_dwidth_converter_v2_1_18_top has unconnected port s_axi_araddr[22]
WARNING: [Synth 8-3331] design axi_dwidth_converter_v2_1_18_top has unconnected port s_axi_araddr[21]
WARNING: [Synth 8-3331] design axi_dwidth_converter_v2_1_18_top has unconnected port s_axi_araddr[20]
INFO: [Common 17-14] Message 'Synth 8-3331' appears 100 times and further instances of the messages will be disabled. Use the Tcl command set_msg_config to change the current settings.
---------------------------------------------------------------------------------
Finished Cross Boundary and Area Optimization : Time (s): cpu = 00:02:09 ; elapsed = 00:02:15 . Memory (MB): peak = 972.207 ; gain = 592.672
---------------------------------------------------------------------------------

Report RTL Partitions: 
+-+--------------+------------+----------+
| |RTL Partition |Replication |Instances |
+-+--------------+------------+----------+
+-+--------------+------------+----------+
---------------------------------------------------------------------------------
Start Applying XDC Timing Constraints
---------------------------------------------------------------------------------
---------------------------------------------------------------------------------
Finished Applying XDC Timing Constraints : Time (s): cpu = 00:02:17 ; elapsed = 00:02:23 . Memory (MB): peak = 972.207 ; gain = 592.672
---------------------------------------------------------------------------------
---------------------------------------------------------------------------------
Start Timing Optimization
---------------------------------------------------------------------------------
---------------------------------------------------------------------------------
Finished Timing Optimization : Time (s): cpu = 00:02:18 ; elapsed = 00:02:24 . Memory (MB): peak = 976.145 ; gain = 596.609
---------------------------------------------------------------------------------

Report RTL Partitions: 
+-+--------------+------------+----------+
| |RTL Partition |Replication |Instances |
+-+--------------+------------+----------+
+-+--------------+------------+----------+
---------------------------------------------------------------------------------
Start Technology Mapping
---------------------------------------------------------------------------------
---------------------------------------------------------------------------------
Finished Technology Mapping : Time (s): cpu = 00:02:18 ; elapsed = 00:02:24 . Memory (MB): peak = 977.422 ; gain = 597.887
---------------------------------------------------------------------------------

Report RTL Partitions: 
+-+--------------+------------+----------+
| |RTL Partition |Replication |Instances |
+-+--------------+------------+----------+
+-+--------------+------------+----------+
---------------------------------------------------------------------------------
Start IO Insertion
---------------------------------------------------------------------------------
---------------------------------------------------------------------------------
Start Flattening Before IO Insertion
---------------------------------------------------------------------------------
---------------------------------------------------------------------------------
Finished Flattening Before IO Insertion
---------------------------------------------------------------------------------
---------------------------------------------------------------------------------
Start Final Netlist Cleanup
---------------------------------------------------------------------------------
---------------------------------------------------------------------------------
Finished Final Netlist Cleanup
---------------------------------------------------------------------------------
---------------------------------------------------------------------------------
Finished IO Insertion : Time (s): cpu = 00:02:19 ; elapsed = 00:02:25 . Memory (MB): peak = 977.422 ; gain = 597.887
---------------------------------------------------------------------------------

Report Check Netlist: 
+------+------------------+-------+---------+-------+------------------+
|      |Item              |Errors |Warnings |Status |Description       |
+------+------------------+-------+---------+-------+------------------+
|1     |multi_driven_nets |      0|        0|Passed |Multi driven nets |
+------+------------------+-------+---------+-------+------------------+
---------------------------------------------------------------------------------
Start Renaming Generated Instances
---------------------------------------------------------------------------------
---------------------------------------------------------------------------------
Finished Renaming Generated Instances : Time (s): cpu = 00:02:19 ; elapsed = 00:02:25 . Memory (MB): peak = 977.422 ; gain = 597.887
---------------------------------------------------------------------------------

Report RTL Partitions: 
+-+--------------+------------+----------+
| |RTL Partition |Replication |Instances |
+-+--------------+------------+----------+
+-+--------------+------------+----------+
---------------------------------------------------------------------------------
Start Rebuilding User Hierarchy
---------------------------------------------------------------------------------
---------------------------------------------------------------------------------
Finished Rebuilding User Hierarchy : Time (s): cpu = 00:02:19 ; elapsed = 00:02:25 . Memory (MB): peak = 977.422 ; gain = 597.887
---------------------------------------------------------------------------------
---------------------------------------------------------------------------------
Start Renaming Generated Ports
---------------------------------------------------------------------------------
---------------------------------------------------------------------------------
Finished Renaming Generated Ports : Time (s): cpu = 00:02:19 ; elapsed = 00:02:25 . Memory (MB): peak = 977.422 ; gain = 597.887
---------------------------------------------------------------------------------
---------------------------------------------------------------------------------
Start Handling Custom Attributes
---------------------------------------------------------------------------------
---------------------------------------------------------------------------------
Finished Handling Custom Attributes : Time (s): cpu = 00:02:19 ; elapsed = 00:02:25 . Memory (MB): peak = 977.422 ; gain = 597.887
---------------------------------------------------------------------------------
---------------------------------------------------------------------------------
Start Renaming Generated Nets
---------------------------------------------------------------------------------
---------------------------------------------------------------------------------
Finished Renaming Generated Nets : Time (s): cpu = 00:02:19 ; elapsed = 00:02:25 . Memory (MB): peak = 977.422 ; gain = 597.887
---------------------------------------------------------------------------------
---------------------------------------------------------------------------------
Start ROM, RAM, DSP and Shift Register Reporting
---------------------------------------------------------------------------------

Dynamic Shift Register Report:
+------------+-------------------------------+--------+------------+--------+---------+--------+--------+--------+
|Module Name | RTL Name                      | Length | Data Width | SRL16E | SRLC32E | Mux F7 | Mux F8 | Mux F9 | 
+------------+-------------------------------+--------+------------+--------+---------+--------+--------+--------+
|dsrl        | USE_RTL_FIFO.data_srl_reg[31] | 30     | 30         | 0      | 30      | 0      | 0      | 0      | 
|dsrl__1     | USE_RTL_FIFO.data_srl_reg[31] | 30     | 30         | 0      | 30      | 0      | 0      | 0      | 
+------------+-------------------------------+--------+------------+--------+---------+--------+--------+--------+

---------------------------------------------------------------------------------
Finished ROM, RAM, DSP and Shift Register Reporting
---------------------------------------------------------------------------------
---------------------------------------------------------------------------------
Start Writing Synthesis Report
---------------------------------------------------------------------------------

Report BlackBoxes: 
+-+--------------+----------+
| |BlackBox name |Instances |
+-+--------------+----------+
+-+--------------+----------+

Report Cell Usage: 
+------+--------+------+
|      |Cell    |Count |
+------+--------+------+
|1     |LUT1    |     3|
|2     |LUT2    |    11|
|3     |LUT3    |    24|
|4     |LUT4    |    15|
|5     |LUT5    |   108|
|6     |LUT6    |    89|
|7     |SRLC32E |    28|
|8     |FDRE    |   263|
|9     |FDSE    |     2|
+------+--------+------+

Report Instance Areas: 
+------+---------------------------------------------------------+-----------------------------------------------+------+
|      |Instance                                                 |Module                                         |Cells |
+------+---------------------------------------------------------+-----------------------------------------------+------+
|1     |top                                                      |                                               |   543|
|2     |  inst                                                   |axi_dwidth_converter_v2_1_18_top               |   543|
|3     |    \gen_upsizer.gen_full_upsizer.axi_upsizer_inst       |axi_dwidth_converter_v2_1_18_axi_upsizer       |   543|
|4     |      \USE_WRITE.gen_non_fifo_w_upsizer.write_data_inst  |axi_dwidth_converter_v2_1_18_w_upsizer         |   275|
|5     |      \USE_WRITE.write_addr_inst                         |axi_dwidth_converter_v2_1_18_a_upsizer         |   123|
|6     |        \GEN_CMD_QUEUE.cmd_queue                         |generic_baseblocks_v2_1_0_command_fifo         |   122|
|7     |      si_register_slice_inst                             |axi_register_slice_v2_1_18_axi_register_slice  |   145|
|8     |        \aw.aw_pipe                                      |axi_register_slice_v2_1_18_axic_register_slice |   145|
+------+---------------------------------------------------------+-----------------------------------------------+------+
---------------------------------------------------------------------------------
Finished Writing Synthesis Report : Time (s): cpu = 00:02:19 ; elapsed = 00:02:25 . Memory (MB): peak = 977.422 ; gain = 597.887
---------------------------------------------------------------------------------
Synthesis finished with 0 errors, 0 critical warnings and 134 warnings.
Synthesis Optimization Runtime : Time (s): cpu = 00:00:16 ; elapsed = 00:02:18 . Memory (MB): peak = 977.422 ; gain = 267.691
Synthesis Optimization Complete : Time (s): cpu = 00:02:19 ; elapsed = 00:02:25 . Memory (MB): peak = 977.422 ; gain = 597.887
INFO: [Project 1-571] Translating synthesized netlist
INFO: [Project 1-570] Preparing netlist for logic optimization
INFO: [Opt 31-138] Pushed 0 inverter(s) to 0 load pin(s).
Netlist sorting complete. Time (s): cpu = 00:00:00 ; elapsed = 00:00:00 . Memory (MB): peak = 977.996 ; gain = 0.000
INFO: [Project 1-111] Unisim Transformation Summary:
No Unisim elements were transformed.

INFO: [Common 17-83] Releasing license: Synthesis
43 Infos, 102 Warnings, 0 Critical Warnings and 0 Errors encountered.
synth_design completed successfully
synth_design: Time (s): cpu = 00:02:23 ; elapsed = 00:02:30 . Memory (MB): peak = 978.008 ; gain = 609.941
Netlist sorting complete. Time (s): cpu = 00:00:00 ; elapsed = 00:00:00 . Memory (MB): peak = 978.008 ; gain = 0.000
WARNING: [Constraints 18-5210] No constraints selected for write.
Resolution: This message can indicate that there are no constraints for the design, or it can indicate that the used_in flags are set such that the constraints are ignored. This later case is used when running synth_design to not write synthesis constraints to the resulting checkpoint. Instead, project constraints are read when the synthesized design is opened.
INFO: [Common 17-1381] The checkpoint 'F:/FILE/FPGA/ZYNQ/08_LAN/05_MB_DDR3_LWIP_RGMII/02_PL_AXI_LWIP_RGMII/02_LWIP_RGMII/02_LWIP_RGMII.runs/system_auto_us_2_synth_1/system_auto_us_2.dcp' has been generated.
INFO: [Coretcl 2-1648] Added synthesis output to IP cache for IP system_auto_us_2, cache-ID = e45ba3baa86853c2
INFO: [Coretcl 2-1174] Renamed 7 cell refs.
Netlist sorting complete. Time (s): cpu = 00:00:00 ; elapsed = 00:00:00 . Memory (MB): peak = 978.008 ; gain = 0.000
WARNING: [Constraints 18-5210] No constraints selected for write.
Resolution: This message can indicate that there are no constraints for the design, or it can indicate that the used_in flags are set such that the constraints are ignored. This later case is used when running synth_design to not write synthesis constraints to the resulting checkpoint. Instead, project constraints are read when the synthesized design is opened.
INFO: [Common 17-1381] The checkpoint 'F:/FILE/FPGA/ZYNQ/08_LAN/05_MB_DDR3_LWIP_RGMII/02_PL_AXI_LWIP_RGMII/02_LWIP_RGMII/02_LWIP_RGMII.runs/system_auto_us_2_synth_1/system_auto_us_2.dcp' has been generated.
INFO: [runtcl-4] Executing : report_utilization -file system_auto_us_2_utilization_synth.rpt -pb system_auto_us_2_utilization_synth.pb
INFO: [Common 17-206] Exiting Vivado at Mon Apr  6 18:34:03 2020...
