Copyright 1986-2017 Xilinx, Inc. All Rights Reserved.
------------------------------------------------------------------------------------------------------------------------------------
| Tool Version : Vivado v.2017.4 (win64) Build 2086221 Fri Dec 15 20:55:39 MST 2017
| Date         : Thu Jul 19 15:07:49 2018
| Host         : LB-201803132255 running 64-bit major release  (build 9200)
| Command      : report_drc -file system_wrapper_drc_routed.rpt -pb system_wrapper_drc_routed.pb -rpx system_wrapper_drc_routed.rpx
| Design       : system_wrapper
| Device       : xc7z035ffg676-2
| Speed File   : -2
| Design State : Routed
------------------------------------------------------------------------------------------------------------------------------------

Report DRC

Table of Contents
-----------------
1. REPORT SUMMARY
2. REPORT DETAILS

1. REPORT SUMMARY
-----------------
            Netlist: netlist
          Floorplan: design_1
      Design limits: <entire design considered>
           Ruledeck: default
             Max violations: <unlimited>
             Violations found: 1
+-----------+----------+------------------------+------------+
| Rule      | Severity | Description            | Violations |
+-----------+----------+------------------------+------------+
| REQP-1577 | Warning  | Clock output buffering | 1          |
+-----------+----------+------------------------+------------+

2. REPORT DETAILS
-----------------
REQP-1577#1 Warning
Clock output buffering  
MMCME2_ADV connectivity violation. The signal system_i/gmii_to_rgmii_0/U0/i_system_gmii_to_rgmii_0_0_clocking/clk_10 on the system_i/gmii_to_rgmii_0/U0/i_system_gmii_to_rgmii_0_0_clocking/mmcm_adv_inst/CLKOUT2 pin of system_i/gmii_to_rgmii_0/U0/i_system_gmii_to_rgmii_0_0_clocking/mmcm_adv_inst does not drive the same kind of BUFFER load as the other CLKOUT pins. Routing from the different buffer types will not be phase aligned.
Related violations: <none>


