Copyright 1986-2019 Xilinx, Inc. All Rights Reserved.
--------------------------------------------------------------------------------------------------------------------------------------------------------------------------------
| Tool Version : Vivado v.2018.3.1 (win64) Build 2489853 Tue Mar 26 04:20:25 MDT 2019
| Date         : Sat Apr 11 13:44:08 2020
| Host         : LAPTOP-8E6RLG3I running 64-bit major release  (build 9200)
| Command      : report_methodology -file system_wrapper_methodology_drc_routed.rpt -pb system_wrapper_methodology_drc_routed.pb -rpx system_wrapper_methodology_drc_routed.rpx
| Design       : system_wrapper
| Device       : xc7z035ffg676-2
| Speed File   : -2
| Design State : Fully Routed
--------------------------------------------------------------------------------------------------------------------------------------------------------------------------------

Report Methodology

Table of Contents
-----------------
1. REPORT SUMMARY
2. REPORT DETAILS

1. REPORT SUMMARY
-----------------
            Netlist: netlist
          Floorplan: design_1
      Design limits: <entire design considered>
             Max violations: <unlimited>
             Violations found: 24
+-----------+----------+-------------------------------------------------+------------+
| Rule      | Severity | Description                                     | Violations |
+-----------+----------+-------------------------------------------------+------------+
| LUTAR-1   | Warning  | LUT drives async reset alert                    | 7          |
| PDRC-190  | Warning  | Suboptimally placed synchronized register chain | 13         |
| TIMING-9  | Warning  | Unknown CDC Logic                               | 1          |
| TIMING-18 | Warning  | Missing input or output delay                   | 3          |
+-----------+----------+-------------------------------------------------+------------+

2. REPORT DETAILS
-----------------
LUTAR-1#1 Warning
LUT drives async reset alert  
LUT cell system_i/axi_ethernet_0/inst/eth_buf/U0/COMBINE_RESETS/AXI_RESET_TO_TXC_AXSTREAM/ClkA_reset_inst/RESET2PCSPMA_INST_0, with 2 or more inputs, drives asynchronous preset/clear pin(s) system_i/axi_ethernet_0/inst/eth_buf/U0/COMBINE_RESETS/AXI_RESET_TO_RXCLIENT/ClkB_reset_inst/async_rst0_reg/PRE, system_i/axi_ethernet_0/inst/eth_buf/U0/COMBINE_RESETS/AXI_RESET_TO_RXCLIENT/ClkB_reset_inst/async_rst1_reg/PRE, system_i/axi_ethernet_0/inst/eth_buf/U0/COMBINE_RESETS/AXI_RESET_TO_RXCLIENT/ClkB_reset_inst/async_rst2_reg/PRE, system_i/axi_ethernet_0/inst/eth_buf/U0/COMBINE_RESETS/AXI_RESET_TO_RXCLIENT/ClkB_reset_inst/async_rst3_reg/PRE, system_i/axi_ethernet_0/inst/eth_buf/U0/COMBINE_RESETS/AXI_RESET_TO_RXCLIENT/ClkB_reset_inst/async_rst4_reg/PRE, system_i/axi_ethernet_0/inst/eth_buf/U0/COMBINE_RESETS/AXI_RESET_TO_TXCLIENT/ClkB_reset_inst/async_rst0_reg/PRE, system_i/axi_ethernet_0/inst/eth_buf/U0/COMBINE_RESETS/AXI_RESET_TO_TXCLIENT/ClkB_reset_inst/async_rst1_reg/PRE, system_i/axi_ethernet_0/inst/eth_buf/U0/COMBINE_RESETS/AXI_RESET_TO_TXCLIENT/ClkB_reset_inst/async_rst2_reg/PRE, system_i/axi_ethernet_0/inst/eth_buf/U0/COMBINE_RESETS/AXI_RESET_TO_TXCLIENT/ClkB_reset_inst/async_rst3_reg/PRE, system_i/axi_ethernet_0/inst/eth_buf/U0/COMBINE_RESETS/AXI_RESET_TO_TXCLIENT/ClkB_reset_inst/async_rst4_reg/PRE. The LUT may glitch and trigger an unexpected reset, even if it is a properly timed path.
Related violations: <none>

LUTAR-1#2 Warning
LUT drives async reset alert  
LUT cell system_i/axi_ethernet_0/inst/eth_buf/U0/COMBINE_RESETS/AXI_RESET_TO_TXD_AXSTREAM/ClkA_reset_inst/RESET2TEMACn_INST_0, with 2 or more inputs, drives asynchronous preset/clear pin(s) system_i/axi_ethernet_0/inst/mac/inst/tri_mode_ethernet_mac_i/bd_4bad_mac_0_core/man_reset.sync_glbl_rstn_bus2ip_clk/async_rst0_reg/CLR, system_i/axi_ethernet_0/inst/mac/inst/tri_mode_ethernet_mac_i/bd_4bad_mac_0_core/man_reset.sync_glbl_rstn_bus2ip_clk/async_rst1_reg/CLR, system_i/axi_ethernet_0/inst/mac/inst/tri_mode_ethernet_mac_i/bd_4bad_mac_0_core/man_reset.sync_glbl_rstn_bus2ip_clk/async_rst2_reg/CLR, system_i/axi_ethernet_0/inst/mac/inst/tri_mode_ethernet_mac_i/bd_4bad_mac_0_core/man_reset.sync_glbl_rstn_bus2ip_clk/async_rst3_reg/CLR, system_i/axi_ethernet_0/inst/mac/inst/tri_mode_ethernet_mac_i/bd_4bad_mac_0_core/man_reset.sync_glbl_rstn_bus2ip_clk/async_rst4_reg/CLR, system_i/axi_ethernet_0/inst/mac/inst/tri_mode_ethernet_mac_i/bd_4bad_mac_0_core/sync_glbl_rstn_rx_clk/async_rst0_reg/CLR, system_i/axi_ethernet_0/inst/mac/inst/tri_mode_ethernet_mac_i/bd_4bad_mac_0_core/sync_glbl_rstn_rx_clk/async_rst1_reg/CLR, system_i/axi_ethernet_0/inst/mac/inst/tri_mode_ethernet_mac_i/bd_4bad_mac_0_core/sync_glbl_rstn_rx_clk/async_rst2_reg/CLR, system_i/axi_ethernet_0/inst/mac/inst/tri_mode_ethernet_mac_i/bd_4bad_mac_0_core/sync_glbl_rstn_rx_clk/async_rst3_reg/CLR, system_i/axi_ethernet_0/inst/mac/inst/tri_mode_ethernet_mac_i/bd_4bad_mac_0_core/sync_glbl_rstn_rx_clk/async_rst4_reg/CLR, system_i/axi_ethernet_0/inst/mac/inst/tri_mode_ethernet_mac_i/bd_4bad_mac_0_core/sync_glbl_rstn_tx_clk/async_rst0_reg/CLR, system_i/axi_ethernet_0/inst/mac/inst/tri_mode_ethernet_mac_i/bd_4bad_mac_0_core/sync_glbl_rstn_tx_clk/async_rst1_reg/CLR, system_i/axi_ethernet_0/inst/mac/inst/tri_mode_ethernet_mac_i/bd_4bad_mac_0_core/sync_glbl_rstn_tx_clk/async_rst2_reg/CLR, system_i/axi_ethernet_0/inst/mac/inst/tri_mode_ethernet_mac_i/bd_4bad_mac_0_core/sync_glbl_rstn_tx_clk/async_rst3_reg/CLR, system_i/axi_ethernet_0/inst/mac/inst/tri_mode_ethernet_mac_i/bd_4bad_mac_0_core/sync_glbl_rstn_tx_clk/async_rst4_reg/CLR (the first 15 of 30 listed). The LUT may glitch and trigger an unexpected reset, even if it is a properly timed path.
Related violations: <none>

LUTAR-1#3 Warning
LUT drives async reset alert  
LUT cell system_i/axi_ethernet_0/inst/mac/inst/tri_mode_ethernet_mac_support_resets_i/gtx_mmcm_reset_gen_i_1, with 2 or more inputs, drives asynchronous preset/clear pin(s) system_i/axi_ethernet_0/inst/mac/inst/tri_mode_ethernet_mac_support_resets_i/gtx_mmcm_reset_gen/reset_sync0/PRE, system_i/axi_ethernet_0/inst/mac/inst/tri_mode_ethernet_mac_support_resets_i/gtx_mmcm_reset_gen/reset_sync1/PRE, system_i/axi_ethernet_0/inst/mac/inst/tri_mode_ethernet_mac_support_resets_i/gtx_mmcm_reset_gen/reset_sync2/PRE, system_i/axi_ethernet_0/inst/mac/inst/tri_mode_ethernet_mac_support_resets_i/gtx_mmcm_reset_gen/reset_sync3/PRE, system_i/axi_ethernet_0/inst/mac/inst/tri_mode_ethernet_mac_support_resets_i/gtx_mmcm_reset_gen/reset_sync4/PRE. The LUT may glitch and trigger an unexpected reset, even if it is a properly timed path.
Related violations: <none>

LUTAR-1#4 Warning
LUT drives async reset alert  
LUT cell system_i/axi_ethernet_0/inst/mac/inst/tri_mode_ethernet_mac_support_resets_i/idelayctrl_reset_gen_i_1, with 2 or more inputs, drives asynchronous preset/clear pin(s) system_i/axi_ethernet_0/inst/mac/inst/tri_mode_ethernet_mac_support_resets_i/idelayctrl_reset_gen/reset_sync0/PRE, system_i/axi_ethernet_0/inst/mac/inst/tri_mode_ethernet_mac_support_resets_i/idelayctrl_reset_gen/reset_sync1/PRE, system_i/axi_ethernet_0/inst/mac/inst/tri_mode_ethernet_mac_support_resets_i/idelayctrl_reset_gen/reset_sync2/PRE, system_i/axi_ethernet_0/inst/mac/inst/tri_mode_ethernet_mac_support_resets_i/idelayctrl_reset_gen/reset_sync3/PRE, system_i/axi_ethernet_0/inst/mac/inst/tri_mode_ethernet_mac_support_resets_i/idelayctrl_reset_gen/reset_sync4/PRE. The LUT may glitch and trigger an unexpected reset, even if it is a properly timed path.
Related violations: <none>

LUTAR-1#5 Warning
LUT drives async reset alert  
LUT cell system_i/axi_mem_intercon/m00_couplers/auto_pc/inst/gen_axi4_axi3.axi3_conv_inst/USE_READ.USE_SPLIT_R.read_addr_inst/USE_R_CHANNEL.cmd_queue/inst/fifo_gen_inst/inst_fifo_gen/gconvfifo.rf/grf.rf/rstblk/gc0.count_d1[4]_i_2, with 2 or more inputs, drives asynchronous preset/clear pin(s) system_i/axi_mem_intercon/m00_couplers/auto_pc/inst/gen_axi4_axi3.axi3_conv_inst/USE_READ.USE_SPLIT_R.read_addr_inst/USE_R_CHANNEL.cmd_queue/inst/fifo_gen_inst/inst_fifo_gen/gconvfifo.rf/grf.rf/gntv_or_sync_fifo.gl0.rd/rpntr/gc0.count_d1_reg[0]/CLR, system_i/axi_mem_intercon/m00_couplers/auto_pc/inst/gen_axi4_axi3.axi3_conv_inst/USE_READ.USE_SPLIT_R.read_addr_inst/USE_R_CHANNEL.cmd_queue/inst/fifo_gen_inst/inst_fifo_gen/gconvfifo.rf/grf.rf/gntv_or_sync_fifo.gl0.rd/rpntr/gc0.count_d1_reg[1]/CLR, system_i/axi_mem_intercon/m00_couplers/auto_pc/inst/gen_axi4_axi3.axi3_conv_inst/USE_READ.USE_SPLIT_R.read_addr_inst/USE_R_CHANNEL.cmd_queue/inst/fifo_gen_inst/inst_fifo_gen/gconvfifo.rf/grf.rf/gntv_or_sync_fifo.gl0.rd/rpntr/gc0.count_d1_reg[2]/CLR, system_i/axi_mem_intercon/m00_couplers/auto_pc/inst/gen_axi4_axi3.axi3_conv_inst/USE_READ.USE_SPLIT_R.read_addr_inst/USE_R_CHANNEL.cmd_queue/inst/fifo_gen_inst/inst_fifo_gen/gconvfifo.rf/grf.rf/gntv_or_sync_fifo.gl0.rd/rpntr/gc0.count_d1_reg[3]/CLR, system_i/axi_mem_intercon/m00_couplers/auto_pc/inst/gen_axi4_axi3.axi3_conv_inst/USE_READ.USE_SPLIT_R.read_addr_inst/USE_R_CHANNEL.cmd_queue/inst/fifo_gen_inst/inst_fifo_gen/gconvfifo.rf/grf.rf/gntv_or_sync_fifo.gl0.rd/rpntr/gc0.count_d1_reg[4]/CLR, system_i/axi_mem_intercon/m00_couplers/auto_pc/inst/gen_axi4_axi3.axi3_conv_inst/USE_READ.USE_SPLIT_R.read_addr_inst/USE_R_CHANNEL.cmd_queue/inst/fifo_gen_inst/inst_fifo_gen/gconvfifo.rf/grf.rf/gntv_or_sync_fifo.gl0.rd/rpntr/gc0.count_reg[1]/CLR, system_i/axi_mem_intercon/m00_couplers/auto_pc/inst/gen_axi4_axi3.axi3_conv_inst/USE_READ.USE_SPLIT_R.read_addr_inst/USE_R_CHANNEL.cmd_queue/inst/fifo_gen_inst/inst_fifo_gen/gconvfifo.rf/grf.rf/gntv_or_sync_fifo.gl0.rd/rpntr/gc0.count_reg[2]/CLR, system_i/axi_mem_intercon/m00_couplers/auto_pc/inst/gen_axi4_axi3.axi3_conv_inst/USE_READ.USE_SPLIT_R.read_addr_inst/USE_R_CHANNEL.cmd_queue/inst/fifo_gen_inst/inst_fifo_gen/gconvfifo.rf/grf.rf/gntv_or_sync_fifo.gl0.rd/rpntr/gc0.count_reg[3]/CLR, system_i/axi_mem_intercon/m00_couplers/auto_pc/inst/gen_axi4_axi3.axi3_conv_inst/USE_READ.USE_SPLIT_R.read_addr_inst/USE_R_CHANNEL.cmd_queue/inst/fifo_gen_inst/inst_fifo_gen/gconvfifo.rf/grf.rf/gntv_or_sync_fifo.gl0.rd/rpntr/gc0.count_reg[4]/CLR, system_i/axi_mem_intercon/m00_couplers/auto_pc/inst/gen_axi4_axi3.axi3_conv_inst/USE_READ.USE_SPLIT_R.read_addr_inst/USE_R_CHANNEL.cmd_queue/inst/fifo_gen_inst/inst_fifo_gen/gconvfifo.rf/grf.rf/gntv_or_sync_fifo.gl0.rd/rpntr/gc0.count_reg[0]/PRE, system_i/axi_mem_intercon/m00_couplers/auto_pc/inst/gen_axi4_axi3.axi3_conv_inst/USE_READ.USE_SPLIT_R.read_addr_inst/USE_R_CHANNEL.cmd_queue/inst/fifo_gen_inst/inst_fifo_gen/gconvfifo.rf/grf.rf/gntv_or_sync_fifo.gl0.rd/gr1.gr1_int.rfwft/gpregsm1.curr_fwft_state_reg[0]/CLR, system_i/axi_mem_intercon/m00_couplers/auto_pc/inst/gen_axi4_axi3.axi3_conv_inst/USE_READ.USE_SPLIT_R.read_addr_inst/USE_R_CHANNEL.cmd_queue/inst/fifo_gen_inst/inst_fifo_gen/gconvfifo.rf/grf.rf/gntv_or_sync_fifo.gl0.rd/gr1.gr1_int.rfwft/gpregsm1.curr_fwft_state_reg[1]/CLR, system_i/axi_mem_intercon/m00_couplers/auto_pc/inst/gen_axi4_axi3.axi3_conv_inst/USE_READ.USE_SPLIT_R.read_addr_inst/USE_R_CHANNEL.cmd_queue/inst/fifo_gen_inst/inst_fifo_gen/gconvfifo.rf/grf.rf/gntv_or_sync_fifo.gl0.rd/gr1.gr1_int.rfwft/gpregsm1.user_valid_reg/CLR, system_i/axi_mem_intercon/m00_couplers/auto_pc/inst/gen_axi4_axi3.axi3_conv_inst/USE_READ.USE_SPLIT_R.read_addr_inst/USE_R_CHANNEL.cmd_queue/inst/fifo_gen_inst/inst_fifo_gen/gconvfifo.rf/grf.rf/gntv_or_sync_fifo.gl0.rd/gr1.gr1_int.rfwft/aempty_fwft_fb_i_reg/PRE, system_i/axi_mem_intercon/m00_couplers/auto_pc/inst/gen_axi4_axi3.axi3_conv_inst/USE_READ.USE_SPLIT_R.read_addr_inst/USE_R_CHANNEL.cmd_queue/inst/fifo_gen_inst/inst_fifo_gen/gconvfifo.rf/grf.rf/gntv_or_sync_fifo.gl0.rd/gr1.gr1_int.rfwft/aempty_fwft_i_reg/PRE (the first 15 of 32 listed). The LUT may glitch and trigger an unexpected reset, even if it is a properly timed path.
Related violations: <none>

LUTAR-1#6 Warning
LUT drives async reset alert  
LUT cell system_i/axi_mem_intercon/m00_couplers/auto_pc/inst/gen_axi4_axi3.axi3_conv_inst/USE_WRITE.write_addr_inst/USE_BURSTS.cmd_queue/inst/fifo_gen_inst/inst_fifo_gen/gconvfifo.rf/grf.rf/rstblk/gc0.count_d1[4]_i_2, with 2 or more inputs, drives asynchronous preset/clear pin(s) system_i/axi_mem_intercon/m00_couplers/auto_pc/inst/gen_axi4_axi3.axi3_conv_inst/USE_WRITE.write_addr_inst/USE_BURSTS.cmd_queue/inst/fifo_gen_inst/inst_fifo_gen/gconvfifo.rf/grf.rf/gntv_or_sync_fifo.gl0.wr/gwss.wsts/ram_full_fb_i_reg/CLR, system_i/axi_mem_intercon/m00_couplers/auto_pc/inst/gen_axi4_axi3.axi3_conv_inst/USE_WRITE.write_addr_inst/USE_BURSTS.cmd_queue/inst/fifo_gen_inst/inst_fifo_gen/gconvfifo.rf/grf.rf/gntv_or_sync_fifo.gl0.wr/gwss.wsts/ram_full_i_reg/CLR, system_i/axi_mem_intercon/m00_couplers/auto_pc/inst/gen_axi4_axi3.axi3_conv_inst/USE_WRITE.write_addr_inst/USE_BURSTS.cmd_queue/inst/fifo_gen_inst/inst_fifo_gen/gconvfifo.rf/grf.rf/gntv_or_sync_fifo.gl0.wr/wpntr/gcc0.gc0.count_d1_reg[0]/CLR, system_i/axi_mem_intercon/m00_couplers/auto_pc/inst/gen_axi4_axi3.axi3_conv_inst/USE_WRITE.write_addr_inst/USE_BURSTS.cmd_queue/inst/fifo_gen_inst/inst_fifo_gen/gconvfifo.rf/grf.rf/gntv_or_sync_fifo.gl0.wr/wpntr/gcc0.gc0.count_d1_reg[1]/CLR, system_i/axi_mem_intercon/m00_couplers/auto_pc/inst/gen_axi4_axi3.axi3_conv_inst/USE_WRITE.write_addr_inst/USE_BURSTS.cmd_queue/inst/fifo_gen_inst/inst_fifo_gen/gconvfifo.rf/grf.rf/gntv_or_sync_fifo.gl0.wr/wpntr/gcc0.gc0.count_d1_reg[2]/CLR, system_i/axi_mem_intercon/m00_couplers/auto_pc/inst/gen_axi4_axi3.axi3_conv_inst/USE_WRITE.write_addr_inst/USE_BURSTS.cmd_queue/inst/fifo_gen_inst/inst_fifo_gen/gconvfifo.rf/grf.rf/gntv_or_sync_fifo.gl0.wr/wpntr/gcc0.gc0.count_d1_reg[3]/CLR, system_i/axi_mem_intercon/m00_couplers/auto_pc/inst/gen_axi4_axi3.axi3_conv_inst/USE_WRITE.write_addr_inst/USE_BURSTS.cmd_queue/inst/fifo_gen_inst/inst_fifo_gen/gconvfifo.rf/grf.rf/gntv_or_sync_fifo.gl0.wr/wpntr/gcc0.gc0.count_d1_reg[4]/CLR, system_i/axi_mem_intercon/m00_couplers/auto_pc/inst/gen_axi4_axi3.axi3_conv_inst/USE_WRITE.write_addr_inst/USE_BURSTS.cmd_queue/inst/fifo_gen_inst/inst_fifo_gen/gconvfifo.rf/grf.rf/gntv_or_sync_fifo.gl0.wr/wpntr/gcc0.gc0.count_reg[1]/CLR, system_i/axi_mem_intercon/m00_couplers/auto_pc/inst/gen_axi4_axi3.axi3_conv_inst/USE_WRITE.write_addr_inst/USE_BURSTS.cmd_queue/inst/fifo_gen_inst/inst_fifo_gen/gconvfifo.rf/grf.rf/gntv_or_sync_fifo.gl0.wr/wpntr/gcc0.gc0.count_reg[2]/CLR, system_i/axi_mem_intercon/m00_couplers/auto_pc/inst/gen_axi4_axi3.axi3_conv_inst/USE_WRITE.write_addr_inst/USE_BURSTS.cmd_queue/inst/fifo_gen_inst/inst_fifo_gen/gconvfifo.rf/grf.rf/gntv_or_sync_fifo.gl0.wr/wpntr/gcc0.gc0.count_reg[3]/CLR, system_i/axi_mem_intercon/m00_couplers/auto_pc/inst/gen_axi4_axi3.axi3_conv_inst/USE_WRITE.write_addr_inst/USE_BURSTS.cmd_queue/inst/fifo_gen_inst/inst_fifo_gen/gconvfifo.rf/grf.rf/gntv_or_sync_fifo.gl0.wr/wpntr/gcc0.gc0.count_reg[4]/CLR, system_i/axi_mem_intercon/m00_couplers/auto_pc/inst/gen_axi4_axi3.axi3_conv_inst/USE_WRITE.write_addr_inst/USE_BURSTS.cmd_queue/inst/fifo_gen_inst/inst_fifo_gen/gconvfifo.rf/grf.rf/gntv_or_sync_fifo.gl0.wr/wpntr/gcc0.gc0.count_reg[0]/PRE, system_i/axi_mem_intercon/m00_couplers/auto_pc/inst/gen_axi4_axi3.axi3_conv_inst/USE_WRITE.write_addr_inst/USE_BURSTS.cmd_queue/inst/fifo_gen_inst/inst_fifo_gen/gconvfifo.rf/grf.rf/gntv_or_sync_fifo.gl0.rd/rpntr/gc0.count_d1_reg[0]/CLR, system_i/axi_mem_intercon/m00_couplers/auto_pc/inst/gen_axi4_axi3.axi3_conv_inst/USE_WRITE.write_addr_inst/USE_BURSTS.cmd_queue/inst/fifo_gen_inst/inst_fifo_gen/gconvfifo.rf/grf.rf/gntv_or_sync_fifo.gl0.rd/rpntr/gc0.count_d1_reg[1]/CLR, system_i/axi_mem_intercon/m00_couplers/auto_pc/inst/gen_axi4_axi3.axi3_conv_inst/USE_WRITE.write_addr_inst/USE_BURSTS.cmd_queue/inst/fifo_gen_inst/inst_fifo_gen/gconvfifo.rf/grf.rf/gntv_or_sync_fifo.gl0.rd/rpntr/gc0.count_d1_reg[2]/CLR (the first 15 of 32 listed). The LUT may glitch and trigger an unexpected reset, even if it is a properly timed path.
Related violations: <none>

LUTAR-1#7 Warning
LUT drives async reset alert  
LUT cell system_i/axi_mem_intercon/m00_couplers/auto_pc/inst/gen_axi4_axi3.axi3_conv_inst/USE_WRITE.write_addr_inst/USE_B_CHANNEL.cmd_b_queue/inst/fifo_gen_inst/inst_fifo_gen/gconvfifo.rf/grf.rf/rstblk/gc0.count_d1[4]_i_2, with 2 or more inputs, drives asynchronous preset/clear pin(s) system_i/axi_mem_intercon/m00_couplers/auto_pc/inst/gen_axi4_axi3.axi3_conv_inst/USE_WRITE.write_addr_inst/USE_B_CHANNEL.cmd_b_queue/inst/fifo_gen_inst/inst_fifo_gen/gconvfifo.rf/grf.rf/gntv_or_sync_fifo.gl0.wr/gwss.wsts/ram_full_fb_i_reg/CLR, system_i/axi_mem_intercon/m00_couplers/auto_pc/inst/gen_axi4_axi3.axi3_conv_inst/USE_WRITE.write_addr_inst/USE_B_CHANNEL.cmd_b_queue/inst/fifo_gen_inst/inst_fifo_gen/gconvfifo.rf/grf.rf/gntv_or_sync_fifo.gl0.wr/gwss.wsts/ram_full_i_reg/CLR, system_i/axi_mem_intercon/m00_couplers/auto_pc/inst/gen_axi4_axi3.axi3_conv_inst/USE_WRITE.write_addr_inst/USE_B_CHANNEL.cmd_b_queue/inst/fifo_gen_inst/inst_fifo_gen/gconvfifo.rf/grf.rf/gntv_or_sync_fifo.gl0.wr/wpntr/gcc0.gc0.count_d1_reg[0]/CLR, system_i/axi_mem_intercon/m00_couplers/auto_pc/inst/gen_axi4_axi3.axi3_conv_inst/USE_WRITE.write_addr_inst/USE_B_CHANNEL.cmd_b_queue/inst/fifo_gen_inst/inst_fifo_gen/gconvfifo.rf/grf.rf/gntv_or_sync_fifo.gl0.wr/wpntr/gcc0.gc0.count_d1_reg[1]/CLR, system_i/axi_mem_intercon/m00_couplers/auto_pc/inst/gen_axi4_axi3.axi3_conv_inst/USE_WRITE.write_addr_inst/USE_B_CHANNEL.cmd_b_queue/inst/fifo_gen_inst/inst_fifo_gen/gconvfifo.rf/grf.rf/gntv_or_sync_fifo.gl0.wr/wpntr/gcc0.gc0.count_d1_reg[2]/CLR, system_i/axi_mem_intercon/m00_couplers/auto_pc/inst/gen_axi4_axi3.axi3_conv_inst/USE_WRITE.write_addr_inst/USE_B_CHANNEL.cmd_b_queue/inst/fifo_gen_inst/inst_fifo_gen/gconvfifo.rf/grf.rf/gntv_or_sync_fifo.gl0.wr/wpntr/gcc0.gc0.count_d1_reg[3]/CLR, system_i/axi_mem_intercon/m00_couplers/auto_pc/inst/gen_axi4_axi3.axi3_conv_inst/USE_WRITE.write_addr_inst/USE_B_CHANNEL.cmd_b_queue/inst/fifo_gen_inst/inst_fifo_gen/gconvfifo.rf/grf.rf/gntv_or_sync_fifo.gl0.wr/wpntr/gcc0.gc0.count_d1_reg[4]/CLR, system_i/axi_mem_intercon/m00_couplers/auto_pc/inst/gen_axi4_axi3.axi3_conv_inst/USE_WRITE.write_addr_inst/USE_B_CHANNEL.cmd_b_queue/inst/fifo_gen_inst/inst_fifo_gen/gconvfifo.rf/grf.rf/gntv_or_sync_fifo.gl0.wr/wpntr/gcc0.gc0.count_reg[1]/CLR, system_i/axi_mem_intercon/m00_couplers/auto_pc/inst/gen_axi4_axi3.axi3_conv_inst/USE_WRITE.write_addr_inst/USE_B_CHANNEL.cmd_b_queue/inst/fifo_gen_inst/inst_fifo_gen/gconvfifo.rf/grf.rf/gntv_or_sync_fifo.gl0.wr/wpntr/gcc0.gc0.count_reg[2]/CLR, system_i/axi_mem_intercon/m00_couplers/auto_pc/inst/gen_axi4_axi3.axi3_conv_inst/USE_WRITE.write_addr_inst/USE_B_CHANNEL.cmd_b_queue/inst/fifo_gen_inst/inst_fifo_gen/gconvfifo.rf/grf.rf/gntv_or_sync_fifo.gl0.wr/wpntr/gcc0.gc0.count_reg[3]/CLR, system_i/axi_mem_intercon/m00_couplers/auto_pc/inst/gen_axi4_axi3.axi3_conv_inst/USE_WRITE.write_addr_inst/USE_B_CHANNEL.cmd_b_queue/inst/fifo_gen_inst/inst_fifo_gen/gconvfifo.rf/grf.rf/gntv_or_sync_fifo.gl0.wr/wpntr/gcc0.gc0.count_reg[4]/CLR, system_i/axi_mem_intercon/m00_couplers/auto_pc/inst/gen_axi4_axi3.axi3_conv_inst/USE_WRITE.write_addr_inst/USE_B_CHANNEL.cmd_b_queue/inst/fifo_gen_inst/inst_fifo_gen/gconvfifo.rf/grf.rf/gntv_or_sync_fifo.gl0.wr/wpntr/gcc0.gc0.count_reg[0]/PRE, system_i/axi_mem_intercon/m00_couplers/auto_pc/inst/gen_axi4_axi3.axi3_conv_inst/USE_WRITE.write_addr_inst/USE_B_CHANNEL.cmd_b_queue/inst/fifo_gen_inst/inst_fifo_gen/gconvfifo.rf/grf.rf/gntv_or_sync_fifo.gl0.rd/rpntr/gc0.count_d1_reg[0]/CLR, system_i/axi_mem_intercon/m00_couplers/auto_pc/inst/gen_axi4_axi3.axi3_conv_inst/USE_WRITE.write_addr_inst/USE_B_CHANNEL.cmd_b_queue/inst/fifo_gen_inst/inst_fifo_gen/gconvfifo.rf/grf.rf/gntv_or_sync_fifo.gl0.rd/rpntr/gc0.count_d1_reg[1]/CLR, system_i/axi_mem_intercon/m00_couplers/auto_pc/inst/gen_axi4_axi3.axi3_conv_inst/USE_WRITE.write_addr_inst/USE_B_CHANNEL.cmd_b_queue/inst/fifo_gen_inst/inst_fifo_gen/gconvfifo.rf/grf.rf/gntv_or_sync_fifo.gl0.rd/rpntr/gc0.count_d1_reg[2]/CLR (the first 15 of 32 listed). The LUT may glitch and trigger an unexpected reset, even if it is a properly timed path.
Related violations: <none>

PDRC-190#1 Warning
Suboptimally placed synchronized register chain  
The FDRE cell system_i/axi_ethernet_0/inst/mac/inst/tri_mode_ethernet_mac_i/bd_4bad_mac_0_core/man_reset.sync_bus2ip_reset_bus2ip_clk/sync_rst0_reg in site SLICE_X40Y204 is part of a synchronized register chain that is suboptimally placed as the load FDSE cell system_i/axi_ethernet_0/inst/mac/inst/tri_mode_ethernet_mac_i/bd_4bad_mac_0_core/man_reset.sync_bus2ip_reset_bus2ip_clk/sync_rst1_reg is not placed in the same (SLICE) site.
Related violations: <none>

PDRC-190#2 Warning
Suboptimally placed synchronized register chain  
The FDRE cell system_i/axi_ethernet_0/inst/mac/inst/tri_mode_ethernet_mac_i/bd_4bad_mac_0_core/man_reset.sync_glbl_rstn_bus2ip_clk/sync_rst0_reg in site SLICE_X42Y204 is part of a synchronized register chain that is suboptimally placed as the load FDRE cell system_i/axi_ethernet_0/inst/mac/inst/tri_mode_ethernet_mac_i/bd_4bad_mac_0_core/man_reset.sync_glbl_rstn_bus2ip_clk/sync_rst1_reg is not placed in the same (SLICE) site.
Related violations: <none>

PDRC-190#3 Warning
Suboptimally placed synchronized register chain  
The FDRE cell system_i/axi_ethernet_0/inst/mac/inst/tri_mode_ethernet_mac_i/bd_4bad_mac_0_core/stats_block.statistics_counters/rx_byte_counter/SYNC_STATS_RESET/sync_rst0_reg in site SLICE_X24Y194 is part of a synchronized register chain that is suboptimally placed as the load FDSE cell system_i/axi_ethernet_0/inst/mac/inst/tri_mode_ethernet_mac_i/bd_4bad_mac_0_core/stats_block.statistics_counters/rx_byte_counter/SYNC_STATS_RESET/sync_rst1_reg is not placed in the same (SLICE) site.
Related violations: <none>

PDRC-190#4 Warning
Suboptimally placed synchronized register chain  
The FDRE cell system_i/axi_ethernet_0/inst/mac/inst/tri_mode_ethernet_mac_i/bd_4bad_mac_0_core/stats_block.statistics_counters/rx_fragment_counter/SYNC_STATS_RESET/sync_rst0_reg in site SLICE_X35Y193 is part of a synchronized register chain that is suboptimally placed as the load FDSE cell system_i/axi_ethernet_0/inst/mac/inst/tri_mode_ethernet_mac_i/bd_4bad_mac_0_core/stats_block.statistics_counters/rx_fragment_counter/SYNC_STATS_RESET/sync_rst1_reg is not placed in the same (SLICE) site.
Related violations: <none>

PDRC-190#5 Warning
Suboptimally placed synchronized register chain  
The FDRE cell system_i/axi_ethernet_0/inst/mac/inst/tri_mode_ethernet_mac_i/bd_4bad_mac_0_core/stats_block.statistics_counters/rx_undersized_counter/SYNC_STATS_RESET/sync_rst0_reg in site SLICE_X31Y191 is part of a synchronized register chain that is suboptimally placed as the load FDSE cell system_i/axi_ethernet_0/inst/mac/inst/tri_mode_ethernet_mac_i/bd_4bad_mac_0_core/stats_block.statistics_counters/rx_undersized_counter/SYNC_STATS_RESET/sync_rst1_reg is not placed in the same (SLICE) site.
Related violations: <none>

PDRC-190#6 Warning
Suboptimally placed synchronized register chain  
The FDRE cell system_i/axi_ethernet_0/inst/mac/inst/tri_mode_ethernet_mac_i/bd_4bad_mac_0_core/stats_block.statistics_counters/tx_byte_counter/SYNC_STATS_RESET/sync_rst0_reg in site SLICE_X29Y191 is part of a synchronized register chain that is suboptimally placed as the load FDSE cell system_i/axi_ethernet_0/inst/mac/inst/tri_mode_ethernet_mac_i/bd_4bad_mac_0_core/stats_block.statistics_counters/tx_byte_counter/SYNC_STATS_RESET/sync_rst1_reg is not placed in the same (SLICE) site.
Related violations: <none>

PDRC-190#7 Warning
Suboptimally placed synchronized register chain  
The FDRE cell system_i/axi_ethernet_0/inst/mac/inst/tri_mode_ethernet_mac_i/bd_4bad_mac_0_core/sync_axi_rx_rstn_rx_clk/sync_rst0_reg in site SLICE_X16Y198 is part of a synchronized register chain that is suboptimally placed as the load FDRE cell system_i/axi_ethernet_0/inst/mac/inst/tri_mode_ethernet_mac_i/bd_4bad_mac_0_core/sync_axi_rx_rstn_rx_clk/sync_rst1_reg is not placed in the same (SLICE) site.
Related violations: <none>

PDRC-190#8 Warning
Suboptimally placed synchronized register chain  
The FDRE cell system_i/axi_ethernet_0/inst/mac/inst/tri_mode_ethernet_mac_i/bd_4bad_mac_0_core/sync_glbl_rstn_rx_clk/sync_rst0_reg in site SLICE_X15Y197 is part of a synchronized register chain that is suboptimally placed as the load FDRE cell system_i/axi_ethernet_0/inst/mac/inst/tri_mode_ethernet_mac_i/bd_4bad_mac_0_core/sync_glbl_rstn_rx_clk/sync_rst1_reg is not placed in the same (SLICE) site.
Related violations: <none>

PDRC-190#9 Warning
Suboptimally placed synchronized register chain  
The FDRE cell system_i/axi_ethernet_0/inst/mac/inst/tri_mode_ethernet_mac_i/bd_4bad_mac_0_core/sync_glbl_rstn_tx_clk/sync_rst0_reg in site SLICE_X35Y205 is part of a synchronized register chain that is suboptimally placed as the load FDRE cell system_i/axi_ethernet_0/inst/mac/inst/tri_mode_ethernet_mac_i/bd_4bad_mac_0_core/sync_glbl_rstn_tx_clk/sync_rst1_reg is not placed in the same (SLICE) site.
Related violations: <none>

PDRC-190#10 Warning
Suboptimally placed synchronized register chain  
The FDRE cell system_i/axi_ethernet_0/inst/mac/inst/tri_mode_ethernet_mac_i/bd_4bad_mac_0_core/sync_int_rx_rst_mgmt_rx_clk/sync_rst0_reg in site SLICE_X17Y198 is part of a synchronized register chain that is suboptimally placed as the load FDSE cell system_i/axi_ethernet_0/inst/mac/inst/tri_mode_ethernet_mac_i/bd_4bad_mac_0_core/sync_int_rx_rst_mgmt_rx_clk/sync_rst1_reg is not placed in the same (SLICE) site.
Related violations: <none>

PDRC-190#11 Warning
Suboptimally placed synchronized register chain  
The FDRE cell system_i/axi_ethernet_0/inst/mac/inst/tri_mode_ethernet_mac_i/bd_4bad_mac_0_core/sync_int_tx_rst_mgmt_tx_clk/sync_rst0_reg in site SLICE_X16Y205 is part of a synchronized register chain that is suboptimally placed as the load FDSE cell system_i/axi_ethernet_0/inst/mac/inst/tri_mode_ethernet_mac_i/bd_4bad_mac_0_core/sync_int_tx_rst_mgmt_tx_clk/sync_rst1_reg is not placed in the same (SLICE) site.
Related violations: <none>

PDRC-190#12 Warning
Suboptimally placed synchronized register chain  
The FDRE cell system_i/axi_ethernet_0/inst/mac/inst/tri_mode_ethernet_mac_i/bd_4bad_mac_0_core/sync_stats_reset/sync_rst0_reg in site SLICE_X41Y203 is part of a synchronized register chain that is suboptimally placed as the load FDSE cell system_i/axi_ethernet_0/inst/mac/inst/tri_mode_ethernet_mac_i/bd_4bad_mac_0_core/sync_stats_reset/sync_rst1_reg is not placed in the same (SLICE) site.
Related violations: <none>

PDRC-190#13 Warning
Suboptimally placed synchronized register chain  
The FDRE cell system_i/axi_ethernet_0/inst/mac/inst/tri_mode_ethernet_mac_i/bd_4bad_mac_0_core/sync_tx_axi_rstn_tx_clk/sync_rst0_reg in site SLICE_X36Y206 is part of a synchronized register chain that is suboptimally placed as the load FDRE cell system_i/axi_ethernet_0/inst/mac/inst/tri_mode_ethernet_mac_i/bd_4bad_mac_0_core/sync_tx_axi_rstn_tx_clk/sync_rst1_reg is not placed in the same (SLICE) site.
Related violations: <none>

TIMING-9#1 Warning
Unknown CDC Logic  
One or more asynchronous Clock Domain Crossing has been detected between 2 clock domains through a set_false_path or a set_clock_groups or set_max_delay -datapath_only constraint but no double-registers logic synchronizer has been found on the side of the capture clock. It is recommended to run report_cdc for a complete and detailed CDC coverage. Please consider using XPM_CDC to avoid Critical severities
Related violations: <none>

TIMING-18#1 Warning
Missing input or output delay  
An input delay is missing on mdio_mdio_io relative to clock(s) clk_fpga_0
Related violations: <none>

TIMING-18#2 Warning
Missing input or output delay  
An output delay is missing on mdio_mdc relative to clock(s) clk_fpga_0
Related violations: <none>

TIMING-18#3 Warning
Missing input or output delay  
An output delay is missing on phy_reset_n relative to clock(s) clk_fpga_0
Related violations: <none>


