
*** Running vivado
    with args -log system_axi_ethernet_0_0.vds -m64 -product Vivado -mode batch -messageDb vivado.pb -notrace -source system_axi_ethernet_0_0.tcl


****** Vivado v2017.4 (64-bit)
  **** SW Build 2086221 on Fri Dec 15 20:55:39 MST 2017
  **** IP Build 2085800 on Fri Dec 15 22:25:07 MST 2017
    ** Copyright 1986-2017 Xilinx, Inc. All Rights Reserved.

source system_axi_ethernet_0_0.tcl -notrace
Command: synth_design -top system_axi_ethernet_0_0 -part xc7z035ffg676-2 -mode out_of_context
Starting synth_design
Attempting to get a license for feature 'Synthesis' and/or device 'xc7z035'
INFO: [Common 17-349] Got license for feature 'Synthesis' and/or device 'xc7z035'
INFO: Launching helper process for spawning children vivado processes
INFO: Helper process launched with PID 15428 
---------------------------------------------------------------------------------
Starting RTL Elaboration : Time (s): cpu = 00:00:05 ; elapsed = 00:00:05 . Memory (MB): peak = 416.391 ; gain = 111.402
---------------------------------------------------------------------------------
INFO: [Synth 8-638] synthesizing module 'system_axi_ethernet_0_0' [j:/FEP/ETH1512/MZ7035/CH02_PL_AXI_ETH_RGMII/Miz_sys/Miz_sys.srcs/sources_1/bd/system/ip/system_axi_ethernet_0_0/synth/system_axi_ethernet_0_0.v:59]
INFO: [Synth 8-638] synthesizing module 'bd_4bad' [j:/FEP/ETH1512/MZ7035/CH02_PL_AXI_ETH_RGMII/Miz_sys/Miz_sys.srcs/sources_1/bd/system/ip/system_axi_ethernet_0_0/bd_0/synth/bd_4bad.v:10]
INFO: [Synth 8-638] synthesizing module 'bd_4bad_c_counter_binary_0_0' [J:/FEP/ETH1512/MZ7035/CH02_PL_AXI_ETH_RGMII/Miz_sys/Miz_sys.runs/system_axi_ethernet_0_0_synth_1/.Xil/Vivado-59004-LB-201803132255/realtime/bd_4bad_c_counter_binary_0_0_stub.v:6]
INFO: [Synth 8-256] done synthesizing module 'bd_4bad_c_counter_binary_0_0' (1#1) [J:/FEP/ETH1512/MZ7035/CH02_PL_AXI_ETH_RGMII/Miz_sys/Miz_sys.runs/system_axi_ethernet_0_0_synth_1/.Xil/Vivado-59004-LB-201803132255/realtime/bd_4bad_c_counter_binary_0_0_stub.v:6]
WARNING: [Synth 8-350] instance 'c_counter_binary_0' of module 'bd_4bad_c_counter_binary_0_0' requires 4 connections, but only 3 given [j:/FEP/ETH1512/MZ7035/CH02_PL_AXI_ETH_RGMII/Miz_sys/Miz_sys.srcs/sources_1/bd/system/ip/system_axi_ethernet_0_0/bd_0/synth/bd_4bad.v:297]
INFO: [Synth 8-638] synthesizing module 'bd_4bad_c_shift_ram_0_0' [J:/FEP/ETH1512/MZ7035/CH02_PL_AXI_ETH_RGMII/Miz_sys/Miz_sys.runs/system_axi_ethernet_0_0_synth_1/.Xil/Vivado-59004-LB-201803132255/realtime/bd_4bad_c_shift_ram_0_0_stub.v:6]
INFO: [Synth 8-256] done synthesizing module 'bd_4bad_c_shift_ram_0_0' (2#1) [J:/FEP/ETH1512/MZ7035/CH02_PL_AXI_ETH_RGMII/Miz_sys/Miz_sys.runs/system_axi_ethernet_0_0_synth_1/.Xil/Vivado-59004-LB-201803132255/realtime/bd_4bad_c_shift_ram_0_0_stub.v:6]
INFO: [Synth 8-638] synthesizing module 'bd_4bad_eth_buf_0' [J:/FEP/ETH1512/MZ7035/CH02_PL_AXI_ETH_RGMII/Miz_sys/Miz_sys.runs/system_axi_ethernet_0_0_synth_1/.Xil/Vivado-59004-LB-201803132255/realtime/bd_4bad_eth_buf_0_stub.v:6]
INFO: [Synth 8-256] done synthesizing module 'bd_4bad_eth_buf_0' (3#1) [J:/FEP/ETH1512/MZ7035/CH02_PL_AXI_ETH_RGMII/Miz_sys/Miz_sys.runs/system_axi_ethernet_0_0_synth_1/.Xil/Vivado-59004-LB-201803132255/realtime/bd_4bad_eth_buf_0_stub.v:6]
WARNING: [Synth 8-350] instance 'eth_buf' of module 'bd_4bad_eth_buf_0' requires 102 connections, but only 96 given [j:/FEP/ETH1512/MZ7035/CH02_PL_AXI_ETH_RGMII/Miz_sys/Miz_sys.srcs/sources_1/bd/system/ip/system_axi_ethernet_0_0/bd_0/synth/bd_4bad.v:307]
INFO: [Synth 8-638] synthesizing module 'bd_4bad_mac_0' [J:/FEP/ETH1512/MZ7035/CH02_PL_AXI_ETH_RGMII/Miz_sys/Miz_sys.runs/system_axi_ethernet_0_0_synth_1/.Xil/Vivado-59004-LB-201803132255/realtime/bd_4bad_mac_0_stub.v:6]
INFO: [Synth 8-256] done synthesizing module 'bd_4bad_mac_0' (4#1) [J:/FEP/ETH1512/MZ7035/CH02_PL_AXI_ETH_RGMII/Miz_sys/Miz_sys.runs/system_axi_ethernet_0_0_synth_1/.Xil/Vivado-59004-LB-201803132255/realtime/bd_4bad_mac_0_stub.v:6]
WARNING: [Synth 8-350] instance 'mac' of module 'bd_4bad_mac_0' requires 64 connections, but only 56 given [j:/FEP/ETH1512/MZ7035/CH02_PL_AXI_ETH_RGMII/Miz_sys/Miz_sys.srcs/sources_1/bd/system/ip/system_axi_ethernet_0_0/bd_0/synth/bd_4bad.v:404]
INFO: [Synth 8-638] synthesizing module 'bd_4bad_util_vector_logic_0_0' [J:/FEP/ETH1512/MZ7035/CH02_PL_AXI_ETH_RGMII/Miz_sys/Miz_sys.runs/system_axi_ethernet_0_0_synth_1/.Xil/Vivado-59004-LB-201803132255/realtime/bd_4bad_util_vector_logic_0_0_stub.v:6]
INFO: [Synth 8-256] done synthesizing module 'bd_4bad_util_vector_logic_0_0' (5#1) [J:/FEP/ETH1512/MZ7035/CH02_PL_AXI_ETH_RGMII/Miz_sys/Miz_sys.runs/system_axi_ethernet_0_0_synth_1/.Xil/Vivado-59004-LB-201803132255/realtime/bd_4bad_util_vector_logic_0_0_stub.v:6]
INFO: [Synth 8-638] synthesizing module 'bd_4bad_xlconstant_0_0' [J:/FEP/ETH1512/MZ7035/CH02_PL_AXI_ETH_RGMII/Miz_sys/Miz_sys.runs/system_axi_ethernet_0_0_synth_1/.Xil/Vivado-59004-LB-201803132255/realtime/bd_4bad_xlconstant_0_0_stub.v:6]
INFO: [Synth 8-256] done synthesizing module 'bd_4bad_xlconstant_0_0' (6#1) [J:/FEP/ETH1512/MZ7035/CH02_PL_AXI_ETH_RGMII/Miz_sys/Miz_sys.runs/system_axi_ethernet_0_0_synth_1/.Xil/Vivado-59004-LB-201803132255/realtime/bd_4bad_xlconstant_0_0_stub.v:6]
INFO: [Synth 8-256] done synthesizing module 'bd_4bad' (7#1) [j:/FEP/ETH1512/MZ7035/CH02_PL_AXI_ETH_RGMII/Miz_sys/Miz_sys.srcs/sources_1/bd/system/ip/system_axi_ethernet_0_0/bd_0/synth/bd_4bad.v:10]
INFO: [Synth 8-256] done synthesizing module 'system_axi_ethernet_0_0' (8#1) [j:/FEP/ETH1512/MZ7035/CH02_PL_AXI_ETH_RGMII/Miz_sys/Miz_sys.srcs/sources_1/bd/system/ip/system_axi_ethernet_0_0/synth/system_axi_ethernet_0_0.v:59]
---------------------------------------------------------------------------------
Finished RTL Elaboration : Time (s): cpu = 00:00:06 ; elapsed = 00:00:05 . Memory (MB): peak = 468.914 ; gain = 163.926
---------------------------------------------------------------------------------

Report Check Netlist: 
+------+------------------+-------+---------+-------+------------------+
|      |Item              |Errors |Warnings |Status |Description       |
+------+------------------+-------+---------+-------+------------------+
|1     |multi_driven_nets |      0|        0|Passed |Multi driven nets |
+------+------------------+-------+---------+-------+------------------+
---------------------------------------------------------------------------------
Finished RTL Optimization Phase 1 : Time (s): cpu = 00:00:06 ; elapsed = 00:00:06 . Memory (MB): peak = 468.914 ; gain = 163.926
---------------------------------------------------------------------------------
INFO: [Device 21-403] Loading part xc7z035ffg676-2
INFO: [Project 1-570] Preparing netlist for logic optimization

Processing XDC Constraints
Initializing timing engine
Parsing XDC File [J:/FEP/ETH1512/MZ7035/CH02_PL_AXI_ETH_RGMII/Miz_sys/Miz_sys.runs/system_axi_ethernet_0_0_synth_1/.Xil/Vivado-59004-LB-201803132255/dcp6/bd_4bad_eth_buf_0_in_context.xdc] for cell 'inst/eth_buf'
Finished Parsing XDC File [J:/FEP/ETH1512/MZ7035/CH02_PL_AXI_ETH_RGMII/Miz_sys/Miz_sys.runs/system_axi_ethernet_0_0_synth_1/.Xil/Vivado-59004-LB-201803132255/dcp6/bd_4bad_eth_buf_0_in_context.xdc] for cell 'inst/eth_buf'
Parsing XDC File [J:/FEP/ETH1512/MZ7035/CH02_PL_AXI_ETH_RGMII/Miz_sys/Miz_sys.runs/system_axi_ethernet_0_0_synth_1/.Xil/Vivado-59004-LB-201803132255/dcp7/bd_4bad_mac_0_in_context.xdc] for cell 'inst/mac'
Finished Parsing XDC File [J:/FEP/ETH1512/MZ7035/CH02_PL_AXI_ETH_RGMII/Miz_sys/Miz_sys.runs/system_axi_ethernet_0_0_synth_1/.Xil/Vivado-59004-LB-201803132255/dcp7/bd_4bad_mac_0_in_context.xdc] for cell 'inst/mac'
Parsing XDC File [J:/FEP/ETH1512/MZ7035/CH02_PL_AXI_ETH_RGMII/Miz_sys/Miz_sys.runs/system_axi_ethernet_0_0_synth_1/.Xil/Vivado-59004-LB-201803132255/dcp8/bd_4bad_c_shift_ram_0_0_in_context.xdc] for cell 'inst/c_shift_ram_0'
Finished Parsing XDC File [J:/FEP/ETH1512/MZ7035/CH02_PL_AXI_ETH_RGMII/Miz_sys/Miz_sys.runs/system_axi_ethernet_0_0_synth_1/.Xil/Vivado-59004-LB-201803132255/dcp8/bd_4bad_c_shift_ram_0_0_in_context.xdc] for cell 'inst/c_shift_ram_0'
Parsing XDC File [J:/FEP/ETH1512/MZ7035/CH02_PL_AXI_ETH_RGMII/Miz_sys/Miz_sys.runs/system_axi_ethernet_0_0_synth_1/.Xil/Vivado-59004-LB-201803132255/dcp9/bd_4bad_c_counter_binary_0_0_in_context.xdc] for cell 'inst/c_counter_binary_0'
Finished Parsing XDC File [J:/FEP/ETH1512/MZ7035/CH02_PL_AXI_ETH_RGMII/Miz_sys/Miz_sys.runs/system_axi_ethernet_0_0_synth_1/.Xil/Vivado-59004-LB-201803132255/dcp9/bd_4bad_c_counter_binary_0_0_in_context.xdc] for cell 'inst/c_counter_binary_0'
Parsing XDC File [J:/FEP/ETH1512/MZ7035/CH02_PL_AXI_ETH_RGMII/Miz_sys/Miz_sys.runs/system_axi_ethernet_0_0_synth_1/.Xil/Vivado-59004-LB-201803132255/dcp10/bd_4bad_xlconstant_0_0_in_context.xdc] for cell 'inst/xlconstant_0'
Finished Parsing XDC File [J:/FEP/ETH1512/MZ7035/CH02_PL_AXI_ETH_RGMII/Miz_sys/Miz_sys.runs/system_axi_ethernet_0_0_synth_1/.Xil/Vivado-59004-LB-201803132255/dcp10/bd_4bad_xlconstant_0_0_in_context.xdc] for cell 'inst/xlconstant_0'
Parsing XDC File [J:/FEP/ETH1512/MZ7035/CH02_PL_AXI_ETH_RGMII/Miz_sys/Miz_sys.runs/system_axi_ethernet_0_0_synth_1/.Xil/Vivado-59004-LB-201803132255/dcp11/bd_4bad_util_vector_logic_0_0_in_context.xdc] for cell 'inst/util_vector_logic_0'
Finished Parsing XDC File [J:/FEP/ETH1512/MZ7035/CH02_PL_AXI_ETH_RGMII/Miz_sys/Miz_sys.runs/system_axi_ethernet_0_0_synth_1/.Xil/Vivado-59004-LB-201803132255/dcp11/bd_4bad_util_vector_logic_0_0_in_context.xdc] for cell 'inst/util_vector_logic_0'
Parsing XDC File [j:/FEP/ETH1512/MZ7035/CH02_PL_AXI_ETH_RGMII/Miz_sys/Miz_sys.srcs/sources_1/bd/system/ip/system_axi_ethernet_0_0/synth/system_axi_ethernet_0_0_ooc.xdc] for cell 'inst'
WARNING: [Constraints 18-619] A clock with name 'rgmii_rxc' already exists, overwriting the previous clock with the same name. [j:/FEP/ETH1512/MZ7035/CH02_PL_AXI_ETH_RGMII/Miz_sys/Miz_sys.srcs/sources_1/bd/system/ip/system_axi_ethernet_0_0/synth/system_axi_ethernet_0_0_ooc.xdc:39]
Finished Parsing XDC File [j:/FEP/ETH1512/MZ7035/CH02_PL_AXI_ETH_RGMII/Miz_sys/Miz_sys.srcs/sources_1/bd/system/ip/system_axi_ethernet_0_0/synth/system_axi_ethernet_0_0_ooc.xdc] for cell 'inst'
Parsing XDC File [j:/FEP/ETH1512/MZ7035/CH02_PL_AXI_ETH_RGMII/Miz_sys/Miz_sys.srcs/sources_1/bd/system/ip/system_axi_ethernet_0_0/system_axi_ethernet_0_0_board.xdc] for cell 'inst'
Finished Parsing XDC File [j:/FEP/ETH1512/MZ7035/CH02_PL_AXI_ETH_RGMII/Miz_sys/Miz_sys.srcs/sources_1/bd/system/ip/system_axi_ethernet_0_0/system_axi_ethernet_0_0_board.xdc] for cell 'inst'
Parsing XDC File [J:/FEP/ETH1512/MZ7035/CH02_PL_AXI_ETH_RGMII/Miz_sys/Miz_sys.runs/system_axi_ethernet_0_0_synth_1/dont_touch.xdc]
Finished Parsing XDC File [J:/FEP/ETH1512/MZ7035/CH02_PL_AXI_ETH_RGMII/Miz_sys/Miz_sys.runs/system_axi_ethernet_0_0_synth_1/dont_touch.xdc]
Completed Processing XDC Constraints

INFO: [Project 1-111] Unisim Transformation Summary:
No Unisim elements were transformed.

Constraint Validation Runtime : Time (s): cpu = 00:00:00 ; elapsed = 00:00:00.021 . Memory (MB): peak = 824.480 ; gain = 0.000
---------------------------------------------------------------------------------
Finished Constraint Validation : Time (s): cpu = 00:00:17 ; elapsed = 00:00:17 . Memory (MB): peak = 824.480 ; gain = 519.492
---------------------------------------------------------------------------------
---------------------------------------------------------------------------------
Start Loading Part and Timing Information
---------------------------------------------------------------------------------
Loading part: xc7z035ffg676-2
---------------------------------------------------------------------------------
Finished Loading Part and Timing Information : Time (s): cpu = 00:00:17 ; elapsed = 00:00:17 . Memory (MB): peak = 824.480 ; gain = 519.492
---------------------------------------------------------------------------------
---------------------------------------------------------------------------------
Start Applying 'set_property' XDC Constraints
---------------------------------------------------------------------------------
Applied set_property IO_BUFFER_TYPE = NONE for rgmii_rx_ctl. (constraint file  J:/FEP/ETH1512/MZ7035/CH02_PL_AXI_ETH_RGMII/Miz_sys/Miz_sys.runs/system_axi_ethernet_0_0_synth_1/.Xil/Vivado-59004-LB-201803132255/dcp7/bd_4bad_mac_0_in_context.xdc, line 7).
Applied set_property CLOCK_BUFFER_TYPE = NONE for rgmii_rx_ctl. (constraint file  J:/FEP/ETH1512/MZ7035/CH02_PL_AXI_ETH_RGMII/Miz_sys/Miz_sys.runs/system_axi_ethernet_0_0_synth_1/.Xil/Vivado-59004-LB-201803132255/dcp7/bd_4bad_mac_0_in_context.xdc, line 8).
Applied set_property IO_BUFFER_TYPE = NONE for rgmii_rxc. (constraint file  J:/FEP/ETH1512/MZ7035/CH02_PL_AXI_ETH_RGMII/Miz_sys/Miz_sys.runs/system_axi_ethernet_0_0_synth_1/.Xil/Vivado-59004-LB-201803132255/dcp7/bd_4bad_mac_0_in_context.xdc, line 9).
Applied set_property CLOCK_BUFFER_TYPE = NONE for rgmii_rxc. (constraint file  J:/FEP/ETH1512/MZ7035/CH02_PL_AXI_ETH_RGMII/Miz_sys/Miz_sys.runs/system_axi_ethernet_0_0_synth_1/.Xil/Vivado-59004-LB-201803132255/dcp7/bd_4bad_mac_0_in_context.xdc, line 10).
Applied set_property IO_BUFFER_TYPE = NONE for rgmii_rd[0]. (constraint file  J:/FEP/ETH1512/MZ7035/CH02_PL_AXI_ETH_RGMII/Miz_sys/Miz_sys.runs/system_axi_ethernet_0_0_synth_1/.Xil/Vivado-59004-LB-201803132255/dcp7/bd_4bad_mac_0_in_context.xdc, line 11).
Applied set_property CLOCK_BUFFER_TYPE = NONE for rgmii_rd[0]. (constraint file  J:/FEP/ETH1512/MZ7035/CH02_PL_AXI_ETH_RGMII/Miz_sys/Miz_sys.runs/system_axi_ethernet_0_0_synth_1/.Xil/Vivado-59004-LB-201803132255/dcp7/bd_4bad_mac_0_in_context.xdc, line 12).
Applied set_property IO_BUFFER_TYPE = NONE for rgmii_rd[1]. (constraint file  J:/FEP/ETH1512/MZ7035/CH02_PL_AXI_ETH_RGMII/Miz_sys/Miz_sys.runs/system_axi_ethernet_0_0_synth_1/.Xil/Vivado-59004-LB-201803132255/dcp7/bd_4bad_mac_0_in_context.xdc, line 13).
Applied set_property CLOCK_BUFFER_TYPE = NONE for rgmii_rd[1]. (constraint file  J:/FEP/ETH1512/MZ7035/CH02_PL_AXI_ETH_RGMII/Miz_sys/Miz_sys.runs/system_axi_ethernet_0_0_synth_1/.Xil/Vivado-59004-LB-201803132255/dcp7/bd_4bad_mac_0_in_context.xdc, line 14).
Applied set_property IO_BUFFER_TYPE = NONE for rgmii_rd[2]. (constraint file  J:/FEP/ETH1512/MZ7035/CH02_PL_AXI_ETH_RGMII/Miz_sys/Miz_sys.runs/system_axi_ethernet_0_0_synth_1/.Xil/Vivado-59004-LB-201803132255/dcp7/bd_4bad_mac_0_in_context.xdc, line 15).
Applied set_property CLOCK_BUFFER_TYPE = NONE for rgmii_rd[2]. (constraint file  J:/FEP/ETH1512/MZ7035/CH02_PL_AXI_ETH_RGMII/Miz_sys/Miz_sys.runs/system_axi_ethernet_0_0_synth_1/.Xil/Vivado-59004-LB-201803132255/dcp7/bd_4bad_mac_0_in_context.xdc, line 16).
Applied set_property IO_BUFFER_TYPE = NONE for rgmii_rd[3]. (constraint file  J:/FEP/ETH1512/MZ7035/CH02_PL_AXI_ETH_RGMII/Miz_sys/Miz_sys.runs/system_axi_ethernet_0_0_synth_1/.Xil/Vivado-59004-LB-201803132255/dcp7/bd_4bad_mac_0_in_context.xdc, line 17).
Applied set_property CLOCK_BUFFER_TYPE = NONE for rgmii_rd[3]. (constraint file  J:/FEP/ETH1512/MZ7035/CH02_PL_AXI_ETH_RGMII/Miz_sys/Miz_sys.runs/system_axi_ethernet_0_0_synth_1/.Xil/Vivado-59004-LB-201803132255/dcp7/bd_4bad_mac_0_in_context.xdc, line 18).
Applied set_property IO_BUFFER_TYPE = NONE for rgmii_tx_ctl. (constraint file  J:/FEP/ETH1512/MZ7035/CH02_PL_AXI_ETH_RGMII/Miz_sys/Miz_sys.runs/system_axi_ethernet_0_0_synth_1/.Xil/Vivado-59004-LB-201803132255/dcp7/bd_4bad_mac_0_in_context.xdc, line 19).
Applied set_property CLOCK_BUFFER_TYPE = NONE for rgmii_tx_ctl. (constraint file  J:/FEP/ETH1512/MZ7035/CH02_PL_AXI_ETH_RGMII/Miz_sys/Miz_sys.runs/system_axi_ethernet_0_0_synth_1/.Xil/Vivado-59004-LB-201803132255/dcp7/bd_4bad_mac_0_in_context.xdc, line 20).
Applied set_property IO_BUFFER_TYPE = NONE for rgmii_txc. (constraint file  J:/FEP/ETH1512/MZ7035/CH02_PL_AXI_ETH_RGMII/Miz_sys/Miz_sys.runs/system_axi_ethernet_0_0_synth_1/.Xil/Vivado-59004-LB-201803132255/dcp7/bd_4bad_mac_0_in_context.xdc, line 21).
Applied set_property CLOCK_BUFFER_TYPE = NONE for rgmii_txc. (constraint file  J:/FEP/ETH1512/MZ7035/CH02_PL_AXI_ETH_RGMII/Miz_sys/Miz_sys.runs/system_axi_ethernet_0_0_synth_1/.Xil/Vivado-59004-LB-201803132255/dcp7/bd_4bad_mac_0_in_context.xdc, line 22).
Applied set_property IO_BUFFER_TYPE = NONE for rgmii_td[0]. (constraint file  J:/FEP/ETH1512/MZ7035/CH02_PL_AXI_ETH_RGMII/Miz_sys/Miz_sys.runs/system_axi_ethernet_0_0_synth_1/.Xil/Vivado-59004-LB-201803132255/dcp7/bd_4bad_mac_0_in_context.xdc, line 23).
Applied set_property CLOCK_BUFFER_TYPE = NONE for rgmii_td[0]. (constraint file  J:/FEP/ETH1512/MZ7035/CH02_PL_AXI_ETH_RGMII/Miz_sys/Miz_sys.runs/system_axi_ethernet_0_0_synth_1/.Xil/Vivado-59004-LB-201803132255/dcp7/bd_4bad_mac_0_in_context.xdc, line 24).
Applied set_property IO_BUFFER_TYPE = NONE for rgmii_td[1]. (constraint file  J:/FEP/ETH1512/MZ7035/CH02_PL_AXI_ETH_RGMII/Miz_sys/Miz_sys.runs/system_axi_ethernet_0_0_synth_1/.Xil/Vivado-59004-LB-201803132255/dcp7/bd_4bad_mac_0_in_context.xdc, line 25).
Applied set_property CLOCK_BUFFER_TYPE = NONE for rgmii_td[1]. (constraint file  J:/FEP/ETH1512/MZ7035/CH02_PL_AXI_ETH_RGMII/Miz_sys/Miz_sys.runs/system_axi_ethernet_0_0_synth_1/.Xil/Vivado-59004-LB-201803132255/dcp7/bd_4bad_mac_0_in_context.xdc, line 26).
Applied set_property IO_BUFFER_TYPE = NONE for rgmii_td[2]. (constraint file  J:/FEP/ETH1512/MZ7035/CH02_PL_AXI_ETH_RGMII/Miz_sys/Miz_sys.runs/system_axi_ethernet_0_0_synth_1/.Xil/Vivado-59004-LB-201803132255/dcp7/bd_4bad_mac_0_in_context.xdc, line 27).
Applied set_property CLOCK_BUFFER_TYPE = NONE for rgmii_td[2]. (constraint file  J:/FEP/ETH1512/MZ7035/CH02_PL_AXI_ETH_RGMII/Miz_sys/Miz_sys.runs/system_axi_ethernet_0_0_synth_1/.Xil/Vivado-59004-LB-201803132255/dcp7/bd_4bad_mac_0_in_context.xdc, line 28).
Applied set_property IO_BUFFER_TYPE = NONE for rgmii_td[3]. (constraint file  J:/FEP/ETH1512/MZ7035/CH02_PL_AXI_ETH_RGMII/Miz_sys/Miz_sys.runs/system_axi_ethernet_0_0_synth_1/.Xil/Vivado-59004-LB-201803132255/dcp7/bd_4bad_mac_0_in_context.xdc, line 29).
Applied set_property CLOCK_BUFFER_TYPE = NONE for rgmii_td[3]. (constraint file  J:/FEP/ETH1512/MZ7035/CH02_PL_AXI_ETH_RGMII/Miz_sys/Miz_sys.runs/system_axi_ethernet_0_0_synth_1/.Xil/Vivado-59004-LB-201803132255/dcp7/bd_4bad_mac_0_in_context.xdc, line 30).
Applied set_property DONT_TOUCH = true for inst. (constraint file  auto generated constraint, line ).
Applied set_property DONT_TOUCH = true for inst/c_counter_binary_0. (constraint file  auto generated constraint, line ).
Applied set_property DONT_TOUCH = true for inst/c_shift_ram_0. (constraint file  auto generated constraint, line ).
Applied set_property DONT_TOUCH = true for inst/eth_buf. (constraint file  auto generated constraint, line ).
Applied set_property DONT_TOUCH = true for inst/mac. (constraint file  auto generated constraint, line ).
Applied set_property DONT_TOUCH = true for inst/util_vector_logic_0. (constraint file  auto generated constraint, line ).
Applied set_property DONT_TOUCH = true for inst/xlconstant_0. (constraint file  auto generated constraint, line ).
---------------------------------------------------------------------------------
Finished applying 'set_property' XDC Constraints : Time (s): cpu = 00:00:17 ; elapsed = 00:00:17 . Memory (MB): peak = 824.480 ; gain = 519.492
---------------------------------------------------------------------------------
---------------------------------------------------------------------------------
Finished RTL Optimization Phase 2 : Time (s): cpu = 00:00:17 ; elapsed = 00:00:17 . Memory (MB): peak = 824.480 ; gain = 519.492
---------------------------------------------------------------------------------

Report RTL Partitions: 
+-+--------------+------------+----------+
| |RTL Partition |Replication |Instances |
+-+--------------+------------+----------+
+-+--------------+------------+----------+
---------------------------------------------------------------------------------
Start RTL Component Statistics 
---------------------------------------------------------------------------------
Detailed RTL Component Info : 
---------------------------------------------------------------------------------
Finished RTL Component Statistics 
---------------------------------------------------------------------------------
---------------------------------------------------------------------------------
Start RTL Hierarchical Component Statistics 
---------------------------------------------------------------------------------
Hierarchical RTL Component report 
---------------------------------------------------------------------------------
Finished RTL Hierarchical Component Statistics
---------------------------------------------------------------------------------
---------------------------------------------------------------------------------
Start Part Resource Summary
---------------------------------------------------------------------------------
Part Resources:
DSPs: 900 (col length:140)
BRAMs: 1000 (col length: RAMB18 140 RAMB36 70)
---------------------------------------------------------------------------------
Finished Part Resource Summary
---------------------------------------------------------------------------------
---------------------------------------------------------------------------------
Start Cross Boundary and Area Optimization
---------------------------------------------------------------------------------
---------------------------------------------------------------------------------
Finished Cross Boundary and Area Optimization : Time (s): cpu = 00:00:17 ; elapsed = 00:00:18 . Memory (MB): peak = 824.480 ; gain = 519.492
---------------------------------------------------------------------------------

Report RTL Partitions: 
+-+--------------+------------+----------+
| |RTL Partition |Replication |Instances |
+-+--------------+------------+----------+
+-+--------------+------------+----------+
---------------------------------------------------------------------------------
Start Applying XDC Timing Constraints
---------------------------------------------------------------------------------
INFO: [Synth 8-5578] Moved timing constraint from pin 'inst/mac/rgmii_txc' to pin 'inst/mac/bbstub_rgmii_txc/O'
INFO: [Synth 8-5578] Moved timing constraint from pin 'inst/mac/rx_mac_aclk' to pin 'inst/mac/bbstub_rx_mac_aclk/O'
INFO: [Synth 8-5578] Moved timing constraint from pin 'inst/mac/gtx_clk90_out' to pin 'inst/mac/bbstub_gtx_clk90_out/O'
INFO: [Synth 8-5578] Moved timing constraint from pin 'inst/mac/gtx_clk_out' to pin 'inst/mac/bbstub_gtx_clk_out/O'
INFO: [Synth 8-5578] Moved timing constraint from pin 'inst/mac/tx_mac_aclk' to pin 'inst/mac/bbstub_tx_mac_aclk/O'
WARNING: [Synth 8-565] redefining clock 'rgmii_rxc'
INFO: [Synth 8-5819] Moved 5 constraints on hierarchical pins to their respective driving/loading pins
---------------------------------------------------------------------------------
Finished Applying XDC Timing Constraints : Time (s): cpu = 00:00:26 ; elapsed = 00:00:26 . Memory (MB): peak = 869.289 ; gain = 564.301
---------------------------------------------------------------------------------
---------------------------------------------------------------------------------
Start Timing Optimization
---------------------------------------------------------------------------------
---------------------------------------------------------------------------------
Finished Timing Optimization : Time (s): cpu = 00:00:26 ; elapsed = 00:00:26 . Memory (MB): peak = 869.445 ; gain = 564.457
---------------------------------------------------------------------------------

Report RTL Partitions: 
+-+--------------+------------+----------+
| |RTL Partition |Replication |Instances |
+-+--------------+------------+----------+
+-+--------------+------------+----------+
---------------------------------------------------------------------------------
Start Technology Mapping
---------------------------------------------------------------------------------
---------------------------------------------------------------------------------
Finished Technology Mapping : Time (s): cpu = 00:00:26 ; elapsed = 00:00:26 . Memory (MB): peak = 879.195 ; gain = 574.207
---------------------------------------------------------------------------------

Report RTL Partitions: 
+-+--------------+------------+----------+
| |RTL Partition |Replication |Instances |
+-+--------------+------------+----------+
+-+--------------+------------+----------+
---------------------------------------------------------------------------------
Start IO Insertion
---------------------------------------------------------------------------------
---------------------------------------------------------------------------------
Start Flattening Before IO Insertion
---------------------------------------------------------------------------------
---------------------------------------------------------------------------------
Finished Flattening Before IO Insertion
---------------------------------------------------------------------------------
---------------------------------------------------------------------------------
Start Final Netlist Cleanup
---------------------------------------------------------------------------------
---------------------------------------------------------------------------------
Finished Final Netlist Cleanup
---------------------------------------------------------------------------------
---------------------------------------------------------------------------------
Finished IO Insertion : Time (s): cpu = 00:00:26 ; elapsed = 00:00:27 . Memory (MB): peak = 879.195 ; gain = 574.207
---------------------------------------------------------------------------------

Report Check Netlist: 
+------+------------------+-------+---------+-------+------------------+
|      |Item              |Errors |Warnings |Status |Description       |
+------+------------------+-------+---------+-------+------------------+
|1     |multi_driven_nets |      0|        0|Passed |Multi driven nets |
+------+------------------+-------+---------+-------+------------------+
---------------------------------------------------------------------------------
Start Renaming Generated Instances
---------------------------------------------------------------------------------
---------------------------------------------------------------------------------
Finished Renaming Generated Instances : Time (s): cpu = 00:00:26 ; elapsed = 00:00:27 . Memory (MB): peak = 879.195 ; gain = 574.207
---------------------------------------------------------------------------------

Report RTL Partitions: 
+-+--------------+------------+----------+
| |RTL Partition |Replication |Instances |
+-+--------------+------------+----------+
+-+--------------+------------+----------+
---------------------------------------------------------------------------------
Start Rebuilding User Hierarchy
---------------------------------------------------------------------------------
---------------------------------------------------------------------------------
Finished Rebuilding User Hierarchy : Time (s): cpu = 00:00:26 ; elapsed = 00:00:27 . Memory (MB): peak = 879.195 ; gain = 574.207
---------------------------------------------------------------------------------
---------------------------------------------------------------------------------
Start Renaming Generated Ports
---------------------------------------------------------------------------------
---------------------------------------------------------------------------------
Finished Renaming Generated Ports : Time (s): cpu = 00:00:26 ; elapsed = 00:00:27 . Memory (MB): peak = 879.195 ; gain = 574.207
---------------------------------------------------------------------------------
---------------------------------------------------------------------------------
Start Handling Custom Attributes
---------------------------------------------------------------------------------
---------------------------------------------------------------------------------
Finished Handling Custom Attributes : Time (s): cpu = 00:00:26 ; elapsed = 00:00:27 . Memory (MB): peak = 879.195 ; gain = 574.207
---------------------------------------------------------------------------------
---------------------------------------------------------------------------------
Start Renaming Generated Nets
---------------------------------------------------------------------------------
---------------------------------------------------------------------------------
Finished Renaming Generated Nets : Time (s): cpu = 00:00:26 ; elapsed = 00:00:27 . Memory (MB): peak = 879.195 ; gain = 574.207
---------------------------------------------------------------------------------
---------------------------------------------------------------------------------
Start Writing Synthesis Report
---------------------------------------------------------------------------------

Report BlackBoxes: 
+------+------------------------------+----------+
|      |BlackBox name                 |Instances |
+------+------------------------------+----------+
|1     |bd_4bad_c_counter_binary_0_0  |         1|
|2     |bd_4bad_c_shift_ram_0_0       |         1|
|3     |bd_4bad_eth_buf_0             |         1|
|4     |bd_4bad_mac_0                 |         1|
|5     |bd_4bad_util_vector_logic_0_0 |         1|
|6     |bd_4bad_xlconstant_0_0        |         1|
+------+------------------------------+----------+

Report Cell Usage: 
+------+------------------------------+------+
|      |Cell                          |Count |
+------+------------------------------+------+
|1     |bd_4bad_c_counter_binary_0_0  |     1|
|2     |bd_4bad_c_shift_ram_0_0       |     1|
|3     |bd_4bad_eth_buf_0             |     1|
|4     |bd_4bad_mac_0                 |     1|
|5     |bd_4bad_util_vector_logic_0_0 |     1|
|6     |bd_4bad_xlconstant_0_0        |     1|
+------+------------------------------+------+

Report Instance Areas: 
+------+---------+--------+------+
|      |Instance |Module  |Cells |
+------+---------+--------+------+
|1     |top      |        |   396|
|2     |  inst   |bd_4bad |   396|
+------+---------+--------+------+
---------------------------------------------------------------------------------
Finished Writing Synthesis Report : Time (s): cpu = 00:00:26 ; elapsed = 00:00:27 . Memory (MB): peak = 879.195 ; gain = 574.207
---------------------------------------------------------------------------------
Synthesis finished with 0 errors, 0 critical warnings and 1 warnings.
Synthesis Optimization Runtime : Time (s): cpu = 00:00:15 ; elapsed = 00:00:20 . Memory (MB): peak = 879.195 ; gain = 218.641
Synthesis Optimization Complete : Time (s): cpu = 00:00:27 ; elapsed = 00:00:27 . Memory (MB): peak = 879.195 ; gain = 574.207
INFO: [Project 1-571] Translating synthesized netlist
INFO: [Project 1-570] Preparing netlist for logic optimization
INFO: [Opt 31-138] Pushed 0 inverter(s) to 0 load pin(s).
INFO: [Project 1-111] Unisim Transformation Summary:
No Unisim elements were transformed.

INFO: [Common 17-83] Releasing license: Synthesis
31 Infos, 5 Warnings, 0 Critical Warnings and 0 Errors encountered.
synth_design completed successfully
synth_design: Time (s): cpu = 00:00:28 ; elapsed = 00:00:30 . Memory (MB): peak = 904.348 ; gain = 605.098
INFO: [Common 17-1381] The checkpoint 'J:/FEP/ETH1512/MZ7035/CH02_PL_AXI_ETH_RGMII/Miz_sys/Miz_sys.runs/system_axi_ethernet_0_0_synth_1/system_axi_ethernet_0_0.dcp' has been generated.
INFO: [Coretcl 2-1482] Added synthesis output to IP cache for IP j:/FEP/ETH1512/MZ7035/CH02_PL_AXI_ETH_RGMII/Miz_sys/Miz_sys.srcs/sources_1/bd/system/ip/system_axi_ethernet_0_0/system_axi_ethernet_0_0.xci
INFO: [Coretcl 2-1174] Renamed 7 cell refs.
INFO: [Common 17-1381] The checkpoint 'J:/FEP/ETH1512/MZ7035/CH02_PL_AXI_ETH_RGMII/Miz_sys/Miz_sys.runs/system_axi_ethernet_0_0_synth_1/system_axi_ethernet_0_0.dcp' has been generated.
INFO: [runtcl-4] Executing : report_utilization -file system_axi_ethernet_0_0_utilization_synth.rpt -pb system_axi_ethernet_0_0_utilization_synth.pb
report_utilization: Time (s): cpu = 00:00:00 ; elapsed = 00:00:00.115 . Memory (MB): peak = 904.730 ; gain = 0.000
INFO: [Common 17-206] Exiting Vivado at Thu Jul 19 15:12:53 2018...
