#-----------------------------------------------------------
# Vivado v2018.2.1 (64-bit)
# SW Build 2288692 on Thu Jul 26 18:24:02 MDT 2018
# IP Build 2289599 on Thu Jul 26 21:09:20 MDT 2018
# Start of session at: Wed Apr  1 09:00:21 2020
# Process ID: 6688
# Current directory: E:/FILE/FPGA/08_LAN/01_udp_ip_rgmii
# Command line: vivado.exe -gui_launcher_event rodinguilauncherevent8044 E:\FILE\FPGA\08_LAN\01_udp_ip_rgmii\udp_ip.xpr
# Log file: E:/FILE/FPGA/08_LAN/01_udp_ip_rgmii/vivado.log
# Journal file: E:/FILE/FPGA/08_LAN/01_udp_ip_rgmii\vivado.jou
#-----------------------------------------------------------
start_gui
open_project E:/FILE/FPGA/08_LAN/01_udp_ip_rgmii/udp_ip.xpr
INFO: [Project 1-313] Project file moved from 'F:/FILE/FPGA/test/CH01_udp_ip_rgmii/udp_ip_rgmii_1ch' since last save.
Scanning sources...
Finished scanning sources
CRITICAL WARNING: [Project 1-505] Unrecognized Option Name DcpsUptoDate
INFO: [IP_Flow 19-234] Refreshing IP repositories
INFO: [IP_Flow 19-1704] No user IP repositories specified
INFO: [IP_Flow 19-2313] Loaded Vivado IP repository 'C:/Xilinx/Vivado/2018.2/data/ip'.
CRITICAL WARNING: [IP_Flow 19-5008] Invalid value for parameter usage type 'simulation.rtl'
CRITICAL WARNING: [IP_Flow 19-5008] Invalid value for parameter usage type 'simulation.rtl'
CRITICAL WARNING: [IP_Flow 19-5008] Invalid value for parameter usage type 'simulation.rtl'
CRITICAL WARNING: [IP_Flow 19-5008] Invalid value for parameter usage type 'simulation.rtl'
CRITICAL WARNING: [IP_Flow 19-5008] Invalid value for parameter usage type 'simulation.rtl'
CRITICAL WARNING: [IP_Flow 19-5008] Invalid value for parameter usage type 'simulation.rtl'
CRITICAL WARNING: [IP_Flow 19-5008] Invalid value for parameter usage type 'simulation.rtl'
CRITICAL WARNING: [IP_Flow 19-5008] Invalid value for parameter usage type 'simulation.rtl'
CRITICAL WARNING: [IP_Flow 19-5008] Invalid value for parameter usage type 'simulation.rtl'
CRITICAL WARNING: [IP_Flow 19-5008] Invalid value for parameter usage type 'simulation.rtl'
CRITICAL WARNING: [IP_Flow 19-182] Failed to load BOM file 'e:/FILE/FPGA/08_LAN/01_udp_ip_rgmii/udp_ip.srcs/sources_1/ip/mac_frame_length_fifo/mac_frame_length_fifo.xml'.
CRITICAL WARNING: [IP_Flow 19-183] Failed to load IP instance 'mac_frame_length_fifo'.
CRITICAL WARNING: [IP_Flow 19-1835] Failed to recreate IP instance 'mac_frame_length_fifo'. Error reading project file(s).
CRITICAL WARNING: [IP_Flow 19-5008] Invalid value for parameter usage type 'simulation.rtl'
CRITICAL WARNING: [IP_Flow 19-5008] Invalid value for parameter usage type 'simulation.rtl'
CRITICAL WARNING: [IP_Flow 19-5008] Invalid value for parameter usage type 'simulation.rtl'
CRITICAL WARNING: [IP_Flow 19-5008] Invalid value for parameter usage type 'simulation.rtl'
CRITICAL WARNING: [IP_Flow 19-5008] Invalid value for parameter usage type 'simulation.rtl'
CRITICAL WARNING: [IP_Flow 19-5008] Invalid value for parameter usage type 'simulation.rtl'
CRITICAL WARNING: [IP_Flow 19-5008] Invalid value for parameter usage type 'simulation.rtl'
CRITICAL WARNING: [IP_Flow 19-5008] Invalid value for parameter usage type 'simulation.rtl'
CRITICAL WARNING: [IP_Flow 19-5008] Invalid value for parameter usage type 'simulation.rtl'
CRITICAL WARNING: [IP_Flow 19-5008] Invalid value for parameter usage type 'simulation.rtl'
CRITICAL WARNING: [IP_Flow 19-182] Failed to load BOM file 'e:/FILE/FPGA/08_LAN/01_udp_ip_rgmii/udp_ip.srcs/sources_1/ip/mac_receive_fifo/mac_receive_fifo.xml'.
CRITICAL WARNING: [IP_Flow 19-183] Failed to load IP instance 'mac_receive_fifo'.
CRITICAL WARNING: [IP_Flow 19-1835] Failed to recreate IP instance 'mac_receive_fifo'. Error reading project file(s).
CRITICAL WARNING: [IP_Flow 19-5008] Invalid value for parameter usage type 'simulation.rtl'
CRITICAL WARNING: [IP_Flow 19-5008] Invalid value for parameter usage type 'simulation.rtl'
CRITICAL WARNING: [IP_Flow 19-182] Failed to load BOM file 'e:/FILE/FPGA/08_LAN/01_udp_ip_rgmii/udp_ip.srcs/sources_1/ip/shift_mac/shift_mac.xml'.
CRITICAL WARNING: [IP_Flow 19-183] Failed to load IP instance 'shift_mac'.
CRITICAL WARNING: [IP_Flow 19-1835] Failed to recreate IP instance 'shift_mac'. Error reading project file(s).
CRITICAL WARNING: [IP_Flow 19-5008] Invalid value for parameter usage type 'simulation.rtl'
CRITICAL WARNING: [IP_Flow 19-5008] Invalid value for parameter usage type 'simulation.rtl'
CRITICAL WARNING: [IP_Flow 19-5008] Invalid value for parameter usage type 'simulation.rtl'
CRITICAL WARNING: [IP_Flow 19-5008] Invalid value for parameter usage type 'simulation.rtl'
CRITICAL WARNING: [IP_Flow 19-5008] Invalid value for parameter usage type 'simulation.rtl'
CRITICAL WARNING: [IP_Flow 19-5008] Invalid value for parameter usage type 'simulation.rtl'
CRITICAL WARNING: [IP_Flow 19-5008] Invalid value for parameter usage type 'simulation.rtl'
CRITICAL WARNING: [IP_Flow 19-5008] Invalid value for parameter usage type 'simulation.rtl'
CRITICAL WARNING: [IP_Flow 19-5008] Invalid value for parameter usage type 'simulation.rtl'
CRITICAL WARNING: [IP_Flow 19-5008] Invalid value for parameter usage type 'simulation.rtl'
CRITICAL WARNING: [IP_Flow 19-182] Failed to load BOM file 'e:/FILE/FPGA/08_LAN/01_udp_ip_rgmii/udp_ip.srcs/sources_1/ip/mac_tx_frame_info_fifo/mac_tx_frame_info_fifo.xml'.
CRITICAL WARNING: [IP_Flow 19-183] Failed to load IP instance 'mac_tx_frame_info_fifo'.
CRITICAL WARNING: [IP_Flow 19-1835] Failed to recreate IP instance 'mac_tx_frame_info_fifo'. Error reading project file(s).
CRITICAL WARNING: [IP_Flow 19-5008] Invalid value for parameter usage type 'simulation.rtl'
CRITICAL WARNING: [IP_Flow 19-5008] Invalid value for parameter usage type 'simulation.rtl'
CRITICAL WARNING: [IP_Flow 19-5008] Invalid value for parameter usage type 'simulation.rtl'
CRITICAL WARNING: [IP_Flow 19-5008] Invalid value for parameter usage type 'simulation.rtl'
CRITICAL WARNING: [IP_Flow 19-5008] Invalid value for parameter usage type 'simulation.rtl'
CRITICAL WARNING: [IP_Flow 19-5008] Invalid value for parameter usage type 'simulation.rtl'
CRITICAL WARNING: [IP_Flow 19-5008] Invalid value for parameter usage type 'simulation.rtl'
CRITICAL WARNING: [IP_Flow 19-5008] Invalid value for parameter usage type 'simulation.rtl'
CRITICAL WARNING: [IP_Flow 19-5008] Invalid value for parameter usage type 'simulation.rtl'
CRITICAL WARNING: [IP_Flow 19-5008] Invalid value for parameter usage type 'simulation.rtl'
CRITICAL WARNING: [IP_Flow 19-182] Failed to load BOM file 'e:/FILE/FPGA/08_LAN/01_udp_ip_rgmii/udp_ip.srcs/sources_1/ip/MAC_send_fifo/MAC_send_fifo.xml'.
CRITICAL WARNING: [IP_Flow 19-183] Failed to load IP instance 'MAC_send_fifo'.
CRITICAL WARNING: [IP_Flow 19-1835] Failed to recreate IP instance 'MAC_send_fifo'. Error reading project file(s).
CRITICAL WARNING: [IP_Flow 19-5008] Invalid value for parameter usage type 'simulation.rtl'
CRITICAL WARNING: [IP_Flow 19-5008] Invalid value for parameter usage type 'simulation.rtl'
CRITICAL WARNING: [IP_Flow 19-182] Failed to load BOM file 'e:/FILE/FPGA/08_LAN/01_udp_ip_rgmii/udp_ip.srcs/sources_1/ip/shift_ip/shift_ip.xml'.
CRITICAL WARNING: [IP_Flow 19-183] Failed to load IP instance 'shift_ip'.
CRITICAL WARNING: [IP_Flow 19-1835] Failed to recreate IP instance 'shift_ip'. Error reading project file(s).
CRITICAL WARNING: [IP_Flow 19-5008] Invalid value for parameter usage type 'simulation.rtl'
CRITICAL WARNING: [IP_Flow 19-5008] Invalid value for parameter usage type 'simulation.rtl'
CRITICAL WARNING: [IP_Flow 19-5008] Invalid value for parameter usage type 'simulation.rtl'
CRITICAL WARNING: [IP_Flow 19-5008] Invalid value for parameter usage type 'simulation.rtl'
CRITICAL WARNING: [IP_Flow 19-5008] Invalid value for parameter usage type 'simulation.rtl'
CRITICAL WARNING: [IP_Flow 19-5008] Invalid value for parameter usage type 'simulation.rtl'
CRITICAL WARNING: [IP_Flow 19-5008] Invalid value for parameter usage type 'simulation.rtl'
CRITICAL WARNING: [IP_Flow 19-5008] Invalid value for parameter usage type 'simulation.rtl'
CRITICAL WARNING: [IP_Flow 19-5008] Invalid value for parameter usage type 'simulation.rtl'
CRITICAL WARNING: [IP_Flow 19-5008] Invalid value for parameter usage type 'simulation.rtl'
CRITICAL WARNING: [IP_Flow 19-182] Failed to load BOM file 'e:/FILE/FPGA/08_LAN/01_udp_ip_rgmii/udp_ip.srcs/sources_1/ip/echo_data_fifo/echo_data_fifo.xml'.
CRITICAL WARNING: [IP_Flow 19-183] Failed to load IP instance 'echo_data_fifo'.
CRITICAL WARNING: [IP_Flow 19-1835] Failed to recreate IP instance 'echo_data_fifo'. Error reading project file(s).
CRITICAL WARNING: [IP_Flow 19-5008] Invalid value for parameter usage type 'simulation.rtl'
CRITICAL WARNING: [IP_Flow 19-5008] Invalid value for parameter usage type 'simulation.rtl'
CRITICAL WARNING: [IP_Flow 19-182] Failed to load BOM file 'e:/FILE/FPGA/08_LAN/01_udp_ip_rgmii/udp_ip.srcs/sources_1/ip/shift/shift.xml'.
CRITICAL WARNING: [IP_Flow 19-183] Failed to load IP instance 'shift'.
CRITICAL WARNING: [IP_Flow 19-1835] Failed to recreate IP instance 'shift'. Error reading project file(s).
CRITICAL WARNING: [IP_Flow 19-5008] Invalid value for parameter usage type 'simulation.rtl'
CRITICAL WARNING: [IP_Flow 19-5008] Invalid value for parameter usage type 'simulation.rtl'
CRITICAL WARNING: [IP_Flow 19-5008] Invalid value for parameter usage type 'simulation.rtl'
CRITICAL WARNING: [IP_Flow 19-5008] Invalid value for parameter usage type 'simulation.rtl'
CRITICAL WARNING: [IP_Flow 19-5008] Invalid value for parameter usage type 'simulation.rtl'
CRITICAL WARNING: [IP_Flow 19-5008] Invalid value for parameter usage type 'simulation.rtl'
CRITICAL WARNING: [IP_Flow 19-5008] Invalid value for parameter usage type 'simulation.rtl'
CRITICAL WARNING: [IP_Flow 19-5008] Invalid value for parameter usage type 'simulation.rtl'
CRITICAL WARNING: [IP_Flow 19-5008] Invalid value for parameter usage type 'simulation.rtl'
CRITICAL WARNING: [IP_Flow 19-5008] Invalid value for parameter usage type 'simulation.rtl'
CRITICAL WARNING: [IP_Flow 19-182] Failed to load BOM file 'e:/FILE/FPGA/08_LAN/01_udp_ip_rgmii/udp_ip.srcs/sources_1/ip/udp_packet_fifo/udp_packet_fifo.xml'.
CRITICAL WARNING: [IP_Flow 19-183] Failed to load IP instance 'udp_packet_fifo'.
CRITICAL WARNING: [IP_Flow 19-1835] Failed to recreate IP instance 'udp_packet_fifo'. Error reading project file(s).
CRITICAL WARNING: [IP_Flow 19-5008] Invalid value for parameter usage type 'simulation.rtl'
CRITICAL WARNING: [IP_Flow 19-5008] Invalid value for parameter usage type 'simulation.rtl'
CRITICAL WARNING: [IP_Flow 19-5008] Invalid value for parameter usage type 'simulation.rtl'
CRITICAL WARNING: [IP_Flow 19-5008] Invalid value for parameter usage type 'simulation.rtl'
CRITICAL WARNING: [IP_Flow 19-5008] Invalid value for parameter usage type 'simulation.rtl'
CRITICAL WARNING: [IP_Flow 19-5008] Invalid value for parameter usage type 'simulation.rtl'
CRITICAL WARNING: [IP_Flow 19-5008] Invalid value for parameter usage type 'simulation.rtl'
CRITICAL WARNING: [IP_Flow 19-5008] Invalid value for parameter usage type 'simulation.rtl'
CRITICAL WARNING: [IP_Flow 19-5008] Invalid value for parameter usage type 'simulation.rtl'
CRITICAL WARNING: [IP_Flow 19-5008] Invalid value for parameter usage type 'simulation.rtl'
CRITICAL WARNING: [IP_Flow 19-5008] Invalid value for parameter usage type 'simulation.rtl'
CRITICAL WARNING: [IP_Flow 19-182] Failed to load BOM file 'e:/FILE/FPGA/08_LAN/01_udp_ip_rgmii/udp_ip.srcs/sources_1/ip/clk_wiz_0/clk_wiz_0.xml'.
CRITICAL WARNING: [IP_Flow 19-183] Failed to load IP instance 'clk_wiz_0'.
CRITICAL WARNING: [IP_Flow 19-1835] Failed to recreate IP instance 'clk_wiz_0'. Error reading project file(s).
WARNING: [Project 1-231] Project 'udp_ip.xpr' was created with a future version and may or may not perform reliably with this version of Vivado. It has been opened in read-only mode for the protection of unrecognized data. Use 'File | Save Project As...' if you wish to alter a copy of the project.
open_project: Time (s): cpu = 00:00:12 ; elapsed = 00:00:08 . Memory (MB): peak = 840.020 ; gain = 127.547
update_compile_order -fileset sources_1
exit
INFO: [Common 17-206] Exiting Vivado at Wed Apr  1 09:02:53 2020...
