
*** Running vivado
    with args -log system_xlconcat_0_0.vds -m64 -product Vivado -mode batch -messageDb vivado.pb -notrace -source system_xlconcat_0_0.tcl


****** Vivado v2016.4 (64-bit)
  **** SW Build 1733598 on Wed Dec 14 22:35:39 MST 2016
  **** IP Build 1731160 on Wed Dec 14 23:47:21 MST 2016
    ** Copyright 1986-2016 Xilinx, Inc. All Rights Reserved.

source system_xlconcat_0_0.tcl -notrace
Starting RTL Elaboration : Time (s): cpu = 00:00:07 ; elapsed = 00:00:11 . Memory (MB): peak = 322.961 ; gain = 112.645
INFO: [Synth 8-638] synthesizing module 'system_xlconcat_0_0' [f:/MIZ7035_Demon/s3/CH08_DMA_PL_LWIP/Miz_sys/Miz_sys.srcs/sources_1/bd/system/ip/system_xlconcat_0_0/synth/system_xlconcat_0_0.v:58]
INFO: [Synth 8-638] synthesizing module 'xlconcat' [f:/MIZ7035_Demon/s3/CH08_DMA_PL_LWIP/Miz_sys/Miz_sys.srcs/sources_1/bd/system/ipshared/2e37/xlconcat.v:14]
INFO: [Synth 8-256] done synthesizing module 'xlconcat' (1#1) [f:/MIZ7035_Demon/s3/CH08_DMA_PL_LWIP/Miz_sys/Miz_sys.srcs/sources_1/bd/system/ipshared/2e37/xlconcat.v:14]
INFO: [Synth 8-256] done synthesizing module 'system_xlconcat_0_0' (2#1) [f:/MIZ7035_Demon/s3/CH08_DMA_PL_LWIP/Miz_sys/Miz_sys.srcs/sources_1/bd/system/ip/system_xlconcat_0_0/synth/system_xlconcat_0_0.v:58]
Finished RTL Elaboration : Time (s): cpu = 00:00:08 ; elapsed = 00:00:13 . Memory (MB): peak = 359.121 ; gain = 148.805
Finished RTL Optimization Phase 1 : Time (s): cpu = 00:00:08 ; elapsed = 00:00:13 . Memory (MB): peak = 359.121 ; gain = 148.805
INFO: [Device 21-403] Loading part xc7z035ffg676-2
Constraint Validation Runtime : Time (s): cpu = 00:00:00 ; elapsed = 00:00:00.010 . Memory (MB): peak = 628.113 ; gain = 0.000
Finished Constraint Validation : Time (s): cpu = 00:00:21 ; elapsed = 00:00:26 . Memory (MB): peak = 628.113 ; gain = 417.797
Finished Loading Part and Timing Information : Time (s): cpu = 00:00:21 ; elapsed = 00:00:26 . Memory (MB): peak = 628.113 ; gain = 417.797
Finished applying 'set_property' XDC Constraints : Time (s): cpu = 00:00:21 ; elapsed = 00:00:26 . Memory (MB): peak = 628.113 ; gain = 417.797
Finished RTL Optimization Phase 2 : Time (s): cpu = 00:00:21 ; elapsed = 00:00:26 . Memory (MB): peak = 628.113 ; gain = 417.797
Finished Cross Boundary and Area Optimization : Time (s): cpu = 00:00:21 ; elapsed = 00:00:27 . Memory (MB): peak = 628.113 ; gain = 417.797
Finished Applying XDC Timing Constraints : Time (s): cpu = 00:00:33 ; elapsed = 00:00:39 . Memory (MB): peak = 655.262 ; gain = 444.945
Finished Timing Optimization : Time (s): cpu = 00:00:33 ; elapsed = 00:00:39 . Memory (MB): peak = 655.266 ; gain = 444.949
Finished Technology Mapping : Time (s): cpu = 00:00:33 ; elapsed = 00:00:39 . Memory (MB): peak = 664.973 ; gain = 454.656
Finished IO Insertion : Time (s): cpu = 00:00:34 ; elapsed = 00:00:40 . Memory (MB): peak = 664.973 ; gain = 454.656
Finished Renaming Generated Instances : Time (s): cpu = 00:00:34 ; elapsed = 00:00:40 . Memory (MB): peak = 664.973 ; gain = 454.656
Finished Rebuilding User Hierarchy : Time (s): cpu = 00:00:34 ; elapsed = 00:00:40 . Memory (MB): peak = 664.973 ; gain = 454.656
Finished Renaming Generated Ports : Time (s): cpu = 00:00:34 ; elapsed = 00:00:40 . Memory (MB): peak = 664.973 ; gain = 454.656
Finished Handling Custom Attributes : Time (s): cpu = 00:00:34 ; elapsed = 00:00:40 . Memory (MB): peak = 664.973 ; gain = 454.656
Finished Renaming Generated Nets : Time (s): cpu = 00:00:34 ; elapsed = 00:00:40 . Memory (MB): peak = 664.973 ; gain = 454.656

Report Cell Usage: 
+-+-----+------+
| |Cell |Count |
+-+-----+------+
+-+-----+------+
Finished Writing Synthesis Report : Time (s): cpu = 00:00:34 ; elapsed = 00:00:40 . Memory (MB): peak = 664.973 ; gain = 454.656
synth_design: Time (s): cpu = 00:00:32 ; elapsed = 00:00:37 . Memory (MB): peak = 687.039 ; gain = 448.613
