Copyright 1986-2016 Xilinx, Inc. All Rights Reserved.
------------------------------------------------------------------------------------------------
| Tool Version : Vivado v.2016.4 (win64) Build 1733598 Wed Dec 14 22:35:39 MST 2016
| Date         : Thu Sep 21 23:29:20 2017
| Host         : DESKTOP-NK9IJDR running 64-bit major release  (build 9200)
| Command      : report_clock_utilization -file aurora_8b10b_exdes_clock_utilization_routed.rpt
| Design       : aurora_8b10b_exdes
| Device       : 7a100t-fgg484
| Speed File   : -2  PRODUCTION 1.16 2016-11-09
------------------------------------------------------------------------------------------------

Clock Utilization Report

Table of Contents
-----------------
1. Clock Primitive Utilization
2. Global Clock Resources
3. Global Clock Source Details
4. Local Clock Details
5. Clock Regions: Key Resource Utilization
6. Clock Regions : Global Clock Summary
7. Cell Type Counts per Global Clock: Region X0Y2
8. Cell Type Counts per Global Clock: Region X1Y2
9. Cell Type Counts per Global Clock: Region X1Y3
10. Load Cell Placement Summary for Global Clock g0
11. Load Cell Placement Summary for Global Clock g1
12. Load Cell Placement Summary for Global Clock g2

1. Clock Primitive Utilization
------------------------------

+----------+------+-----------+-----+--------------+--------+
| Type     | Used | Available | LOC | Clock Region | Pblock |
+----------+------+-----------+-----+--------------+--------+
| BUFGCTRL |    3 |        32 |   0 |            0 |      0 |
| BUFH     |    0 |        96 |   0 |            0 |      0 |
| BUFIO    |    0 |        24 |   0 |            0 |      0 |
| BUFMR    |    0 |        12 |   0 |            0 |      0 |
| BUFR     |    0 |        24 |   0 |            0 |      0 |
| MMCM     |    0 |         6 |   0 |            0 |      0 |
| PLL      |    0 |         6 |   0 |            0 |      0 |
+----------+------+-----------+-----+--------------+--------+


2. Global Clock Resources
-------------------------

+-----------+-----------+-----------------+------------+----------------+--------------+------+-------------------+-------------------+-------------+-----------------+--------------+-------------------------------------------------------------------------------------------------------------------+------------------------------------------------------+-----------------------------------------+
| Global Id | Source Id | Driver Type/Pin | Constraint | Site           | Clock Region | Root | Clock Delay Group | Load Clock Region | Clock Loads | Non-Clock Loads | Clock Period | Clock                                                                                                             | Driver Pin                                           | Net                                     |
+-----------+-----------+-----------------+------------+----------------+--------------+------+-------------------+-------------------+-------------+-----------------+--------------+-------------------------------------------------------------------------------------------------------------------+------------------------------------------------------+-----------------------------------------+
| g0        | src0      | BUFG/O          | None       | BUFGCTRL_X0Y17 | n/a          |      |                   |                 2 |        1580 |               0 |       20.000 | INIT_CLK_IN                                                                                                       | init_clk_i_BUFG_inst/O                               | init_clk_i_BUFG                         |
| g1        | src1      | BUFG/O          | None       | BUFGCTRL_X0Y16 | n/a          |      |                   |                 2 |        1068 |               0 |       16.000 | aurora_module_i/inst/aurora_8b10b_core_i/gt_wrapper_i/aurora_8b10b_multi_gt_i/gt0_aurora_8b10b_i/gtpe2_i/TXOUTCLK | aurora_module_i/inst/clock_module_i/user_clk_buf_i/O | aurora_module_i/inst/clock_module_i/CLK |
| g2        | src2      | BUFG/O          | None       | BUFGCTRL_X0Y0  | n/a          |      |                   |                 2 |         365 |               0 |       33.000 | dbg_hub/inst/SWITCH_N_EXT_BSCAN.bscan_inst/SERIES7_BSCAN.bscan_inst/TCK                                           | dbg_hub/inst/SWITCH_N_EXT_BSCAN.u_bufg_icon_tck/O    | dbg_hub/inst/itck_i                     |
+-----------+-----------+-----------------+------------+----------------+--------------+------+-------------------+-------------------+-------------+-----------------+--------------+-------------------------------------------------------------------------------------------------------------------+------------------------------------------------------+-----------------------------------------+
* Clock Loads column represents the clock pin loads (pin count)
** Non-Clock Loads column represents the non-clock pin loads (pin count)


3. Global Clock Source Details
------------------------------

+-----------+-----------+------------------------+--------------------+--------------------+--------------+-------------+-----------------+---------------------+-------------------------------------------------------------------------------------------------------------------+-------------------------------------------------------------------------------------------------------------------+---------------------------------------------------------------------------------------------------------------+
| Source Id | Global Id | Driver Type/Pin        | Constraint         | Site               | Clock Region | Clock Loads | Non-Clock Loads | Source Clock Period | Source Clock                                                                                                      | Driver Pin                                                                                                        | Net                                                                                                           |
+-----------+-----------+------------------------+--------------------+--------------------+--------------+-------------+-----------------+---------------------+-------------------------------------------------------------------------------------------------------------------+-------------------------------------------------------------------------------------------------------------------+---------------------------------------------------------------------------------------------------------------+
| src0      | g0        | IBUF/O                 | IOB_X0Y122         | IOB_X0Y122         | X0Y2         |           3 |               0 |              20.000 | INIT_CLK_IN                                                                                                       | init_clk_bufg/O                                                                                                   | init_clk_i                                                                                                    |
| src1      | g1        | GTPE2_CHANNEL/TXOUTCLK | GTPE2_CHANNEL_X0Y4 | GTPE2_CHANNEL_X0Y4 | X1Y3         |           1 |               0 |              16.000 | aurora_module_i/inst/aurora_8b10b_core_i/gt_wrapper_i/aurora_8b10b_multi_gt_i/gt0_aurora_8b10b_i/gtpe2_i/TXOUTCLK | aurora_module_i/inst/aurora_8b10b_core_i/gt_wrapper_i/aurora_8b10b_multi_gt_i/gt0_aurora_8b10b_i/gtpe2_i/TXOUTCLK | aurora_module_i/inst/aurora_8b10b_core_i/gt_wrapper_i/aurora_8b10b_multi_gt_i/gt0_aurora_8b10b_i/tx_out_clk_i |
| src2      | g2        | BSCANE2/TCK            | None               | BSCAN_X0Y0         | X0Y1         |           1 |               0 |              33.000 | dbg_hub/inst/SWITCH_N_EXT_BSCAN.bscan_inst/SERIES7_BSCAN.bscan_inst/TCK                                           | dbg_hub/inst/SWITCH_N_EXT_BSCAN.bscan_inst/SERIES7_BSCAN.bscan_inst/TCK                                           | dbg_hub/inst/SWITCH_N_EXT_BSCAN.bscan_inst/tck_bs                                                             |
+-----------+-----------+------------------------+--------------------+--------------------+--------------+-------------+-----------------+---------------------+-------------------------------------------------------------------------------------------------------------------+-------------------------------------------------------------------------------------------------------------------+---------------------------------------------------------------------------------------------------------------+
* Clock Loads column represents the clock pin loads (pin count)
** Non-Clock Loads column represents the non-clock pin loads (pin count)


4. Local Clock Details
----------------------

+----------+-------------------------+------------+--------------------------------+--------------+-------------+-----------------+--------------+-------+--------------------------------------------------------------------+-----------------------------------------------------------+
| Local Id | Driver Type/Pin         | Constraint | Site/BEL                       | Clock Region | Clock Loads | Non-Clock Loads | Clock Period | Clock | Driver Pin                                                         | Net                                                       |
+----------+-------------------------+------------+--------------------------------+--------------+-------------+-----------------+--------------+-------+--------------------------------------------------------------------+-----------------------------------------------------------+
| 0        | GTPE2_COMMON/PLL0OUTCLK | None       | GTPE2_COMMON_X0Y1/GTPE2_COMMON | X1Y3         |           1 |               0 |              |       | aurora_module_i/inst/gt_common_support/gtpe2_common_0_i/PLL0OUTCLK | aurora_module_i/inst/gt_common_support/gt0_pll0outclk_out |
| 1        | GTPE2_COMMON/PLL1OUTCLK | None       | GTPE2_COMMON_X0Y1/GTPE2_COMMON | X1Y3         |           1 |               0 |              |       | aurora_module_i/inst/gt_common_support/gtpe2_common_0_i/PLL1OUTCLK | aurora_module_i/inst/gt_common_support/gt0_pll1outclk_out |
+----------+-------------------------+------------+--------------------------------+--------------+-------------+-----------------+--------------+-------+--------------------------------------------------------------------+-----------------------------------------------------------+
* Local Clocks in this context represents only clocks driven by non-global buffers
** Clock Loads column represents the clock pin loads (pin count)
*** Non-Clock Loads column represents the non-clock pin loads (pin count)


5. Clock Regions: Key Resource Utilization
------------------------------------------

+-------------------+--------------+--------------+--------------+--------------+--------------+--------------+--------------+--------------+--------------+--------------+--------------+--------------+--------------+--------------+--------------+
|                   | Global Clock |     BUFRs    |    BUFMRs    |    BUFIOs    |     MMCM     |      PLL     |      GT      |      PCI     |    ILOGIC    |    OLOGIC    |      FF      |     LUTM     |    RAMB18    |    RAMB36    |    DSP48E2   |
+-------------------+------+-------+------+-------+------+-------+------+-------+------+-------+------+-------+------+-------+------+-------+------+-------+------+-------+------+-------+------+-------+------+-------+------+-------+------+-------+
| Clock Region Name | Used | Avail | Used | Avail | Used | Avail | Used | Avail | Used | Avail | Used | Avail | Used | Avail | Used | Avail | Used | Avail | Used | Avail | Used | Avail | Used | Avail | Used | Avail | Used | Avail | Used | Avail |
+-------------------+------+-------+------+-------+------+-------+------+-------+------+-------+------+-------+------+-------+------+-------+------+-------+------+-------+------+-------+------+-------+------+-------+------+-------+------+-------+
| X0Y0              |    0 |    12 |    0 |     4 |    0 |     2 |    0 |     4 |    0 |     1 |    0 |     1 |    0 |     0 |    0 |     0 |    0 |    50 |    0 |    50 |    0 |  2600 |    0 |   600 |    0 |    20 |    0 |    10 |    0 |    20 |
| X1Y0              |    0 |    12 |    0 |     0 |    0 |     0 |    0 |     0 |    0 |     0 |    0 |     0 |    0 |     4 |    0 |     0 |    0 |     0 |    0 |     0 |    0 |  1500 |    0 |   550 |    0 |    40 |    0 |    20 |    0 |    40 |
| X0Y1              |    0 |    12 |    0 |     4 |    0 |     2 |    0 |     4 |    0 |     1 |    0 |     1 |    0 |     0 |    0 |     0 |    0 |    50 |    0 |    50 |    0 |  2000 |    0 |   600 |    0 |    20 |    0 |    10 |    0 |    20 |
| X1Y1              |    0 |    12 |    0 |     4 |    0 |     2 |    0 |     4 |    0 |     1 |    0 |     1 |    0 |     0 |    0 |     0 |    0 |    50 |    0 |    50 |    0 |  1900 |    0 |   650 |    0 |    60 |    0 |    30 |    0 |    40 |
| X0Y2              |    1 |    12 |    0 |     4 |    0 |     2 |    0 |     4 |    0 |     1 |    0 |     1 |    0 |     0 |    0 |     0 |    0 |    50 |    0 |    50 |   65 |  2000 |   12 |   600 |    0 |    20 |    0 |    10 |    0 |    20 |
| X1Y2              |    3 |    12 |    0 |     4 |    0 |     2 |    0 |     4 |    0 |     1 |    0 |     1 |    0 |     0 |    0 |     0 |    0 |    50 |    0 |    50 | 2035 |  1900 |  754 |   650 |    0 |    60 |    1 |    30 |    0 |    40 |
| X0Y3              |    0 |    12 |    0 |     4 |    0 |     2 |    0 |     4 |    0 |     1 |    0 |     1 |    0 |     0 |    0 |     0 |    0 |    50 |    0 |    50 |    0 |  2600 |    0 |   600 |    0 |    20 |    0 |    10 |    0 |    20 |
| X1Y3              |    2 |    12 |    0 |     0 |    0 |     0 |    0 |     0 |    0 |     0 |    0 |     0 |    1 |     4 |    0 |     1 |    0 |     0 |    0 |     0 |  730 |  1350 |  299 |   500 |    0 |    30 |    1 |    15 |    0 |    40 |
+-------------------+------+-------+------+-------+------+-------+------+-------+------+-------+------+-------+------+-------+------+-------+------+-------+------+-------+------+-------+------+-------+------+-------+------+-------+------+-------+
* Global Clock column represents track count; while other columns represents cell counts


6. Clock Regions : Global Clock Summary
---------------------------------------

+----+----+----+
|    | X0 | X1 |
+----+----+----+
| Y3 |  0 |  2 |
| Y2 |  1 |  3 |
| Y1 |  0 |  0 |
| Y0 |  0 |  0 |
+----+----+----+


7. Cell Type Counts per Global Clock: Region X0Y2
-------------------------------------------------

+-----------+-------+-----------------+------------+-------------+-----------------+----+--------+------+-----+----+------+-----+---------+---------------------+
| Global Id | Track | Driver Type/Pin | Constraint | Clock Loads | Non-Clock Loads | FF | LUTRAM | RAMB | DSP | GT | MMCM | PLL | Hard IP | Net                 |
+-----------+-------+-----------------+------------+-------------+-----------------+----+--------+------+-----+----+------+-----+---------+---------------------+
| g2        | n/a   | BUFG/O          | None       |          65 |               0 | 65 |      0 |    0 |   0 |  0 |    0 |   0 |       0 | dbg_hub/inst/itck_i |
+-----------+-------+-----------------+------------+-------------+-----------------+----+--------+------+-----+----+------+-----+---------+---------------------+
* Clock Loads column represents the clock pin loads (pin count)
** Non-Clock Loads column represents the non-clock pin loads (pin count)
*** Columns FF, LUTRAM, RAMB through 'Hard IP' represents load cell counts


8. Cell Type Counts per Global Clock: Region X1Y2
-------------------------------------------------

+-----------+-------+-----------------+------------+-------------+-----------------+------+--------+------+-----+----+------+-----+---------+-----------------------------------------+
| Global Id | Track | Driver Type/Pin | Constraint | Clock Loads | Non-Clock Loads | FF   | LUTRAM | RAMB | DSP | GT | MMCM | PLL | Hard IP | Net                                     |
+-----------+-------+-----------------+------------+-------------+-----------------+------+--------+------+-----+----+------+-----+---------+-----------------------------------------+
| g0        | n/a   | BUFG/O          | None       |        1376 |               0 | 1346 |     29 |    1 |   0 |  0 |    0 |   0 |       0 | init_clk_i_BUFG                         |
| g1        | n/a   | BUFG/O          | None       |         434 |               0 |  392 |     41 |    1 |   0 |  0 |    0 |   0 |       0 | aurora_module_i/inst/clock_module_i/CLK |
| g2        | n/a   | BUFG/O          | None       |         297 |               0 |  297 |      0 |    0 |   0 |  0 |    0 |   0 |       0 | dbg_hub/inst/itck_i                     |
+-----------+-------+-----------------+------------+-------------+-----------------+------+--------+------+-----+----+------+-----+---------+-----------------------------------------+
* Clock Loads column represents the clock pin loads (pin count)
** Non-Clock Loads column represents the non-clock pin loads (pin count)
*** Columns FF, LUTRAM, RAMB through 'Hard IP' represents load cell counts


9. Cell Type Counts per Global Clock: Region X1Y3
-------------------------------------------------

+-----------+-------+-----------------+------------+-------------+-----------------+-----+--------+------+-----+----+------+-----+---------+-----------------------------------------+
| Global Id | Track | Driver Type/Pin | Constraint | Clock Loads | Non-Clock Loads | FF  | LUTRAM | RAMB | DSP | GT | MMCM | PLL | Hard IP | Net                                     |
+-----------+-------+-----------------+------------+-------------+-----------------+-----+--------+------+-----+----+------+-----+---------+-----------------------------------------+
| g0        | n/a   | BUFG/O          | None       |         141 |               0 | 140 |      0 |    1 |   0 |  0 |    0 |   0 |       0 | init_clk_i_BUFG                         |
| g1        | n/a   | BUFG/O          | None       |         631 |               0 | 590 |     39 |    1 |   0 |  1 |    0 |   0 |       0 | aurora_module_i/inst/clock_module_i/CLK |
+-----------+-------+-----------------+------------+-------------+-----------------+-----+--------+------+-----+----+------+-----+---------+-----------------------------------------+
* Clock Loads column represents the clock pin loads (pin count)
** Non-Clock Loads column represents the non-clock pin loads (pin count)
*** Columns FF, LUTRAM, RAMB through 'Hard IP' represents load cell counts


10. Load Cell Placement Summary for Global Clock g0
---------------------------------------------------

+-----------+-----------------+-------------------+-------------+-------------+----------------+----------+-------------+----------+----------------+----------+-----------------+
| Global Id | Driver Type/Pin | Driver Region (D) | Clock       | Period (ns) | Waveform (ns)  | Root (R) | Slice Loads | IO Loads | Clocking Loads | GT Loads | Net             |
+-----------+-----------------+-------------------+-------------+-------------+----------------+----------+-------------+----------+----------------+----------+-----------------+
| g0        | BUFG/O          | n/a               | INIT_CLK_IN |      20.000 | {0.000 10.000} |          |        1517 |        0 |              0 |        0 | init_clk_i_BUFG |
+-----------+-----------------+-------------------+-------------+-------------+----------------+----------+-------------+----------+----------------+----------+-----------------+
* Slice Loads column represents load cell count of all cell types other than IO, GT and clock resources
** IO Loads column represents load cell count of IO types
*** Clocking Loads column represents load cell count that are clock resources (global clock buffer, MMCM, PLL, etc)
**** GT Loads column represents load cell count of GT types


+----+----+-------+
|    | X0 | X1    |
+----+----+-------+
| Y3 |  0 |   141 |
| Y2 |  0 |  1376 |
| Y1 |  0 |     0 |
| Y0 |  0 |     0 |
+----+----+-------+


11. Load Cell Placement Summary for Global Clock g1
---------------------------------------------------

+-----------+-----------------+-------------------+-------------------------------------------------------------------------------------------------------------------+-------------+---------------+----------+-------------+----------+----------------+----------+-----------------------------------------+
| Global Id | Driver Type/Pin | Driver Region (D) | Clock                                                                                                             | Period (ns) | Waveform (ns) | Root (R) | Slice Loads | IO Loads | Clocking Loads | GT Loads | Net                                     |
+-----------+-----------------+-------------------+-------------------------------------------------------------------------------------------------------------------+-------------+---------------+----------+-------------+----------+----------------+----------+-----------------------------------------+
| g1        | BUFG/O          | n/a               | aurora_module_i/inst/aurora_8b10b_core_i/gt_wrapper_i/aurora_8b10b_multi_gt_i/gt0_aurora_8b10b_i/gtpe2_i/TXOUTCLK |      16.000 | {0.000 8.000} |          |        1064 |        0 |              0 |        1 | aurora_module_i/inst/clock_module_i/CLK |
+-----------+-----------------+-------------------+-------------------------------------------------------------------------------------------------------------------+-------------+---------------+----------+-------------+----------+----------------+----------+-----------------------------------------+
* Slice Loads column represents load cell count of all cell types other than IO, GT and clock resources
** IO Loads column represents load cell count of IO types
*** Clocking Loads column represents load cell count that are clock resources (global clock buffer, MMCM, PLL, etc)
**** GT Loads column represents load cell count of GT types


+----+----+------+
|    | X0 | X1   |
+----+----+------+
| Y3 |  0 |  631 |
| Y2 |  0 |  434 |
| Y1 |  0 |    0 |
| Y0 |  0 |    0 |
+----+----+------+


12. Load Cell Placement Summary for Global Clock g2
---------------------------------------------------

+-----------+-----------------+-------------------+-------------------------------------------------------------------------+-------------+----------------+----------+-------------+----------+----------------+----------+---------------------+
| Global Id | Driver Type/Pin | Driver Region (D) | Clock                                                                   | Period (ns) | Waveform (ns)  | Root (R) | Slice Loads | IO Loads | Clocking Loads | GT Loads | Net                 |
+-----------+-----------------+-------------------+-------------------------------------------------------------------------+-------------+----------------+----------+-------------+----------+----------------+----------+---------------------+
| g2        | BUFG/O          | n/a               | dbg_hub/inst/SWITCH_N_EXT_BSCAN.bscan_inst/SERIES7_BSCAN.bscan_inst/TCK |      33.000 | {0.000 16.500} |          |         362 |        0 |              0 |        0 | dbg_hub/inst/itck_i |
+-----------+-----------------+-------------------+-------------------------------------------------------------------------+-------------+----------------+----------+-------------+----------+----------------+----------+---------------------+
* Slice Loads column represents load cell count of all cell types other than IO, GT and clock resources
** IO Loads column represents load cell count of IO types
*** Clocking Loads column represents load cell count that are clock resources (global clock buffer, MMCM, PLL, etc)
**** GT Loads column represents load cell count of GT types


+----+-----+------+
|    | X0  | X1   |
+----+-----+------+
| Y3 |   0 |    0 |
| Y2 |  65 |  297 |
| Y1 |   0 |    0 |
| Y0 |   0 |    0 |
+----+-----+------+



# Location of BUFG Primitives 
set_property LOC BUFGCTRL_X0Y17 [get_cells init_clk_i_BUFG_inst]
set_property LOC BUFGCTRL_X0Y0 [get_cells dbg_hub/inst/SWITCH_N_EXT_BSCAN.u_bufg_icon_tck]
set_property LOC BUFGCTRL_X0Y16 [get_cells aurora_module_i/inst/clock_module_i/user_clk_buf_i]

# Location of IO Primitives which is load of clock spine

# Location of clock ports
set_property LOC IOB_X0Y122 [get_ports INIT_CLK_IN]

# Clock net "init_clk_i_BUFG" driven by instance "init_clk_i_BUFG_inst" located at site "BUFGCTRL_X0Y17"
#startgroup
create_pblock {CLKAG_init_clk_i_BUFG}
add_cells_to_pblock [get_pblocks  {CLKAG_init_clk_i_BUFG}] [get_cells -filter { PRIMITIVE_GROUP != I/O && IS_PRIMITIVE==1 && PRIMITIVE_LEVEL !=INTERNAL } -of_object [get_pins -filter {DIRECTION==IN} -of_objects [get_nets -hierarchical -filter {PARENT=="init_clk_i_BUFG"}]]]
resize_pblock [get_pblocks {CLKAG_init_clk_i_BUFG}] -add {CLOCKREGION_X1Y2:CLOCKREGION_X1Y2 CLOCKREGION_X1Y3:CLOCKREGION_X1Y3}
#endgroup

# Clock net "dbg_hub/inst/itck_i" driven by instance "dbg_hub/inst/SWITCH_N_EXT_BSCAN.u_bufg_icon_tck" located at site "BUFGCTRL_X0Y0"
#startgroup
create_pblock {CLKAG_dbg_hub/inst/itck_i}
add_cells_to_pblock [get_pblocks  {CLKAG_dbg_hub/inst/itck_i}] [get_cells -filter { PRIMITIVE_GROUP != I/O && IS_PRIMITIVE==1 && PRIMITIVE_LEVEL !=INTERNAL } -of_object [get_pins -filter {DIRECTION==IN} -of_objects [get_nets -hierarchical -filter {PARENT=="dbg_hub/inst/itck_i"}]]]
resize_pblock [get_pblocks {CLKAG_dbg_hub/inst/itck_i}] -add {CLOCKREGION_X0Y2:CLOCKREGION_X0Y2 CLOCKREGION_X1Y2:CLOCKREGION_X1Y2}
#endgroup

# Clock net "aurora_module_i/inst/clock_module_i/CLK" driven by instance "aurora_module_i/inst/clock_module_i/user_clk_buf_i" located at site "BUFGCTRL_X0Y16"
#startgroup
create_pblock {CLKAG_aurora_module_i/inst/clock_module_i/CLK}
add_cells_to_pblock [get_pblocks  {CLKAG_aurora_module_i/inst/clock_module_i/CLK}] [get_cells -filter { PRIMITIVE_GROUP != I/O && IS_PRIMITIVE==1 && PRIMITIVE_LEVEL !=INTERNAL } -of_object [get_pins -filter {DIRECTION==IN} -of_objects [get_nets -hierarchical -filter {PARENT=="aurora_module_i/inst/clock_module_i/CLK"}]]]
resize_pblock [get_pblocks {CLKAG_aurora_module_i/inst/clock_module_i/CLK}] -add {CLOCKREGION_X1Y2:CLOCKREGION_X1Y2 CLOCKREGION_X1Y3:CLOCKREGION_X1Y3}
#endgroup
