Copyright 1986-2016 Xilinx, Inc. All Rights Reserved.
-------------------------------------------------------------------------------------------------------------------------------------------
| Tool Version : Vivado v.2016.4 (win64) Build 1733598 Wed Dec 14 22:35:39 MST 2016
| Date         : Thu Sep 21 23:29:17 2017
| Host         : DESKTOP-NK9IJDR running 64-bit major release  (build 9200)
| Command      : report_methodology -file aurora_8b10b_exdes_methodology_drc_routed.rpt -rpx aurora_8b10b_exdes_methodology_drc_routed.rpx
| Design       : aurora_8b10b_exdes
| Device       : xc7a100tfgg484-2
| Speed File   : -2
| Design State : Routed
-------------------------------------------------------------------------------------------------------------------------------------------

Report Methodology

Table of Contents
-----------------
1. REPORT SUMMARY
2. REPORT DETAILS

1. REPORT SUMMARY
-----------------
            Netlist: netlist
          Floorplan: design_1
      Design limits: <entire design considered>
             Max violations: <unlimited>
             Violations found: 21
+-----------+----------+-------------------------------------------------+------------+
| Rule      | Severity | Description                                     | Violations |
+-----------+----------+-------------------------------------------------+------------+
| PDRC-190  | Warning  | Suboptimally placed synchronized register chain | 15         |
| TIMING-6  | Warning  | No common primary clock between related clocks  | 2          |
| TIMING-7  | Warning  | No common node between related clocks           | 2          |
| TIMING-9  | Warning  | Unknown CDC Logic                               | 1          |
| TIMING-18 | Warning  | Missing input or output delay                   | 1          |
+-----------+----------+-------------------------------------------------+------------+

2. REPORT DETAILS
-----------------
PDRC-190#1 Warning
Suboptimally placed synchronized register chain  
The FDRE cell dbg_hub/inst/CORE_XSDB.UUT_MASTER/U_ICON_INTERFACE/U_CMD2/stat_reg_reg[0] in site SLICE_X58Y128 is part of a synchronized register chain that is suboptimally placed as the load FDRE cell dbg_hub/inst/CORE_XSDB.UUT_MASTER/U_ICON_INTERFACE/U_CMD2/stat_reg_1_reg[0] is not placed in the same (SLICE) site.
Related violations: <none>

PDRC-190#2 Warning
Suboptimally placed synchronized register chain  
The FDRE cell dbg_hub/inst/CORE_XSDB.UUT_MASTER/U_ICON_INTERFACE/U_CMD2/stat_reg_reg[1] in site SLICE_X56Y129 is part of a synchronized register chain that is suboptimally placed as the load FDRE cell dbg_hub/inst/CORE_XSDB.UUT_MASTER/U_ICON_INTERFACE/U_CMD2/stat_reg_1_reg[1] is not placed in the same (SLICE) site.
Related violations: <none>

PDRC-190#3 Warning
Suboptimally placed synchronized register chain  
The FDRE cell dbg_hub/inst/CORE_XSDB.UUT_MASTER/U_ICON_INTERFACE/U_CMD2/stat_reg_reg[2] in site SLICE_X59Y129 is part of a synchronized register chain that is suboptimally placed as the load FDRE cell dbg_hub/inst/CORE_XSDB.UUT_MASTER/U_ICON_INTERFACE/U_CMD2/stat_reg_1_reg[2] is not placed in the same (SLICE) site.
Related violations: <none>

PDRC-190#4 Warning
Suboptimally placed synchronized register chain  
The FDRE cell dbg_hub/inst/CORE_XSDB.UUT_MASTER/U_ICON_INTERFACE/U_CMD2/stat_reg_reg[3] in site SLICE_X57Y129 is part of a synchronized register chain that is suboptimally placed as the load FDRE cell dbg_hub/inst/CORE_XSDB.UUT_MASTER/U_ICON_INTERFACE/U_CMD2/stat_reg_1_reg[3] is not placed in the same (SLICE) site.
Related violations: <none>

PDRC-190#5 Warning
Suboptimally placed synchronized register chain  
The FDRE cell dbg_hub/inst/CORE_XSDB.UUT_MASTER/U_ICON_INTERFACE/U_CMD3/stat_reg_reg[0] in site SLICE_X59Y122 is part of a synchronized register chain that is suboptimally placed as the load FDRE cell dbg_hub/inst/CORE_XSDB.UUT_MASTER/U_ICON_INTERFACE/U_CMD3/stat_reg_1_reg[0] is not placed in the same (SLICE) site.
Related violations: <none>

PDRC-190#6 Warning
Suboptimally placed synchronized register chain  
The FDRE cell dbg_hub/inst/CORE_XSDB.UUT_MASTER/U_ICON_INTERFACE/U_CMD3/stat_reg_reg[1] in site SLICE_X58Y122 is part of a synchronized register chain that is suboptimally placed as the load FDRE cell dbg_hub/inst/CORE_XSDB.UUT_MASTER/U_ICON_INTERFACE/U_CMD3/stat_reg_1_reg[1] is not placed in the same (SLICE) site.
Related violations: <none>

PDRC-190#7 Warning
Suboptimally placed synchronized register chain  
The FDRE cell dbg_hub/inst/CORE_XSDB.UUT_MASTER/U_ICON_INTERFACE/U_CMD3/stat_reg_reg[2] in site SLICE_X60Y123 is part of a synchronized register chain that is suboptimally placed as the load FDRE cell dbg_hub/inst/CORE_XSDB.UUT_MASTER/U_ICON_INTERFACE/U_CMD3/stat_reg_1_reg[2] is not placed in the same (SLICE) site.
Related violations: <none>

PDRC-190#8 Warning
Suboptimally placed synchronized register chain  
The FDRE cell dbg_hub/inst/CORE_XSDB.UUT_MASTER/U_ICON_INTERFACE/U_CMD3/stat_reg_reg[3] in site SLICE_X58Y125 is part of a synchronized register chain that is suboptimally placed as the load FDRE cell dbg_hub/inst/CORE_XSDB.UUT_MASTER/U_ICON_INTERFACE/U_CMD3/stat_reg_1_reg[3] is not placed in the same (SLICE) site.
Related violations: <none>

PDRC-190#9 Warning
Suboptimally placed synchronized register chain  
The FDRE cell dbg_hub/inst/CORE_XSDB.UUT_MASTER/U_ICON_INTERFACE/U_CMD4/shift_reg_in_reg[12] in site SLICE_X61Y125 is part of a synchronized register chain that is suboptimally placed as the load FDRE cell dbg_hub/inst/CORE_XSDB.UUT_MASTER/U_ICON_INTERFACE/U_CMD4/shift_reg_in_reg[11] is not placed in the same (SLICE) site.
Related violations: <none>

PDRC-190#10 Warning
Suboptimally placed synchronized register chain  
The FDRE cell dbg_hub/inst/CORE_XSDB.UUT_MASTER/U_ICON_INTERFACE/U_CMD4/shift_reg_in_reg[20] in site SLICE_X61Y124 is part of a synchronized register chain that is suboptimally placed as the load FDRE cell dbg_hub/inst/CORE_XSDB.UUT_MASTER/U_ICON_INTERFACE/U_CMD4/shift_reg_in_reg[19] is not placed in the same (SLICE) site.
Related violations: <none>

PDRC-190#11 Warning
Suboptimally placed synchronized register chain  
The FDRE cell dbg_hub/inst/CORE_XSDB.UUT_MASTER/U_ICON_INTERFACE/U_CMD4/shift_reg_in_reg[4] in site SLICE_X61Y126 is part of a synchronized register chain that is suboptimally placed as the load FDRE cell dbg_hub/inst/CORE_XSDB.UUT_MASTER/U_ICON_INTERFACE/U_CMD4/shift_reg_in_reg[3] is not placed in the same (SLICE) site.
Related violations: <none>

PDRC-190#12 Warning
Suboptimally placed synchronized register chain  
The FDRE cell dbg_hub/inst/CORE_XSDB.UUT_MASTER/U_ICON_INTERFACE/U_CMD5/shift_reg_in_reg[10] in site SLICE_X62Y130 is part of a synchronized register chain that is suboptimally placed as the load FDRE cell dbg_hub/inst/CORE_XSDB.UUT_MASTER/U_ICON_INTERFACE/U_CMD5/shift_reg_in_reg[9] is not placed in the same (SLICE) site.
Related violations: <none>

PDRC-190#13 Warning
Suboptimally placed synchronized register chain  
The FDRE cell dbg_hub/inst/CORE_XSDB.UUT_MASTER/U_ICON_INTERFACE/U_CMD5/shift_reg_in_reg[2] in site SLICE_X62Y131 is part of a synchronized register chain that is suboptimally placed as the load FDRE cell dbg_hub/inst/CORE_XSDB.UUT_MASTER/U_ICON_INTERFACE/U_CMD5/shift_reg_in_reg[1] is not placed in the same (SLICE) site.
Related violations: <none>

PDRC-190#14 Warning
Suboptimally placed synchronized register chain  
The FDRE cell dbg_hub/inst/CORE_XSDB.UUT_MASTER/U_ICON_INTERFACE/U_CMD7_CTL/shift_reg_in_reg[0] in site SLICE_X56Y123 is part of a synchronized register chain that is suboptimally placed as the load FDRE cell dbg_hub/inst/CORE_XSDB.UUT_MASTER/U_ICON_INTERFACE/U_CMD7_STAT/stat_reg_reg[0] is not placed in the same (SLICE) site.
Related violations: <none>

PDRC-190#15 Warning
Suboptimally placed synchronized register chain  
The FDRE cell dbg_hub/inst/CORE_XSDB.UUT_MASTER/U_ICON_INTERFACE/U_CMD7_STAT/stat_reg_reg[0] in site SLICE_X56Y124 is part of a synchronized register chain that is suboptimally placed as the load FDRE cell dbg_hub/inst/CORE_XSDB.UUT_MASTER/U_ICON_INTERFACE/U_CMD7_STAT/stat_reg_1_reg[0] is not placed in the same (SLICE) site.
Related violations: <none>

TIMING-6#1 Warning
No common primary clock between related clocks  
The clocks INIT_CLK_IN and aurora_module_i/inst/aurora_8b10b_core_i/gt_wrapper_i/aurora_8b10b_multi_gt_i/gt0_aurora_8b10b_i/gtpe2_i/TXOUTCLK are related (timed together) but they have no common primary clock. The design could fail in hardware. To find a timing path between these clocks, run the following command: report_timing -from [get_clocks INIT_CLK_IN] -to [get_clocks aurora_module_i/inst/aurora_8b10b_core_i/gt_wrapper_i/aurora_8b10b_multi_gt_i/gt0_aurora_8b10b_i/gtpe2_i/TXOUTCLK]
Related violations: <none>

TIMING-6#2 Warning
No common primary clock between related clocks  
The clocks aurora_module_i/inst/aurora_8b10b_core_i/gt_wrapper_i/aurora_8b10b_multi_gt_i/gt0_aurora_8b10b_i/gtpe2_i/TXOUTCLK and INIT_CLK_IN are related (timed together) but they have no common primary clock. The design could fail in hardware. To find a timing path between these clocks, run the following command: report_timing -from [get_clocks aurora_module_i/inst/aurora_8b10b_core_i/gt_wrapper_i/aurora_8b10b_multi_gt_i/gt0_aurora_8b10b_i/gtpe2_i/TXOUTCLK] -to [get_clocks INIT_CLK_IN]
Related violations: <none>

TIMING-7#1 Warning
No common node between related clocks  
The clocks INIT_CLK_IN and aurora_module_i/inst/aurora_8b10b_core_i/gt_wrapper_i/aurora_8b10b_multi_gt_i/gt0_aurora_8b10b_i/gtpe2_i/TXOUTCLK are related (timed together) but they have no common node. The design could fail in hardware. To find a timing path between these clocks, run the following command: report_timing -from [get_clocks INIT_CLK_IN] -to [get_clocks aurora_module_i/inst/aurora_8b10b_core_i/gt_wrapper_i/aurora_8b10b_multi_gt_i/gt0_aurora_8b10b_i/gtpe2_i/TXOUTCLK]
Related violations: <none>

TIMING-7#2 Warning
No common node between related clocks  
The clocks aurora_module_i/inst/aurora_8b10b_core_i/gt_wrapper_i/aurora_8b10b_multi_gt_i/gt0_aurora_8b10b_i/gtpe2_i/TXOUTCLK and INIT_CLK_IN are related (timed together) but they have no common node. The design could fail in hardware. To find a timing path between these clocks, run the following command: report_timing -from [get_clocks aurora_module_i/inst/aurora_8b10b_core_i/gt_wrapper_i/aurora_8b10b_multi_gt_i/gt0_aurora_8b10b_i/gtpe2_i/TXOUTCLK] -to [get_clocks INIT_CLK_IN]
Related violations: <none>

TIMING-9#1 Warning
Unknown CDC Logic  
One or more asynchronous Clock Domain Crossing has been detected between 2 clock domains through a set_false_path or a set_clock_groups or set_max_delay -datapath_only constraint but no double-registers logic synchronizer has been found on the side of the capture clock. It is recommended to run report_cdc for a complete and detailed CDC coverage
Related violations: <none>

TIMING-18#1 Warning
Missing input or output delay  
An input delay is missing on sys_rst_n relative to clock(s) INIT_CLK_IN aurora_module_i/inst/aurora_8b10b_core_i/gt_wrapper_i/aurora_8b10b_multi_gt_i/gt0_aurora_8b10b_i/gtpe2_i/TXOUTCLK 
Related violations: <none>


