#-----------------------------------------------------------
# Vivado v2015.4 (64-bit)
# SW Build 1412921 on Wed Nov 18 09:43:45 MST 2015
# IP Build 1412160 on Tue Nov 17 13:47:24 MST 2015
# Start of session at: Sun Nov 13 20:56:32 2016
# Process ID: 2416
# Current directory: D:/MIZ_SOC/CH15_AXI_OLED/Miz_ip_lib/AXI_OLED/AXI_OLED
# Command line: vivado.exe -gui_launcher_event rodinguilauncherevent6024 D:\MIZ_SOC\CH15_AXI_OLED\Miz_ip_lib\AXI_OLED\AXI_OLED\AXI_OLED.xpr
# Log file: D:/MIZ_SOC/CH15_AXI_OLED/Miz_ip_lib/AXI_OLED/AXI_OLED/vivado.log
# Journal file: D:/MIZ_SOC/CH15_AXI_OLED/Miz_ip_lib/AXI_OLED/AXI_OLED\vivado.jou
#-----------------------------------------------------------
start_gui
open_project D:/MIZ_SOC/CH15_AXI_OLED/Miz_ip_lib/AXI_OLED/AXI_OLED/AXI_OLED.xpr
INFO: [Project 1-313] Project file moved from 'D:/MIZ_SOC/CH14_AXI_OLED/AXI_OLED/AXI_OLED' since last save.
Scanning sources...
Finished scanning sources
INFO: [IP_Flow 19-234] Refreshing IP repositories
INFO: [IP_Flow 19-1704] No user IP repositories specified
INFO: [IP_Flow 19-2313] Loaded Vivado IP repository 'D:/Xilinx/Vivado/2015.4/data/ip'.
exit
INFO: [Common 17-206] Exiting Vivado at Sun Nov 13 22:02:51 2016...
