10:58:24 INFO  : Registering command handlers for SDK TCF services
10:58:25 INFO  : Launching XSCT server: xsct.bat -interactive D:\vivado_project\miz7035\lwip_sfp\Miz_sys\Miz_sys.sdk\temp_xsdb_launch_script.tcl
10:58:28 INFO  : XSCT server has started successfully.
10:58:31 INFO  : Successfully done setting XSCT server connection channel  
10:58:31 INFO  : Successfully done setting SDK workspace  
10:58:31 INFO  : Processing command line option -hwspec D:/vivado_project/miz7035/lwip_sfp/Miz_sys/Miz_sys.sdk/system_wrapper.hdf.
11:05:07 INFO  : Refreshed build settings on project tcp_echo_server
11:05:50 INFO  : Refreshed build settings on project tcp_echo_server
11:21:17 INFO  : Refreshed build settings on project tcp_echo_server
11:25:07 INFO  : Refreshed build settings on project tcp_echo_server
11:32:30 INFO  : Refreshed build settings on project tcp_echo_server
13:36:18 INFO  : Refreshed build settings on project tcp_echo_server
13:37:31 INFO  : Saving repository preferences.
13:37:31 INFO  : Reading in cores from local repositories: 
		 D:\vivado_project\miz7035\lwip_sfp\Miz_sys\Miz_sys.sdk\sdk_repo
13:37:31 INFO  : Cleaning BSP projects in the workspace.
13:37:33 INFO  : Saving repository preferences.
13:39:10 INFO  : Registering command handlers for SDK TCF services
13:39:11 INFO  : Launching XSCT server: xsct.bat -interactive D:\vivado_project\miz7035\lwip_sfp\Miz_sys\Miz_sys.sdk\temp_xsdb_launch_script.tcl
13:39:13 INFO  : XSCT server has started successfully.
13:39:13 INFO  : Successfully done setting XSCT server connection channel  
13:39:13 INFO  : Successfully done setting SDK workspace  
13:39:13 INFO  : Restoring local repository preferences: 
		 D:\vivado_project\miz7035\lwip_sfp\Miz_sys\Miz_sys.sdk\sdk_repo
13:41:10 INFO  : Refreshed build settings on project tcp_echo_server
14:30:45 INFO  : Refreshed build settings on project tcp_echo_server
14:38:10 INFO  : Saving repository preferences.
14:38:11 INFO  : Saving repository preferences.
14:38:58 INFO  : Registering command handlers for SDK TCF services
14:38:59 INFO  : Launching XSCT server: xsct.bat -interactive D:\vivado_project\miz7035\lwip_sfp\Miz_sys\Miz_sys.sdk\temp_xsdb_launch_script.tcl
14:39:01 INFO  : XSCT server has started successfully.
14:39:03 INFO  : Successfully done setting XSCT server connection channel  
14:39:03 INFO  : Restoring local repository preferences: 
		 D:\vivado_project\miz7035\lwip_sfp\Miz_sys\Miz_sys.sdk\sdk_repo
14:39:03 INFO  : Successfully done setting SDK workspace  
14:39:34 INFO  : Refreshed build settings on project tcp_echo_server
14:58:34 INFO  : Refreshed build settings on project tcp_echo_server
15:28:52 INFO  : Refreshed build settings on project tcp_echo_server
15:29:56 INFO  : Refreshed build settings on project tcp_echo_server
15:30:55 INFO  : Registering command handlers for SDK TCF services
15:30:55 INFO  : Launching XSCT server: xsct.bat -interactive D:\vivado_project\miz7035\lwip_sfp\Miz_sys\Miz_sys.sdk\temp_xsdb_launch_script.tcl
15:30:57 INFO  : XSCT server has started successfully.
15:30:58 INFO  : Successfully done setting XSCT server connection channel  
15:30:58 INFO  : Restoring local repository preferences: 
		 D:\vivado_project\miz7035\lwip_sfp\Miz_sys\Miz_sys.sdk\sdk_repo
15:30:58 INFO  : Successfully done setting SDK workspace  
15:31:29 INFO  : Refreshed build settings on project tcp_echo_server
16:19:29 INFO  : Refreshed build settings on project tcp_echo_server
16:24:31 INFO  : Registering command handlers for SDK TCF services
16:24:32 INFO  : Launching XSCT server: xsct.bat -interactive D:\vivado_project\miz7035\lwip_sfp\Miz_sys\Miz_sys.sdk\temp_xsdb_launch_script.tcl
16:24:34 INFO  : XSCT server has started successfully.
16:24:34 INFO  : Successfully done setting XSCT server connection channel  
16:24:34 INFO  : Restoring local repository preferences: 
		 D:\vivado_project\miz7035\lwip_sfp\Miz_sys\Miz_sys.sdk\sdk_repo
16:24:34 INFO  : Successfully done setting SDK workspace  
16:26:12 INFO  : Refreshed build settings on project tcp_echo_server
18:14:05 INFO  : Registering command handlers for SDK TCF services
18:14:06 INFO  : Launching XSCT server: xsct.bat -interactive F:\FPGA_project\vivado\miz7035\lwip_sfp\Miz_sys\Miz_sys.sdk\temp_xsdb_launch_script.tcl
18:14:13 INFO  : XSCT server has started successfully.
18:14:13 INFO  : Successfully done setting XSCT server connection channel  
18:14:29 INFO  : Successfully done setting SDK workspace  
18:14:29 INFO  : Restoring local repository preferences: 
		 D:\vivado_project\miz7035\lwip_sfp\Miz_sys\Miz_sys.sdk\sdk_repo
18:14:29 WARN  : Invalid repository path D:\vivado_project\miz7035\lwip_sfp\Miz_sys\Miz_sys.sdk\sdk_repo.
18:17:22 INFO  : Saving repository preferences.
18:17:22 INFO  : Reading in cores from local repositories: 
		 F:\FPGA_project\vivado\miz7035\lwip_sfp\Miz_sys\Miz_sys.sdk\sdk_repo
18:17:22 INFO  : Cleaning BSP projects in the workspace.
18:22:42 INFO  : Connected to target on host '127.0.0.1' and port '3121'.
18:22:43 INFO  : Jtag cable 'Digilent JTAG-HS1 210249854643' is selected.
18:22:43 INFO  : 'jtag frequency' command is executed.
18:22:43 INFO  : Sourcing of 'F:/FPGA_project/vivado/miz7035/lwip_sfp/Miz_sys/Miz_sys.sdk/system_wrapper_hw_platform_0/ps7_init.tcl' is done.
18:22:43 INFO  : Context for 'APU' is selected.
18:22:44 INFO  : System reset is completed.
18:22:47 INFO  : 'after 3000' command is executed.
18:22:47 INFO  : 'targets -set -filter {jtag_cable_name =~ "Digilent JTAG-HS1 210249854643" && level==0} -index 1' command is executed.
18:22:58 INFO  : FPGA configured successfully with bitstream "F:/FPGA_project/vivado/miz7035/lwip_sfp/Miz_sys/Miz_sys.sdk/system_wrapper_hw_platform_0/system_wrapper.bit"
18:22:59 INFO  : Context for 'APU' is selected.
18:22:59 INFO  : Hardware design information is loaded from 'F:/FPGA_project/vivado/miz7035/lwip_sfp/Miz_sys/Miz_sys.sdk/system_wrapper_hw_platform_0/system.hdf'.
18:22:59 INFO  : Context for 'APU' is selected.
18:23:00 INFO  : 'ps7_init' command is executed.
18:23:00 INFO  : 'ps7_post_config' command is executed.
18:23:00 INFO  : Context for processor 'ps7_cortexa9_0' is selected.
18:23:00 INFO  : The application 'F:/FPGA_project/vivado/miz7035/lwip_sfp/Miz_sys/Miz_sys.sdk/tcp_echo_server/Debug/tcp_echo_server.elf' is downloaded to processor 'ps7_cortexa9_0'.
18:23:00 INFO  : ----------------XSDB Script----------------
connect -url tcp:127.0.0.1:3121
source F:/FPGA_project/vivado/miz7035/lwip_sfp/Miz_sys/Miz_sys.sdk/system_wrapper_hw_platform_0/ps7_init.tcl
targets -set -nocase -filter {name =~"APU*" && jtag_cable_name =~ "Digilent JTAG-HS1 210249854643"} -index 0
rst -system
after 3000
targets -set -filter {jtag_cable_name =~ "Digilent JTAG-HS1 210249854643" && level==0} -index 1
fpga -file F:/FPGA_project/vivado/miz7035/lwip_sfp/Miz_sys/Miz_sys.sdk/system_wrapper_hw_platform_0/system_wrapper.bit
targets -set -nocase -filter {name =~"APU*" && jtag_cable_name =~ "Digilent JTAG-HS1 210249854643"} -index 0
loadhw F:/FPGA_project/vivado/miz7035/lwip_sfp/Miz_sys/Miz_sys.sdk/system_wrapper_hw_platform_0/system.hdf
targets -set -nocase -filter {name =~"APU*" && jtag_cable_name =~ "Digilent JTAG-HS1 210249854643"} -index 0
ps7_init
ps7_post_config
targets -set -nocase -filter {name =~ "ARM*#0" && jtag_cable_name =~ "Digilent JTAG-HS1 210249854643"} -index 0
dow F:/FPGA_project/vivado/miz7035/lwip_sfp/Miz_sys/Miz_sys.sdk/tcp_echo_server/Debug/tcp_echo_server.elf
----------------End of Script----------------

18:23:01 INFO  : Memory regions updated for context APU
18:23:01 INFO  : Context for processor 'ps7_cortexa9_0' is selected.
18:23:02 INFO  : 'con' command is executed.
18:23:02 INFO  : ----------------XSDB Script (After Launch)----------------
targets -set -nocase -filter {name =~ "ARM*#0" && jtag_cable_name =~ "Digilent JTAG-HS1 210249854643"} -index 0
con
----------------End of Script----------------

18:23:02 INFO  : Launch script is exported to file 'F:\FPGA_project\vivado\miz7035\lwip_sfp\Miz_sys\Miz_sys.sdk\.sdk\launch_scripts\xilinx_c-c++_application_(system_debugger)\system_debugger_using_debug_tcp_echo_server.elf_on_local.tcl'
18:30:50 INFO  : Disconnected from the channel tcfchan#1.
18:30:52 INFO  : Connected to target on host '127.0.0.1' and port '3121'.
18:30:52 INFO  : Jtag cable 'Digilent JTAG-HS1 210249854643' is selected.
18:30:52 INFO  : 'jtag frequency' command is executed.
18:30:52 INFO  : Sourcing of 'F:/FPGA_project/vivado/miz7035/lwip_sfp/Miz_sys/Miz_sys.sdk/system_wrapper_hw_platform_0/ps7_init.tcl' is done.
18:30:52 INFO  : Context for 'APU' is selected.
18:30:52 INFO  : System reset is completed.
18:30:55 INFO  : 'after 3000' command is executed.
18:30:55 INFO  : 'targets -set -filter {jtag_cable_name =~ "Digilent JTAG-HS1 210249854643" && level==0} -index 1' command is executed.
18:31:07 INFO  : FPGA configured successfully with bitstream "F:/FPGA_project/vivado/miz7035/lwip_sfp/Miz_sys/Miz_sys.sdk/system_wrapper_hw_platform_0/system_wrapper.bit"
18:31:07 INFO  : Context for 'APU' is selected.
18:31:09 INFO  : Hardware design information is loaded from 'F:/FPGA_project/vivado/miz7035/lwip_sfp/Miz_sys/Miz_sys.sdk/system_wrapper_hw_platform_0/system.hdf'.
18:31:09 INFO  : Context for 'APU' is selected.
18:31:10 INFO  : 'ps7_init' command is executed.
18:31:10 INFO  : 'ps7_post_config' command is executed.
18:31:10 INFO  : Context for processor 'ps7_cortexa9_0' is selected.
18:31:11 INFO  : The application 'F:/FPGA_project/vivado/miz7035/lwip_sfp/Miz_sys/Miz_sys.sdk/tcp_echo_server/Debug/tcp_echo_server.elf' is downloaded to processor 'ps7_cortexa9_0'.
18:31:11 INFO  : ----------------XSDB Script----------------
connect -url tcp:127.0.0.1:3121
source F:/FPGA_project/vivado/miz7035/lwip_sfp/Miz_sys/Miz_sys.sdk/system_wrapper_hw_platform_0/ps7_init.tcl
targets -set -nocase -filter {name =~"APU*" && jtag_cable_name =~ "Digilent JTAG-HS1 210249854643"} -index 0
rst -system
after 3000
targets -set -filter {jtag_cable_name =~ "Digilent JTAG-HS1 210249854643" && level==0} -index 1
fpga -file F:/FPGA_project/vivado/miz7035/lwip_sfp/Miz_sys/Miz_sys.sdk/system_wrapper_hw_platform_0/system_wrapper.bit
targets -set -nocase -filter {name =~"APU*" && jtag_cable_name =~ "Digilent JTAG-HS1 210249854643"} -index 0
loadhw F:/FPGA_project/vivado/miz7035/lwip_sfp/Miz_sys/Miz_sys.sdk/system_wrapper_hw_platform_0/system.hdf
targets -set -nocase -filter {name =~"APU*" && jtag_cable_name =~ "Digilent JTAG-HS1 210249854643"} -index 0
ps7_init
ps7_post_config
targets -set -nocase -filter {name =~ "ARM*#0" && jtag_cable_name =~ "Digilent JTAG-HS1 210249854643"} -index 0
dow F:/FPGA_project/vivado/miz7035/lwip_sfp/Miz_sys/Miz_sys.sdk/tcp_echo_server/Debug/tcp_echo_server.elf
----------------End of Script----------------

18:31:11 INFO  : Memory regions updated for context APU
18:31:11 INFO  : Context for processor 'ps7_cortexa9_0' is selected.
18:31:11 INFO  : 'con' command is executed.
18:31:11 INFO  : ----------------XSDB Script (After Launch)----------------
targets -set -nocase -filter {name =~ "ARM*#0" && jtag_cable_name =~ "Digilent JTAG-HS1 210249854643"} -index 0
con
----------------End of Script----------------

18:31:11 INFO  : Launch script is exported to file 'F:\FPGA_project\vivado\miz7035\lwip_sfp\Miz_sys\Miz_sys.sdk\.sdk\launch_scripts\xilinx_c-c++_application_(system_debugger)\system_debugger_using_debug_tcp_echo_server.elf_on_local.tcl'
18:32:19 INFO  : Disconnected from the channel tcfchan#2.
18:32:20 INFO  : Connected to target on host '127.0.0.1' and port '3121'.
18:32:20 INFO  : Jtag cable 'Digilent JTAG-HS1 210249854643' is selected.
18:32:20 INFO  : 'jtag frequency' command is executed.
18:32:20 INFO  : Sourcing of 'F:/FPGA_project/vivado/miz7035/lwip_sfp/Miz_sys/Miz_sys.sdk/system_wrapper_hw_platform_0/ps7_init.tcl' is done.
18:32:20 INFO  : Context for 'APU' is selected.
18:32:20 INFO  : System reset is completed.
18:32:23 INFO  : 'after 3000' command is executed.
18:32:23 INFO  : 'targets -set -filter {jtag_cable_name =~ "Digilent JTAG-HS1 210249854643" && level==0} -index 1' command is executed.
18:32:35 INFO  : FPGA configured successfully with bitstream "F:/FPGA_project/vivado/miz7035/lwip_sfp/Miz_sys/Miz_sys.sdk/system_wrapper_hw_platform_0/system_wrapper.bit"
18:32:35 INFO  : Context for 'APU' is selected.
18:32:37 INFO  : Hardware design information is loaded from 'F:/FPGA_project/vivado/miz7035/lwip_sfp/Miz_sys/Miz_sys.sdk/system_wrapper_hw_platform_0/system.hdf'.
18:32:37 INFO  : Context for 'APU' is selected.
18:32:38 INFO  : 'ps7_init' command is executed.
18:32:38 INFO  : 'ps7_post_config' command is executed.
18:32:38 INFO  : Context for processor 'ps7_cortexa9_0' is selected.
18:32:39 INFO  : The application 'F:/FPGA_project/vivado/miz7035/lwip_sfp/Miz_sys/Miz_sys.sdk/tcp_echo_server/Debug/tcp_echo_server.elf' is downloaded to processor 'ps7_cortexa9_0'.
18:32:39 INFO  : ----------------XSDB Script----------------
connect -url tcp:127.0.0.1:3121
source F:/FPGA_project/vivado/miz7035/lwip_sfp/Miz_sys/Miz_sys.sdk/system_wrapper_hw_platform_0/ps7_init.tcl
targets -set -nocase -filter {name =~"APU*" && jtag_cable_name =~ "Digilent JTAG-HS1 210249854643"} -index 0
rst -system
after 3000
targets -set -filter {jtag_cable_name =~ "Digilent JTAG-HS1 210249854643" && level==0} -index 1
fpga -file F:/FPGA_project/vivado/miz7035/lwip_sfp/Miz_sys/Miz_sys.sdk/system_wrapper_hw_platform_0/system_wrapper.bit
targets -set -nocase -filter {name =~"APU*" && jtag_cable_name =~ "Digilent JTAG-HS1 210249854643"} -index 0
loadhw F:/FPGA_project/vivado/miz7035/lwip_sfp/Miz_sys/Miz_sys.sdk/system_wrapper_hw_platform_0/system.hdf
targets -set -nocase -filter {name =~"APU*" && jtag_cable_name =~ "Digilent JTAG-HS1 210249854643"} -index 0
ps7_init
ps7_post_config
targets -set -nocase -filter {name =~ "ARM*#0" && jtag_cable_name =~ "Digilent JTAG-HS1 210249854643"} -index 0
dow F:/FPGA_project/vivado/miz7035/lwip_sfp/Miz_sys/Miz_sys.sdk/tcp_echo_server/Debug/tcp_echo_server.elf
----------------End of Script----------------

18:32:39 INFO  : Memory regions updated for context APU
18:32:39 INFO  : Context for processor 'ps7_cortexa9_0' is selected.
18:32:39 INFO  : 'con' command is executed.
18:32:39 INFO  : ----------------XSDB Script (After Launch)----------------
targets -set -nocase -filter {name =~ "ARM*#0" && jtag_cable_name =~ "Digilent JTAG-HS1 210249854643"} -index 0
con
----------------End of Script----------------

18:32:39 INFO  : Launch script is exported to file 'F:\FPGA_project\vivado\miz7035\lwip_sfp\Miz_sys\Miz_sys.sdk\.sdk\launch_scripts\xilinx_c-c++_application_(system_debugger)\system_debugger_using_debug_tcp_echo_server.elf_on_local.tcl'
18:33:16 INFO  : Disconnected from the channel tcfchan#3.
18:34:33 INFO  : Connected to target on host '127.0.0.1' and port '3121'.
18:34:37 INFO  : Jtag cable 'Digilent JTAG-HS1 210249854643' is selected.
18:34:37 INFO  : 'jtag frequency' command is executed.
18:34:37 INFO  : Sourcing of 'F:/FPGA_project/vivado/miz7035/lwip_sfp/Miz_sys/Miz_sys.sdk/system_wrapper_hw_platform_0/ps7_init.tcl' is done.
18:34:37 INFO  : Context for 'APU' is selected.
18:34:37 INFO  : System reset is completed.
18:34:40 INFO  : 'after 3000' command is executed.
18:34:40 INFO  : 'targets -set -filter {jtag_cable_name =~ "Digilent JTAG-HS1 210249854643" && level==0} -index 1' command is executed.
18:34:52 INFO  : FPGA configured successfully with bitstream "F:/FPGA_project/vivado/miz7035/lwip_sfp/Miz_sys/Miz_sys.sdk/system_wrapper_hw_platform_0/system_wrapper.bit"
18:34:52 INFO  : Context for 'APU' is selected.
18:34:52 INFO  : Hardware design information is loaded from 'F:/FPGA_project/vivado/miz7035/lwip_sfp/Miz_sys/Miz_sys.sdk/system_wrapper_hw_platform_0/system.hdf'.
18:34:52 INFO  : Context for 'APU' is selected.
18:34:53 INFO  : 'ps7_init' command is executed.
18:34:53 INFO  : 'ps7_post_config' command is executed.
18:34:53 INFO  : Context for processor 'ps7_cortexa9_0' is selected.
18:34:53 INFO  : The application 'F:/FPGA_project/vivado/miz7035/lwip_sfp/Miz_sys/Miz_sys.sdk/tcp_echo_server/Debug/tcp_echo_server.elf' is downloaded to processor 'ps7_cortexa9_0'.
18:34:53 INFO  : ----------------XSDB Script----------------
connect -url tcp:127.0.0.1:3121
source F:/FPGA_project/vivado/miz7035/lwip_sfp/Miz_sys/Miz_sys.sdk/system_wrapper_hw_platform_0/ps7_init.tcl
targets -set -nocase -filter {name =~"APU*" && jtag_cable_name =~ "Digilent JTAG-HS1 210249854643"} -index 0
rst -system
after 3000
targets -set -filter {jtag_cable_name =~ "Digilent JTAG-HS1 210249854643" && level==0} -index 1
fpga -file F:/FPGA_project/vivado/miz7035/lwip_sfp/Miz_sys/Miz_sys.sdk/system_wrapper_hw_platform_0/system_wrapper.bit
targets -set -nocase -filter {name =~"APU*" && jtag_cable_name =~ "Digilent JTAG-HS1 210249854643"} -index 0
loadhw F:/FPGA_project/vivado/miz7035/lwip_sfp/Miz_sys/Miz_sys.sdk/system_wrapper_hw_platform_0/system.hdf
targets -set -nocase -filter {name =~"APU*" && jtag_cable_name =~ "Digilent JTAG-HS1 210249854643"} -index 0
ps7_init
ps7_post_config
targets -set -nocase -filter {name =~ "ARM*#0" && jtag_cable_name =~ "Digilent JTAG-HS1 210249854643"} -index 0
dow F:/FPGA_project/vivado/miz7035/lwip_sfp/Miz_sys/Miz_sys.sdk/tcp_echo_server/Debug/tcp_echo_server.elf
----------------End of Script----------------

18:34:53 INFO  : Memory regions updated for context APU
18:34:53 INFO  : Context for processor 'ps7_cortexa9_0' is selected.
18:34:54 INFO  : 'con' command is executed.
18:34:54 INFO  : ----------------XSDB Script (After Launch)----------------
targets -set -nocase -filter {name =~ "ARM*#0" && jtag_cable_name =~ "Digilent JTAG-HS1 210249854643"} -index 0
con
----------------End of Script----------------

18:34:54 INFO  : Launch script is exported to file 'F:\FPGA_project\vivado\miz7035\lwip_sfp\Miz_sys\Miz_sys.sdk\.sdk\launch_scripts\xilinx_c-c++_application_(system_debugger)\system_debugger_using_debug_tcp_echo_server.elf_on_local.tcl'
18:36:07 INFO  : Disconnected from the channel tcfchan#4.
19:21:43 INFO  : Registering command handlers for SDK TCF services
19:21:44 INFO  : Launching XSCT server: xsct.bat -interactive F:\FPGA_project\vivado\miz7035\lwip_sfp\Miz_sys\Miz_sys.sdk\temp_xsdb_launch_script.tcl
19:21:47 INFO  : XSCT server has started successfully.
19:21:47 INFO  : Successfully done setting XSCT server connection channel  
19:21:48 INFO  : Successfully done setting SDK workspace  
19:21:48 INFO  : Restoring local repository preferences: 
		 F:\FPGA_project\vivado\miz7035\lwip_sfp\Miz_sys\Miz_sys.sdk\sdk_repo
19:31:58 INFO  : Connected to target on host '127.0.0.1' and port '3121'.
19:31:59 INFO  : Jtag cable 'Digilent JTAG-HS1 210249854643' is selected.
19:31:59 INFO  : 'jtag frequency' command is executed.
19:31:59 INFO  : Sourcing of 'F:/FPGA_project/vivado/miz7035/lwip_sfp/Miz_sys/Miz_sys.sdk/system_wrapper_hw_platform_0/ps7_init.tcl' is done.
19:31:59 INFO  : Context for 'APU' is selected.
19:31:59 INFO  : System reset is completed.
19:32:02 INFO  : 'after 3000' command is executed.
19:32:02 INFO  : 'targets -set -filter {jtag_cable_name =~ "Digilent JTAG-HS1 210249854643" && level==0} -index 1' command is executed.
19:32:14 INFO  : FPGA configured successfully with bitstream "F:/FPGA_project/vivado/miz7035/lwip_sfp/Miz_sys/Miz_sys.sdk/system_wrapper_hw_platform_0/system_wrapper.bit"
19:32:14 INFO  : Context for 'APU' is selected.
19:32:14 INFO  : Hardware design information is loaded from 'F:/FPGA_project/vivado/miz7035/lwip_sfp/Miz_sys/Miz_sys.sdk/system_wrapper_hw_platform_0/system.hdf'.
19:32:14 INFO  : Context for 'APU' is selected.
19:32:15 INFO  : 'ps7_init' command is executed.
19:32:15 INFO  : 'ps7_post_config' command is executed.
19:32:15 INFO  : Context for processor 'ps7_cortexa9_0' is selected.
19:32:15 INFO  : The application 'F:/FPGA_project/vivado/miz7035/lwip_sfp/Miz_sys/Miz_sys.sdk/tcp_echo_server/Debug/tcp_echo_server.elf' is downloaded to processor 'ps7_cortexa9_0'.
19:32:15 INFO  : ----------------XSDB Script----------------
connect -url tcp:127.0.0.1:3121
source F:/FPGA_project/vivado/miz7035/lwip_sfp/Miz_sys/Miz_sys.sdk/system_wrapper_hw_platform_0/ps7_init.tcl
targets -set -nocase -filter {name =~"APU*" && jtag_cable_name =~ "Digilent JTAG-HS1 210249854643"} -index 0
rst -system
after 3000
targets -set -filter {jtag_cable_name =~ "Digilent JTAG-HS1 210249854643" && level==0} -index 1
fpga -file F:/FPGA_project/vivado/miz7035/lwip_sfp/Miz_sys/Miz_sys.sdk/system_wrapper_hw_platform_0/system_wrapper.bit
targets -set -nocase -filter {name =~"APU*" && jtag_cable_name =~ "Digilent JTAG-HS1 210249854643"} -index 0
loadhw F:/FPGA_project/vivado/miz7035/lwip_sfp/Miz_sys/Miz_sys.sdk/system_wrapper_hw_platform_0/system.hdf
targets -set -nocase -filter {name =~"APU*" && jtag_cable_name =~ "Digilent JTAG-HS1 210249854643"} -index 0
ps7_init
ps7_post_config
targets -set -nocase -filter {name =~ "ARM*#0" && jtag_cable_name =~ "Digilent JTAG-HS1 210249854643"} -index 0
dow F:/FPGA_project/vivado/miz7035/lwip_sfp/Miz_sys/Miz_sys.sdk/tcp_echo_server/Debug/tcp_echo_server.elf
----------------End of Script----------------

19:32:15 INFO  : Memory regions updated for context APU
19:32:15 INFO  : Context for processor 'ps7_cortexa9_0' is selected.
19:32:15 INFO  : 'con' command is executed.
19:32:15 INFO  : ----------------XSDB Script (After Launch)----------------
targets -set -nocase -filter {name =~ "ARM*#0" && jtag_cable_name =~ "Digilent JTAG-HS1 210249854643"} -index 0
con
----------------End of Script----------------

19:32:15 INFO  : Launch script is exported to file 'F:\FPGA_project\vivado\miz7035\lwip_sfp\Miz_sys\Miz_sys.sdk\.sdk\launch_scripts\xilinx_c-c++_application_(system_debugger)\system_debugger_using_debug_tcp_echo_server.elf_on_local.tcl'
19:33:25 INFO  : Saving repository preferences.
19:33:38 INFO  : Saving repository preferences.
19:47:22 INFO  : Refreshed build settings on project tcp_echo_server
19:49:30 INFO  : Disconnected from the channel tcfchan#1.
19:49:31 INFO  : Connected to target on host '127.0.0.1' and port '3121'.
19:49:32 INFO  : Jtag cable 'Digilent JTAG-HS1 210249854643' is selected.
19:49:32 INFO  : 'jtag frequency' command is executed.
19:49:32 INFO  : Sourcing of 'F:/FPGA_project/vivado/miz7035/lwip_sfp/Miz_sys/Miz_sys.sdk/system_wrapper_hw_platform_0/ps7_init.tcl' is done.
19:49:32 INFO  : Context for 'APU' is selected.
19:49:32 INFO  : System reset is completed.
19:49:35 INFO  : 'after 3000' command is executed.
19:49:35 INFO  : 'targets -set -filter {jtag_cable_name =~ "Digilent JTAG-HS1 210249854643" && level==0} -index 1' command is executed.
19:49:46 INFO  : FPGA configured successfully with bitstream "F:/FPGA_project/vivado/miz7035/lwip_sfp/Miz_sys/Miz_sys.sdk/system_wrapper_hw_platform_0/system_wrapper.bit"
19:49:47 INFO  : Context for 'APU' is selected.
19:49:49 INFO  : Hardware design information is loaded from 'F:/FPGA_project/vivado/miz7035/lwip_sfp/Miz_sys/Miz_sys.sdk/system_wrapper_hw_platform_0/system.hdf'.
19:49:49 INFO  : Context for 'APU' is selected.
19:49:50 INFO  : 'ps7_init' command is executed.
19:49:50 INFO  : 'ps7_post_config' command is executed.
19:49:50 INFO  : Context for processor 'ps7_cortexa9_0' is selected.
19:49:51 INFO  : The application 'F:/FPGA_project/vivado/miz7035/lwip_sfp/Miz_sys/Miz_sys.sdk/tcp_echo_server/Debug/tcp_echo_server.elf' is downloaded to processor 'ps7_cortexa9_0'.
19:49:51 INFO  : ----------------XSDB Script----------------
connect -url tcp:127.0.0.1:3121
source F:/FPGA_project/vivado/miz7035/lwip_sfp/Miz_sys/Miz_sys.sdk/system_wrapper_hw_platform_0/ps7_init.tcl
targets -set -nocase -filter {name =~"APU*" && jtag_cable_name =~ "Digilent JTAG-HS1 210249854643"} -index 0
rst -system
after 3000
targets -set -filter {jtag_cable_name =~ "Digilent JTAG-HS1 210249854643" && level==0} -index 1
fpga -file F:/FPGA_project/vivado/miz7035/lwip_sfp/Miz_sys/Miz_sys.sdk/system_wrapper_hw_platform_0/system_wrapper.bit
targets -set -nocase -filter {name =~"APU*" && jtag_cable_name =~ "Digilent JTAG-HS1 210249854643"} -index 0
loadhw F:/FPGA_project/vivado/miz7035/lwip_sfp/Miz_sys/Miz_sys.sdk/system_wrapper_hw_platform_0/system.hdf
targets -set -nocase -filter {name =~"APU*" && jtag_cable_name =~ "Digilent JTAG-HS1 210249854643"} -index 0
ps7_init
ps7_post_config
targets -set -nocase -filter {name =~ "ARM*#0" && jtag_cable_name =~ "Digilent JTAG-HS1 210249854643"} -index 0
dow F:/FPGA_project/vivado/miz7035/lwip_sfp/Miz_sys/Miz_sys.sdk/tcp_echo_server/Debug/tcp_echo_server.elf
----------------End of Script----------------

19:49:51 INFO  : Memory regions updated for context APU
19:49:51 INFO  : Context for processor 'ps7_cortexa9_0' is selected.
19:49:51 INFO  : 'con' command is executed.
19:49:51 INFO  : ----------------XSDB Script (After Launch)----------------
targets -set -nocase -filter {name =~ "ARM*#0" && jtag_cable_name =~ "Digilent JTAG-HS1 210249854643"} -index 0
con
----------------End of Script----------------

19:49:51 INFO  : Launch script is exported to file 'F:\FPGA_project\vivado\miz7035\lwip_sfp\Miz_sys\Miz_sys.sdk\.sdk\launch_scripts\xilinx_c-c++_application_(system_debugger)\system_debugger_using_debug_tcp_echo_server.elf_on_local.tcl'
19:50:37 INFO  : Disconnected from the channel tcfchan#2.
19:50:45 INFO  : Connected to target on host '127.0.0.1' and port '3121'.
19:50:48 INFO  : Jtag cable 'Digilent JTAG-HS1 210249854643' is selected.
19:50:48 INFO  : 'jtag frequency' command is executed.
19:50:48 INFO  : Sourcing of 'F:/FPGA_project/vivado/miz7035/lwip_sfp/Miz_sys/Miz_sys.sdk/system_wrapper_hw_platform_0/ps7_init.tcl' is done.
19:50:48 INFO  : Context for 'APU' is selected.
19:50:48 INFO  : System reset is completed.
19:50:51 INFO  : 'after 3000' command is executed.
19:50:51 INFO  : 'targets -set -filter {jtag_cable_name =~ "Digilent JTAG-HS1 210249854643" && level==0} -index 1' command is executed.
19:51:02 INFO  : FPGA configured successfully with bitstream "F:/FPGA_project/vivado/miz7035/lwip_sfp/Miz_sys/Miz_sys.sdk/system_wrapper_hw_platform_0/system_wrapper.bit"
19:51:02 INFO  : Context for 'APU' is selected.
19:51:05 INFO  : Hardware design information is loaded from 'F:/FPGA_project/vivado/miz7035/lwip_sfp/Miz_sys/Miz_sys.sdk/system_wrapper_hw_platform_0/system.hdf'.
19:51:05 INFO  : Context for 'APU' is selected.
19:51:06 INFO  : 'ps7_init' command is executed.
19:51:06 INFO  : 'ps7_post_config' command is executed.
19:51:06 INFO  : Context for processor 'ps7_cortexa9_0' is selected.
19:51:06 INFO  : The application 'F:/FPGA_project/vivado/miz7035/lwip_sfp/Miz_sys/Miz_sys.sdk/tcp_echo_server/Debug/tcp_echo_server.elf' is downloaded to processor 'ps7_cortexa9_0'.
19:51:06 INFO  : ----------------XSDB Script----------------
connect -url tcp:127.0.0.1:3121
source F:/FPGA_project/vivado/miz7035/lwip_sfp/Miz_sys/Miz_sys.sdk/system_wrapper_hw_platform_0/ps7_init.tcl
targets -set -nocase -filter {name =~"APU*" && jtag_cable_name =~ "Digilent JTAG-HS1 210249854643"} -index 0
rst -system
after 3000
targets -set -filter {jtag_cable_name =~ "Digilent JTAG-HS1 210249854643" && level==0} -index 1
fpga -file F:/FPGA_project/vivado/miz7035/lwip_sfp/Miz_sys/Miz_sys.sdk/system_wrapper_hw_platform_0/system_wrapper.bit
targets -set -nocase -filter {name =~"APU*" && jtag_cable_name =~ "Digilent JTAG-HS1 210249854643"} -index 0
loadhw F:/FPGA_project/vivado/miz7035/lwip_sfp/Miz_sys/Miz_sys.sdk/system_wrapper_hw_platform_0/system.hdf
targets -set -nocase -filter {name =~"APU*" && jtag_cable_name =~ "Digilent JTAG-HS1 210249854643"} -index 0
ps7_init
ps7_post_config
targets -set -nocase -filter {name =~ "ARM*#0" && jtag_cable_name =~ "Digilent JTAG-HS1 210249854643"} -index 0
dow F:/FPGA_project/vivado/miz7035/lwip_sfp/Miz_sys/Miz_sys.sdk/tcp_echo_server/Debug/tcp_echo_server.elf
----------------End of Script----------------

19:51:06 INFO  : Memory regions updated for context APU
19:51:06 INFO  : Context for processor 'ps7_cortexa9_0' is selected.
19:51:06 INFO  : 'con' command is executed.
19:51:06 INFO  : ----------------XSDB Script (After Launch)----------------
targets -set -nocase -filter {name =~ "ARM*#0" && jtag_cable_name =~ "Digilent JTAG-HS1 210249854643"} -index 0
con
----------------End of Script----------------

19:51:06 INFO  : Launch script is exported to file 'F:\FPGA_project\vivado\miz7035\lwip_sfp\Miz_sys\Miz_sys.sdk\.sdk\launch_scripts\xilinx_c-c++_application_(system_debugger)\system_debugger_using_debug_tcp_echo_server.elf_on_local.tcl'
19:51:39 INFO  : Disconnected from the channel tcfchan#3.
20:54:48 INFO  : Refreshed build settings on project tcp_echo_server
18:04:33 INFO  : Registering command handlers for SDK TCF services
18:04:34 INFO  : Launching XSCT server: xsct.bat -interactive F:\FPGA_project\vivado\miz7035\lwip_sfp\Miz_sys\Miz_sys.sdk\temp_xsdb_launch_script.tcl
18:04:39 INFO  : XSCT server has started successfully.
18:04:50 INFO  : Successfully done setting XSCT server connection channel  
18:04:50 INFO  : Restoring local repository preferences: 
		 F:\FPGA_project\vivado\miz7035\lwip_sfp\Miz_sys\Miz_sys.sdk\sdk_repo
18:04:55 INFO  : Successfully done setting SDK workspace  
18:05:19 ERROR : Failed to regenerate sources for BSP project tcp_echo_server_bsp
org.eclipse.core.internal.resources.ResourceException: Problems encountered while deleting resources.
	at org.eclipse.core.internal.resources.Resource.delete(Resource.java:794)
	at org.eclipse.core.internal.resources.Resource.delete(Resource.java:749)
	at com.xilinx.sdk.sw.ui.handlers.RegenBspSourcesHandler.internalGenerateBsp(RegenBspSourcesHandler.java:170)
	at com.xilinx.sdk.sw.ui.handlers.RegenBspSourcesHandler.access$2(RegenBspSourcesHandler.java:163)
	at com.xilinx.sdk.sw.ui.handlers.RegenBspSourcesHandler$1$1.run(RegenBspSourcesHandler.java:131)
	at org.eclipse.core.internal.resources.Workspace.run(Workspace.java:2241)
	at com.xilinx.sdk.sw.ui.handlers.RegenBspSourcesHandler$1.run(RegenBspSourcesHandler.java:135)
	at org.eclipse.jface.operation.ModalContext$ModalContextThread.run(ModalContext.java:119)
Contains: Could not delete '/tcp_echo_server_bsp/ps7_cortexa9_0'.
org.eclipse.core.internal.resources.ResourceException: Problems encountered while deleting resources.
	at org.eclipse.core.internal.localstore.FileSystemResourceManager.delete(FileSystemResourceManager.java:354)
	at org.eclipse.core.internal.resources.ResourceTree.internalDeleteFolder(ResourceTree.java:358)
	at org.eclipse.core.internal.resources.ResourceTree.standardDeleteFolder(ResourceTree.java:810)
	at org.eclipse.core.internal.resources.Resource.unprotectedDelete(Resource.java:1831)
	at org.eclipse.core.internal.resources.Resource.delete(Resource.java:781)
	at org.eclipse.core.internal.resources.Resource.delete(Resource.java:749)
	at com.xilinx.sdk.sw.ui.handlers.RegenBspSourcesHandler.internalGenerateBsp(RegenBspSourcesHandler.java:170)
	at com.xilinx.sdk.sw.ui.handlers.RegenBspSourcesHandler.access$2(RegenBspSourcesHandler.java:163)
	at com.xilinx.sdk.sw.ui.handlers.RegenBspSourcesHandler$1$1.run(RegenBspSourcesHandler.java:131)
	at org.eclipse.core.internal.resources.Workspace.run(Workspace.java:2241)
	at com.xilinx.sdk.sw.ui.handlers.RegenBspSourcesHandler$1.run(RegenBspSourcesHandler.java:135)
	at org.eclipse.jface.operation.ModalContext$ModalContextThread.run(ModalContext.java:119)
Contains: Problems encountered while deleting files.
Contains: Could not delete: F:\FPGA_project\vivado\miz7035\lwip_sfp\Miz_sys\Miz_sys.sdk\tcp_echo_server_bsp\ps7_cortexa9_0\libsrc\coresightps_dcc_v1_3.
Contains: Could not delete: F:\FPGA_project\vivado\miz7035\lwip_sfp\Miz_sys\Miz_sys.sdk\tcp_echo_server_bsp\ps7_cortexa9_0\libsrc.
Contains: Could not delete: F:\FPGA_project\vivado\miz7035\lwip_sfp\Miz_sys\Miz_sys.sdk\tcp_echo_server_bsp\ps7_cortexa9_0.
18:05:23 INFO  : Refreshed build settings on project tcp_echo_server
18:08:27 INFO  : Connected to target on host '127.0.0.1' and port '3121'.
18:08:28 INFO  : Jtag cable 'Digilent JTAG-HS1 210249854643' is selected.
18:08:28 INFO  : 'jtag frequency' command is executed.
18:08:28 INFO  : Sourcing of 'F:/FPGA_project/vivado/miz7035/lwip_sfp/Miz_sys/Miz_sys.sdk/system_wrapper_hw_platform_0/ps7_init.tcl' is done.
18:08:28 INFO  : Context for 'APU' is selected.
18:08:28 INFO  : System reset is completed.
18:08:31 INFO  : 'after 3000' command is executed.
18:08:31 INFO  : 'targets -set -filter {jtag_cable_name =~ "Digilent JTAG-HS1 210249854643" && level==0} -index 1' command is executed.
18:08:43 INFO  : FPGA configured successfully with bitstream "F:/FPGA_project/vivado/miz7035/lwip_sfp/Miz_sys/Miz_sys.sdk/system_wrapper_hw_platform_0/system_wrapper.bit"
18:08:43 INFO  : Context for 'APU' is selected.
18:08:43 INFO  : Hardware design information is loaded from 'F:/FPGA_project/vivado/miz7035/lwip_sfp/Miz_sys/Miz_sys.sdk/system_wrapper_hw_platform_0/system.hdf'.
18:08:43 INFO  : Context for 'APU' is selected.
18:08:44 INFO  : 'ps7_init' command is executed.
18:08:44 INFO  : 'ps7_post_config' command is executed.
18:08:44 INFO  : Context for processor 'ps7_cortexa9_0' is selected.
18:08:44 INFO  : The application 'F:/FPGA_project/vivado/miz7035/lwip_sfp/Miz_sys/Miz_sys.sdk/tcp_echo_server/Debug/tcp_echo_server.elf' is downloaded to processor 'ps7_cortexa9_0'.
18:08:44 INFO  : ----------------XSDB Script----------------
connect -url tcp:127.0.0.1:3121
source F:/FPGA_project/vivado/miz7035/lwip_sfp/Miz_sys/Miz_sys.sdk/system_wrapper_hw_platform_0/ps7_init.tcl
targets -set -nocase -filter {name =~"APU*" && jtag_cable_name =~ "Digilent JTAG-HS1 210249854643"} -index 0
rst -system
after 3000
targets -set -filter {jtag_cable_name =~ "Digilent JTAG-HS1 210249854643" && level==0} -index 1
fpga -file F:/FPGA_project/vivado/miz7035/lwip_sfp/Miz_sys/Miz_sys.sdk/system_wrapper_hw_platform_0/system_wrapper.bit
targets -set -nocase -filter {name =~"APU*" && jtag_cable_name =~ "Digilent JTAG-HS1 210249854643"} -index 0
loadhw F:/FPGA_project/vivado/miz7035/lwip_sfp/Miz_sys/Miz_sys.sdk/system_wrapper_hw_platform_0/system.hdf
targets -set -nocase -filter {name =~"APU*" && jtag_cable_name =~ "Digilent JTAG-HS1 210249854643"} -index 0
ps7_init
ps7_post_config
targets -set -nocase -filter {name =~ "ARM*#0" && jtag_cable_name =~ "Digilent JTAG-HS1 210249854643"} -index 0
dow F:/FPGA_project/vivado/miz7035/lwip_sfp/Miz_sys/Miz_sys.sdk/tcp_echo_server/Debug/tcp_echo_server.elf
----------------End of Script----------------

18:08:45 INFO  : Memory regions updated for context APU
18:08:45 INFO  : Context for processor 'ps7_cortexa9_0' is selected.
18:08:45 INFO  : 'con' command is executed.
18:08:45 INFO  : ----------------XSDB Script (After Launch)----------------
targets -set -nocase -filter {name =~ "ARM*#0" && jtag_cable_name =~ "Digilent JTAG-HS1 210249854643"} -index 0
con
----------------End of Script----------------

18:08:45 INFO  : Launch script is exported to file 'F:\FPGA_project\vivado\miz7035\lwip_sfp\Miz_sys\Miz_sys.sdk\.sdk\launch_scripts\xilinx_c-c++_application_(system_debugger)\system_debugger_using_debug_tcp_echo_server.elf_on_local.tcl'
18:13:07 INFO  : Refreshed build settings on project tcp_echo_server
18:13:11 INFO  : Disconnected from the channel tcfchan#1.
18:16:11 INFO  : Connected to target on host '127.0.0.1' and port '3121'.
18:16:15 INFO  : Jtag cable 'Digilent JTAG-HS1 210249854643' is selected.
18:16:15 INFO  : 'jtag frequency' command is executed.
18:16:15 INFO  : Sourcing of 'F:/FPGA_project/vivado/miz7035/lwip_sfp/Miz_sys/Miz_sys.sdk/system_wrapper_hw_platform_0/ps7_init.tcl' is done.
18:16:15 INFO  : Context for 'APU' is selected.
18:16:16 INFO  : System reset is completed.
18:16:19 INFO  : 'after 3000' command is executed.
18:16:19 INFO  : 'targets -set -filter {jtag_cable_name =~ "Digilent JTAG-HS1 210249854643" && level==0} -index 1' command is executed.
18:16:30 INFO  : FPGA configured successfully with bitstream "F:/FPGA_project/vivado/miz7035/lwip_sfp/Miz_sys/Miz_sys.sdk/system_wrapper_hw_platform_0/system_wrapper.bit"
18:16:31 INFO  : Context for 'APU' is selected.
18:16:33 INFO  : Hardware design information is loaded from 'F:/FPGA_project/vivado/miz7035/lwip_sfp/Miz_sys/Miz_sys.sdk/system_wrapper_hw_platform_0/system.hdf'.
18:16:33 INFO  : Context for 'APU' is selected.
18:16:35 INFO  : 'ps7_init' command is executed.
18:16:35 INFO  : 'ps7_post_config' command is executed.
18:16:35 INFO  : Context for processor 'ps7_cortexa9_0' is selected.
18:16:35 INFO  : The application 'F:/FPGA_project/vivado/miz7035/lwip_sfp/Miz_sys/Miz_sys.sdk/tcp_echo_server/Debug/tcp_echo_server.elf' is downloaded to processor 'ps7_cortexa9_0'.
18:16:35 INFO  : ----------------XSDB Script----------------
connect -url tcp:127.0.0.1:3121
source F:/FPGA_project/vivado/miz7035/lwip_sfp/Miz_sys/Miz_sys.sdk/system_wrapper_hw_platform_0/ps7_init.tcl
targets -set -nocase -filter {name =~"APU*" && jtag_cable_name =~ "Digilent JTAG-HS1 210249854643"} -index 0
rst -system
after 3000
targets -set -filter {jtag_cable_name =~ "Digilent JTAG-HS1 210249854643" && level==0} -index 1
fpga -file F:/FPGA_project/vivado/miz7035/lwip_sfp/Miz_sys/Miz_sys.sdk/system_wrapper_hw_platform_0/system_wrapper.bit
targets -set -nocase -filter {name =~"APU*" && jtag_cable_name =~ "Digilent JTAG-HS1 210249854643"} -index 0
loadhw F:/FPGA_project/vivado/miz7035/lwip_sfp/Miz_sys/Miz_sys.sdk/system_wrapper_hw_platform_0/system.hdf
targets -set -nocase -filter {name =~"APU*" && jtag_cable_name =~ "Digilent JTAG-HS1 210249854643"} -index 0
ps7_init
ps7_post_config
targets -set -nocase -filter {name =~ "ARM*#0" && jtag_cable_name =~ "Digilent JTAG-HS1 210249854643"} -index 0
dow F:/FPGA_project/vivado/miz7035/lwip_sfp/Miz_sys/Miz_sys.sdk/tcp_echo_server/Debug/tcp_echo_server.elf
----------------End of Script----------------

18:16:35 INFO  : Memory regions updated for context APU
18:16:36 INFO  : Context for processor 'ps7_cortexa9_0' is selected.
18:16:36 INFO  : 'con' command is executed.
18:16:36 INFO  : ----------------XSDB Script (After Launch)----------------
targets -set -nocase -filter {name =~ "ARM*#0" && jtag_cable_name =~ "Digilent JTAG-HS1 210249854643"} -index 0
con
----------------End of Script----------------

18:16:36 INFO  : Launch script is exported to file 'F:\FPGA_project\vivado\miz7035\lwip_sfp\Miz_sys\Miz_sys.sdk\.sdk\launch_scripts\xilinx_c-c++_application_(system_debugger)\system_debugger_using_debug_tcp_echo_server.elf_on_local.tcl'
18:17:29 INFO  : Disconnected from the channel tcfchan#2.
18:17:30 INFO  : Connected to target on host '127.0.0.1' and port '3121'.
18:17:31 INFO  : Jtag cable 'Digilent JTAG-HS1 210249854643' is selected.
18:17:31 INFO  : 'jtag frequency' command is executed.
18:17:31 INFO  : Sourcing of 'F:/FPGA_project/vivado/miz7035/lwip_sfp/Miz_sys/Miz_sys.sdk/system_wrapper_hw_platform_0/ps7_init.tcl' is done.
18:17:31 INFO  : Context for 'APU' is selected.
18:17:31 INFO  : System reset is completed.
18:17:34 INFO  : 'after 3000' command is executed.
18:17:34 INFO  : 'targets -set -filter {jtag_cable_name =~ "Digilent JTAG-HS1 210249854643" && level==0} -index 1' command is executed.
18:17:46 INFO  : FPGA configured successfully with bitstream "F:/FPGA_project/vivado/miz7035/lwip_sfp/Miz_sys/Miz_sys.sdk/system_wrapper_hw_platform_0/system_wrapper.bit"
18:17:46 INFO  : Context for 'APU' is selected.
18:17:48 INFO  : Hardware design information is loaded from 'F:/FPGA_project/vivado/miz7035/lwip_sfp/Miz_sys/Miz_sys.sdk/system_wrapper_hw_platform_0/system.hdf'.
18:17:48 INFO  : Context for 'APU' is selected.
18:17:51 INFO  : 'ps7_init' command is executed.
18:17:51 INFO  : 'ps7_post_config' command is executed.
18:17:51 INFO  : Context for processor 'ps7_cortexa9_0' is selected.
18:17:51 INFO  : The application 'F:/FPGA_project/vivado/miz7035/lwip_sfp/Miz_sys/Miz_sys.sdk/tcp_echo_server/Debug/tcp_echo_server.elf' is downloaded to processor 'ps7_cortexa9_0'.
18:17:51 INFO  : ----------------XSDB Script----------------
connect -url tcp:127.0.0.1:3121
source F:/FPGA_project/vivado/miz7035/lwip_sfp/Miz_sys/Miz_sys.sdk/system_wrapper_hw_platform_0/ps7_init.tcl
targets -set -nocase -filter {name =~"APU*" && jtag_cable_name =~ "Digilent JTAG-HS1 210249854643"} -index 0
rst -system
after 3000
targets -set -filter {jtag_cable_name =~ "Digilent JTAG-HS1 210249854643" && level==0} -index 1
fpga -file F:/FPGA_project/vivado/miz7035/lwip_sfp/Miz_sys/Miz_sys.sdk/system_wrapper_hw_platform_0/system_wrapper.bit
targets -set -nocase -filter {name =~"APU*" && jtag_cable_name =~ "Digilent JTAG-HS1 210249854643"} -index 0
loadhw F:/FPGA_project/vivado/miz7035/lwip_sfp/Miz_sys/Miz_sys.sdk/system_wrapper_hw_platform_0/system.hdf
targets -set -nocase -filter {name =~"APU*" && jtag_cable_name =~ "Digilent JTAG-HS1 210249854643"} -index 0
ps7_init
ps7_post_config
targets -set -nocase -filter {name =~ "ARM*#0" && jtag_cable_name =~ "Digilent JTAG-HS1 210249854643"} -index 0
dow F:/FPGA_project/vivado/miz7035/lwip_sfp/Miz_sys/Miz_sys.sdk/tcp_echo_server/Debug/tcp_echo_server.elf
----------------End of Script----------------

18:17:51 INFO  : Memory regions updated for context APU
18:17:51 INFO  : Context for processor 'ps7_cortexa9_0' is selected.
18:17:52 INFO  : 'con' command is executed.
18:17:52 INFO  : ----------------XSDB Script (After Launch)----------------
targets -set -nocase -filter {name =~ "ARM*#0" && jtag_cable_name =~ "Digilent JTAG-HS1 210249854643"} -index 0
con
----------------End of Script----------------

18:17:52 INFO  : Launch script is exported to file 'F:\FPGA_project\vivado\miz7035\lwip_sfp\Miz_sys\Miz_sys.sdk\.sdk\launch_scripts\xilinx_c-c++_application_(system_debugger)\system_debugger_using_debug_tcp_echo_server.elf_on_local.tcl'
18:19:40 INFO  : Disconnected from the channel tcfchan#3.
21:02:07 INFO  : Registering command handlers for SDK TCF services
21:02:08 INFO  : Launching XSCT server: xsct.bat -interactive F:\FPGA_project\vivado\miz7035\lwip_sfp\Miz_sys\Miz_sys.sdk\temp_xsdb_launch_script.tcl
21:02:12 INFO  : XSCT server has started successfully.
21:02:13 INFO  : Restoring local repository preferences: 
		 F:\FPGA_project\vivado\miz7035\lwip_sfp\Miz_sys\Miz_sys.sdk\sdk_repo
21:02:16 INFO  : Successfully done setting XSCT server connection channel  
21:02:16 INFO  : Successfully done setting SDK workspace  
21:07:03 INFO  : Refreshed build settings on project tcp_echo_server
21:32:39 INFO  : SDK has detected change in the last modified timestamps for source hardware specification file Source:1510060157055,  Project:1509937031586
21:32:39 INFO  : Copied contents of F:\FPGA_project\vivado\miz7035\lwip_sfp\Miz_sys\Miz_sys.sdk\system_wrapper.hdf into \system_wrapper_hw_platform_0\system.hdf.
21:32:45 INFO  : Synchronizing projects in the workspace with the hardware platform specification changes.
21:32:57 INFO  : 
21:32:57 INFO  : Updating hardware inferred compiler options for tcp_echo_server.
21:32:57 INFO  : Clearing existing target manager status.
21:33:02 INFO  : Workspace synchronized with the new hardware specification file. Cleaning dependent projects...
21:33:04 WARN  : Linker script will not be updated automatically. Users need to update it manually.
21:35:08 INFO  : Connected to target on host '127.0.0.1' and port '3121'.
21:35:09 INFO  : Jtag cable 'Digilent JTAG-HS1 210249854643' is selected.
21:35:09 INFO  : 'jtag frequency' command is executed.
21:35:09 INFO  : Sourcing of 'F:/FPGA_project/vivado/miz7035/lwip_sfp/Miz_sys/Miz_sys.sdk/system_wrapper_hw_platform_0/ps7_init.tcl' is done.
21:35:09 INFO  : Context for 'APU' is selected.
21:35:09 INFO  : System reset is completed.
21:35:12 INFO  : 'after 3000' command is executed.
21:35:12 INFO  : 'targets -set -filter {jtag_cable_name =~ "Digilent JTAG-HS1 210249854643" && level==0} -index 1' command is executed.
21:35:23 INFO  : FPGA configured successfully with bitstream "F:/FPGA_project/vivado/miz7035/lwip_sfp/Miz_sys/Miz_sys.sdk/system_wrapper_hw_platform_0/system_wrapper.bit"
21:35:23 INFO  : Context for 'APU' is selected.
21:35:24 INFO  : Hardware design information is loaded from 'F:/FPGA_project/vivado/miz7035/lwip_sfp/Miz_sys/Miz_sys.sdk/system_wrapper_hw_platform_0/system.hdf'.
21:35:24 INFO  : Context for 'APU' is selected.
21:35:24 INFO  : 'ps7_init' command is executed.
21:35:24 INFO  : 'ps7_post_config' command is executed.
21:35:25 INFO  : Context for processor 'ps7_cortexa9_0' is selected.
21:35:25 INFO  : The application 'F:/FPGA_project/vivado/miz7035/lwip_sfp/Miz_sys/Miz_sys.sdk/tcp_echo_server/Debug/tcp_echo_server.elf' is downloaded to processor 'ps7_cortexa9_0'.
21:35:25 INFO  : ----------------XSDB Script----------------
connect -url tcp:127.0.0.1:3121
source F:/FPGA_project/vivado/miz7035/lwip_sfp/Miz_sys/Miz_sys.sdk/system_wrapper_hw_platform_0/ps7_init.tcl
targets -set -nocase -filter {name =~"APU*" && jtag_cable_name =~ "Digilent JTAG-HS1 210249854643"} -index 0
rst -system
after 3000
targets -set -filter {jtag_cable_name =~ "Digilent JTAG-HS1 210249854643" && level==0} -index 1
fpga -file F:/FPGA_project/vivado/miz7035/lwip_sfp/Miz_sys/Miz_sys.sdk/system_wrapper_hw_platform_0/system_wrapper.bit
targets -set -nocase -filter {name =~"APU*" && jtag_cable_name =~ "Digilent JTAG-HS1 210249854643"} -index 0
loadhw F:/FPGA_project/vivado/miz7035/lwip_sfp/Miz_sys/Miz_sys.sdk/system_wrapper_hw_platform_0/system.hdf
targets -set -nocase -filter {name =~"APU*" && jtag_cable_name =~ "Digilent JTAG-HS1 210249854643"} -index 0
ps7_init
ps7_post_config
targets -set -nocase -filter {name =~ "ARM*#0" && jtag_cable_name =~ "Digilent JTAG-HS1 210249854643"} -index 0
dow F:/FPGA_project/vivado/miz7035/lwip_sfp/Miz_sys/Miz_sys.sdk/tcp_echo_server/Debug/tcp_echo_server.elf
----------------End of Script----------------

21:35:25 INFO  : Memory regions updated for context APU
21:35:25 INFO  : Context for processor 'ps7_cortexa9_0' is selected.
21:35:25 INFO  : 'con' command is executed.
21:35:25 INFO  : ----------------XSDB Script (After Launch)----------------
targets -set -nocase -filter {name =~ "ARM*#0" && jtag_cable_name =~ "Digilent JTAG-HS1 210249854643"} -index 0
con
----------------End of Script----------------

21:35:25 INFO  : Launch script is exported to file 'F:\FPGA_project\vivado\miz7035\lwip_sfp\Miz_sys\Miz_sys.sdk\.sdk\launch_scripts\xilinx_c-c++_application_(system_debugger)\system_debugger_using_debug_tcp_echo_server.elf_on_local.tcl'
21:36:18 INFO  : Disconnected from the channel tcfchan#1.
21:36:19 INFO  : Connected to target on host '127.0.0.1' and port '3121'.
21:36:20 INFO  : Jtag cable 'Digilent JTAG-HS1 210249854643' is selected.
21:36:20 INFO  : 'jtag frequency' command is executed.
21:36:20 INFO  : Sourcing of 'F:/FPGA_project/vivado/miz7035/lwip_sfp/Miz_sys/Miz_sys.sdk/system_wrapper_hw_platform_0/ps7_init.tcl' is done.
21:36:20 INFO  : Context for 'APU' is selected.
21:36:20 INFO  : System reset is completed.
21:36:23 INFO  : 'after 3000' command is executed.
21:36:23 INFO  : 'targets -set -filter {jtag_cable_name =~ "Digilent JTAG-HS1 210249854643" && level==0} -index 1' command is executed.
21:36:35 INFO  : FPGA configured successfully with bitstream "F:/FPGA_project/vivado/miz7035/lwip_sfp/Miz_sys/Miz_sys.sdk/system_wrapper_hw_platform_0/system_wrapper.bit"
21:36:35 INFO  : Context for 'APU' is selected.
21:36:38 INFO  : Hardware design information is loaded from 'F:/FPGA_project/vivado/miz7035/lwip_sfp/Miz_sys/Miz_sys.sdk/system_wrapper_hw_platform_0/system.hdf'.
21:36:38 INFO  : Context for 'APU' is selected.
21:36:39 INFO  : 'ps7_init' command is executed.
21:36:39 INFO  : 'ps7_post_config' command is executed.
21:36:39 INFO  : Context for processor 'ps7_cortexa9_0' is selected.
21:36:39 INFO  : The application 'F:/FPGA_project/vivado/miz7035/lwip_sfp/Miz_sys/Miz_sys.sdk/tcp_echo_server/Debug/tcp_echo_server.elf' is downloaded to processor 'ps7_cortexa9_0'.
21:36:39 INFO  : ----------------XSDB Script----------------
connect -url tcp:127.0.0.1:3121
source F:/FPGA_project/vivado/miz7035/lwip_sfp/Miz_sys/Miz_sys.sdk/system_wrapper_hw_platform_0/ps7_init.tcl
targets -set -nocase -filter {name =~"APU*" && jtag_cable_name =~ "Digilent JTAG-HS1 210249854643"} -index 0
rst -system
after 3000
targets -set -filter {jtag_cable_name =~ "Digilent JTAG-HS1 210249854643" && level==0} -index 1
fpga -file F:/FPGA_project/vivado/miz7035/lwip_sfp/Miz_sys/Miz_sys.sdk/system_wrapper_hw_platform_0/system_wrapper.bit
targets -set -nocase -filter {name =~"APU*" && jtag_cable_name =~ "Digilent JTAG-HS1 210249854643"} -index 0
loadhw F:/FPGA_project/vivado/miz7035/lwip_sfp/Miz_sys/Miz_sys.sdk/system_wrapper_hw_platform_0/system.hdf
targets -set -nocase -filter {name =~"APU*" && jtag_cable_name =~ "Digilent JTAG-HS1 210249854643"} -index 0
ps7_init
ps7_post_config
targets -set -nocase -filter {name =~ "ARM*#0" && jtag_cable_name =~ "Digilent JTAG-HS1 210249854643"} -index 0
dow F:/FPGA_project/vivado/miz7035/lwip_sfp/Miz_sys/Miz_sys.sdk/tcp_echo_server/Debug/tcp_echo_server.elf
----------------End of Script----------------

21:36:39 INFO  : Memory regions updated for context APU
21:36:39 INFO  : Context for processor 'ps7_cortexa9_0' is selected.
21:36:40 INFO  : 'con' command is executed.
21:36:40 INFO  : ----------------XSDB Script (After Launch)----------------
targets -set -nocase -filter {name =~ "ARM*#0" && jtag_cable_name =~ "Digilent JTAG-HS1 210249854643"} -index 0
con
----------------End of Script----------------

21:36:40 INFO  : Launch script is exported to file 'F:\FPGA_project\vivado\miz7035\lwip_sfp\Miz_sys\Miz_sys.sdk\.sdk\launch_scripts\xilinx_c-c++_application_(system_debugger)\system_debugger_using_debug_tcp_echo_server.elf_on_local.tcl'
21:44:01 INFO  : Disconnected from the channel tcfchan#2.
21:46:23 INFO  : Connected to target on host '127.0.0.1' and port '3121'.
21:46:27 INFO  : Jtag cable 'Digilent JTAG-HS1 210249854643' is selected.
21:46:27 INFO  : 'jtag frequency' command is executed.
21:46:27 INFO  : Sourcing of 'F:/FPGA_project/vivado/miz7035/lwip_sfp/Miz_sys/Miz_sys.sdk/system_wrapper_hw_platform_0/ps7_init.tcl' is done.
21:46:27 INFO  : Context for 'APU' is selected.
21:46:27 INFO  : System reset is completed.
21:46:30 INFO  : 'after 3000' command is executed.
21:46:31 INFO  : 'targets -set -filter {jtag_cable_name =~ "Digilent JTAG-HS1 210249854643" && level==0} -index 1' command is executed.
21:46:42 INFO  : FPGA configured successfully with bitstream "F:/FPGA_project/vivado/miz7035/lwip_sfp/Miz_sys/Miz_sys.sdk/system_wrapper_hw_platform_0/system_wrapper.bit"
21:46:42 INFO  : Context for 'APU' is selected.
21:46:42 INFO  : Hardware design information is loaded from 'F:/FPGA_project/vivado/miz7035/lwip_sfp/Miz_sys/Miz_sys.sdk/system_wrapper_hw_platform_0/system.hdf'.
21:46:42 INFO  : Context for 'APU' is selected.
21:46:43 INFO  : 'ps7_init' command is executed.
21:46:43 INFO  : 'ps7_post_config' command is executed.
21:46:43 INFO  : Context for processor 'ps7_cortexa9_0' is selected.
21:46:43 INFO  : The application 'F:/FPGA_project/vivado/miz7035/lwip_sfp/Miz_sys/Miz_sys.sdk/tcp_echo_server/Debug/tcp_echo_server.elf' is downloaded to processor 'ps7_cortexa9_0'.
21:46:43 INFO  : ----------------XSDB Script----------------
connect -url tcp:127.0.0.1:3121
source F:/FPGA_project/vivado/miz7035/lwip_sfp/Miz_sys/Miz_sys.sdk/system_wrapper_hw_platform_0/ps7_init.tcl
targets -set -nocase -filter {name =~"APU*" && jtag_cable_name =~ "Digilent JTAG-HS1 210249854643"} -index 0
rst -system
after 3000
targets -set -filter {jtag_cable_name =~ "Digilent JTAG-HS1 210249854643" && level==0} -index 1
fpga -file F:/FPGA_project/vivado/miz7035/lwip_sfp/Miz_sys/Miz_sys.sdk/system_wrapper_hw_platform_0/system_wrapper.bit
targets -set -nocase -filter {name =~"APU*" && jtag_cable_name =~ "Digilent JTAG-HS1 210249854643"} -index 0
loadhw F:/FPGA_project/vivado/miz7035/lwip_sfp/Miz_sys/Miz_sys.sdk/system_wrapper_hw_platform_0/system.hdf
targets -set -nocase -filter {name =~"APU*" && jtag_cable_name =~ "Digilent JTAG-HS1 210249854643"} -index 0
ps7_init
ps7_post_config
targets -set -nocase -filter {name =~ "ARM*#0" && jtag_cable_name =~ "Digilent JTAG-HS1 210249854643"} -index 0
dow F:/FPGA_project/vivado/miz7035/lwip_sfp/Miz_sys/Miz_sys.sdk/tcp_echo_server/Debug/tcp_echo_server.elf
----------------End of Script----------------

21:46:43 INFO  : Memory regions updated for context APU
21:46:43 INFO  : Context for processor 'ps7_cortexa9_0' is selected.
21:46:43 INFO  : 'con' command is executed.
21:46:43 INFO  : ----------------XSDB Script (After Launch)----------------
targets -set -nocase -filter {name =~ "ARM*#0" && jtag_cable_name =~ "Digilent JTAG-HS1 210249854643"} -index 0
con
----------------End of Script----------------

21:46:43 INFO  : Launch script is exported to file 'F:\FPGA_project\vivado\miz7035\lwip_sfp\Miz_sys\Miz_sys.sdk\.sdk\launch_scripts\xilinx_c-c++_application_(system_debugger)\system_debugger_using_debug_tcp_echo_server.elf_on_local.tcl'
22:07:30 INFO  : Disconnected from the channel tcfchan#3.
22:08:46 ERROR : Unexpected error while parsing XMD response ?: com.google.gson.JsonSyntaxException: com.google.gson.stream.MalformedJsonException: invalid number or unquoted string near 
