
*** Running vivado
    with args -log system_wrapper.vds -m64 -product Vivado -mode batch -messageDb vivado.pb -notrace -source system_wrapper.tcl


****** Vivado v2017.4 (64-bit)
  **** SW Build 2086221 on Fri Dec 15 20:55:39 MST 2017
  **** IP Build 2085800 on Fri Dec 15 22:25:07 MST 2017
    ** Copyright 1986-2017 Xilinx, Inc. All Rights Reserved.

source system_wrapper.tcl -notrace
INFO: [IP_Flow 19-234] Refreshing IP repositories
INFO: [IP_Flow 19-1704] No user IP repositories specified
INFO: [IP_Flow 19-2313] Loaded Vivado IP repository 'D:/Xilinx/Vivado/2017.4/data/ip'.
Command: synth_design -top system_wrapper -part xc7z035ffg676-2
Starting synth_design
Attempting to get a license for feature 'Synthesis' and/or device 'xc7z035'
INFO: [Common 17-349] Got license for feature 'Synthesis' and/or device 'xc7z035'
CRITICAL WARNING: [filemgmt 20-1741] File 'system.v' is used by one or more modules, but with different contents, and may lead to unpredictable results:
* system (J:/FEP/ETH1512/MZ7035/CH01_EMIO_ETH_RGMII/Miz_sys/Miz_sys.srcs/sources_1/bd/system/hdl/system.v)
* system (J:/FEP/ETH1512/MZ7035/CH01_EMIO_ETH_RGMII/Miz_sys/Miz_sys.srcs/sources_1/bd/system/synth/system.v)
Please reset and regenerate these modules to resolve the differences, or synthesize them independently.
INFO: Launching helper process for spawning children vivado processes
INFO: Helper process launched with PID 26144 
CRITICAL WARNING: [Synth 8-2490] overwriting previous definition of module system [J:/FEP/ETH1512/MZ7035/CH01_EMIO_ETH_RGMII/Miz_sys/Miz_sys.srcs/sources_1/bd/system/synth/system.v:13]
---------------------------------------------------------------------------------
Starting RTL Elaboration : Time (s): cpu = 00:00:05 ; elapsed = 00:00:05 . Memory (MB): peak = 418.496 ; gain = 120.039
---------------------------------------------------------------------------------
INFO: [Synth 8-638] synthesizing module 'system_wrapper' [J:/FEP/ETH1512/MZ7035/CH01_EMIO_ETH_RGMII/Miz_sys/Miz_sys.srcs/sources_1/imports/hdl/system_wrapper.v:12]
INFO: [Synth 8-638] synthesizing module 'IOBUF' [D:/Xilinx/Vivado/2017.4/scripts/rt/data/unisim_comp.v:22655]
	Parameter DRIVE bound to: 12 - type: integer 
	Parameter IBUF_LOW_PWR bound to: TRUE - type: string 
	Parameter IOSTANDARD bound to: DEFAULT - type: string 
	Parameter SLEW bound to: SLOW - type: string 
INFO: [Synth 8-256] done synthesizing module 'IOBUF' (1#1) [D:/Xilinx/Vivado/2017.4/scripts/rt/data/unisim_comp.v:22655]
INFO: [Synth 8-638] synthesizing module 'system' [J:/FEP/ETH1512/MZ7035/CH01_EMIO_ETH_RGMII/Miz_sys/Miz_sys.srcs/sources_1/bd/system/synth/system.v:13]
INFO: [Synth 8-638] synthesizing module 'system_gmii_to_rgmii_0_0' [J:/FEP/ETH1512/MZ7035/CH01_EMIO_ETH_RGMII/Miz_sys/Miz_sys.runs/synth_1/.Xil/Vivado-58344-LB-201803132255/realtime/system_gmii_to_rgmii_0_0_stub.v:6]
INFO: [Synth 8-256] done synthesizing module 'system_gmii_to_rgmii_0_0' (2#1) [J:/FEP/ETH1512/MZ7035/CH01_EMIO_ETH_RGMII/Miz_sys/Miz_sys.runs/synth_1/.Xil/Vivado-58344-LB-201803132255/realtime/system_gmii_to_rgmii_0_0_stub.v:6]
WARNING: [Synth 8-350] instance 'gmii_to_rgmii_0' of module 'system_gmii_to_rgmii_0_0' requires 36 connections, but only 27 given [J:/FEP/ETH1512/MZ7035/CH01_EMIO_ETH_RGMII/Miz_sys/Miz_sys.srcs/sources_1/bd/system/synth/system.v:136]
INFO: [Synth 8-638] synthesizing module 'system_processing_system7_0_0' [J:/FEP/ETH1512/MZ7035/CH01_EMIO_ETH_RGMII/Miz_sys/Miz_sys.runs/synth_1/.Xil/Vivado-58344-LB-201803132255/realtime/system_processing_system7_0_0_stub.v:6]
INFO: [Synth 8-256] done synthesizing module 'system_processing_system7_0_0' (3#1) [J:/FEP/ETH1512/MZ7035/CH01_EMIO_ETH_RGMII/Miz_sys/Miz_sys.runs/synth_1/.Xil/Vivado-58344-LB-201803132255/realtime/system_processing_system7_0_0_stub.v:6]
WARNING: [Synth 8-350] instance 'processing_system7_0' of module 'system_processing_system7_0_0' requires 41 connections, but only 39 given [J:/FEP/ETH1512/MZ7035/CH01_EMIO_ETH_RGMII/Miz_sys/Miz_sys.srcs/sources_1/bd/system/synth/system.v:164]
INFO: [Synth 8-638] synthesizing module 'system_util_vector_logic_0_0' [J:/FEP/ETH1512/MZ7035/CH01_EMIO_ETH_RGMII/Miz_sys/Miz_sys.runs/synth_1/.Xil/Vivado-58344-LB-201803132255/realtime/system_util_vector_logic_0_0_stub.v:6]
INFO: [Synth 8-256] done synthesizing module 'system_util_vector_logic_0_0' (4#1) [J:/FEP/ETH1512/MZ7035/CH01_EMIO_ETH_RGMII/Miz_sys/Miz_sys.runs/synth_1/.Xil/Vivado-58344-LB-201803132255/realtime/system_util_vector_logic_0_0_stub.v:6]
INFO: [Synth 8-256] done synthesizing module 'system' (5#1) [J:/FEP/ETH1512/MZ7035/CH01_EMIO_ETH_RGMII/Miz_sys/Miz_sys.srcs/sources_1/bd/system/synth/system.v:13]
INFO: [Synth 8-256] done synthesizing module 'system_wrapper' (6#1) [J:/FEP/ETH1512/MZ7035/CH01_EMIO_ETH_RGMII/Miz_sys/Miz_sys.srcs/sources_1/imports/hdl/system_wrapper.v:12]
WARNING: [Synth 8-3917] design system_wrapper has port sfp_tx_disable driven by constant 0
WARNING: [Synth 8-3917] design system_wrapper has port sfp_rate_sel driven by constant 1
WARNING: [Synth 8-3917] design system_wrapper has port PHY_RST driven by constant 1
---------------------------------------------------------------------------------
Finished RTL Elaboration : Time (s): cpu = 00:00:06 ; elapsed = 00:00:06 . Memory (MB): peak = 449.652 ; gain = 151.195
---------------------------------------------------------------------------------

Report Check Netlist: 
+------+------------------+-------+---------+-------+------------------+
|      |Item              |Errors |Warnings |Status |Description       |
+------+------------------+-------+---------+-------+------------------+
|1     |multi_driven_nets |      0|        0|Passed |Multi driven nets |
+------+------------------+-------+---------+-------+------------------+
---------------------------------------------------------------------------------
Finished RTL Optimization Phase 1 : Time (s): cpu = 00:00:06 ; elapsed = 00:00:06 . Memory (MB): peak = 449.652 ; gain = 151.195
---------------------------------------------------------------------------------
INFO: [Netlist 29-17] Analyzing 1 Unisim elements for replacement
INFO: [Netlist 29-28] Unisim Transformation completed in 0 CPU seconds
INFO: [Device 21-403] Loading part xc7z035ffg676-2
INFO: [Project 1-570] Preparing netlist for logic optimization

Processing XDC Constraints
Initializing timing engine
Parsing XDC File [J:/FEP/ETH1512/MZ7035/CH01_EMIO_ETH_RGMII/Miz_sys/Miz_sys.runs/synth_1/.Xil/Vivado-58344-LB-201803132255/dcp3/system_processing_system7_0_0_in_context.xdc] for cell 'system_i/processing_system7_0'
Finished Parsing XDC File [J:/FEP/ETH1512/MZ7035/CH01_EMIO_ETH_RGMII/Miz_sys/Miz_sys.runs/synth_1/.Xil/Vivado-58344-LB-201803132255/dcp3/system_processing_system7_0_0_in_context.xdc] for cell 'system_i/processing_system7_0'
Parsing XDC File [J:/FEP/ETH1512/MZ7035/CH01_EMIO_ETH_RGMII/Miz_sys/Miz_sys.runs/synth_1/.Xil/Vivado-58344-LB-201803132255/dcp4/system_gmii_to_rgmii_0_0_in_context.xdc] for cell 'system_i/gmii_to_rgmii_0'
Finished Parsing XDC File [J:/FEP/ETH1512/MZ7035/CH01_EMIO_ETH_RGMII/Miz_sys/Miz_sys.runs/synth_1/.Xil/Vivado-58344-LB-201803132255/dcp4/system_gmii_to_rgmii_0_0_in_context.xdc] for cell 'system_i/gmii_to_rgmii_0'
Parsing XDC File [J:/FEP/ETH1512/MZ7035/CH01_EMIO_ETH_RGMII/Miz_sys/Miz_sys.runs/synth_1/.Xil/Vivado-58344-LB-201803132255/dcp5/system_util_vector_logic_0_0_in_context.xdc] for cell 'system_i/util_vector_logic_0'
Finished Parsing XDC File [J:/FEP/ETH1512/MZ7035/CH01_EMIO_ETH_RGMII/Miz_sys/Miz_sys.runs/synth_1/.Xil/Vivado-58344-LB-201803132255/dcp5/system_util_vector_logic_0_0_in_context.xdc] for cell 'system_i/util_vector_logic_0'
Parsing XDC File [J:/FEP/ETH1512/MZ7035/CH01_EMIO_ETH_RGMII/Miz_sys/Miz_sys.srcs/constrs_1/new/system.xdc]
WARNING: [Vivado 12-180] No cells matched 'get_cells -hier -filter {name =~ *system_gmii_to_rgmii_0_0_core/*delay_rgmii_rx_ctl          }'. [J:/FEP/ETH1512/MZ7035/CH01_EMIO_ETH_RGMII/Miz_sys/Miz_sys.srcs/constrs_1/new/system.xdc:51]
WARNING: [Vivado 12-180] No cells matched 'get_cells -hier -filter {name =~ *system_gmii_to_rgmii_0_0_core/*delay_rgmii_rxd*            }'. [J:/FEP/ETH1512/MZ7035/CH01_EMIO_ETH_RGMII/Miz_sys/Miz_sys.srcs/constrs_1/new/system.xdc:52]
WARNING: [Vivado 12-180] No cells matched 'get_cells -hier -filter {name =~ *system_gmii_to_rgmii_0_0_core/*delay_rgmii_rx_ctl          }'. [J:/FEP/ETH1512/MZ7035/CH01_EMIO_ETH_RGMII/Miz_sys/Miz_sys.srcs/constrs_1/new/system.xdc:53]
WARNING: [Vivado 12-180] No cells matched 'get_cells -hier -filter {name =~ *system_gmii_to_rgmii_0_0_core/*delay_rgmii_rxd*            }'. [J:/FEP/ETH1512/MZ7035/CH01_EMIO_ETH_RGMII/Miz_sys/Miz_sys.srcs/constrs_1/new/system.xdc:54]
WARNING: [Vivado 12-180] No cells matched 'get_cells -hier -filter {name =~ *i_system_gmii_to_rgmii_0_0_idelayctrl}'. [J:/FEP/ETH1512/MZ7035/CH01_EMIO_ETH_RGMII/Miz_sys/Miz_sys.srcs/constrs_1/new/system.xdc:55]
Finished Parsing XDC File [J:/FEP/ETH1512/MZ7035/CH01_EMIO_ETH_RGMII/Miz_sys/Miz_sys.srcs/constrs_1/new/system.xdc]
WARNING: [Project 1-498] One or more constraints failed evaluation while reading constraint file [J:/FEP/ETH1512/MZ7035/CH01_EMIO_ETH_RGMII/Miz_sys/Miz_sys.srcs/constrs_1/new/system.xdc] and the design contains unresolved black boxes. These constraints will be read post-synthesis (as long as their source constraint file is marked as used_in_implementation) and should be applied correctly then. You should review the constraints listed in the file [.Xil/system_wrapper_propImpl.xdc] and check the run log file to verify that these constraints were correctly applied.
INFO: [Project 1-236] Implementation specific constraints were found while reading constraint file [J:/FEP/ETH1512/MZ7035/CH01_EMIO_ETH_RGMII/Miz_sys/Miz_sys.srcs/constrs_1/new/system.xdc]. These constraints will be ignored for synthesis but will be used in implementation. Impacted constraints are listed in the file [.Xil/system_wrapper_propImpl.xdc].
Resolution: To avoid this warning, move constraints listed in [.Xil/system_wrapper_propImpl.xdc] to another XDC file and exclude this new file from synthesis with the used_in_synthesis property (File Properties dialog in GUI) and re-run elaboration/synthesis.
Parsing XDC File [J:/FEP/ETH1512/MZ7035/CH01_EMIO_ETH_RGMII/Miz_sys/Miz_sys.runs/synth_1/dont_touch.xdc]
Finished Parsing XDC File [J:/FEP/ETH1512/MZ7035/CH01_EMIO_ETH_RGMII/Miz_sys/Miz_sys.runs/synth_1/dont_touch.xdc]
Completed Processing XDC Constraints

INFO: [Project 1-111] Unisim Transformation Summary:
  A total of 1 instances were transformed.
  IOBUF => IOBUF (IBUF, OBUFT): 1 instances

Constraint Validation Runtime : Time (s): cpu = 00:00:00 ; elapsed = 00:00:00.008 . Memory (MB): peak = 815.410 ; gain = 0.000
CRITICAL WARNING: [filemgmt 20-1741] File 'system.v' is used by one or more modules, but with different contents, and may lead to unpredictable results:
* system (J:/FEP/ETH1512/MZ7035/CH01_EMIO_ETH_RGMII/Miz_sys/Miz_sys.srcs/sources_1/bd/system/hdl/system.v)
* system (J:/FEP/ETH1512/MZ7035/CH01_EMIO_ETH_RGMII/Miz_sys/Miz_sys.srcs/sources_1/bd/system/synth/system.v)
Please reset and regenerate these modules to resolve the differences, or synthesize them independently.
---------------------------------------------------------------------------------
Finished Constraint Validation : Time (s): cpu = 00:00:17 ; elapsed = 00:00:17 . Memory (MB): peak = 815.410 ; gain = 516.953
---------------------------------------------------------------------------------
---------------------------------------------------------------------------------
Start Loading Part and Timing Information
---------------------------------------------------------------------------------
Loading part: xc7z035ffg676-2
---------------------------------------------------------------------------------
Finished Loading Part and Timing Information : Time (s): cpu = 00:00:17 ; elapsed = 00:00:17 . Memory (MB): peak = 815.410 ; gain = 516.953
---------------------------------------------------------------------------------
---------------------------------------------------------------------------------
Start Applying 'set_property' XDC Constraints
---------------------------------------------------------------------------------
Applied set_property IO_BUFFER_TYPE = NONE for DDR_addr[0]. (constraint file  J:/FEP/ETH1512/MZ7035/CH01_EMIO_ETH_RGMII/Miz_sys/Miz_sys.runs/synth_1/.Xil/Vivado-58344-LB-201803132255/dcp3/system_processing_system7_0_0_in_context.xdc, line 2).
Applied set_property CLOCK_BUFFER_TYPE = NONE for DDR_addr[0]. (constraint file  J:/FEP/ETH1512/MZ7035/CH01_EMIO_ETH_RGMII/Miz_sys/Miz_sys.runs/synth_1/.Xil/Vivado-58344-LB-201803132255/dcp3/system_processing_system7_0_0_in_context.xdc, line 3).
Applied set_property IO_BUFFER_TYPE = NONE for DDR_addr[10]. (constraint file  J:/FEP/ETH1512/MZ7035/CH01_EMIO_ETH_RGMII/Miz_sys/Miz_sys.runs/synth_1/.Xil/Vivado-58344-LB-201803132255/dcp3/system_processing_system7_0_0_in_context.xdc, line 4).
Applied set_property CLOCK_BUFFER_TYPE = NONE for DDR_addr[10]. (constraint file  J:/FEP/ETH1512/MZ7035/CH01_EMIO_ETH_RGMII/Miz_sys/Miz_sys.runs/synth_1/.Xil/Vivado-58344-LB-201803132255/dcp3/system_processing_system7_0_0_in_context.xdc, line 5).
Applied set_property IO_BUFFER_TYPE = NONE for DDR_addr[11]. (constraint file  J:/FEP/ETH1512/MZ7035/CH01_EMIO_ETH_RGMII/Miz_sys/Miz_sys.runs/synth_1/.Xil/Vivado-58344-LB-201803132255/dcp3/system_processing_system7_0_0_in_context.xdc, line 6).
Applied set_property CLOCK_BUFFER_TYPE = NONE for DDR_addr[11]. (constraint file  J:/FEP/ETH1512/MZ7035/CH01_EMIO_ETH_RGMII/Miz_sys/Miz_sys.runs/synth_1/.Xil/Vivado-58344-LB-201803132255/dcp3/system_processing_system7_0_0_in_context.xdc, line 7).
Applied set_property IO_BUFFER_TYPE = NONE for DDR_addr[12]. (constraint file  J:/FEP/ETH1512/MZ7035/CH01_EMIO_ETH_RGMII/Miz_sys/Miz_sys.runs/synth_1/.Xil/Vivado-58344-LB-201803132255/dcp3/system_processing_system7_0_0_in_context.xdc, line 8).
Applied set_property CLOCK_BUFFER_TYPE = NONE for DDR_addr[12]. (constraint file  J:/FEP/ETH1512/MZ7035/CH01_EMIO_ETH_RGMII/Miz_sys/Miz_sys.runs/synth_1/.Xil/Vivado-58344-LB-201803132255/dcp3/system_processing_system7_0_0_in_context.xdc, line 9).
Applied set_property IO_BUFFER_TYPE = NONE for DDR_addr[13]. (constraint file  J:/FEP/ETH1512/MZ7035/CH01_EMIO_ETH_RGMII/Miz_sys/Miz_sys.runs/synth_1/.Xil/Vivado-58344-LB-201803132255/dcp3/system_processing_system7_0_0_in_context.xdc, line 10).
Applied set_property CLOCK_BUFFER_TYPE = NONE for DDR_addr[13]. (constraint file  J:/FEP/ETH1512/MZ7035/CH01_EMIO_ETH_RGMII/Miz_sys/Miz_sys.runs/synth_1/.Xil/Vivado-58344-LB-201803132255/dcp3/system_processing_system7_0_0_in_context.xdc, line 11).
Applied set_property IO_BUFFER_TYPE = NONE for DDR_addr[14]. (constraint file  J:/FEP/ETH1512/MZ7035/CH01_EMIO_ETH_RGMII/Miz_sys/Miz_sys.runs/synth_1/.Xil/Vivado-58344-LB-201803132255/dcp3/system_processing_system7_0_0_in_context.xdc, line 12).
Applied set_property CLOCK_BUFFER_TYPE = NONE for DDR_addr[14]. (constraint file  J:/FEP/ETH1512/MZ7035/CH01_EMIO_ETH_RGMII/Miz_sys/Miz_sys.runs/synth_1/.Xil/Vivado-58344-LB-201803132255/dcp3/system_processing_system7_0_0_in_context.xdc, line 13).
Applied set_property IO_BUFFER_TYPE = NONE for DDR_addr[1]. (constraint file  J:/FEP/ETH1512/MZ7035/CH01_EMIO_ETH_RGMII/Miz_sys/Miz_sys.runs/synth_1/.Xil/Vivado-58344-LB-201803132255/dcp3/system_processing_system7_0_0_in_context.xdc, line 14).
Applied set_property CLOCK_BUFFER_TYPE = NONE for DDR_addr[1]. (constraint file  J:/FEP/ETH1512/MZ7035/CH01_EMIO_ETH_RGMII/Miz_sys/Miz_sys.runs/synth_1/.Xil/Vivado-58344-LB-201803132255/dcp3/system_processing_system7_0_0_in_context.xdc, line 15).
Applied set_property IO_BUFFER_TYPE = NONE for DDR_addr[2]. (constraint file  J:/FEP/ETH1512/MZ7035/CH01_EMIO_ETH_RGMII/Miz_sys/Miz_sys.runs/synth_1/.Xil/Vivado-58344-LB-201803132255/dcp3/system_processing_system7_0_0_in_context.xdc, line 16).
Applied set_property CLOCK_BUFFER_TYPE = NONE for DDR_addr[2]. (constraint file  J:/FEP/ETH1512/MZ7035/CH01_EMIO_ETH_RGMII/Miz_sys/Miz_sys.runs/synth_1/.Xil/Vivado-58344-LB-201803132255/dcp3/system_processing_system7_0_0_in_context.xdc, line 17).
Applied set_property IO_BUFFER_TYPE = NONE for DDR_addr[3]. (constraint file  J:/FEP/ETH1512/MZ7035/CH01_EMIO_ETH_RGMII/Miz_sys/Miz_sys.runs/synth_1/.Xil/Vivado-58344-LB-201803132255/dcp3/system_processing_system7_0_0_in_context.xdc, line 18).
Applied set_property CLOCK_BUFFER_TYPE = NONE for DDR_addr[3]. (constraint file  J:/FEP/ETH1512/MZ7035/CH01_EMIO_ETH_RGMII/Miz_sys/Miz_sys.runs/synth_1/.Xil/Vivado-58344-LB-201803132255/dcp3/system_processing_system7_0_0_in_context.xdc, line 19).
Applied set_property IO_BUFFER_TYPE = NONE for DDR_addr[4]. (constraint file  J:/FEP/ETH1512/MZ7035/CH01_EMIO_ETH_RGMII/Miz_sys/Miz_sys.runs/synth_1/.Xil/Vivado-58344-LB-201803132255/dcp3/system_processing_system7_0_0_in_context.xdc, line 20).
Applied set_property CLOCK_BUFFER_TYPE = NONE for DDR_addr[4]. (constraint file  J:/FEP/ETH1512/MZ7035/CH01_EMIO_ETH_RGMII/Miz_sys/Miz_sys.runs/synth_1/.Xil/Vivado-58344-LB-201803132255/dcp3/system_processing_system7_0_0_in_context.xdc, line 21).
Applied set_property IO_BUFFER_TYPE = NONE for DDR_addr[5]. (constraint file  J:/FEP/ETH1512/MZ7035/CH01_EMIO_ETH_RGMII/Miz_sys/Miz_sys.runs/synth_1/.Xil/Vivado-58344-LB-201803132255/dcp3/system_processing_system7_0_0_in_context.xdc, line 22).
Applied set_property CLOCK_BUFFER_TYPE = NONE for DDR_addr[5]. (constraint file  J:/FEP/ETH1512/MZ7035/CH01_EMIO_ETH_RGMII/Miz_sys/Miz_sys.runs/synth_1/.Xil/Vivado-58344-LB-201803132255/dcp3/system_processing_system7_0_0_in_context.xdc, line 23).
Applied set_property IO_BUFFER_TYPE = NONE for DDR_addr[6]. (constraint file  J:/FEP/ETH1512/MZ7035/CH01_EMIO_ETH_RGMII/Miz_sys/Miz_sys.runs/synth_1/.Xil/Vivado-58344-LB-201803132255/dcp3/system_processing_system7_0_0_in_context.xdc, line 24).
Applied set_property CLOCK_BUFFER_TYPE = NONE for DDR_addr[6]. (constraint file  J:/FEP/ETH1512/MZ7035/CH01_EMIO_ETH_RGMII/Miz_sys/Miz_sys.runs/synth_1/.Xil/Vivado-58344-LB-201803132255/dcp3/system_processing_system7_0_0_in_context.xdc, line 25).
Applied set_property IO_BUFFER_TYPE = NONE for DDR_addr[7]. (constraint file  J:/FEP/ETH1512/MZ7035/CH01_EMIO_ETH_RGMII/Miz_sys/Miz_sys.runs/synth_1/.Xil/Vivado-58344-LB-201803132255/dcp3/system_processing_system7_0_0_in_context.xdc, line 26).
Applied set_property CLOCK_BUFFER_TYPE = NONE for DDR_addr[7]. (constraint file  J:/FEP/ETH1512/MZ7035/CH01_EMIO_ETH_RGMII/Miz_sys/Miz_sys.runs/synth_1/.Xil/Vivado-58344-LB-201803132255/dcp3/system_processing_system7_0_0_in_context.xdc, line 27).
Applied set_property IO_BUFFER_TYPE = NONE for DDR_addr[8]. (constraint file  J:/FEP/ETH1512/MZ7035/CH01_EMIO_ETH_RGMII/Miz_sys/Miz_sys.runs/synth_1/.Xil/Vivado-58344-LB-201803132255/dcp3/system_processing_system7_0_0_in_context.xdc, line 28).
Applied set_property CLOCK_BUFFER_TYPE = NONE for DDR_addr[8]. (constraint file  J:/FEP/ETH1512/MZ7035/CH01_EMIO_ETH_RGMII/Miz_sys/Miz_sys.runs/synth_1/.Xil/Vivado-58344-LB-201803132255/dcp3/system_processing_system7_0_0_in_context.xdc, line 29).
Applied set_property IO_BUFFER_TYPE = NONE for DDR_addr[9]. (constraint file  J:/FEP/ETH1512/MZ7035/CH01_EMIO_ETH_RGMII/Miz_sys/Miz_sys.runs/synth_1/.Xil/Vivado-58344-LB-201803132255/dcp3/system_processing_system7_0_0_in_context.xdc, line 30).
Applied set_property CLOCK_BUFFER_TYPE = NONE for DDR_addr[9]. (constraint file  J:/FEP/ETH1512/MZ7035/CH01_EMIO_ETH_RGMII/Miz_sys/Miz_sys.runs/synth_1/.Xil/Vivado-58344-LB-201803132255/dcp3/system_processing_system7_0_0_in_context.xdc, line 31).
Applied set_property IO_BUFFER_TYPE = NONE for DDR_ba[0]. (constraint file  J:/FEP/ETH1512/MZ7035/CH01_EMIO_ETH_RGMII/Miz_sys/Miz_sys.runs/synth_1/.Xil/Vivado-58344-LB-201803132255/dcp3/system_processing_system7_0_0_in_context.xdc, line 32).
Applied set_property CLOCK_BUFFER_TYPE = NONE for DDR_ba[0]. (constraint file  J:/FEP/ETH1512/MZ7035/CH01_EMIO_ETH_RGMII/Miz_sys/Miz_sys.runs/synth_1/.Xil/Vivado-58344-LB-201803132255/dcp3/system_processing_system7_0_0_in_context.xdc, line 33).
Applied set_property IO_BUFFER_TYPE = NONE for DDR_ba[1]. (constraint file  J:/FEP/ETH1512/MZ7035/CH01_EMIO_ETH_RGMII/Miz_sys/Miz_sys.runs/synth_1/.Xil/Vivado-58344-LB-201803132255/dcp3/system_processing_system7_0_0_in_context.xdc, line 34).
Applied set_property CLOCK_BUFFER_TYPE = NONE for DDR_ba[1]. (constraint file  J:/FEP/ETH1512/MZ7035/CH01_EMIO_ETH_RGMII/Miz_sys/Miz_sys.runs/synth_1/.Xil/Vivado-58344-LB-201803132255/dcp3/system_processing_system7_0_0_in_context.xdc, line 35).
Applied set_property IO_BUFFER_TYPE = NONE for DDR_ba[2]. (constraint file  J:/FEP/ETH1512/MZ7035/CH01_EMIO_ETH_RGMII/Miz_sys/Miz_sys.runs/synth_1/.Xil/Vivado-58344-LB-201803132255/dcp3/system_processing_system7_0_0_in_context.xdc, line 36).
Applied set_property CLOCK_BUFFER_TYPE = NONE for DDR_ba[2]. (constraint file  J:/FEP/ETH1512/MZ7035/CH01_EMIO_ETH_RGMII/Miz_sys/Miz_sys.runs/synth_1/.Xil/Vivado-58344-LB-201803132255/dcp3/system_processing_system7_0_0_in_context.xdc, line 37).
Applied set_property IO_BUFFER_TYPE = NONE for DDR_cas_n. (constraint file  J:/FEP/ETH1512/MZ7035/CH01_EMIO_ETH_RGMII/Miz_sys/Miz_sys.runs/synth_1/.Xil/Vivado-58344-LB-201803132255/dcp3/system_processing_system7_0_0_in_context.xdc, line 38).
Applied set_property CLOCK_BUFFER_TYPE = NONE for DDR_cas_n. (constraint file  J:/FEP/ETH1512/MZ7035/CH01_EMIO_ETH_RGMII/Miz_sys/Miz_sys.runs/synth_1/.Xil/Vivado-58344-LB-201803132255/dcp3/system_processing_system7_0_0_in_context.xdc, line 39).
Applied set_property IO_BUFFER_TYPE = NONE for DDR_cke. (constraint file  J:/FEP/ETH1512/MZ7035/CH01_EMIO_ETH_RGMII/Miz_sys/Miz_sys.runs/synth_1/.Xil/Vivado-58344-LB-201803132255/dcp3/system_processing_system7_0_0_in_context.xdc, line 40).
Applied set_property CLOCK_BUFFER_TYPE = NONE for DDR_cke. (constraint file  J:/FEP/ETH1512/MZ7035/CH01_EMIO_ETH_RGMII/Miz_sys/Miz_sys.runs/synth_1/.Xil/Vivado-58344-LB-201803132255/dcp3/system_processing_system7_0_0_in_context.xdc, line 41).
Applied set_property IO_BUFFER_TYPE = NONE for DDR_cs_n. (constraint file  J:/FEP/ETH1512/MZ7035/CH01_EMIO_ETH_RGMII/Miz_sys/Miz_sys.runs/synth_1/.Xil/Vivado-58344-LB-201803132255/dcp3/system_processing_system7_0_0_in_context.xdc, line 42).
Applied set_property CLOCK_BUFFER_TYPE = NONE for DDR_cs_n. (constraint file  J:/FEP/ETH1512/MZ7035/CH01_EMIO_ETH_RGMII/Miz_sys/Miz_sys.runs/synth_1/.Xil/Vivado-58344-LB-201803132255/dcp3/system_processing_system7_0_0_in_context.xdc, line 43).
Applied set_property IO_BUFFER_TYPE = NONE for DDR_ck_p. (constraint file  J:/FEP/ETH1512/MZ7035/CH01_EMIO_ETH_RGMII/Miz_sys/Miz_sys.runs/synth_1/.Xil/Vivado-58344-LB-201803132255/dcp3/system_processing_system7_0_0_in_context.xdc, line 44).
Applied set_property CLOCK_BUFFER_TYPE = NONE for DDR_ck_p. (constraint file  J:/FEP/ETH1512/MZ7035/CH01_EMIO_ETH_RGMII/Miz_sys/Miz_sys.runs/synth_1/.Xil/Vivado-58344-LB-201803132255/dcp3/system_processing_system7_0_0_in_context.xdc, line 45).
Applied set_property IO_BUFFER_TYPE = NONE for DDR_ck_n. (constraint file  J:/FEP/ETH1512/MZ7035/CH01_EMIO_ETH_RGMII/Miz_sys/Miz_sys.runs/synth_1/.Xil/Vivado-58344-LB-201803132255/dcp3/system_processing_system7_0_0_in_context.xdc, line 46).
Applied set_property CLOCK_BUFFER_TYPE = NONE for DDR_ck_n. (constraint file  J:/FEP/ETH1512/MZ7035/CH01_EMIO_ETH_RGMII/Miz_sys/Miz_sys.runs/synth_1/.Xil/Vivado-58344-LB-201803132255/dcp3/system_processing_system7_0_0_in_context.xdc, line 47).
Applied set_property IO_BUFFER_TYPE = NONE for DDR_dm[0]. (constraint file  J:/FEP/ETH1512/MZ7035/CH01_EMIO_ETH_RGMII/Miz_sys/Miz_sys.runs/synth_1/.Xil/Vivado-58344-LB-201803132255/dcp3/system_processing_system7_0_0_in_context.xdc, line 48).
Applied set_property CLOCK_BUFFER_TYPE = NONE for DDR_dm[0]. (constraint file  J:/FEP/ETH1512/MZ7035/CH01_EMIO_ETH_RGMII/Miz_sys/Miz_sys.runs/synth_1/.Xil/Vivado-58344-LB-201803132255/dcp3/system_processing_system7_0_0_in_context.xdc, line 49).
Applied set_property IO_BUFFER_TYPE = NONE for DDR_dm[1]. (constraint file  J:/FEP/ETH1512/MZ7035/CH01_EMIO_ETH_RGMII/Miz_sys/Miz_sys.runs/synth_1/.Xil/Vivado-58344-LB-201803132255/dcp3/system_processing_system7_0_0_in_context.xdc, line 50).
Applied set_property CLOCK_BUFFER_TYPE = NONE for DDR_dm[1]. (constraint file  J:/FEP/ETH1512/MZ7035/CH01_EMIO_ETH_RGMII/Miz_sys/Miz_sys.runs/synth_1/.Xil/Vivado-58344-LB-201803132255/dcp3/system_processing_system7_0_0_in_context.xdc, line 51).
Applied set_property IO_BUFFER_TYPE = NONE for DDR_dm[2]. (constraint file  J:/FEP/ETH1512/MZ7035/CH01_EMIO_ETH_RGMII/Miz_sys/Miz_sys.runs/synth_1/.Xil/Vivado-58344-LB-201803132255/dcp3/system_processing_system7_0_0_in_context.xdc, line 52).
Applied set_property CLOCK_BUFFER_TYPE = NONE for DDR_dm[2]. (constraint file  J:/FEP/ETH1512/MZ7035/CH01_EMIO_ETH_RGMII/Miz_sys/Miz_sys.runs/synth_1/.Xil/Vivado-58344-LB-201803132255/dcp3/system_processing_system7_0_0_in_context.xdc, line 53).
Applied set_property IO_BUFFER_TYPE = NONE for DDR_dm[3]. (constraint file  J:/FEP/ETH1512/MZ7035/CH01_EMIO_ETH_RGMII/Miz_sys/Miz_sys.runs/synth_1/.Xil/Vivado-58344-LB-201803132255/dcp3/system_processing_system7_0_0_in_context.xdc, line 54).
Applied set_property CLOCK_BUFFER_TYPE = NONE for DDR_dm[3]. (constraint file  J:/FEP/ETH1512/MZ7035/CH01_EMIO_ETH_RGMII/Miz_sys/Miz_sys.runs/synth_1/.Xil/Vivado-58344-LB-201803132255/dcp3/system_processing_system7_0_0_in_context.xdc, line 55).
Applied set_property IO_BUFFER_TYPE = NONE for DDR_dqs_p[0]. (constraint file  J:/FEP/ETH1512/MZ7035/CH01_EMIO_ETH_RGMII/Miz_sys/Miz_sys.runs/synth_1/.Xil/Vivado-58344-LB-201803132255/dcp3/system_processing_system7_0_0_in_context.xdc, line 56).
Applied set_property CLOCK_BUFFER_TYPE = NONE for DDR_dqs_p[0]. (constraint file  J:/FEP/ETH1512/MZ7035/CH01_EMIO_ETH_RGMII/Miz_sys/Miz_sys.runs/synth_1/.Xil/Vivado-58344-LB-201803132255/dcp3/system_processing_system7_0_0_in_context.xdc, line 57).
Applied set_property IO_BUFFER_TYPE = NONE for DDR_dqs_p[1]. (constraint file  J:/FEP/ETH1512/MZ7035/CH01_EMIO_ETH_RGMII/Miz_sys/Miz_sys.runs/synth_1/.Xil/Vivado-58344-LB-201803132255/dcp3/system_processing_system7_0_0_in_context.xdc, line 58).
Applied set_property CLOCK_BUFFER_TYPE = NONE for DDR_dqs_p[1]. (constraint file  J:/FEP/ETH1512/MZ7035/CH01_EMIO_ETH_RGMII/Miz_sys/Miz_sys.runs/synth_1/.Xil/Vivado-58344-LB-201803132255/dcp3/system_processing_system7_0_0_in_context.xdc, line 59).
Applied set_property IO_BUFFER_TYPE = NONE for DDR_dqs_p[2]. (constraint file  J:/FEP/ETH1512/MZ7035/CH01_EMIO_ETH_RGMII/Miz_sys/Miz_sys.runs/synth_1/.Xil/Vivado-58344-LB-201803132255/dcp3/system_processing_system7_0_0_in_context.xdc, line 60).
Applied set_property CLOCK_BUFFER_TYPE = NONE for DDR_dqs_p[2]. (constraint file  J:/FEP/ETH1512/MZ7035/CH01_EMIO_ETH_RGMII/Miz_sys/Miz_sys.runs/synth_1/.Xil/Vivado-58344-LB-201803132255/dcp3/system_processing_system7_0_0_in_context.xdc, line 61).
Applied set_property IO_BUFFER_TYPE = NONE for DDR_dqs_p[3]. (constraint file  J:/FEP/ETH1512/MZ7035/CH01_EMIO_ETH_RGMII/Miz_sys/Miz_sys.runs/synth_1/.Xil/Vivado-58344-LB-201803132255/dcp3/system_processing_system7_0_0_in_context.xdc, line 62).
Applied set_property CLOCK_BUFFER_TYPE = NONE for DDR_dqs_p[3]. (constraint file  J:/FEP/ETH1512/MZ7035/CH01_EMIO_ETH_RGMII/Miz_sys/Miz_sys.runs/synth_1/.Xil/Vivado-58344-LB-201803132255/dcp3/system_processing_system7_0_0_in_context.xdc, line 63).
Applied set_property IO_BUFFER_TYPE = NONE for DDR_dqs_n[0]. (constraint file  J:/FEP/ETH1512/MZ7035/CH01_EMIO_ETH_RGMII/Miz_sys/Miz_sys.runs/synth_1/.Xil/Vivado-58344-LB-201803132255/dcp3/system_processing_system7_0_0_in_context.xdc, line 64).
Applied set_property CLOCK_BUFFER_TYPE = NONE for DDR_dqs_n[0]. (constraint file  J:/FEP/ETH1512/MZ7035/CH01_EMIO_ETH_RGMII/Miz_sys/Miz_sys.runs/synth_1/.Xil/Vivado-58344-LB-201803132255/dcp3/system_processing_system7_0_0_in_context.xdc, line 65).
Applied set_property IO_BUFFER_TYPE = NONE for DDR_dqs_n[1]. (constraint file  J:/FEP/ETH1512/MZ7035/CH01_EMIO_ETH_RGMII/Miz_sys/Miz_sys.runs/synth_1/.Xil/Vivado-58344-LB-201803132255/dcp3/system_processing_system7_0_0_in_context.xdc, line 66).
Applied set_property CLOCK_BUFFER_TYPE = NONE for DDR_dqs_n[1]. (constraint file  J:/FEP/ETH1512/MZ7035/CH01_EMIO_ETH_RGMII/Miz_sys/Miz_sys.runs/synth_1/.Xil/Vivado-58344-LB-201803132255/dcp3/system_processing_system7_0_0_in_context.xdc, line 67).
Applied set_property IO_BUFFER_TYPE = NONE for DDR_dqs_n[2]. (constraint file  J:/FEP/ETH1512/MZ7035/CH01_EMIO_ETH_RGMII/Miz_sys/Miz_sys.runs/synth_1/.Xil/Vivado-58344-LB-201803132255/dcp3/system_processing_system7_0_0_in_context.xdc, line 68).
Applied set_property CLOCK_BUFFER_TYPE = NONE for DDR_dqs_n[2]. (constraint file  J:/FEP/ETH1512/MZ7035/CH01_EMIO_ETH_RGMII/Miz_sys/Miz_sys.runs/synth_1/.Xil/Vivado-58344-LB-201803132255/dcp3/system_processing_system7_0_0_in_context.xdc, line 69).
Applied set_property IO_BUFFER_TYPE = NONE for DDR_dqs_n[3]. (constraint file  J:/FEP/ETH1512/MZ7035/CH01_EMIO_ETH_RGMII/Miz_sys/Miz_sys.runs/synth_1/.Xil/Vivado-58344-LB-201803132255/dcp3/system_processing_system7_0_0_in_context.xdc, line 70).
Applied set_property CLOCK_BUFFER_TYPE = NONE for DDR_dqs_n[3]. (constraint file  J:/FEP/ETH1512/MZ7035/CH01_EMIO_ETH_RGMII/Miz_sys/Miz_sys.runs/synth_1/.Xil/Vivado-58344-LB-201803132255/dcp3/system_processing_system7_0_0_in_context.xdc, line 71).
Applied set_property IO_BUFFER_TYPE = NONE for DDR_dq[0]. (constraint file  J:/FEP/ETH1512/MZ7035/CH01_EMIO_ETH_RGMII/Miz_sys/Miz_sys.runs/synth_1/.Xil/Vivado-58344-LB-201803132255/dcp3/system_processing_system7_0_0_in_context.xdc, line 72).
Applied set_property CLOCK_BUFFER_TYPE = NONE for DDR_dq[0]. (constraint file  J:/FEP/ETH1512/MZ7035/CH01_EMIO_ETH_RGMII/Miz_sys/Miz_sys.runs/synth_1/.Xil/Vivado-58344-LB-201803132255/dcp3/system_processing_system7_0_0_in_context.xdc, line 73).
Applied set_property IO_BUFFER_TYPE = NONE for DDR_dq[10]. (constraint file  J:/FEP/ETH1512/MZ7035/CH01_EMIO_ETH_RGMII/Miz_sys/Miz_sys.runs/synth_1/.Xil/Vivado-58344-LB-201803132255/dcp3/system_processing_system7_0_0_in_context.xdc, line 74).
Applied set_property CLOCK_BUFFER_TYPE = NONE for DDR_dq[10]. (constraint file  J:/FEP/ETH1512/MZ7035/CH01_EMIO_ETH_RGMII/Miz_sys/Miz_sys.runs/synth_1/.Xil/Vivado-58344-LB-201803132255/dcp3/system_processing_system7_0_0_in_context.xdc, line 75).
Applied set_property IO_BUFFER_TYPE = NONE for DDR_dq[11]. (constraint file  J:/FEP/ETH1512/MZ7035/CH01_EMIO_ETH_RGMII/Miz_sys/Miz_sys.runs/synth_1/.Xil/Vivado-58344-LB-201803132255/dcp3/system_processing_system7_0_0_in_context.xdc, line 76).
Applied set_property CLOCK_BUFFER_TYPE = NONE for DDR_dq[11]. (constraint file  J:/FEP/ETH1512/MZ7035/CH01_EMIO_ETH_RGMII/Miz_sys/Miz_sys.runs/synth_1/.Xil/Vivado-58344-LB-201803132255/dcp3/system_processing_system7_0_0_in_context.xdc, line 77).
Applied set_property IO_BUFFER_TYPE = NONE for DDR_dq[12]. (constraint file  J:/FEP/ETH1512/MZ7035/CH01_EMIO_ETH_RGMII/Miz_sys/Miz_sys.runs/synth_1/.Xil/Vivado-58344-LB-201803132255/dcp3/system_processing_system7_0_0_in_context.xdc, line 78).
Applied set_property CLOCK_BUFFER_TYPE = NONE for DDR_dq[12]. (constraint file  J:/FEP/ETH1512/MZ7035/CH01_EMIO_ETH_RGMII/Miz_sys/Miz_sys.runs/synth_1/.Xil/Vivado-58344-LB-201803132255/dcp3/system_processing_system7_0_0_in_context.xdc, line 79).
Applied set_property IO_BUFFER_TYPE = NONE for DDR_dq[13]. (constraint file  J:/FEP/ETH1512/MZ7035/CH01_EMIO_ETH_RGMII/Miz_sys/Miz_sys.runs/synth_1/.Xil/Vivado-58344-LB-201803132255/dcp3/system_processing_system7_0_0_in_context.xdc, line 80).
Applied set_property CLOCK_BUFFER_TYPE = NONE for DDR_dq[13]. (constraint file  J:/FEP/ETH1512/MZ7035/CH01_EMIO_ETH_RGMII/Miz_sys/Miz_sys.runs/synth_1/.Xil/Vivado-58344-LB-201803132255/dcp3/system_processing_system7_0_0_in_context.xdc, line 81).
Applied set_property IO_BUFFER_TYPE = NONE for DDR_dq[14]. (constraint file  J:/FEP/ETH1512/MZ7035/CH01_EMIO_ETH_RGMII/Miz_sys/Miz_sys.runs/synth_1/.Xil/Vivado-58344-LB-201803132255/dcp3/system_processing_system7_0_0_in_context.xdc, line 82).
Applied set_property CLOCK_BUFFER_TYPE = NONE for DDR_dq[14]. (constraint file  J:/FEP/ETH1512/MZ7035/CH01_EMIO_ETH_RGMII/Miz_sys/Miz_sys.runs/synth_1/.Xil/Vivado-58344-LB-201803132255/dcp3/system_processing_system7_0_0_in_context.xdc, line 83).
Applied set_property IO_BUFFER_TYPE = NONE for DDR_dq[15]. (constraint file  J:/FEP/ETH1512/MZ7035/CH01_EMIO_ETH_RGMII/Miz_sys/Miz_sys.runs/synth_1/.Xil/Vivado-58344-LB-201803132255/dcp3/system_processing_system7_0_0_in_context.xdc, line 84).
Applied set_property CLOCK_BUFFER_TYPE = NONE for DDR_dq[15]. (constraint file  J:/FEP/ETH1512/MZ7035/CH01_EMIO_ETH_RGMII/Miz_sys/Miz_sys.runs/synth_1/.Xil/Vivado-58344-LB-201803132255/dcp3/system_processing_system7_0_0_in_context.xdc, line 85).
Applied set_property IO_BUFFER_TYPE = NONE for DDR_dq[16]. (constraint file  J:/FEP/ETH1512/MZ7035/CH01_EMIO_ETH_RGMII/Miz_sys/Miz_sys.runs/synth_1/.Xil/Vivado-58344-LB-201803132255/dcp3/system_processing_system7_0_0_in_context.xdc, line 86).
Applied set_property CLOCK_BUFFER_TYPE = NONE for DDR_dq[16]. (constraint file  J:/FEP/ETH1512/MZ7035/CH01_EMIO_ETH_RGMII/Miz_sys/Miz_sys.runs/synth_1/.Xil/Vivado-58344-LB-201803132255/dcp3/system_processing_system7_0_0_in_context.xdc, line 87).
Applied set_property IO_BUFFER_TYPE = NONE for DDR_dq[17]. (constraint file  J:/FEP/ETH1512/MZ7035/CH01_EMIO_ETH_RGMII/Miz_sys/Miz_sys.runs/synth_1/.Xil/Vivado-58344-LB-201803132255/dcp3/system_processing_system7_0_0_in_context.xdc, line 88).
Applied set_property CLOCK_BUFFER_TYPE = NONE for DDR_dq[17]. (constraint file  J:/FEP/ETH1512/MZ7035/CH01_EMIO_ETH_RGMII/Miz_sys/Miz_sys.runs/synth_1/.Xil/Vivado-58344-LB-201803132255/dcp3/system_processing_system7_0_0_in_context.xdc, line 89).
Applied set_property IO_BUFFER_TYPE = NONE for DDR_dq[18]. (constraint file  J:/FEP/ETH1512/MZ7035/CH01_EMIO_ETH_RGMII/Miz_sys/Miz_sys.runs/synth_1/.Xil/Vivado-58344-LB-201803132255/dcp3/system_processing_system7_0_0_in_context.xdc, line 90).
Applied set_property CLOCK_BUFFER_TYPE = NONE for DDR_dq[18]. (constraint file  J:/FEP/ETH1512/MZ7035/CH01_EMIO_ETH_RGMII/Miz_sys/Miz_sys.runs/synth_1/.Xil/Vivado-58344-LB-201803132255/dcp3/system_processing_system7_0_0_in_context.xdc, line 91).
Applied set_property IO_BUFFER_TYPE = NONE for DDR_dq[19]. (constraint file  J:/FEP/ETH1512/MZ7035/CH01_EMIO_ETH_RGMII/Miz_sys/Miz_sys.runs/synth_1/.Xil/Vivado-58344-LB-201803132255/dcp3/system_processing_system7_0_0_in_context.xdc, line 92).
Applied set_property CLOCK_BUFFER_TYPE = NONE for DDR_dq[19]. (constraint file  J:/FEP/ETH1512/MZ7035/CH01_EMIO_ETH_RGMII/Miz_sys/Miz_sys.runs/synth_1/.Xil/Vivado-58344-LB-201803132255/dcp3/system_processing_system7_0_0_in_context.xdc, line 93).
Applied set_property IO_BUFFER_TYPE = NONE for DDR_dq[1]. (constraint file  J:/FEP/ETH1512/MZ7035/CH01_EMIO_ETH_RGMII/Miz_sys/Miz_sys.runs/synth_1/.Xil/Vivado-58344-LB-201803132255/dcp3/system_processing_system7_0_0_in_context.xdc, line 94).
Applied set_property CLOCK_BUFFER_TYPE = NONE for DDR_dq[1]. (constraint file  J:/FEP/ETH1512/MZ7035/CH01_EMIO_ETH_RGMII/Miz_sys/Miz_sys.runs/synth_1/.Xil/Vivado-58344-LB-201803132255/dcp3/system_processing_system7_0_0_in_context.xdc, line 95).
Applied set_property IO_BUFFER_TYPE = NONE for DDR_dq[20]. (constraint file  J:/FEP/ETH1512/MZ7035/CH01_EMIO_ETH_RGMII/Miz_sys/Miz_sys.runs/synth_1/.Xil/Vivado-58344-LB-201803132255/dcp3/system_processing_system7_0_0_in_context.xdc, line 96).
Applied set_property CLOCK_BUFFER_TYPE = NONE for DDR_dq[20]. (constraint file  J:/FEP/ETH1512/MZ7035/CH01_EMIO_ETH_RGMII/Miz_sys/Miz_sys.runs/synth_1/.Xil/Vivado-58344-LB-201803132255/dcp3/system_processing_system7_0_0_in_context.xdc, line 97).
Applied set_property IO_BUFFER_TYPE = NONE for DDR_dq[21]. (constraint file  J:/FEP/ETH1512/MZ7035/CH01_EMIO_ETH_RGMII/Miz_sys/Miz_sys.runs/synth_1/.Xil/Vivado-58344-LB-201803132255/dcp3/system_processing_system7_0_0_in_context.xdc, line 98).
Applied set_property CLOCK_BUFFER_TYPE = NONE for DDR_dq[21]. (constraint file  J:/FEP/ETH1512/MZ7035/CH01_EMIO_ETH_RGMII/Miz_sys/Miz_sys.runs/synth_1/.Xil/Vivado-58344-LB-201803132255/dcp3/system_processing_system7_0_0_in_context.xdc, line 99).
Applied set_property IO_BUFFER_TYPE = NONE for DDR_dq[22]. (constraint file  J:/FEP/ETH1512/MZ7035/CH01_EMIO_ETH_RGMII/Miz_sys/Miz_sys.runs/synth_1/.Xil/Vivado-58344-LB-201803132255/dcp3/system_processing_system7_0_0_in_context.xdc, line 100).
Applied set_property CLOCK_BUFFER_TYPE = NONE for DDR_dq[22]. (constraint file  J:/FEP/ETH1512/MZ7035/CH01_EMIO_ETH_RGMII/Miz_sys/Miz_sys.runs/synth_1/.Xil/Vivado-58344-LB-201803132255/dcp3/system_processing_system7_0_0_in_context.xdc, line 101).
Applied set_property IO_BUFFER_TYPE = NONE for DDR_dq[23]. (constraint file  J:/FEP/ETH1512/MZ7035/CH01_EMIO_ETH_RGMII/Miz_sys/Miz_sys.runs/synth_1/.Xil/Vivado-58344-LB-201803132255/dcp3/system_processing_system7_0_0_in_context.xdc, line 102).
Applied set_property CLOCK_BUFFER_TYPE = NONE for DDR_dq[23]. (constraint file  J:/FEP/ETH1512/MZ7035/CH01_EMIO_ETH_RGMII/Miz_sys/Miz_sys.runs/synth_1/.Xil/Vivado-58344-LB-201803132255/dcp3/system_processing_system7_0_0_in_context.xdc, line 103).
Applied set_property IO_BUFFER_TYPE = NONE for DDR_dq[24]. (constraint file  J:/FEP/ETH1512/MZ7035/CH01_EMIO_ETH_RGMII/Miz_sys/Miz_sys.runs/synth_1/.Xil/Vivado-58344-LB-201803132255/dcp3/system_processing_system7_0_0_in_context.xdc, line 104).
Applied set_property CLOCK_BUFFER_TYPE = NONE for DDR_dq[24]. (constraint file  J:/FEP/ETH1512/MZ7035/CH01_EMIO_ETH_RGMII/Miz_sys/Miz_sys.runs/synth_1/.Xil/Vivado-58344-LB-201803132255/dcp3/system_processing_system7_0_0_in_context.xdc, line 105).
Applied set_property IO_BUFFER_TYPE = NONE for DDR_dq[25]. (constraint file  J:/FEP/ETH1512/MZ7035/CH01_EMIO_ETH_RGMII/Miz_sys/Miz_sys.runs/synth_1/.Xil/Vivado-58344-LB-201803132255/dcp3/system_processing_system7_0_0_in_context.xdc, line 106).
Applied set_property CLOCK_BUFFER_TYPE = NONE for DDR_dq[25]. (constraint file  J:/FEP/ETH1512/MZ7035/CH01_EMIO_ETH_RGMII/Miz_sys/Miz_sys.runs/synth_1/.Xil/Vivado-58344-LB-201803132255/dcp3/system_processing_system7_0_0_in_context.xdc, line 107).
Applied set_property IO_BUFFER_TYPE = NONE for DDR_dq[26]. (constraint file  J:/FEP/ETH1512/MZ7035/CH01_EMIO_ETH_RGMII/Miz_sys/Miz_sys.runs/synth_1/.Xil/Vivado-58344-LB-201803132255/dcp3/system_processing_system7_0_0_in_context.xdc, line 108).
Applied set_property CLOCK_BUFFER_TYPE = NONE for DDR_dq[26]. (constraint file  J:/FEP/ETH1512/MZ7035/CH01_EMIO_ETH_RGMII/Miz_sys/Miz_sys.runs/synth_1/.Xil/Vivado-58344-LB-201803132255/dcp3/system_processing_system7_0_0_in_context.xdc, line 109).
Applied set_property IO_BUFFER_TYPE = NONE for DDR_dq[27]. (constraint file  J:/FEP/ETH1512/MZ7035/CH01_EMIO_ETH_RGMII/Miz_sys/Miz_sys.runs/synth_1/.Xil/Vivado-58344-LB-201803132255/dcp3/system_processing_system7_0_0_in_context.xdc, line 110).
Applied set_property CLOCK_BUFFER_TYPE = NONE for DDR_dq[27]. (constraint file  J:/FEP/ETH1512/MZ7035/CH01_EMIO_ETH_RGMII/Miz_sys/Miz_sys.runs/synth_1/.Xil/Vivado-58344-LB-201803132255/dcp3/system_processing_system7_0_0_in_context.xdc, line 111).
Applied set_property IO_BUFFER_TYPE = NONE for DDR_dq[28]. (constraint file  J:/FEP/ETH1512/MZ7035/CH01_EMIO_ETH_RGMII/Miz_sys/Miz_sys.runs/synth_1/.Xil/Vivado-58344-LB-201803132255/dcp3/system_processing_system7_0_0_in_context.xdc, line 112).
Applied set_property CLOCK_BUFFER_TYPE = NONE for DDR_dq[28]. (constraint file  J:/FEP/ETH1512/MZ7035/CH01_EMIO_ETH_RGMII/Miz_sys/Miz_sys.runs/synth_1/.Xil/Vivado-58344-LB-201803132255/dcp3/system_processing_system7_0_0_in_context.xdc, line 113).
Applied set_property IO_BUFFER_TYPE = NONE for DDR_dq[29]. (constraint file  J:/FEP/ETH1512/MZ7035/CH01_EMIO_ETH_RGMII/Miz_sys/Miz_sys.runs/synth_1/.Xil/Vivado-58344-LB-201803132255/dcp3/system_processing_system7_0_0_in_context.xdc, line 114).
Applied set_property CLOCK_BUFFER_TYPE = NONE for DDR_dq[29]. (constraint file  J:/FEP/ETH1512/MZ7035/CH01_EMIO_ETH_RGMII/Miz_sys/Miz_sys.runs/synth_1/.Xil/Vivado-58344-LB-201803132255/dcp3/system_processing_system7_0_0_in_context.xdc, line 115).
Applied set_property IO_BUFFER_TYPE = NONE for DDR_dq[2]. (constraint file  J:/FEP/ETH1512/MZ7035/CH01_EMIO_ETH_RGMII/Miz_sys/Miz_sys.runs/synth_1/.Xil/Vivado-58344-LB-201803132255/dcp3/system_processing_system7_0_0_in_context.xdc, line 116).
Applied set_property CLOCK_BUFFER_TYPE = NONE for DDR_dq[2]. (constraint file  J:/FEP/ETH1512/MZ7035/CH01_EMIO_ETH_RGMII/Miz_sys/Miz_sys.runs/synth_1/.Xil/Vivado-58344-LB-201803132255/dcp3/system_processing_system7_0_0_in_context.xdc, line 117).
Applied set_property IO_BUFFER_TYPE = NONE for DDR_dq[30]. (constraint file  J:/FEP/ETH1512/MZ7035/CH01_EMIO_ETH_RGMII/Miz_sys/Miz_sys.runs/synth_1/.Xil/Vivado-58344-LB-201803132255/dcp3/system_processing_system7_0_0_in_context.xdc, line 118).
Applied set_property CLOCK_BUFFER_TYPE = NONE for DDR_dq[30]. (constraint file  J:/FEP/ETH1512/MZ7035/CH01_EMIO_ETH_RGMII/Miz_sys/Miz_sys.runs/synth_1/.Xil/Vivado-58344-LB-201803132255/dcp3/system_processing_system7_0_0_in_context.xdc, line 119).
Applied set_property IO_BUFFER_TYPE = NONE for DDR_dq[31]. (constraint file  J:/FEP/ETH1512/MZ7035/CH01_EMIO_ETH_RGMII/Miz_sys/Miz_sys.runs/synth_1/.Xil/Vivado-58344-LB-201803132255/dcp3/system_processing_system7_0_0_in_context.xdc, line 120).
Applied set_property CLOCK_BUFFER_TYPE = NONE for DDR_dq[31]. (constraint file  J:/FEP/ETH1512/MZ7035/CH01_EMIO_ETH_RGMII/Miz_sys/Miz_sys.runs/synth_1/.Xil/Vivado-58344-LB-201803132255/dcp3/system_processing_system7_0_0_in_context.xdc, line 121).
Applied set_property IO_BUFFER_TYPE = NONE for DDR_dq[3]. (constraint file  J:/FEP/ETH1512/MZ7035/CH01_EMIO_ETH_RGMII/Miz_sys/Miz_sys.runs/synth_1/.Xil/Vivado-58344-LB-201803132255/dcp3/system_processing_system7_0_0_in_context.xdc, line 122).
Applied set_property CLOCK_BUFFER_TYPE = NONE for DDR_dq[3]. (constraint file  J:/FEP/ETH1512/MZ7035/CH01_EMIO_ETH_RGMII/Miz_sys/Miz_sys.runs/synth_1/.Xil/Vivado-58344-LB-201803132255/dcp3/system_processing_system7_0_0_in_context.xdc, line 123).
Applied set_property IO_BUFFER_TYPE = NONE for DDR_dq[4]. (constraint file  J:/FEP/ETH1512/MZ7035/CH01_EMIO_ETH_RGMII/Miz_sys/Miz_sys.runs/synth_1/.Xil/Vivado-58344-LB-201803132255/dcp3/system_processing_system7_0_0_in_context.xdc, line 124).
Applied set_property CLOCK_BUFFER_TYPE = NONE for DDR_dq[4]. (constraint file  J:/FEP/ETH1512/MZ7035/CH01_EMIO_ETH_RGMII/Miz_sys/Miz_sys.runs/synth_1/.Xil/Vivado-58344-LB-201803132255/dcp3/system_processing_system7_0_0_in_context.xdc, line 125).
Applied set_property IO_BUFFER_TYPE = NONE for DDR_dq[5]. (constraint file  J:/FEP/ETH1512/MZ7035/CH01_EMIO_ETH_RGMII/Miz_sys/Miz_sys.runs/synth_1/.Xil/Vivado-58344-LB-201803132255/dcp3/system_processing_system7_0_0_in_context.xdc, line 126).
Applied set_property CLOCK_BUFFER_TYPE = NONE for DDR_dq[5]. (constraint file  J:/FEP/ETH1512/MZ7035/CH01_EMIO_ETH_RGMII/Miz_sys/Miz_sys.runs/synth_1/.Xil/Vivado-58344-LB-201803132255/dcp3/system_processing_system7_0_0_in_context.xdc, line 127).
Applied set_property IO_BUFFER_TYPE = NONE for DDR_dq[6]. (constraint file  J:/FEP/ETH1512/MZ7035/CH01_EMIO_ETH_RGMII/Miz_sys/Miz_sys.runs/synth_1/.Xil/Vivado-58344-LB-201803132255/dcp3/system_processing_system7_0_0_in_context.xdc, line 128).
Applied set_property CLOCK_BUFFER_TYPE = NONE for DDR_dq[6]. (constraint file  J:/FEP/ETH1512/MZ7035/CH01_EMIO_ETH_RGMII/Miz_sys/Miz_sys.runs/synth_1/.Xil/Vivado-58344-LB-201803132255/dcp3/system_processing_system7_0_0_in_context.xdc, line 129).
Applied set_property IO_BUFFER_TYPE = NONE for DDR_dq[7]. (constraint file  J:/FEP/ETH1512/MZ7035/CH01_EMIO_ETH_RGMII/Miz_sys/Miz_sys.runs/synth_1/.Xil/Vivado-58344-LB-201803132255/dcp3/system_processing_system7_0_0_in_context.xdc, line 130).
Applied set_property CLOCK_BUFFER_TYPE = NONE for DDR_dq[7]. (constraint file  J:/FEP/ETH1512/MZ7035/CH01_EMIO_ETH_RGMII/Miz_sys/Miz_sys.runs/synth_1/.Xil/Vivado-58344-LB-201803132255/dcp3/system_processing_system7_0_0_in_context.xdc, line 131).
Applied set_property IO_BUFFER_TYPE = NONE for DDR_dq[8]. (constraint file  J:/FEP/ETH1512/MZ7035/CH01_EMIO_ETH_RGMII/Miz_sys/Miz_sys.runs/synth_1/.Xil/Vivado-58344-LB-201803132255/dcp3/system_processing_system7_0_0_in_context.xdc, line 132).
Applied set_property CLOCK_BUFFER_TYPE = NONE for DDR_dq[8]. (constraint file  J:/FEP/ETH1512/MZ7035/CH01_EMIO_ETH_RGMII/Miz_sys/Miz_sys.runs/synth_1/.Xil/Vivado-58344-LB-201803132255/dcp3/system_processing_system7_0_0_in_context.xdc, line 133).
Applied set_property IO_BUFFER_TYPE = NONE for DDR_dq[9]. (constraint file  J:/FEP/ETH1512/MZ7035/CH01_EMIO_ETH_RGMII/Miz_sys/Miz_sys.runs/synth_1/.Xil/Vivado-58344-LB-201803132255/dcp3/system_processing_system7_0_0_in_context.xdc, line 134).
Applied set_property CLOCK_BUFFER_TYPE = NONE for DDR_dq[9]. (constraint file  J:/FEP/ETH1512/MZ7035/CH01_EMIO_ETH_RGMII/Miz_sys/Miz_sys.runs/synth_1/.Xil/Vivado-58344-LB-201803132255/dcp3/system_processing_system7_0_0_in_context.xdc, line 135).
Applied set_property IO_BUFFER_TYPE = NONE for DDR_reset_n. (constraint file  J:/FEP/ETH1512/MZ7035/CH01_EMIO_ETH_RGMII/Miz_sys/Miz_sys.runs/synth_1/.Xil/Vivado-58344-LB-201803132255/dcp3/system_processing_system7_0_0_in_context.xdc, line 136).
Applied set_property CLOCK_BUFFER_TYPE = NONE for DDR_reset_n. (constraint file  J:/FEP/ETH1512/MZ7035/CH01_EMIO_ETH_RGMII/Miz_sys/Miz_sys.runs/synth_1/.Xil/Vivado-58344-LB-201803132255/dcp3/system_processing_system7_0_0_in_context.xdc, line 137).
Applied set_property IO_BUFFER_TYPE = NONE for DDR_odt. (constraint file  J:/FEP/ETH1512/MZ7035/CH01_EMIO_ETH_RGMII/Miz_sys/Miz_sys.runs/synth_1/.Xil/Vivado-58344-LB-201803132255/dcp3/system_processing_system7_0_0_in_context.xdc, line 138).
Applied set_property CLOCK_BUFFER_TYPE = NONE for DDR_odt. (constraint file  J:/FEP/ETH1512/MZ7035/CH01_EMIO_ETH_RGMII/Miz_sys/Miz_sys.runs/synth_1/.Xil/Vivado-58344-LB-201803132255/dcp3/system_processing_system7_0_0_in_context.xdc, line 139).
Applied set_property IO_BUFFER_TYPE = NONE for DDR_ras_n. (constraint file  J:/FEP/ETH1512/MZ7035/CH01_EMIO_ETH_RGMII/Miz_sys/Miz_sys.runs/synth_1/.Xil/Vivado-58344-LB-201803132255/dcp3/system_processing_system7_0_0_in_context.xdc, line 140).
Applied set_property CLOCK_BUFFER_TYPE = NONE for DDR_ras_n. (constraint file  J:/FEP/ETH1512/MZ7035/CH01_EMIO_ETH_RGMII/Miz_sys/Miz_sys.runs/synth_1/.Xil/Vivado-58344-LB-201803132255/dcp3/system_processing_system7_0_0_in_context.xdc, line 141).
Applied set_property IO_BUFFER_TYPE = NONE for FIXED_IO_ddr_vrn. (constraint file  J:/FEP/ETH1512/MZ7035/CH01_EMIO_ETH_RGMII/Miz_sys/Miz_sys.runs/synth_1/.Xil/Vivado-58344-LB-201803132255/dcp3/system_processing_system7_0_0_in_context.xdc, line 142).
Applied set_property CLOCK_BUFFER_TYPE = NONE for FIXED_IO_ddr_vrn. (constraint file  J:/FEP/ETH1512/MZ7035/CH01_EMIO_ETH_RGMII/Miz_sys/Miz_sys.runs/synth_1/.Xil/Vivado-58344-LB-201803132255/dcp3/system_processing_system7_0_0_in_context.xdc, line 143).
Applied set_property IO_BUFFER_TYPE = NONE for FIXED_IO_ddr_vrp. (constraint file  J:/FEP/ETH1512/MZ7035/CH01_EMIO_ETH_RGMII/Miz_sys/Miz_sys.runs/synth_1/.Xil/Vivado-58344-LB-201803132255/dcp3/system_processing_system7_0_0_in_context.xdc, line 144).
Applied set_property CLOCK_BUFFER_TYPE = NONE for FIXED_IO_ddr_vrp. (constraint file  J:/FEP/ETH1512/MZ7035/CH01_EMIO_ETH_RGMII/Miz_sys/Miz_sys.runs/synth_1/.Xil/Vivado-58344-LB-201803132255/dcp3/system_processing_system7_0_0_in_context.xdc, line 145).
Applied set_property IO_BUFFER_TYPE = NONE for DDR_we_n. (constraint file  J:/FEP/ETH1512/MZ7035/CH01_EMIO_ETH_RGMII/Miz_sys/Miz_sys.runs/synth_1/.Xil/Vivado-58344-LB-201803132255/dcp3/system_processing_system7_0_0_in_context.xdc, line 146).
Applied set_property CLOCK_BUFFER_TYPE = NONE for DDR_we_n. (constraint file  J:/FEP/ETH1512/MZ7035/CH01_EMIO_ETH_RGMII/Miz_sys/Miz_sys.runs/synth_1/.Xil/Vivado-58344-LB-201803132255/dcp3/system_processing_system7_0_0_in_context.xdc, line 147).
Applied set_property IO_BUFFER_TYPE = NONE for FIXED_IO_mio[0]. (constraint file  J:/FEP/ETH1512/MZ7035/CH01_EMIO_ETH_RGMII/Miz_sys/Miz_sys.runs/synth_1/.Xil/Vivado-58344-LB-201803132255/dcp3/system_processing_system7_0_0_in_context.xdc, line 148).
Applied set_property CLOCK_BUFFER_TYPE = NONE for FIXED_IO_mio[0]. (constraint file  J:/FEP/ETH1512/MZ7035/CH01_EMIO_ETH_RGMII/Miz_sys/Miz_sys.runs/synth_1/.Xil/Vivado-58344-LB-201803132255/dcp3/system_processing_system7_0_0_in_context.xdc, line 149).
Applied set_property IO_BUFFER_TYPE = NONE for FIXED_IO_mio[10]. (constraint file  J:/FEP/ETH1512/MZ7035/CH01_EMIO_ETH_RGMII/Miz_sys/Miz_sys.runs/synth_1/.Xil/Vivado-58344-LB-201803132255/dcp3/system_processing_system7_0_0_in_context.xdc, line 150).
Applied set_property CLOCK_BUFFER_TYPE = NONE for FIXED_IO_mio[10]. (constraint file  J:/FEP/ETH1512/MZ7035/CH01_EMIO_ETH_RGMII/Miz_sys/Miz_sys.runs/synth_1/.Xil/Vivado-58344-LB-201803132255/dcp3/system_processing_system7_0_0_in_context.xdc, line 151).
Applied set_property IO_BUFFER_TYPE = NONE for FIXED_IO_mio[11]. (constraint file  J:/FEP/ETH1512/MZ7035/CH01_EMIO_ETH_RGMII/Miz_sys/Miz_sys.runs/synth_1/.Xil/Vivado-58344-LB-201803132255/dcp3/system_processing_system7_0_0_in_context.xdc, line 152).
Applied set_property CLOCK_BUFFER_TYPE = NONE for FIXED_IO_mio[11]. (constraint file  J:/FEP/ETH1512/MZ7035/CH01_EMIO_ETH_RGMII/Miz_sys/Miz_sys.runs/synth_1/.Xil/Vivado-58344-LB-201803132255/dcp3/system_processing_system7_0_0_in_context.xdc, line 153).
Applied set_property IO_BUFFER_TYPE = NONE for FIXED_IO_mio[12]. (constraint file  J:/FEP/ETH1512/MZ7035/CH01_EMIO_ETH_RGMII/Miz_sys/Miz_sys.runs/synth_1/.Xil/Vivado-58344-LB-201803132255/dcp3/system_processing_system7_0_0_in_context.xdc, line 154).
Applied set_property CLOCK_BUFFER_TYPE = NONE for FIXED_IO_mio[12]. (constraint file  J:/FEP/ETH1512/MZ7035/CH01_EMIO_ETH_RGMII/Miz_sys/Miz_sys.runs/synth_1/.Xil/Vivado-58344-LB-201803132255/dcp3/system_processing_system7_0_0_in_context.xdc, line 155).
Applied set_property IO_BUFFER_TYPE = NONE for FIXED_IO_mio[13]. (constraint file  J:/FEP/ETH1512/MZ7035/CH01_EMIO_ETH_RGMII/Miz_sys/Miz_sys.runs/synth_1/.Xil/Vivado-58344-LB-201803132255/dcp3/system_processing_system7_0_0_in_context.xdc, line 156).
Applied set_property CLOCK_BUFFER_TYPE = NONE for FIXED_IO_mio[13]. (constraint file  J:/FEP/ETH1512/MZ7035/CH01_EMIO_ETH_RGMII/Miz_sys/Miz_sys.runs/synth_1/.Xil/Vivado-58344-LB-201803132255/dcp3/system_processing_system7_0_0_in_context.xdc, line 157).
Applied set_property IO_BUFFER_TYPE = NONE for FIXED_IO_mio[14]. (constraint file  J:/FEP/ETH1512/MZ7035/CH01_EMIO_ETH_RGMII/Miz_sys/Miz_sys.runs/synth_1/.Xil/Vivado-58344-LB-201803132255/dcp3/system_processing_system7_0_0_in_context.xdc, line 158).
Applied set_property CLOCK_BUFFER_TYPE = NONE for FIXED_IO_mio[14]. (constraint file  J:/FEP/ETH1512/MZ7035/CH01_EMIO_ETH_RGMII/Miz_sys/Miz_sys.runs/synth_1/.Xil/Vivado-58344-LB-201803132255/dcp3/system_processing_system7_0_0_in_context.xdc, line 159).
Applied set_property IO_BUFFER_TYPE = NONE for FIXED_IO_mio[15]. (constraint file  J:/FEP/ETH1512/MZ7035/CH01_EMIO_ETH_RGMII/Miz_sys/Miz_sys.runs/synth_1/.Xil/Vivado-58344-LB-201803132255/dcp3/system_processing_system7_0_0_in_context.xdc, line 160).
Applied set_property CLOCK_BUFFER_TYPE = NONE for FIXED_IO_mio[15]. (constraint file  J:/FEP/ETH1512/MZ7035/CH01_EMIO_ETH_RGMII/Miz_sys/Miz_sys.runs/synth_1/.Xil/Vivado-58344-LB-201803132255/dcp3/system_processing_system7_0_0_in_context.xdc, line 161).
Applied set_property IO_BUFFER_TYPE = NONE for FIXED_IO_mio[16]. (constraint file  J:/FEP/ETH1512/MZ7035/CH01_EMIO_ETH_RGMII/Miz_sys/Miz_sys.runs/synth_1/.Xil/Vivado-58344-LB-201803132255/dcp3/system_processing_system7_0_0_in_context.xdc, line 162).
Applied set_property CLOCK_BUFFER_TYPE = NONE for FIXED_IO_mio[16]. (constraint file  J:/FEP/ETH1512/MZ7035/CH01_EMIO_ETH_RGMII/Miz_sys/Miz_sys.runs/synth_1/.Xil/Vivado-58344-LB-201803132255/dcp3/system_processing_system7_0_0_in_context.xdc, line 163).
Applied set_property IO_BUFFER_TYPE = NONE for FIXED_IO_mio[17]. (constraint file  J:/FEP/ETH1512/MZ7035/CH01_EMIO_ETH_RGMII/Miz_sys/Miz_sys.runs/synth_1/.Xil/Vivado-58344-LB-201803132255/dcp3/system_processing_system7_0_0_in_context.xdc, line 164).
Applied set_property CLOCK_BUFFER_TYPE = NONE for FIXED_IO_mio[17]. (constraint file  J:/FEP/ETH1512/MZ7035/CH01_EMIO_ETH_RGMII/Miz_sys/Miz_sys.runs/synth_1/.Xil/Vivado-58344-LB-201803132255/dcp3/system_processing_system7_0_0_in_context.xdc, line 165).
Applied set_property IO_BUFFER_TYPE = NONE for FIXED_IO_mio[18]. (constraint file  J:/FEP/ETH1512/MZ7035/CH01_EMIO_ETH_RGMII/Miz_sys/Miz_sys.runs/synth_1/.Xil/Vivado-58344-LB-201803132255/dcp3/system_processing_system7_0_0_in_context.xdc, line 166).
Applied set_property CLOCK_BUFFER_TYPE = NONE for FIXED_IO_mio[18]. (constraint file  J:/FEP/ETH1512/MZ7035/CH01_EMIO_ETH_RGMII/Miz_sys/Miz_sys.runs/synth_1/.Xil/Vivado-58344-LB-201803132255/dcp3/system_processing_system7_0_0_in_context.xdc, line 167).
Applied set_property IO_BUFFER_TYPE = NONE for FIXED_IO_mio[19]. (constraint file  J:/FEP/ETH1512/MZ7035/CH01_EMIO_ETH_RGMII/Miz_sys/Miz_sys.runs/synth_1/.Xil/Vivado-58344-LB-201803132255/dcp3/system_processing_system7_0_0_in_context.xdc, line 168).
Applied set_property CLOCK_BUFFER_TYPE = NONE for FIXED_IO_mio[19]. (constraint file  J:/FEP/ETH1512/MZ7035/CH01_EMIO_ETH_RGMII/Miz_sys/Miz_sys.runs/synth_1/.Xil/Vivado-58344-LB-201803132255/dcp3/system_processing_system7_0_0_in_context.xdc, line 169).
Applied set_property IO_BUFFER_TYPE = NONE for FIXED_IO_mio[1]. (constraint file  J:/FEP/ETH1512/MZ7035/CH01_EMIO_ETH_RGMII/Miz_sys/Miz_sys.runs/synth_1/.Xil/Vivado-58344-LB-201803132255/dcp3/system_processing_system7_0_0_in_context.xdc, line 170).
Applied set_property CLOCK_BUFFER_TYPE = NONE for FIXED_IO_mio[1]. (constraint file  J:/FEP/ETH1512/MZ7035/CH01_EMIO_ETH_RGMII/Miz_sys/Miz_sys.runs/synth_1/.Xil/Vivado-58344-LB-201803132255/dcp3/system_processing_system7_0_0_in_context.xdc, line 171).
Applied set_property IO_BUFFER_TYPE = NONE for FIXED_IO_mio[20]. (constraint file  J:/FEP/ETH1512/MZ7035/CH01_EMIO_ETH_RGMII/Miz_sys/Miz_sys.runs/synth_1/.Xil/Vivado-58344-LB-201803132255/dcp3/system_processing_system7_0_0_in_context.xdc, line 172).
Applied set_property CLOCK_BUFFER_TYPE = NONE for FIXED_IO_mio[20]. (constraint file  J:/FEP/ETH1512/MZ7035/CH01_EMIO_ETH_RGMII/Miz_sys/Miz_sys.runs/synth_1/.Xil/Vivado-58344-LB-201803132255/dcp3/system_processing_system7_0_0_in_context.xdc, line 173).
Applied set_property IO_BUFFER_TYPE = NONE for FIXED_IO_mio[21]. (constraint file  J:/FEP/ETH1512/MZ7035/CH01_EMIO_ETH_RGMII/Miz_sys/Miz_sys.runs/synth_1/.Xil/Vivado-58344-LB-201803132255/dcp3/system_processing_system7_0_0_in_context.xdc, line 174).
Applied set_property CLOCK_BUFFER_TYPE = NONE for FIXED_IO_mio[21]. (constraint file  J:/FEP/ETH1512/MZ7035/CH01_EMIO_ETH_RGMII/Miz_sys/Miz_sys.runs/synth_1/.Xil/Vivado-58344-LB-201803132255/dcp3/system_processing_system7_0_0_in_context.xdc, line 175).
Applied set_property IO_BUFFER_TYPE = NONE for FIXED_IO_mio[22]. (constraint file  J:/FEP/ETH1512/MZ7035/CH01_EMIO_ETH_RGMII/Miz_sys/Miz_sys.runs/synth_1/.Xil/Vivado-58344-LB-201803132255/dcp3/system_processing_system7_0_0_in_context.xdc, line 176).
Applied set_property CLOCK_BUFFER_TYPE = NONE for FIXED_IO_mio[22]. (constraint file  J:/FEP/ETH1512/MZ7035/CH01_EMIO_ETH_RGMII/Miz_sys/Miz_sys.runs/synth_1/.Xil/Vivado-58344-LB-201803132255/dcp3/system_processing_system7_0_0_in_context.xdc, line 177).
Applied set_property IO_BUFFER_TYPE = NONE for FIXED_IO_mio[23]. (constraint file  J:/FEP/ETH1512/MZ7035/CH01_EMIO_ETH_RGMII/Miz_sys/Miz_sys.runs/synth_1/.Xil/Vivado-58344-LB-201803132255/dcp3/system_processing_system7_0_0_in_context.xdc, line 178).
Applied set_property CLOCK_BUFFER_TYPE = NONE for FIXED_IO_mio[23]. (constraint file  J:/FEP/ETH1512/MZ7035/CH01_EMIO_ETH_RGMII/Miz_sys/Miz_sys.runs/synth_1/.Xil/Vivado-58344-LB-201803132255/dcp3/system_processing_system7_0_0_in_context.xdc, line 179).
Applied set_property IO_BUFFER_TYPE = NONE for FIXED_IO_mio[24]. (constraint file  J:/FEP/ETH1512/MZ7035/CH01_EMIO_ETH_RGMII/Miz_sys/Miz_sys.runs/synth_1/.Xil/Vivado-58344-LB-201803132255/dcp3/system_processing_system7_0_0_in_context.xdc, line 180).
Applied set_property CLOCK_BUFFER_TYPE = NONE for FIXED_IO_mio[24]. (constraint file  J:/FEP/ETH1512/MZ7035/CH01_EMIO_ETH_RGMII/Miz_sys/Miz_sys.runs/synth_1/.Xil/Vivado-58344-LB-201803132255/dcp3/system_processing_system7_0_0_in_context.xdc, line 181).
Applied set_property IO_BUFFER_TYPE = NONE for FIXED_IO_mio[25]. (constraint file  J:/FEP/ETH1512/MZ7035/CH01_EMIO_ETH_RGMII/Miz_sys/Miz_sys.runs/synth_1/.Xil/Vivado-58344-LB-201803132255/dcp3/system_processing_system7_0_0_in_context.xdc, line 182).
Applied set_property CLOCK_BUFFER_TYPE = NONE for FIXED_IO_mio[25]. (constraint file  J:/FEP/ETH1512/MZ7035/CH01_EMIO_ETH_RGMII/Miz_sys/Miz_sys.runs/synth_1/.Xil/Vivado-58344-LB-201803132255/dcp3/system_processing_system7_0_0_in_context.xdc, line 183).
Applied set_property IO_BUFFER_TYPE = NONE for FIXED_IO_mio[26]. (constraint file  J:/FEP/ETH1512/MZ7035/CH01_EMIO_ETH_RGMII/Miz_sys/Miz_sys.runs/synth_1/.Xil/Vivado-58344-LB-201803132255/dcp3/system_processing_system7_0_0_in_context.xdc, line 184).
Applied set_property CLOCK_BUFFER_TYPE = NONE for FIXED_IO_mio[26]. (constraint file  J:/FEP/ETH1512/MZ7035/CH01_EMIO_ETH_RGMII/Miz_sys/Miz_sys.runs/synth_1/.Xil/Vivado-58344-LB-201803132255/dcp3/system_processing_system7_0_0_in_context.xdc, line 185).
Applied set_property IO_BUFFER_TYPE = NONE for FIXED_IO_mio[27]. (constraint file  J:/FEP/ETH1512/MZ7035/CH01_EMIO_ETH_RGMII/Miz_sys/Miz_sys.runs/synth_1/.Xil/Vivado-58344-LB-201803132255/dcp3/system_processing_system7_0_0_in_context.xdc, line 186).
Applied set_property CLOCK_BUFFER_TYPE = NONE for FIXED_IO_mio[27]. (constraint file  J:/FEP/ETH1512/MZ7035/CH01_EMIO_ETH_RGMII/Miz_sys/Miz_sys.runs/synth_1/.Xil/Vivado-58344-LB-201803132255/dcp3/system_processing_system7_0_0_in_context.xdc, line 187).
Applied set_property IO_BUFFER_TYPE = NONE for FIXED_IO_mio[28]. (constraint file  J:/FEP/ETH1512/MZ7035/CH01_EMIO_ETH_RGMII/Miz_sys/Miz_sys.runs/synth_1/.Xil/Vivado-58344-LB-201803132255/dcp3/system_processing_system7_0_0_in_context.xdc, line 188).
Applied set_property CLOCK_BUFFER_TYPE = NONE for FIXED_IO_mio[28]. (constraint file  J:/FEP/ETH1512/MZ7035/CH01_EMIO_ETH_RGMII/Miz_sys/Miz_sys.runs/synth_1/.Xil/Vivado-58344-LB-201803132255/dcp3/system_processing_system7_0_0_in_context.xdc, line 189).
Applied set_property IO_BUFFER_TYPE = NONE for FIXED_IO_mio[29]. (constraint file  J:/FEP/ETH1512/MZ7035/CH01_EMIO_ETH_RGMII/Miz_sys/Miz_sys.runs/synth_1/.Xil/Vivado-58344-LB-201803132255/dcp3/system_processing_system7_0_0_in_context.xdc, line 190).
Applied set_property CLOCK_BUFFER_TYPE = NONE for FIXED_IO_mio[29]. (constraint file  J:/FEP/ETH1512/MZ7035/CH01_EMIO_ETH_RGMII/Miz_sys/Miz_sys.runs/synth_1/.Xil/Vivado-58344-LB-201803132255/dcp3/system_processing_system7_0_0_in_context.xdc, line 191).
Applied set_property IO_BUFFER_TYPE = NONE for FIXED_IO_mio[2]. (constraint file  J:/FEP/ETH1512/MZ7035/CH01_EMIO_ETH_RGMII/Miz_sys/Miz_sys.runs/synth_1/.Xil/Vivado-58344-LB-201803132255/dcp3/system_processing_system7_0_0_in_context.xdc, line 192).
Applied set_property CLOCK_BUFFER_TYPE = NONE for FIXED_IO_mio[2]. (constraint file  J:/FEP/ETH1512/MZ7035/CH01_EMIO_ETH_RGMII/Miz_sys/Miz_sys.runs/synth_1/.Xil/Vivado-58344-LB-201803132255/dcp3/system_processing_system7_0_0_in_context.xdc, line 193).
Applied set_property IO_BUFFER_TYPE = NONE for FIXED_IO_mio[30]. (constraint file  J:/FEP/ETH1512/MZ7035/CH01_EMIO_ETH_RGMII/Miz_sys/Miz_sys.runs/synth_1/.Xil/Vivado-58344-LB-201803132255/dcp3/system_processing_system7_0_0_in_context.xdc, line 194).
Applied set_property CLOCK_BUFFER_TYPE = NONE for FIXED_IO_mio[30]. (constraint file  J:/FEP/ETH1512/MZ7035/CH01_EMIO_ETH_RGMII/Miz_sys/Miz_sys.runs/synth_1/.Xil/Vivado-58344-LB-201803132255/dcp3/system_processing_system7_0_0_in_context.xdc, line 195).
Applied set_property IO_BUFFER_TYPE = NONE for FIXED_IO_mio[31]. (constraint file  J:/FEP/ETH1512/MZ7035/CH01_EMIO_ETH_RGMII/Miz_sys/Miz_sys.runs/synth_1/.Xil/Vivado-58344-LB-201803132255/dcp3/system_processing_system7_0_0_in_context.xdc, line 196).
Applied set_property CLOCK_BUFFER_TYPE = NONE for FIXED_IO_mio[31]. (constraint file  J:/FEP/ETH1512/MZ7035/CH01_EMIO_ETH_RGMII/Miz_sys/Miz_sys.runs/synth_1/.Xil/Vivado-58344-LB-201803132255/dcp3/system_processing_system7_0_0_in_context.xdc, line 197).
Applied set_property IO_BUFFER_TYPE = NONE for FIXED_IO_mio[32]. (constraint file  J:/FEP/ETH1512/MZ7035/CH01_EMIO_ETH_RGMII/Miz_sys/Miz_sys.runs/synth_1/.Xil/Vivado-58344-LB-201803132255/dcp3/system_processing_system7_0_0_in_context.xdc, line 198).
Applied set_property CLOCK_BUFFER_TYPE = NONE for FIXED_IO_mio[32]. (constraint file  J:/FEP/ETH1512/MZ7035/CH01_EMIO_ETH_RGMII/Miz_sys/Miz_sys.runs/synth_1/.Xil/Vivado-58344-LB-201803132255/dcp3/system_processing_system7_0_0_in_context.xdc, line 199).
Applied set_property IO_BUFFER_TYPE = NONE for FIXED_IO_mio[33]. (constraint file  J:/FEP/ETH1512/MZ7035/CH01_EMIO_ETH_RGMII/Miz_sys/Miz_sys.runs/synth_1/.Xil/Vivado-58344-LB-201803132255/dcp3/system_processing_system7_0_0_in_context.xdc, line 200).
Applied set_property CLOCK_BUFFER_TYPE = NONE for FIXED_IO_mio[33]. (constraint file  J:/FEP/ETH1512/MZ7035/CH01_EMIO_ETH_RGMII/Miz_sys/Miz_sys.runs/synth_1/.Xil/Vivado-58344-LB-201803132255/dcp3/system_processing_system7_0_0_in_context.xdc, line 201).
Applied set_property IO_BUFFER_TYPE = NONE for FIXED_IO_mio[34]. (constraint file  J:/FEP/ETH1512/MZ7035/CH01_EMIO_ETH_RGMII/Miz_sys/Miz_sys.runs/synth_1/.Xil/Vivado-58344-LB-201803132255/dcp3/system_processing_system7_0_0_in_context.xdc, line 202).
Applied set_property CLOCK_BUFFER_TYPE = NONE for FIXED_IO_mio[34]. (constraint file  J:/FEP/ETH1512/MZ7035/CH01_EMIO_ETH_RGMII/Miz_sys/Miz_sys.runs/synth_1/.Xil/Vivado-58344-LB-201803132255/dcp3/system_processing_system7_0_0_in_context.xdc, line 203).
Applied set_property IO_BUFFER_TYPE = NONE for FIXED_IO_mio[35]. (constraint file  J:/FEP/ETH1512/MZ7035/CH01_EMIO_ETH_RGMII/Miz_sys/Miz_sys.runs/synth_1/.Xil/Vivado-58344-LB-201803132255/dcp3/system_processing_system7_0_0_in_context.xdc, line 204).
Applied set_property CLOCK_BUFFER_TYPE = NONE for FIXED_IO_mio[35]. (constraint file  J:/FEP/ETH1512/MZ7035/CH01_EMIO_ETH_RGMII/Miz_sys/Miz_sys.runs/synth_1/.Xil/Vivado-58344-LB-201803132255/dcp3/system_processing_system7_0_0_in_context.xdc, line 205).
Applied set_property IO_BUFFER_TYPE = NONE for FIXED_IO_mio[36]. (constraint file  J:/FEP/ETH1512/MZ7035/CH01_EMIO_ETH_RGMII/Miz_sys/Miz_sys.runs/synth_1/.Xil/Vivado-58344-LB-201803132255/dcp3/system_processing_system7_0_0_in_context.xdc, line 206).
Applied set_property CLOCK_BUFFER_TYPE = NONE for FIXED_IO_mio[36]. (constraint file  J:/FEP/ETH1512/MZ7035/CH01_EMIO_ETH_RGMII/Miz_sys/Miz_sys.runs/synth_1/.Xil/Vivado-58344-LB-201803132255/dcp3/system_processing_system7_0_0_in_context.xdc, line 207).
Applied set_property IO_BUFFER_TYPE = NONE for FIXED_IO_mio[37]. (constraint file  J:/FEP/ETH1512/MZ7035/CH01_EMIO_ETH_RGMII/Miz_sys/Miz_sys.runs/synth_1/.Xil/Vivado-58344-LB-201803132255/dcp3/system_processing_system7_0_0_in_context.xdc, line 208).
Applied set_property CLOCK_BUFFER_TYPE = NONE for FIXED_IO_mio[37]. (constraint file  J:/FEP/ETH1512/MZ7035/CH01_EMIO_ETH_RGMII/Miz_sys/Miz_sys.runs/synth_1/.Xil/Vivado-58344-LB-201803132255/dcp3/system_processing_system7_0_0_in_context.xdc, line 209).
Applied set_property IO_BUFFER_TYPE = NONE for FIXED_IO_mio[38]. (constraint file  J:/FEP/ETH1512/MZ7035/CH01_EMIO_ETH_RGMII/Miz_sys/Miz_sys.runs/synth_1/.Xil/Vivado-58344-LB-201803132255/dcp3/system_processing_system7_0_0_in_context.xdc, line 210).
Applied set_property CLOCK_BUFFER_TYPE = NONE for FIXED_IO_mio[38]. (constraint file  J:/FEP/ETH1512/MZ7035/CH01_EMIO_ETH_RGMII/Miz_sys/Miz_sys.runs/synth_1/.Xil/Vivado-58344-LB-201803132255/dcp3/system_processing_system7_0_0_in_context.xdc, line 211).
Applied set_property IO_BUFFER_TYPE = NONE for FIXED_IO_mio[39]. (constraint file  J:/FEP/ETH1512/MZ7035/CH01_EMIO_ETH_RGMII/Miz_sys/Miz_sys.runs/synth_1/.Xil/Vivado-58344-LB-201803132255/dcp3/system_processing_system7_0_0_in_context.xdc, line 212).
Applied set_property CLOCK_BUFFER_TYPE = NONE for FIXED_IO_mio[39]. (constraint file  J:/FEP/ETH1512/MZ7035/CH01_EMIO_ETH_RGMII/Miz_sys/Miz_sys.runs/synth_1/.Xil/Vivado-58344-LB-201803132255/dcp3/system_processing_system7_0_0_in_context.xdc, line 213).
Applied set_property IO_BUFFER_TYPE = NONE for FIXED_IO_mio[3]. (constraint file  J:/FEP/ETH1512/MZ7035/CH01_EMIO_ETH_RGMII/Miz_sys/Miz_sys.runs/synth_1/.Xil/Vivado-58344-LB-201803132255/dcp3/system_processing_system7_0_0_in_context.xdc, line 214).
Applied set_property CLOCK_BUFFER_TYPE = NONE for FIXED_IO_mio[3]. (constraint file  J:/FEP/ETH1512/MZ7035/CH01_EMIO_ETH_RGMII/Miz_sys/Miz_sys.runs/synth_1/.Xil/Vivado-58344-LB-201803132255/dcp3/system_processing_system7_0_0_in_context.xdc, line 215).
Applied set_property IO_BUFFER_TYPE = NONE for FIXED_IO_mio[40]. (constraint file  J:/FEP/ETH1512/MZ7035/CH01_EMIO_ETH_RGMII/Miz_sys/Miz_sys.runs/synth_1/.Xil/Vivado-58344-LB-201803132255/dcp3/system_processing_system7_0_0_in_context.xdc, line 216).
Applied set_property CLOCK_BUFFER_TYPE = NONE for FIXED_IO_mio[40]. (constraint file  J:/FEP/ETH1512/MZ7035/CH01_EMIO_ETH_RGMII/Miz_sys/Miz_sys.runs/synth_1/.Xil/Vivado-58344-LB-201803132255/dcp3/system_processing_system7_0_0_in_context.xdc, line 217).
Applied set_property IO_BUFFER_TYPE = NONE for FIXED_IO_mio[41]. (constraint file  J:/FEP/ETH1512/MZ7035/CH01_EMIO_ETH_RGMII/Miz_sys/Miz_sys.runs/synth_1/.Xil/Vivado-58344-LB-201803132255/dcp3/system_processing_system7_0_0_in_context.xdc, line 218).
Applied set_property CLOCK_BUFFER_TYPE = NONE for FIXED_IO_mio[41]. (constraint file  J:/FEP/ETH1512/MZ7035/CH01_EMIO_ETH_RGMII/Miz_sys/Miz_sys.runs/synth_1/.Xil/Vivado-58344-LB-201803132255/dcp3/system_processing_system7_0_0_in_context.xdc, line 219).
Applied set_property IO_BUFFER_TYPE = NONE for FIXED_IO_mio[42]. (constraint file  J:/FEP/ETH1512/MZ7035/CH01_EMIO_ETH_RGMII/Miz_sys/Miz_sys.runs/synth_1/.Xil/Vivado-58344-LB-201803132255/dcp3/system_processing_system7_0_0_in_context.xdc, line 220).
Applied set_property CLOCK_BUFFER_TYPE = NONE for FIXED_IO_mio[42]. (constraint file  J:/FEP/ETH1512/MZ7035/CH01_EMIO_ETH_RGMII/Miz_sys/Miz_sys.runs/synth_1/.Xil/Vivado-58344-LB-201803132255/dcp3/system_processing_system7_0_0_in_context.xdc, line 221).
Applied set_property IO_BUFFER_TYPE = NONE for FIXED_IO_mio[43]. (constraint file  J:/FEP/ETH1512/MZ7035/CH01_EMIO_ETH_RGMII/Miz_sys/Miz_sys.runs/synth_1/.Xil/Vivado-58344-LB-201803132255/dcp3/system_processing_system7_0_0_in_context.xdc, line 222).
Applied set_property CLOCK_BUFFER_TYPE = NONE for FIXED_IO_mio[43]. (constraint file  J:/FEP/ETH1512/MZ7035/CH01_EMIO_ETH_RGMII/Miz_sys/Miz_sys.runs/synth_1/.Xil/Vivado-58344-LB-201803132255/dcp3/system_processing_system7_0_0_in_context.xdc, line 223).
Applied set_property IO_BUFFER_TYPE = NONE for FIXED_IO_mio[44]. (constraint file  J:/FEP/ETH1512/MZ7035/CH01_EMIO_ETH_RGMII/Miz_sys/Miz_sys.runs/synth_1/.Xil/Vivado-58344-LB-201803132255/dcp3/system_processing_system7_0_0_in_context.xdc, line 224).
Applied set_property CLOCK_BUFFER_TYPE = NONE for FIXED_IO_mio[44]. (constraint file  J:/FEP/ETH1512/MZ7035/CH01_EMIO_ETH_RGMII/Miz_sys/Miz_sys.runs/synth_1/.Xil/Vivado-58344-LB-201803132255/dcp3/system_processing_system7_0_0_in_context.xdc, line 225).
Applied set_property IO_BUFFER_TYPE = NONE for FIXED_IO_mio[45]. (constraint file  J:/FEP/ETH1512/MZ7035/CH01_EMIO_ETH_RGMII/Miz_sys/Miz_sys.runs/synth_1/.Xil/Vivado-58344-LB-201803132255/dcp3/system_processing_system7_0_0_in_context.xdc, line 226).
Applied set_property CLOCK_BUFFER_TYPE = NONE for FIXED_IO_mio[45]. (constraint file  J:/FEP/ETH1512/MZ7035/CH01_EMIO_ETH_RGMII/Miz_sys/Miz_sys.runs/synth_1/.Xil/Vivado-58344-LB-201803132255/dcp3/system_processing_system7_0_0_in_context.xdc, line 227).
Applied set_property IO_BUFFER_TYPE = NONE for FIXED_IO_mio[46]. (constraint file  J:/FEP/ETH1512/MZ7035/CH01_EMIO_ETH_RGMII/Miz_sys/Miz_sys.runs/synth_1/.Xil/Vivado-58344-LB-201803132255/dcp3/system_processing_system7_0_0_in_context.xdc, line 228).
Applied set_property CLOCK_BUFFER_TYPE = NONE for FIXED_IO_mio[46]. (constraint file  J:/FEP/ETH1512/MZ7035/CH01_EMIO_ETH_RGMII/Miz_sys/Miz_sys.runs/synth_1/.Xil/Vivado-58344-LB-201803132255/dcp3/system_processing_system7_0_0_in_context.xdc, line 229).
Applied set_property IO_BUFFER_TYPE = NONE for FIXED_IO_mio[47]. (constraint file  J:/FEP/ETH1512/MZ7035/CH01_EMIO_ETH_RGMII/Miz_sys/Miz_sys.runs/synth_1/.Xil/Vivado-58344-LB-201803132255/dcp3/system_processing_system7_0_0_in_context.xdc, line 230).
Applied set_property CLOCK_BUFFER_TYPE = NONE for FIXED_IO_mio[47]. (constraint file  J:/FEP/ETH1512/MZ7035/CH01_EMIO_ETH_RGMII/Miz_sys/Miz_sys.runs/synth_1/.Xil/Vivado-58344-LB-201803132255/dcp3/system_processing_system7_0_0_in_context.xdc, line 231).
Applied set_property IO_BUFFER_TYPE = NONE for FIXED_IO_mio[48]. (constraint file  J:/FEP/ETH1512/MZ7035/CH01_EMIO_ETH_RGMII/Miz_sys/Miz_sys.runs/synth_1/.Xil/Vivado-58344-LB-201803132255/dcp3/system_processing_system7_0_0_in_context.xdc, line 232).
Applied set_property CLOCK_BUFFER_TYPE = NONE for FIXED_IO_mio[48]. (constraint file  J:/FEP/ETH1512/MZ7035/CH01_EMIO_ETH_RGMII/Miz_sys/Miz_sys.runs/synth_1/.Xil/Vivado-58344-LB-201803132255/dcp3/system_processing_system7_0_0_in_context.xdc, line 233).
Applied set_property IO_BUFFER_TYPE = NONE for FIXED_IO_mio[49]. (constraint file  J:/FEP/ETH1512/MZ7035/CH01_EMIO_ETH_RGMII/Miz_sys/Miz_sys.runs/synth_1/.Xil/Vivado-58344-LB-201803132255/dcp3/system_processing_system7_0_0_in_context.xdc, line 234).
Applied set_property CLOCK_BUFFER_TYPE = NONE for FIXED_IO_mio[49]. (constraint file  J:/FEP/ETH1512/MZ7035/CH01_EMIO_ETH_RGMII/Miz_sys/Miz_sys.runs/synth_1/.Xil/Vivado-58344-LB-201803132255/dcp3/system_processing_system7_0_0_in_context.xdc, line 235).
Applied set_property IO_BUFFER_TYPE = NONE for FIXED_IO_mio[4]. (constraint file  J:/FEP/ETH1512/MZ7035/CH01_EMIO_ETH_RGMII/Miz_sys/Miz_sys.runs/synth_1/.Xil/Vivado-58344-LB-201803132255/dcp3/system_processing_system7_0_0_in_context.xdc, line 236).
Applied set_property CLOCK_BUFFER_TYPE = NONE for FIXED_IO_mio[4]. (constraint file  J:/FEP/ETH1512/MZ7035/CH01_EMIO_ETH_RGMII/Miz_sys/Miz_sys.runs/synth_1/.Xil/Vivado-58344-LB-201803132255/dcp3/system_processing_system7_0_0_in_context.xdc, line 237).
Applied set_property IO_BUFFER_TYPE = NONE for FIXED_IO_mio[50]. (constraint file  J:/FEP/ETH1512/MZ7035/CH01_EMIO_ETH_RGMII/Miz_sys/Miz_sys.runs/synth_1/.Xil/Vivado-58344-LB-201803132255/dcp3/system_processing_system7_0_0_in_context.xdc, line 238).
Applied set_property CLOCK_BUFFER_TYPE = NONE for FIXED_IO_mio[50]. (constraint file  J:/FEP/ETH1512/MZ7035/CH01_EMIO_ETH_RGMII/Miz_sys/Miz_sys.runs/synth_1/.Xil/Vivado-58344-LB-201803132255/dcp3/system_processing_system7_0_0_in_context.xdc, line 239).
Applied set_property IO_BUFFER_TYPE = NONE for FIXED_IO_mio[51]. (constraint file  J:/FEP/ETH1512/MZ7035/CH01_EMIO_ETH_RGMII/Miz_sys/Miz_sys.runs/synth_1/.Xil/Vivado-58344-LB-201803132255/dcp3/system_processing_system7_0_0_in_context.xdc, line 240).
Applied set_property CLOCK_BUFFER_TYPE = NONE for FIXED_IO_mio[51]. (constraint file  J:/FEP/ETH1512/MZ7035/CH01_EMIO_ETH_RGMII/Miz_sys/Miz_sys.runs/synth_1/.Xil/Vivado-58344-LB-201803132255/dcp3/system_processing_system7_0_0_in_context.xdc, line 241).
Applied set_property IO_BUFFER_TYPE = NONE for FIXED_IO_mio[52]. (constraint file  J:/FEP/ETH1512/MZ7035/CH01_EMIO_ETH_RGMII/Miz_sys/Miz_sys.runs/synth_1/.Xil/Vivado-58344-LB-201803132255/dcp3/system_processing_system7_0_0_in_context.xdc, line 242).
Applied set_property CLOCK_BUFFER_TYPE = NONE for FIXED_IO_mio[52]. (constraint file  J:/FEP/ETH1512/MZ7035/CH01_EMIO_ETH_RGMII/Miz_sys/Miz_sys.runs/synth_1/.Xil/Vivado-58344-LB-201803132255/dcp3/system_processing_system7_0_0_in_context.xdc, line 243).
Applied set_property IO_BUFFER_TYPE = NONE for FIXED_IO_mio[53]. (constraint file  J:/FEP/ETH1512/MZ7035/CH01_EMIO_ETH_RGMII/Miz_sys/Miz_sys.runs/synth_1/.Xil/Vivado-58344-LB-201803132255/dcp3/system_processing_system7_0_0_in_context.xdc, line 244).
Applied set_property CLOCK_BUFFER_TYPE = NONE for FIXED_IO_mio[53]. (constraint file  J:/FEP/ETH1512/MZ7035/CH01_EMIO_ETH_RGMII/Miz_sys/Miz_sys.runs/synth_1/.Xil/Vivado-58344-LB-201803132255/dcp3/system_processing_system7_0_0_in_context.xdc, line 245).
Applied set_property IO_BUFFER_TYPE = NONE for FIXED_IO_mio[5]. (constraint file  J:/FEP/ETH1512/MZ7035/CH01_EMIO_ETH_RGMII/Miz_sys/Miz_sys.runs/synth_1/.Xil/Vivado-58344-LB-201803132255/dcp3/system_processing_system7_0_0_in_context.xdc, line 246).
Applied set_property CLOCK_BUFFER_TYPE = NONE for FIXED_IO_mio[5]. (constraint file  J:/FEP/ETH1512/MZ7035/CH01_EMIO_ETH_RGMII/Miz_sys/Miz_sys.runs/synth_1/.Xil/Vivado-58344-LB-201803132255/dcp3/system_processing_system7_0_0_in_context.xdc, line 247).
Applied set_property IO_BUFFER_TYPE = NONE for FIXED_IO_mio[6]. (constraint file  J:/FEP/ETH1512/MZ7035/CH01_EMIO_ETH_RGMII/Miz_sys/Miz_sys.runs/synth_1/.Xil/Vivado-58344-LB-201803132255/dcp3/system_processing_system7_0_0_in_context.xdc, line 248).
Applied set_property CLOCK_BUFFER_TYPE = NONE for FIXED_IO_mio[6]. (constraint file  J:/FEP/ETH1512/MZ7035/CH01_EMIO_ETH_RGMII/Miz_sys/Miz_sys.runs/synth_1/.Xil/Vivado-58344-LB-201803132255/dcp3/system_processing_system7_0_0_in_context.xdc, line 249).
Applied set_property IO_BUFFER_TYPE = NONE for FIXED_IO_mio[7]. (constraint file  J:/FEP/ETH1512/MZ7035/CH01_EMIO_ETH_RGMII/Miz_sys/Miz_sys.runs/synth_1/.Xil/Vivado-58344-LB-201803132255/dcp3/system_processing_system7_0_0_in_context.xdc, line 250).
Applied set_property CLOCK_BUFFER_TYPE = NONE for FIXED_IO_mio[7]. (constraint file  J:/FEP/ETH1512/MZ7035/CH01_EMIO_ETH_RGMII/Miz_sys/Miz_sys.runs/synth_1/.Xil/Vivado-58344-LB-201803132255/dcp3/system_processing_system7_0_0_in_context.xdc, line 251).
Applied set_property IO_BUFFER_TYPE = NONE for FIXED_IO_mio[8]. (constraint file  J:/FEP/ETH1512/MZ7035/CH01_EMIO_ETH_RGMII/Miz_sys/Miz_sys.runs/synth_1/.Xil/Vivado-58344-LB-201803132255/dcp3/system_processing_system7_0_0_in_context.xdc, line 252).
Applied set_property CLOCK_BUFFER_TYPE = NONE for FIXED_IO_mio[8]. (constraint file  J:/FEP/ETH1512/MZ7035/CH01_EMIO_ETH_RGMII/Miz_sys/Miz_sys.runs/synth_1/.Xil/Vivado-58344-LB-201803132255/dcp3/system_processing_system7_0_0_in_context.xdc, line 253).
Applied set_property IO_BUFFER_TYPE = NONE for FIXED_IO_mio[9]. (constraint file  J:/FEP/ETH1512/MZ7035/CH01_EMIO_ETH_RGMII/Miz_sys/Miz_sys.runs/synth_1/.Xil/Vivado-58344-LB-201803132255/dcp3/system_processing_system7_0_0_in_context.xdc, line 254).
Applied set_property CLOCK_BUFFER_TYPE = NONE for FIXED_IO_mio[9]. (constraint file  J:/FEP/ETH1512/MZ7035/CH01_EMIO_ETH_RGMII/Miz_sys/Miz_sys.runs/synth_1/.Xil/Vivado-58344-LB-201803132255/dcp3/system_processing_system7_0_0_in_context.xdc, line 255).
Applied set_property IO_BUFFER_TYPE = NONE for FIXED_IO_ps_clk. (constraint file  J:/FEP/ETH1512/MZ7035/CH01_EMIO_ETH_RGMII/Miz_sys/Miz_sys.runs/synth_1/.Xil/Vivado-58344-LB-201803132255/dcp3/system_processing_system7_0_0_in_context.xdc, line 256).
Applied set_property CLOCK_BUFFER_TYPE = NONE for FIXED_IO_ps_clk. (constraint file  J:/FEP/ETH1512/MZ7035/CH01_EMIO_ETH_RGMII/Miz_sys/Miz_sys.runs/synth_1/.Xil/Vivado-58344-LB-201803132255/dcp3/system_processing_system7_0_0_in_context.xdc, line 257).
Applied set_property IO_BUFFER_TYPE = NONE for FIXED_IO_ps_porb. (constraint file  J:/FEP/ETH1512/MZ7035/CH01_EMIO_ETH_RGMII/Miz_sys/Miz_sys.runs/synth_1/.Xil/Vivado-58344-LB-201803132255/dcp3/system_processing_system7_0_0_in_context.xdc, line 258).
Applied set_property CLOCK_BUFFER_TYPE = NONE for FIXED_IO_ps_porb. (constraint file  J:/FEP/ETH1512/MZ7035/CH01_EMIO_ETH_RGMII/Miz_sys/Miz_sys.runs/synth_1/.Xil/Vivado-58344-LB-201803132255/dcp3/system_processing_system7_0_0_in_context.xdc, line 259).
Applied set_property IO_BUFFER_TYPE = NONE for FIXED_IO_ps_srstb. (constraint file  J:/FEP/ETH1512/MZ7035/CH01_EMIO_ETH_RGMII/Miz_sys/Miz_sys.runs/synth_1/.Xil/Vivado-58344-LB-201803132255/dcp3/system_processing_system7_0_0_in_context.xdc, line 260).
Applied set_property CLOCK_BUFFER_TYPE = NONE for FIXED_IO_ps_srstb. (constraint file  J:/FEP/ETH1512/MZ7035/CH01_EMIO_ETH_RGMII/Miz_sys/Miz_sys.runs/synth_1/.Xil/Vivado-58344-LB-201803132255/dcp3/system_processing_system7_0_0_in_context.xdc, line 261).
Applied set_property IO_BUFFER_TYPE = NONE for rgmii_rx_ctl. (constraint file  J:/FEP/ETH1512/MZ7035/CH01_EMIO_ETH_RGMII/Miz_sys/Miz_sys.runs/synth_1/.Xil/Vivado-58344-LB-201803132255/dcp4/system_gmii_to_rgmii_0_0_in_context.xdc, line 7).
Applied set_property CLOCK_BUFFER_TYPE = NONE for rgmii_rx_ctl. (constraint file  J:/FEP/ETH1512/MZ7035/CH01_EMIO_ETH_RGMII/Miz_sys/Miz_sys.runs/synth_1/.Xil/Vivado-58344-LB-201803132255/dcp4/system_gmii_to_rgmii_0_0_in_context.xdc, line 8).
Applied set_property IO_BUFFER_TYPE = NONE for rgmii_rxc. (constraint file  J:/FEP/ETH1512/MZ7035/CH01_EMIO_ETH_RGMII/Miz_sys/Miz_sys.runs/synth_1/.Xil/Vivado-58344-LB-201803132255/dcp4/system_gmii_to_rgmii_0_0_in_context.xdc, line 9).
Applied set_property CLOCK_BUFFER_TYPE = NONE for rgmii_rxc. (constraint file  J:/FEP/ETH1512/MZ7035/CH01_EMIO_ETH_RGMII/Miz_sys/Miz_sys.runs/synth_1/.Xil/Vivado-58344-LB-201803132255/dcp4/system_gmii_to_rgmii_0_0_in_context.xdc, line 10).
Applied set_property IO_BUFFER_TYPE = NONE for rgmii_rd[0]. (constraint file  J:/FEP/ETH1512/MZ7035/CH01_EMIO_ETH_RGMII/Miz_sys/Miz_sys.runs/synth_1/.Xil/Vivado-58344-LB-201803132255/dcp4/system_gmii_to_rgmii_0_0_in_context.xdc, line 11).
Applied set_property CLOCK_BUFFER_TYPE = NONE for rgmii_rd[0]. (constraint file  J:/FEP/ETH1512/MZ7035/CH01_EMIO_ETH_RGMII/Miz_sys/Miz_sys.runs/synth_1/.Xil/Vivado-58344-LB-201803132255/dcp4/system_gmii_to_rgmii_0_0_in_context.xdc, line 12).
Applied set_property IO_BUFFER_TYPE = NONE for rgmii_rd[1]. (constraint file  J:/FEP/ETH1512/MZ7035/CH01_EMIO_ETH_RGMII/Miz_sys/Miz_sys.runs/synth_1/.Xil/Vivado-58344-LB-201803132255/dcp4/system_gmii_to_rgmii_0_0_in_context.xdc, line 13).
Applied set_property CLOCK_BUFFER_TYPE = NONE for rgmii_rd[1]. (constraint file  J:/FEP/ETH1512/MZ7035/CH01_EMIO_ETH_RGMII/Miz_sys/Miz_sys.runs/synth_1/.Xil/Vivado-58344-LB-201803132255/dcp4/system_gmii_to_rgmii_0_0_in_context.xdc, line 14).
Applied set_property IO_BUFFER_TYPE = NONE for rgmii_rd[2]. (constraint file  J:/FEP/ETH1512/MZ7035/CH01_EMIO_ETH_RGMII/Miz_sys/Miz_sys.runs/synth_1/.Xil/Vivado-58344-LB-201803132255/dcp4/system_gmii_to_rgmii_0_0_in_context.xdc, line 15).
Applied set_property CLOCK_BUFFER_TYPE = NONE for rgmii_rd[2]. (constraint file  J:/FEP/ETH1512/MZ7035/CH01_EMIO_ETH_RGMII/Miz_sys/Miz_sys.runs/synth_1/.Xil/Vivado-58344-LB-201803132255/dcp4/system_gmii_to_rgmii_0_0_in_context.xdc, line 16).
Applied set_property IO_BUFFER_TYPE = NONE for rgmii_rd[3]. (constraint file  J:/FEP/ETH1512/MZ7035/CH01_EMIO_ETH_RGMII/Miz_sys/Miz_sys.runs/synth_1/.Xil/Vivado-58344-LB-201803132255/dcp4/system_gmii_to_rgmii_0_0_in_context.xdc, line 17).
Applied set_property CLOCK_BUFFER_TYPE = NONE for rgmii_rd[3]. (constraint file  J:/FEP/ETH1512/MZ7035/CH01_EMIO_ETH_RGMII/Miz_sys/Miz_sys.runs/synth_1/.Xil/Vivado-58344-LB-201803132255/dcp4/system_gmii_to_rgmii_0_0_in_context.xdc, line 18).
Applied set_property IO_BUFFER_TYPE = NONE for rgmii_tx_ctl. (constraint file  J:/FEP/ETH1512/MZ7035/CH01_EMIO_ETH_RGMII/Miz_sys/Miz_sys.runs/synth_1/.Xil/Vivado-58344-LB-201803132255/dcp4/system_gmii_to_rgmii_0_0_in_context.xdc, line 19).
Applied set_property CLOCK_BUFFER_TYPE = NONE for rgmii_tx_ctl. (constraint file  J:/FEP/ETH1512/MZ7035/CH01_EMIO_ETH_RGMII/Miz_sys/Miz_sys.runs/synth_1/.Xil/Vivado-58344-LB-201803132255/dcp4/system_gmii_to_rgmii_0_0_in_context.xdc, line 20).
Applied set_property IO_BUFFER_TYPE = NONE for rgmii_txc. (constraint file  J:/FEP/ETH1512/MZ7035/CH01_EMIO_ETH_RGMII/Miz_sys/Miz_sys.runs/synth_1/.Xil/Vivado-58344-LB-201803132255/dcp4/system_gmii_to_rgmii_0_0_in_context.xdc, line 21).
Applied set_property CLOCK_BUFFER_TYPE = NONE for rgmii_txc. (constraint file  J:/FEP/ETH1512/MZ7035/CH01_EMIO_ETH_RGMII/Miz_sys/Miz_sys.runs/synth_1/.Xil/Vivado-58344-LB-201803132255/dcp4/system_gmii_to_rgmii_0_0_in_context.xdc, line 22).
Applied set_property IO_BUFFER_TYPE = NONE for rgmii_td[0]. (constraint file  J:/FEP/ETH1512/MZ7035/CH01_EMIO_ETH_RGMII/Miz_sys/Miz_sys.runs/synth_1/.Xil/Vivado-58344-LB-201803132255/dcp4/system_gmii_to_rgmii_0_0_in_context.xdc, line 23).
Applied set_property CLOCK_BUFFER_TYPE = NONE for rgmii_td[0]. (constraint file  J:/FEP/ETH1512/MZ7035/CH01_EMIO_ETH_RGMII/Miz_sys/Miz_sys.runs/synth_1/.Xil/Vivado-58344-LB-201803132255/dcp4/system_gmii_to_rgmii_0_0_in_context.xdc, line 24).
Applied set_property IO_BUFFER_TYPE = NONE for rgmii_td[1]. (constraint file  J:/FEP/ETH1512/MZ7035/CH01_EMIO_ETH_RGMII/Miz_sys/Miz_sys.runs/synth_1/.Xil/Vivado-58344-LB-201803132255/dcp4/system_gmii_to_rgmii_0_0_in_context.xdc, line 25).
Applied set_property CLOCK_BUFFER_TYPE = NONE for rgmii_td[1]. (constraint file  J:/FEP/ETH1512/MZ7035/CH01_EMIO_ETH_RGMII/Miz_sys/Miz_sys.runs/synth_1/.Xil/Vivado-58344-LB-201803132255/dcp4/system_gmii_to_rgmii_0_0_in_context.xdc, line 26).
Applied set_property IO_BUFFER_TYPE = NONE for rgmii_td[2]. (constraint file  J:/FEP/ETH1512/MZ7035/CH01_EMIO_ETH_RGMII/Miz_sys/Miz_sys.runs/synth_1/.Xil/Vivado-58344-LB-201803132255/dcp4/system_gmii_to_rgmii_0_0_in_context.xdc, line 27).
Applied set_property CLOCK_BUFFER_TYPE = NONE for rgmii_td[2]. (constraint file  J:/FEP/ETH1512/MZ7035/CH01_EMIO_ETH_RGMII/Miz_sys/Miz_sys.runs/synth_1/.Xil/Vivado-58344-LB-201803132255/dcp4/system_gmii_to_rgmii_0_0_in_context.xdc, line 28).
Applied set_property IO_BUFFER_TYPE = NONE for rgmii_td[3]. (constraint file  J:/FEP/ETH1512/MZ7035/CH01_EMIO_ETH_RGMII/Miz_sys/Miz_sys.runs/synth_1/.Xil/Vivado-58344-LB-201803132255/dcp4/system_gmii_to_rgmii_0_0_in_context.xdc, line 29).
Applied set_property CLOCK_BUFFER_TYPE = NONE for rgmii_td[3]. (constraint file  J:/FEP/ETH1512/MZ7035/CH01_EMIO_ETH_RGMII/Miz_sys/Miz_sys.runs/synth_1/.Xil/Vivado-58344-LB-201803132255/dcp4/system_gmii_to_rgmii_0_0_in_context.xdc, line 30).
Applied set_property DONT_TOUCH = true for system_i. (constraint file  auto generated constraint, line ).
Applied set_property DONT_TOUCH = true for system_i/gmii_to_rgmii_0. (constraint file  auto generated constraint, line ).
Applied set_property DONT_TOUCH = true for system_i/processing_system7_0. (constraint file  auto generated constraint, line ).
Applied set_property DONT_TOUCH = true for system_i/util_vector_logic_0. (constraint file  auto generated constraint, line ).
---------------------------------------------------------------------------------
Finished applying 'set_property' XDC Constraints : Time (s): cpu = 00:00:17 ; elapsed = 00:00:17 . Memory (MB): peak = 815.410 ; gain = 516.953
---------------------------------------------------------------------------------
---------------------------------------------------------------------------------
Finished RTL Optimization Phase 2 : Time (s): cpu = 00:00:17 ; elapsed = 00:00:17 . Memory (MB): peak = 815.410 ; gain = 516.953
---------------------------------------------------------------------------------

Report RTL Partitions: 
+-+--------------+------------+----------+
| |RTL Partition |Replication |Instances |
+-+--------------+------------+----------+
+-+--------------+------------+----------+
---------------------------------------------------------------------------------
Start RTL Component Statistics 
---------------------------------------------------------------------------------
Detailed RTL Component Info : 
---------------------------------------------------------------------------------
Finished RTL Component Statistics 
---------------------------------------------------------------------------------
---------------------------------------------------------------------------------
Start RTL Hierarchical Component Statistics 
---------------------------------------------------------------------------------
Hierarchical RTL Component report 
---------------------------------------------------------------------------------
Finished RTL Hierarchical Component Statistics
---------------------------------------------------------------------------------
---------------------------------------------------------------------------------
Start Part Resource Summary
---------------------------------------------------------------------------------
Part Resources:
DSPs: 900 (col length:140)
BRAMs: 1000 (col length: RAMB18 140 RAMB36 70)
---------------------------------------------------------------------------------
Finished Part Resource Summary
---------------------------------------------------------------------------------
---------------------------------------------------------------------------------
Start Cross Boundary and Area Optimization
---------------------------------------------------------------------------------
WARNING: [Synth 8-3917] design system_wrapper has port sfp_tx_disable driven by constant 0
WARNING: [Synth 8-3917] design system_wrapper has port sfp_rate_sel driven by constant 1
WARNING: [Synth 8-3917] design system_wrapper has port PHY_RST driven by constant 1
---------------------------------------------------------------------------------
Finished Cross Boundary and Area Optimization : Time (s): cpu = 00:00:18 ; elapsed = 00:00:18 . Memory (MB): peak = 815.410 ; gain = 516.953
---------------------------------------------------------------------------------

Report RTL Partitions: 
+-+--------------+------------+----------+
| |RTL Partition |Replication |Instances |
+-+--------------+------------+----------+
+-+--------------+------------+----------+
---------------------------------------------------------------------------------
Start Applying XDC Timing Constraints
---------------------------------------------------------------------------------
INFO: [Synth 8-5578] Moved timing constraint from pin 'system_i/processing_system7_0/FCLK_CLK0' to pin 'system_i/processing_system7_0/bbstub_FCLK_CLK0/O'
INFO: [Synth 8-5578] Moved timing constraint from pin 'system_i/gmii_to_rgmii_0/gmii_clk_2_5m_out' to pin 'system_i/gmii_to_rgmii_0/bbstub_gmii_clk_2_5m_out/O'
INFO: [Synth 8-5578] Moved timing constraint from pin 'system_i/gmii_to_rgmii_0/gmii_rx_clk' to pin 'system_i/gmii_to_rgmii_0/bbstub_gmii_rx_clk/O'
INFO: [Synth 8-5578] Moved timing constraint from pin 'system_i/gmii_to_rgmii_0/ref_clk_out' to pin 'system_i/gmii_to_rgmii_0/bbstub_ref_clk_out/O'
INFO: [Synth 8-5578] Moved timing constraint from pin 'system_i/gmii_to_rgmii_0/gmii_clk_125m_out' to pin 'system_i/gmii_to_rgmii_0/bbstub_gmii_clk_125m_out/O'
INFO: [Synth 8-5783] Moving clock source from hierarchical pin 'system_i/gmii_to_rgmii_0/clkin' to 'system_i/processing_system7_0/bbstub_FCLK_CLK0/O'
INFO: [Synth 8-5578] Moved timing constraint from pin 'system_i/gmii_to_rgmii_0/gmii_clk_25m_out' to pin 'system_i/gmii_to_rgmii_0/bbstub_gmii_clk_25m_out/O'
INFO: [Synth 8-5783] Moving clock source from hierarchical pin 'system_i/gmii_to_rgmii_0/clkin' to 'system_i/processing_system7_0/bbstub_FCLK_CLK0/O'
INFO: [Synth 8-5578] Moved timing constraint from pin 'system_i/gmii_to_rgmii_0/gmii_tx_clk' to pin 'system_i/gmii_to_rgmii_0/bbstub_gmii_tx_clk/O'
INFO: [Synth 8-5783] Moving clock source from hierarchical pin 'system_i/gmii_to_rgmii_0/clkin' to 'system_i/processing_system7_0/bbstub_FCLK_CLK0/O'
INFO: [Synth 8-5819] Moved 8 constraints on hierarchical pins to their respective driving/loading pins
---------------------------------------------------------------------------------
Finished Applying XDC Timing Constraints : Time (s): cpu = 00:00:27 ; elapsed = 00:00:27 . Memory (MB): peak = 858.484 ; gain = 560.027
---------------------------------------------------------------------------------
---------------------------------------------------------------------------------
Start Timing Optimization
---------------------------------------------------------------------------------
---------------------------------------------------------------------------------
Finished Timing Optimization : Time (s): cpu = 00:00:27 ; elapsed = 00:00:27 . Memory (MB): peak = 858.484 ; gain = 560.027
---------------------------------------------------------------------------------

Report RTL Partitions: 
+-+--------------+------------+----------+
| |RTL Partition |Replication |Instances |
+-+--------------+------------+----------+
+-+--------------+------------+----------+
---------------------------------------------------------------------------------
Start Technology Mapping
---------------------------------------------------------------------------------
---------------------------------------------------------------------------------
Finished Technology Mapping : Time (s): cpu = 00:00:27 ; elapsed = 00:00:27 . Memory (MB): peak = 868.016 ; gain = 569.559
---------------------------------------------------------------------------------

Report RTL Partitions: 
+-+--------------+------------+----------+
| |RTL Partition |Replication |Instances |
+-+--------------+------------+----------+
+-+--------------+------------+----------+
---------------------------------------------------------------------------------
Start IO Insertion
---------------------------------------------------------------------------------
---------------------------------------------------------------------------------
Start Flattening Before IO Insertion
---------------------------------------------------------------------------------
---------------------------------------------------------------------------------
Finished Flattening Before IO Insertion
---------------------------------------------------------------------------------
---------------------------------------------------------------------------------
Start Final Netlist Cleanup
---------------------------------------------------------------------------------
---------------------------------------------------------------------------------
Finished Final Netlist Cleanup
---------------------------------------------------------------------------------
---------------------------------------------------------------------------------
Finished IO Insertion : Time (s): cpu = 00:00:27 ; elapsed = 00:00:28 . Memory (MB): peak = 868.016 ; gain = 569.559
---------------------------------------------------------------------------------

Report Check Netlist: 
+------+------------------+-------+---------+-------+------------------+
|      |Item              |Errors |Warnings |Status |Description       |
+------+------------------+-------+---------+-------+------------------+
|1     |multi_driven_nets |      0|        0|Passed |Multi driven nets |
+------+------------------+-------+---------+-------+------------------+
---------------------------------------------------------------------------------
Start Renaming Generated Instances
---------------------------------------------------------------------------------
---------------------------------------------------------------------------------
Finished Renaming Generated Instances : Time (s): cpu = 00:00:27 ; elapsed = 00:00:28 . Memory (MB): peak = 868.016 ; gain = 569.559
---------------------------------------------------------------------------------

Report RTL Partitions: 
+-+--------------+------------+----------+
| |RTL Partition |Replication |Instances |
+-+--------------+------------+----------+
+-+--------------+------------+----------+
---------------------------------------------------------------------------------
Start Rebuilding User Hierarchy
---------------------------------------------------------------------------------
---------------------------------------------------------------------------------
Finished Rebuilding User Hierarchy : Time (s): cpu = 00:00:27 ; elapsed = 00:00:28 . Memory (MB): peak = 868.016 ; gain = 569.559
---------------------------------------------------------------------------------
---------------------------------------------------------------------------------
Start Renaming Generated Ports
---------------------------------------------------------------------------------
---------------------------------------------------------------------------------
Finished Renaming Generated Ports : Time (s): cpu = 00:00:27 ; elapsed = 00:00:28 . Memory (MB): peak = 868.016 ; gain = 569.559
---------------------------------------------------------------------------------
---------------------------------------------------------------------------------
Start Handling Custom Attributes
---------------------------------------------------------------------------------
---------------------------------------------------------------------------------
Finished Handling Custom Attributes : Time (s): cpu = 00:00:27 ; elapsed = 00:00:28 . Memory (MB): peak = 868.016 ; gain = 569.559
---------------------------------------------------------------------------------
---------------------------------------------------------------------------------
Start Renaming Generated Nets
---------------------------------------------------------------------------------
---------------------------------------------------------------------------------
Finished Renaming Generated Nets : Time (s): cpu = 00:00:27 ; elapsed = 00:00:28 . Memory (MB): peak = 868.016 ; gain = 569.559
---------------------------------------------------------------------------------
---------------------------------------------------------------------------------
Start Writing Synthesis Report
---------------------------------------------------------------------------------

Report BlackBoxes: 
+------+------------------------------+----------+
|      |BlackBox name                 |Instances |
+------+------------------------------+----------+
|1     |system_gmii_to_rgmii_0_0      |         1|
|2     |system_processing_system7_0_0 |         1|
|3     |system_util_vector_logic_0_0  |         1|
+------+------------------------------+----------+

Report Cell Usage: 
+------+------------------------------+------+
|      |Cell                          |Count |
+------+------------------------------+------+
|1     |system_gmii_to_rgmii_0_0      |     1|
|2     |system_processing_system7_0_0 |     1|
|3     |system_util_vector_logic_0_0  |     1|
|4     |IOBUF                         |     1|
|5     |OBUF                          |     4|
+------+------------------------------+------+

Report Instance Areas: 
+------+-----------+-------+------+
|      |Instance   |Module |Cells |
+------+-----------+-------+------+
|1     |top        |       |    59|
|2     |  system_i |system |    54|
+------+-----------+-------+------+
---------------------------------------------------------------------------------
Finished Writing Synthesis Report : Time (s): cpu = 00:00:27 ; elapsed = 00:00:28 . Memory (MB): peak = 868.016 ; gain = 569.559
---------------------------------------------------------------------------------
Synthesis finished with 0 errors, 0 critical warnings and 3 warnings.
Synthesis Optimization Runtime : Time (s): cpu = 00:00:16 ; elapsed = 00:00:22 . Memory (MB): peak = 868.016 ; gain = 203.801
Synthesis Optimization Complete : Time (s): cpu = 00:00:28 ; elapsed = 00:00:28 . Memory (MB): peak = 868.016 ; gain = 569.559
INFO: [Project 1-571] Translating synthesized netlist
INFO: [Netlist 29-17] Analyzing 1 Unisim elements for replacement
INFO: [Netlist 29-28] Unisim Transformation completed in 0 CPU seconds
INFO: [Project 1-570] Preparing netlist for logic optimization
INFO: [Opt 31-138] Pushed 0 inverter(s) to 0 load pin(s).
INFO: [Project 1-111] Unisim Transformation Summary:
  A total of 1 instances were transformed.
  IOBUF => IOBUF (IBUF, OBUFT): 1 instances

INFO: [Common 17-83] Releasing license: Synthesis
40 Infos, 15 Warnings, 3 Critical Warnings and 0 Errors encountered.
synth_design completed successfully
synth_design: Time (s): cpu = 00:00:31 ; elapsed = 00:00:34 . Memory (MB): peak = 889.371 ; gain = 600.496
INFO: [Common 17-1381] The checkpoint 'J:/FEP/ETH1512/MZ7035/CH01_EMIO_ETH_RGMII/Miz_sys/Miz_sys.runs/synth_1/system_wrapper.dcp' has been generated.
INFO: [runtcl-4] Executing : report_utilization -file system_wrapper_utilization_synth.rpt -pb system_wrapper_utilization_synth.pb
report_utilization: Time (s): cpu = 00:00:00 ; elapsed = 00:00:00.127 . Memory (MB): peak = 889.797 ; gain = 0.000
INFO: [Common 17-206] Exiting Vivado at Thu Jul 19 15:04:31 2018...
