Vivado Simulator 2015.4
Time resolution is 1 ps
Note: WARNING: Behavioral models for independent clock FIFO configurations do not model synchronization delays. The behavioral models are functionally correct, and will represent the behavior of the configured FIFO. See the FIFO Generator User Guide for more information.
Time: 0 ps  Iteration: 0  Process: /sim_top/uut/udp_transmit_test/udp_ip_protocol_stack/mac_layer/mac_receive_module/mac_frame_length_fifo/U0/gntve_beh_sim/gnbi_beh_sim/inst_fifo_gen_ntve/gconvfifo/inst_conv_fifo/line__5552  File: F:/FPGA_project/vivado/kc705/udp_ip/udp_ip.ip_user_files/ipstatic/fifo_generator_v13_0_1/simulation/fifo_generator_vhdl_beh.vhd
Note: WARNING: Behavioral models for independent clock FIFO configurations do not model synchronization delays. The behavioral models are functionally correct, and will represent the behavior of the configured FIFO. See the FIFO Generator User Guide for more information.
Time: 0 ps  Iteration: 0  Process: /sim_top/uut/udp_transmit_test/udp_ip_protocol_stack/mac_layer/mac_receive_module/MAC_rx_buffer/U0/gntve_beh_sim/gnbi_beh_sim/inst_fifo_gen_ntve/gconvfifo/inst_conv_fifo/line__5552  File: F:/FPGA_project/vivado/kc705/udp_ip/udp_ip.ip_user_files/ipstatic/fifo_generator_v13_0_1/simulation/fifo_generator_vhdl_beh.vhd
Note: WARNING: Behavioral models for independent clock FIFO configurations do not model synchronization delays. The behavioral models are functionally correct, and will represent the behavior of the configured FIFO. See the FIFO Generator User Guide for more information.
Time: 0 ps  Iteration: 0  Process: /sim_top/uut/udp_transmit_test/udp_ip_protocol_stack/mac_layer/mac_send_module/mac_tx_frame_info_fifo/U0/gntve_beh_sim/gnbi_beh_sim/inst_fifo_gen_ntve/gconvfifo/inst_conv_fifo/line__5552  File: F:/FPGA_project/vivado/kc705/udp_ip/udp_ip.ip_user_files/ipstatic/fifo_generator_v13_0_1/simulation/fifo_generator_vhdl_beh.vhd
Note: WARNING: Behavioral models for independent clock FIFO configurations do not model synchronization delays. The behavioral models are functionally correct, and will represent the behavior of the configured FIFO. See the FIFO Generator User Guide for more information.
Time: 0 ps  Iteration: 0  Process: /sim_top/uut/udp_transmit_test/udp_ip_protocol_stack/mac_layer/mac_send_module/MAC_tx_buffer/U0/gntve_beh_sim/gnbi_beh_sim/inst_fifo_gen_ntve/gconvfifo/inst_conv_fifo/line__5552  File: F:/FPGA_project/vivado/kc705/udp_ip/udp_ip.ip_user_files/ipstatic/fifo_generator_v13_0_1/simulation/fifo_generator_vhdl_beh.vhd
Note: WARNING: Behavioral models for independent clock FIFO configurations do not model synchronization delays. The behavioral models are functionally correct, and will represent the behavior of the configured FIFO. See the FIFO Generator User Guide for more information.
Time: 0 ps  Iteration: 0  Process: /sim_top/uut/udp_transmit_test/udp_packet_fifo/U0/gntve_beh_sim/gnbi_beh_sim/inst_fifo_gen_ntve/gconvfifo/inst_conv_fifo/line__5552  File: F:/FPGA_project/vivado/kc705/udp_ip/udp_ip.ip_user_files/ipstatic/fifo_generator_v13_0_1/simulation/fifo_generator_vhdl_beh.vhd
Note: WARNING: Behavioral models for independent clock FIFO configurations do not model synchronization delays. The behavioral models are functionally correct, and will represent the behavior of the configured FIFO. See the FIFO Generator User Guide for more information.
Time: 0 ps  Iteration: 0  Process: /sim_top/uut/udp_ip_protocol_stack_1/mac_layer/mac_receive_module/mac_frame_length_fifo/U0/gntve_beh_sim/gnbi_beh_sim/inst_fifo_gen_ntve/gconvfifo/inst_conv_fifo/line__5552  File: F:/FPGA_project/vivado/kc705/udp_ip/udp_ip.ip_user_files/ipstatic/fifo_generator_v13_0_1/simulation/fifo_generator_vhdl_beh.vhd
Note: WARNING: Behavioral models for independent clock FIFO configurations do not model synchronization delays. The behavioral models are functionally correct, and will represent the behavior of the configured FIFO. See the FIFO Generator User Guide for more information.
Time: 0 ps  Iteration: 0  Process: /sim_top/uut/udp_ip_protocol_stack_1/mac_layer/mac_receive_module/MAC_rx_buffer/U0/gntve_beh_sim/gnbi_beh_sim/inst_fifo_gen_ntve/gconvfifo/inst_conv_fifo/line__5552  File: F:/FPGA_project/vivado/kc705/udp_ip/udp_ip.ip_user_files/ipstatic/fifo_generator_v13_0_1/simulation/fifo_generator_vhdl_beh.vhd
Note: WARNING: Behavioral models for independent clock FIFO configurations do not model synchronization delays. The behavioral models are functionally correct, and will represent the behavior of the configured FIFO. See the FIFO Generator User Guide for more information.
Time: 0 ps  Iteration: 0  Process: /sim_top/uut/udp_ip_protocol_stack_1/mac_layer/mac_send_module/mac_tx_frame_info_fifo/U0/gntve_beh_sim/gnbi_beh_sim/inst_fifo_gen_ntve/gconvfifo/inst_conv_fifo/line__5552  File: F:/FPGA_project/vivado/kc705/udp_ip/udp_ip.ip_user_files/ipstatic/fifo_generator_v13_0_1/simulation/fifo_generator_vhdl_beh.vhd
Note: WARNING: Behavioral models for independent clock FIFO configurations do not model synchronization delays. The behavioral models are functionally correct, and will represent the behavior of the configured FIFO. See the FIFO Generator User Guide for more information.
Time: 0 ps  Iteration: 0  Process: /sim_top/uut/udp_ip_protocol_stack_1/mac_layer/mac_send_module/MAC_tx_buffer/U0/gntve_beh_sim/gnbi_beh_sim/inst_fifo_gen_ntve/gconvfifo/inst_conv_fifo/line__5552  File: F:/FPGA_project/vivado/kc705/udp_ip/udp_ip.ip_user_files/ipstatic/fifo_generator_v13_0_1/simulation/fifo_generator_vhdl_beh.vhd
Note: WARNING: Behavioral models for independent clock FIFO configurations do not model synchronization delays. The behavioral models are functionally correct, and will represent the behavior of the configured FIFO. See the FIFO Generator User Guide for more information.
Time: 0 ps  Iteration: 0  Process: /sim_top/uut/udp_transmit_test/udp_ip_protocol_stack/mac_layer/mac_receive_module/mac_frame_length_fifo/U0/gntve_beh_sim/gnbi_beh_sim/inst_fifo_gen_ntve/gconvfifo/inst_conv_fifo/line__5552  File: F:/FPGA_project/vivado/kc705/udp_ip/udp_ip.ip_user_files/ipstatic/fifo_generator_v13_0_1/simulation/fifo_generator_vhdl_beh.vhd
Note: WARNING: Behavioral models for independent clock FIFO configurations do not model synchronization delays. The behavioral models are functionally correct, and will represent the behavior of the configured FIFO. See the FIFO Generator User Guide for more information.
Time: 0 ps  Iteration: 0  Process: /sim_top/uut/udp_transmit_test/udp_ip_protocol_stack/mac_layer/mac_receive_module/MAC_rx_buffer/U0/gntve_beh_sim/gnbi_beh_sim/inst_fifo_gen_ntve/gconvfifo/inst_conv_fifo/line__5552  File: F:/FPGA_project/vivado/kc705/udp_ip/udp_ip.ip_user_files/ipstatic/fifo_generator_v13_0_1/simulation/fifo_generator_vhdl_beh.vhd
Note: WARNING: Behavioral models for independent clock FIFO configurations do not model synchronization delays. The behavioral models are functionally correct, and will represent the behavior of the configured FIFO. See the FIFO Generator User Guide for more information.
Time: 0 ps  Iteration: 0  Process: /sim_top/uut/udp_transmit_test/udp_ip_protocol_stack/mac_layer/mac_send_module/mac_tx_frame_info_fifo/U0/gntve_beh_sim/gnbi_beh_sim/inst_fifo_gen_ntve/gconvfifo/inst_conv_fifo/line__5552  File: F:/FPGA_project/vivado/kc705/udp_ip/udp_ip.ip_user_files/ipstatic/fifo_generator_v13_0_1/simulation/fifo_generator_vhdl_beh.vhd
Note: WARNING: Behavioral models for independent clock FIFO configurations do not model synchronization delays. The behavioral models are functionally correct, and will represent the behavior of the configured FIFO. See the FIFO Generator User Guide for more information.
Time: 0 ps  Iteration: 0  Process: /sim_top/uut/udp_transmit_test/udp_ip_protocol_stack/mac_layer/mac_send_module/MAC_tx_buffer/U0/gntve_beh_sim/gnbi_beh_sim/inst_fifo_gen_ntve/gconvfifo/inst_conv_fifo/line__5552  File: F:/FPGA_project/vivado/kc705/udp_ip/udp_ip.ip_user_files/ipstatic/fifo_generator_v13_0_1/simulation/fifo_generator_vhdl_beh.vhd
Note: WARNING: Behavioral models for independent clock FIFO configurations do not model synchronization delays. The behavioral models are functionally correct, and will represent the behavior of the configured FIFO. See the FIFO Generator User Guide for more information.
Time: 0 ps  Iteration: 0  Process: /sim_top/uut/udp_transmit_test/udp_packet_fifo/U0/gntve_beh_sim/gnbi_beh_sim/inst_fifo_gen_ntve/gconvfifo/inst_conv_fifo/line__5552  File: F:/FPGA_project/vivado/kc705/udp_ip/udp_ip.ip_user_files/ipstatic/fifo_generator_v13_0_1/simulation/fifo_generator_vhdl_beh.vhd
Note: WARNING: Behavioral models for independent clock FIFO configurations do not model synchronization delays. The behavioral models are functionally correct, and will represent the behavior of the configured FIFO. See the FIFO Generator User Guide for more information.
Time: 0 ps  Iteration: 0  Process: /sim_top/uut/udp_ip_protocol_stack_1/mac_layer/mac_receive_module/mac_frame_length_fifo/U0/gntve_beh_sim/gnbi_beh_sim/inst_fifo_gen_ntve/gconvfifo/inst_conv_fifo/line__5552  File: F:/FPGA_project/vivado/kc705/udp_ip/udp_ip.ip_user_files/ipstatic/fifo_generator_v13_0_1/simulation/fifo_generator_vhdl_beh.vhd
Note: WARNING: Behavioral models for independent clock FIFO configurations do not model synchronization delays. The behavioral models are functionally correct, and will represent the behavior of the configured FIFO. See the FIFO Generator User Guide for more information.
Time: 0 ps  Iteration: 0  Process: /sim_top/uut/udp_ip_protocol_stack_1/mac_layer/mac_receive_module/MAC_rx_buffer/U0/gntve_beh_sim/gnbi_beh_sim/inst_fifo_gen_ntve/gconvfifo/inst_conv_fifo/line__5552  File: F:/FPGA_project/vivado/kc705/udp_ip/udp_ip.ip_user_files/ipstatic/fifo_generator_v13_0_1/simulation/fifo_generator_vhdl_beh.vhd
Note: WARNING: Behavioral models for independent clock FIFO configurations do not model synchronization delays. The behavioral models are functionally correct, and will represent the behavior of the configured FIFO. See the FIFO Generator User Guide for more information.
Time: 0 ps  Iteration: 0  Process: /sim_top/uut/udp_ip_protocol_stack_1/mac_layer/mac_send_module/mac_tx_frame_info_fifo/U0/gntve_beh_sim/gnbi_beh_sim/inst_fifo_gen_ntve/gconvfifo/inst_conv_fifo/line__5552  File: F:/FPGA_project/vivado/kc705/udp_ip/udp_ip.ip_user_files/ipstatic/fifo_generator_v13_0_1/simulation/fifo_generator_vhdl_beh.vhd
Note: WARNING: Behavioral models for independent clock FIFO configurations do not model synchronization delays. The behavioral models are functionally correct, and will represent the behavior of the configured FIFO. See the FIFO Generator User Guide for more information.
Time: 0 ps  Iteration: 0  Process: /sim_top/uut/udp_ip_protocol_stack_1/mac_layer/mac_send_module/MAC_tx_buffer/U0/gntve_beh_sim/gnbi_beh_sim/inst_fifo_gen_ntve/gconvfifo/inst_conv_fifo/line__5552  File: F:/FPGA_project/vivado/kc705/udp_ip/udp_ip.ip_user_files/ipstatic/fifo_generator_v13_0_1/simulation/fifo_generator_vhdl_beh.vhd
