INFO: [VRFC 10-163] Analyzing VHDL file "F:/FPGA_project/vivado/kc705/udp_ip/udp_ip.ip_user_files/ipstatic/xbip_utils_v3_0_5/hdl/xbip_utils_v3_0_vh_rfs.vhd" into library xbip_utils_v3_0_5
INFO: [VRFC 10-163] Analyzing VHDL file "F:/FPGA_project/vivado/kc705/udp_ip/udp_ip.ip_user_files/ipstatic/c_reg_fd_v12_0_1/hdl/c_reg_fd_v12_0_vh_rfs.vhd" into library c_reg_fd_v12_0_1
INFO: [VRFC 10-307] analyzing entity c_reg_fd_v12_0_1_viv
INFO: [VRFC 10-163] Analyzing VHDL file "F:/FPGA_project/vivado/kc705/udp_ip/udp_ip.ip_user_files/ipstatic/c_reg_fd_v12_0_1/hdl/c_reg_fd_v12_0.vhd" into library c_reg_fd_v12_0_1
INFO: [VRFC 10-307] analyzing entity c_reg_fd_v12_0_1
INFO: [VRFC 10-163] Analyzing VHDL file "F:/FPGA_project/vivado/kc705/udp_ip/udp_ip.ip_user_files/ipstatic/c_mux_bit_v12_0_1/hdl/c_mux_bit_v12_0_vh_rfs.vhd" into library c_mux_bit_v12_0_1
INFO: [VRFC 10-307] analyzing entity c_mux_bit_pipereg
INFO: [VRFC 10-307] analyzing entity c_mux_bit_4to1
INFO: [VRFC 10-307] analyzing entity c_mux_bit_8to1
INFO: [VRFC 10-307] analyzing entity c_mux_bit_16to1
INFO: [VRFC 10-307] analyzing entity c_mux_bit_32to1
INFO: [VRFC 10-307] analyzing entity c_mux_bit_v12_0_1_viv
INFO: [VRFC 10-163] Analyzing VHDL file "F:/FPGA_project/vivado/kc705/udp_ip/udp_ip.ip_user_files/ipstatic/c_mux_bit_v12_0_1/hdl/c_mux_bit_v12_0.vhd" into library c_mux_bit_v12_0_1
INFO: [VRFC 10-307] analyzing entity c_mux_bit_v12_0_1
INFO: [VRFC 10-163] Analyzing VHDL file "F:/FPGA_project/vivado/kc705/udp_ip/udp_ip.ip_user_files/ipstatic/c_shift_ram_v12_0_8/hdl/c_shift_ram_v12_0_vh_rfs.vhd" into library c_shift_ram_v12_0_8
INFO: [VRFC 10-307] analyzing entity flop
INFO: [VRFC 10-307] analyzing entity sr
INFO: [VRFC 10-307] analyzing entity srl_clb
INFO: [VRFC 10-307] analyzing entity c_shift_ram_speedmux
INFO: [VRFC 10-307] analyzing entity c_shift_ram_v12_0_8_legacy
INFO: [VRFC 10-307] analyzing entity c_shift_ram_v12_0_8_viv
INFO: [VRFC 10-163] Analyzing VHDL file "F:/FPGA_project/vivado/kc705/udp_ip/udp_ip.ip_user_files/ipstatic/c_shift_ram_v12_0_8/hdl/c_shift_ram_v12_0.vhd" into library c_shift_ram_v12_0_8
INFO: [VRFC 10-307] analyzing entity c_shift_ram_v12_0_8
INFO: [VRFC 10-163] Analyzing VHDL file "F:/FPGA_project/vivado/kc705/udp_ip/udp_ip.srcs/sources_1/ip/shift_mac/sim/shift_mac.vhd" into library xil_defaultlib
INFO: [VRFC 10-307] analyzing entity shift_mac
INFO: [VRFC 10-163] Analyzing VHDL file "F:/FPGA_project/vivado/kc705/udp_ip/udp_ip.srcs/sources_1/ip/shift_ip/sim/shift_ip.vhd" into library xil_defaultlib
INFO: [VRFC 10-307] analyzing entity shift_ip
INFO: [VRFC 10-163] Analyzing VHDL file "F:/FPGA_project/vivado/kc705/udp_ip/udp_ip.srcs/sources_1/ip/shift/sim/shift.vhd" into library xil_defaultlib
INFO: [VRFC 10-307] analyzing entity shift
INFO: [VRFC 10-163] Analyzing VHDL file "F:/FPGA_project/vivado/kc705/udp_ip/udp_ip.ip_user_files/ipstatic/fifo_generator_v13_0_1/simulation/fifo_generator_vhdl_beh.vhd" into library fifo_generator_v13_0_1
INFO: [VRFC 10-307] analyzing entity fifo_generator_v13_0_1_bhv_as
INFO: [VRFC 10-307] analyzing entity fifo_generator_v13_0_1_bhv_ss
INFO: [VRFC 10-307] analyzing entity fifo_generator_v13_0_1_bhv_preload0
INFO: [VRFC 10-307] analyzing entity fifo_generator_v13_0_1_conv
INFO: [VRFC 10-307] analyzing entity fifo_generator_v13_0_1_axic_reg_slice
INFO: [VRFC 10-307] analyzing entity fifo_generator_vhdl_beh
INFO: [VRFC 10-163] Analyzing VHDL file "F:/FPGA_project/vivado/kc705/udp_ip/udp_ip.ip_user_files/ipstatic/fifo_generator_v13_0_1/hdl/fifo_generator_v13_0_rfs.vhd" into library fifo_generator_v13_0_1
INFO: [VRFC 10-307] analyzing entity input_blk
INFO: [VRFC 10-307] analyzing entity output_blk
INFO: [VRFC 10-307] analyzing entity shft_wrapper
INFO: [VRFC 10-307] analyzing entity shft_ram
INFO: [VRFC 10-307] analyzing entity wr_pf_as
INFO: [VRFC 10-307] analyzing entity wr_pf_ss
INFO: [VRFC 10-307] analyzing entity rd_pe_as
INFO: [VRFC 10-307] analyzing entity rd_pe_ss
INFO: [VRFC 10-307] analyzing entity synchronizer_ff
INFO: [VRFC 10-307] analyzing entity delay
INFO: [VRFC 10-307] analyzing entity bin_cntr
INFO: [VRFC 10-307] analyzing entity clk_x_pntrs_builtin
INFO: [VRFC 10-307] analyzing entity logic_builtin
INFO: [VRFC 10-307] analyzing entity builtin_prim
INFO: [VRFC 10-307] analyzing entity builtin_extdepth
INFO: [VRFC 10-307] analyzing entity builtin_top
INFO: [VRFC 10-307] analyzing entity reset_builtin
INFO: [VRFC 10-307] analyzing entity builtin_prim_v6
INFO: [VRFC 10-307] analyzing entity builtin_extdepth_v6
INFO: [VRFC 10-307] analyzing entity builtin_extdepth_low_latency
INFO: [VRFC 10-307] analyzing entity builtin_top_v6
INFO: [VRFC 10-307] analyzing entity fifo_generator_v13_0_1_builtin
INFO: [VRFC 10-307] analyzing entity bram_sync_reg
INFO: [VRFC 10-307] analyzing entity bram_fifo_rstlogic
INFO: [VRFC 10-307] analyzing entity reset_blk_ramfifo
INFO: [VRFC 10-307] analyzing entity axi_reg_slice
INFO: [VRFC 10-307] analyzing entity fifo_generator_top
INFO: [VRFC 10-307] analyzing entity fifo_generator_v13_0_1_synth
INFO: [VRFC 10-307] analyzing entity fifo_generator_v13_0_1
INFO: [VRFC 10-163] Analyzing VHDL file "F:/FPGA_project/vivado/kc705/udp_ip/udp_ip.srcs/sources_1/ip/mac_tx_frame_info_fifo/sim/mac_tx_frame_info_fifo.vhd" into library xil_defaultlib
INFO: [VRFC 10-307] analyzing entity mac_tx_frame_info_fifo
INFO: [VRFC 10-163] Analyzing VHDL file "F:/FPGA_project/vivado/kc705/udp_ip/udp_ip.srcs/sources_1/ip/MAC_send_fifo/sim/MAC_send_fifo.vhd" into library xil_defaultlib
INFO: [VRFC 10-307] analyzing entity MAC_send_fifo
INFO: [VRFC 10-163] Analyzing VHDL file "F:/FPGA_project/vivado/kc705/udp_ip/udp_ip.srcs/sources_1/ip/MAC_RCV_FIFO/sim/MAC_RCV_FIFO.vhd" into library xil_defaultlib
INFO: [VRFC 10-307] analyzing entity MAC_RCV_FIFO
INFO: [VRFC 10-163] Analyzing VHDL file "F:/FPGA_project/vivado/kc705/udp_ip/udp_ip.srcs/sources_1/ip/mac_frame_length_fifo/sim/mac_frame_length_fifo.vhd" into library xil_defaultlib
INFO: [VRFC 10-307] analyzing entity mac_frame_length_fifo
INFO: [VRFC 10-163] Analyzing VHDL file "F:/FPGA_project/vivado/kc705/udp_ip/udp_ip.srcs/sources_1/ip/udp_packet_fifo/sim/udp_packet_fifo.vhd" into library xil_defaultlib
INFO: [VRFC 10-307] analyzing entity udp_packet_fifo
