
*** Running vivado
    with args -log system_axi_dma_0_0.vds -m64 -product Vivado -mode batch -messageDb vivado.pb -notrace -source system_axi_dma_0_0.tcl


****** Vivado v2016.4 (64-bit)
  **** SW Build 1733598 on Wed Dec 14 22:35:39 MST 2016
  **** IP Build 1731160 on Wed Dec 14 23:47:21 MST 2016
    ** Copyright 1986-2016 Xilinx, Inc. All Rights Reserved.

source system_axi_dma_0_0.tcl -notrace
Starting RTL Elaboration : Time (s): cpu = 00:00:10 ; elapsed = 00:00:14 . Memory (MB): peak = 337.102 ; gain = 126.777
INFO: [Synth 8-638] synthesizing module 'system_axi_dma_0_0' [f:/MIZ7035_Demon/s3/CH08_DMA_PL_LWIP/Miz_sys/Miz_sys.srcs/sources_1/bd/system/ip/system_axi_dma_0_0/synth/system_axi_dma_0_0.vhd:107]
INFO: [Synth 8-638] synthesizing module 'axi_dma' [f:/MIZ7035_Demon/s3/CH08_DMA_PL_LWIP/Miz_sys/Miz_sys.srcs/sources_1/bd/system/ipshared/46c7/hdl/axi_dma_v7_1_vh_rfs.vhd:21830]
INFO: [Synth 8-638] synthesizing module 'axi_dma_rst_module' [f:/MIZ7035_Demon/s3/CH08_DMA_PL_LWIP/Miz_sys/Miz_sys.srcs/sources_1/bd/system/ipshared/46c7/hdl/axi_dma_v7_1_vh_rfs.vhd:1595]
INFO: [Synth 8-638] synthesizing module 'cdc_sync' [f:/MIZ7035_Demon/s3/CH08_DMA_PL_LWIP/Miz_sys/Miz_sys.srcs/sources_1/bd/system/ipshared/52cb/hdl/lib_cdc_v1_0_rfs.vhd:106]
INFO: [Synth 8-256] done synthesizing module 'cdc_sync' (1#1) [f:/MIZ7035_Demon/s3/CH08_DMA_PL_LWIP/Miz_sys/Miz_sys.srcs/sources_1/bd/system/ipshared/52cb/hdl/lib_cdc_v1_0_rfs.vhd:106]
INFO: [Synth 8-638] synthesizing module 'axi_dma_reset' [f:/MIZ7035_Demon/s3/CH08_DMA_PL_LWIP/Miz_sys/Miz_sys.srcs/sources_1/bd/system/ipshared/46c7/hdl/axi_dma_v7_1_vh_rfs.vhd:603]
INFO: [Synth 8-256] done synthesizing module 'axi_dma_reset' (2#1) [f:/MIZ7035_Demon/s3/CH08_DMA_PL_LWIP/Miz_sys/Miz_sys.srcs/sources_1/bd/system/ipshared/46c7/hdl/axi_dma_v7_1_vh_rfs.vhd:603]
INFO: [Synth 8-256] done synthesizing module 'axi_dma_rst_module' (3#1) [f:/MIZ7035_Demon/s3/CH08_DMA_PL_LWIP/Miz_sys/Miz_sys.srcs/sources_1/bd/system/ipshared/46c7/hdl/axi_dma_v7_1_vh_rfs.vhd:1595]
INFO: [Synth 8-638] synthesizing module 'axi_dma_reg_module' [f:/MIZ7035_Demon/s3/CH08_DMA_PL_LWIP/Miz_sys/Miz_sys.srcs/sources_1/bd/system/ipshared/46c7/hdl/axi_dma_v7_1_vh_rfs.vhd:8254]
INFO: [Synth 8-638] synthesizing module 'axi_dma_lite_if' [f:/MIZ7035_Demon/s3/CH08_DMA_PL_LWIP/Miz_sys/Miz_sys.srcs/sources_1/bd/system/ipshared/46c7/hdl/axi_dma_v7_1_vh_rfs.vhd:2066]
INFO: [Synth 8-256] done synthesizing module 'axi_dma_lite_if' (4#1) [f:/MIZ7035_Demon/s3/CH08_DMA_PL_LWIP/Miz_sys/Miz_sys.srcs/sources_1/bd/system/ipshared/46c7/hdl/axi_dma_v7_1_vh_rfs.vhd:2066]
INFO: [Synth 8-638] synthesizing module 'axi_dma_register_s2mm' [f:/MIZ7035_Demon/s3/CH08_DMA_PL_LWIP/Miz_sys/Miz_sys.srcs/sources_1/bd/system/ipshared/46c7/hdl/axi_dma_v7_1_vh_rfs.vhd:4837]
INFO: [Synth 8-256] done synthesizing module 'axi_dma_register_s2mm' (5#1) [f:/MIZ7035_Demon/s3/CH08_DMA_PL_LWIP/Miz_sys/Miz_sys.srcs/sources_1/bd/system/ipshared/46c7/hdl/axi_dma_v7_1_vh_rfs.vhd:4837]
INFO: [Synth 8-256] done synthesizing module 'axi_dma_reg_module' (6#1) [f:/MIZ7035_Demon/s3/CH08_DMA_PL_LWIP/Miz_sys/Miz_sys.srcs/sources_1/bd/system/ipshared/46c7/hdl/axi_dma_v7_1_vh_rfs.vhd:8254]
INFO: [Synth 8-638] synthesizing module 'axi_dma_s2mm_mngr' [f:/MIZ7035_Demon/s3/CH08_DMA_PL_LWIP/Miz_sys/Miz_sys.srcs/sources_1/bd/system/ipshared/46c7/hdl/axi_dma_v7_1_vh_rfs.vhd:20222]
INFO: [Synth 8-638] synthesizing module 'axi_dma_smple_sm' [f:/MIZ7035_Demon/s3/CH08_DMA_PL_LWIP/Miz_sys/Miz_sys.srcs/sources_1/bd/system/ipshared/46c7/hdl/axi_dma_v7_1_vh_rfs.vhd:11685]
INFO: [Synth 8-256] done synthesizing module 'axi_dma_smple_sm' (7#1) [f:/MIZ7035_Demon/s3/CH08_DMA_PL_LWIP/Miz_sys/Miz_sys.srcs/sources_1/bd/system/ipshared/46c7/hdl/axi_dma_v7_1_vh_rfs.vhd:11685]
INFO: [Synth 8-638] synthesizing module 'axi_dma_s2mm_cmdsts_if' [f:/MIZ7035_Demon/s3/CH08_DMA_PL_LWIP/Miz_sys/Miz_sys.srcs/sources_1/bd/system/ipshared/46c7/hdl/axi_dma_v7_1_vh_rfs.vhd:18487]
INFO: [Synth 8-256] done synthesizing module 'axi_dma_s2mm_cmdsts_if' (8#1) [f:/MIZ7035_Demon/s3/CH08_DMA_PL_LWIP/Miz_sys/Miz_sys.srcs/sources_1/bd/system/ipshared/46c7/hdl/axi_dma_v7_1_vh_rfs.vhd:18487]
INFO: [Synth 8-638] synthesizing module 'axi_dma_s2mm_sts_mngr' [f:/MIZ7035_Demon/s3/CH08_DMA_PL_LWIP/Miz_sys/Miz_sys.srcs/sources_1/bd/system/ipshared/46c7/hdl/axi_dma_v7_1_vh_rfs.vhd:18917]
INFO: [Synth 8-256] done synthesizing module 'axi_dma_s2mm_sts_mngr' (9#1) [f:/MIZ7035_Demon/s3/CH08_DMA_PL_LWIP/Miz_sys/Miz_sys.srcs/sources_1/bd/system/ipshared/46c7/hdl/axi_dma_v7_1_vh_rfs.vhd:18917]
INFO: [Synth 8-256] done synthesizing module 'axi_dma_s2mm_mngr' (10#1) [f:/MIZ7035_Demon/s3/CH08_DMA_PL_LWIP/Miz_sys/Miz_sys.srcs/sources_1/bd/system/ipshared/46c7/hdl/axi_dma_v7_1_vh_rfs.vhd:20222]
INFO: [Synth 8-638] synthesizing module 'axi_dma_sofeof_gen' [f:/MIZ7035_Demon/s3/CH08_DMA_PL_LWIP/Miz_sys/Miz_sys.srcs/sources_1/bd/system/ipshared/46c7/hdl/axi_dma_v7_1_vh_rfs.vhd:11155]
INFO: [Synth 8-256] done synthesizing module 'axi_dma_sofeof_gen' (11#1) [f:/MIZ7035_Demon/s3/CH08_DMA_PL_LWIP/Miz_sys/Miz_sys.srcs/sources_1/bd/system/ipshared/46c7/hdl/axi_dma_v7_1_vh_rfs.vhd:11155]
INFO: [Synth 8-638] synthesizing module 'axi_datamover' [f:/MIZ7035_Demon/s3/CH08_DMA_PL_LWIP/Miz_sys/Miz_sys.srcs/sources_1/bd/system/ipshared/bf41/hdl/axi_datamover_v5_1_vh_rfs.vhd:48516]
INFO: [Synth 8-638] synthesizing module 'axi_datamover_mm2s_omit_wrap' [f:/MIZ7035_Demon/s3/CH08_DMA_PL_LWIP/Miz_sys/Miz_sys.srcs/sources_1/bd/system/ipshared/bf41/hdl/axi_datamover_v5_1_vh_rfs.vhd:46304]
INFO: [Synth 8-256] done synthesizing module 'axi_datamover_mm2s_omit_wrap' (12#1) [f:/MIZ7035_Demon/s3/CH08_DMA_PL_LWIP/Miz_sys/Miz_sys.srcs/sources_1/bd/system/ipshared/bf41/hdl/axi_datamover_v5_1_vh_rfs.vhd:46304]
INFO: [Synth 8-638] synthesizing module 'axi_datamover_s2mm_full_wrap' [f:/MIZ7035_Demon/s3/CH08_DMA_PL_LWIP/Miz_sys/Miz_sys.srcs/sources_1/bd/system/ipshared/bf41/hdl/axi_datamover_v5_1_vh_rfs.vhd:43113]
INFO: [Synth 8-638] synthesizing module 'axi_datamover_reset' [f:/MIZ7035_Demon/s3/CH08_DMA_PL_LWIP/Miz_sys/Miz_sys.srcs/sources_1/bd/system/ipshared/bf41/hdl/axi_datamover_v5_1_vh_rfs.vhd:153]
INFO: [Synth 8-256] done synthesizing module 'axi_datamover_reset' (13#1) [f:/MIZ7035_Demon/s3/CH08_DMA_PL_LWIP/Miz_sys/Miz_sys.srcs/sources_1/bd/system/ipshared/bf41/hdl/axi_datamover_v5_1_vh_rfs.vhd:153]
INFO: [Synth 8-638] synthesizing module 'axi_datamover_cmd_status' [f:/MIZ7035_Demon/s3/CH08_DMA_PL_LWIP/Miz_sys/Miz_sys.srcs/sources_1/bd/system/ipshared/bf41/hdl/axi_datamover_v5_1_vh_rfs.vhd:2693]
INFO: [Synth 8-638] synthesizing module 'axi_datamover_fifo' [f:/MIZ7035_Demon/s3/CH08_DMA_PL_LWIP/Miz_sys/Miz_sys.srcs/sources_1/bd/system/ipshared/bf41/hdl/axi_datamover_v5_1_vh_rfs.vhd:1881]
INFO: [Synth 8-256] done synthesizing module 'axi_datamover_fifo' (14#1) [f:/MIZ7035_Demon/s3/CH08_DMA_PL_LWIP/Miz_sys/Miz_sys.srcs/sources_1/bd/system/ipshared/bf41/hdl/axi_datamover_v5_1_vh_rfs.vhd:1881]
INFO: [Synth 8-638] synthesizing module 'axi_datamover_fifo__parameterized0' [f:/MIZ7035_Demon/s3/CH08_DMA_PL_LWIP/Miz_sys/Miz_sys.srcs/sources_1/bd/system/ipshared/bf41/hdl/axi_datamover_v5_1_vh_rfs.vhd:1881]
INFO: [Synth 8-256] done synthesizing module 'axi_datamover_fifo__parameterized0' (14#1) [f:/MIZ7035_Demon/s3/CH08_DMA_PL_LWIP/Miz_sys/Miz_sys.srcs/sources_1/bd/system/ipshared/bf41/hdl/axi_datamover_v5_1_vh_rfs.vhd:1881]
INFO: [Synth 8-256] done synthesizing module 'axi_datamover_cmd_status' (15#1) [f:/MIZ7035_Demon/s3/CH08_DMA_PL_LWIP/Miz_sys/Miz_sys.srcs/sources_1/bd/system/ipshared/bf41/hdl/axi_datamover_v5_1_vh_rfs.vhd:2693]
INFO: [Synth 8-638] synthesizing module 'axi_datamover_wr_status_cntl' [f:/MIZ7035_Demon/s3/CH08_DMA_PL_LWIP/Miz_sys/Miz_sys.srcs/sources_1/bd/system/ipshared/bf41/hdl/axi_datamover_v5_1_vh_rfs.vhd:17697]
INFO: [Synth 8-638] synthesizing module 'axi_datamover_fifo__parameterized1' [f:/MIZ7035_Demon/s3/CH08_DMA_PL_LWIP/Miz_sys/Miz_sys.srcs/sources_1/bd/system/ipshared/bf41/hdl/axi_datamover_v5_1_vh_rfs.vhd:1881]
INFO: [Synth 8-638] synthesizing module 'srl_fifo_f' [f:/MIZ7035_Demon/s3/CH08_DMA_PL_LWIP/Miz_sys/Miz_sys.srcs/sources_1/bd/system/ipshared/6039/hdl/lib_srl_fifo_v1_0_rfs.vhd:1000]
INFO: [Synth 8-638] synthesizing module 'srl_fifo_rbu_f' [f:/MIZ7035_Demon/s3/CH08_DMA_PL_LWIP/Miz_sys/Miz_sys.srcs/sources_1/bd/system/ipshared/6039/hdl/lib_srl_fifo_v1_0_rfs.vhd:697]
INFO: [Synth 8-638] synthesizing module 'cntr_incr_decr_addn_f' [f:/MIZ7035_Demon/s3/CH08_DMA_PL_LWIP/Miz_sys/Miz_sys.srcs/sources_1/bd/system/ipshared/6039/hdl/lib_srl_fifo_v1_0_rfs.vhd:143]
INFO: [Synth 8-256] done synthesizing module 'cntr_incr_decr_addn_f' (16#1) [f:/MIZ7035_Demon/s3/CH08_DMA_PL_LWIP/Miz_sys/Miz_sys.srcs/sources_1/bd/system/ipshared/6039/hdl/lib_srl_fifo_v1_0_rfs.vhd:143]
INFO: [Synth 8-638] synthesizing module 'dynshreg_f' [f:/MIZ7035_Demon/s3/CH08_DMA_PL_LWIP/Miz_sys/Miz_sys.srcs/sources_1/bd/system/ipshared/6039/hdl/lib_srl_fifo_v1_0_rfs.vhd:397]
INFO: [Synth 8-256] done synthesizing module 'dynshreg_f' (17#1) [f:/MIZ7035_Demon/s3/CH08_DMA_PL_LWIP/Miz_sys/Miz_sys.srcs/sources_1/bd/system/ipshared/6039/hdl/lib_srl_fifo_v1_0_rfs.vhd:397]
INFO: [Synth 8-256] done synthesizing module 'srl_fifo_rbu_f' (18#1) [f:/MIZ7035_Demon/s3/CH08_DMA_PL_LWIP/Miz_sys/Miz_sys.srcs/sources_1/bd/system/ipshared/6039/hdl/lib_srl_fifo_v1_0_rfs.vhd:697]
INFO: [Synth 8-256] done synthesizing module 'srl_fifo_f' (19#1) [f:/MIZ7035_Demon/s3/CH08_DMA_PL_LWIP/Miz_sys/Miz_sys.srcs/sources_1/bd/system/ipshared/6039/hdl/lib_srl_fifo_v1_0_rfs.vhd:1000]
INFO: [Synth 8-256] done synthesizing module 'axi_datamover_fifo__parameterized1' (19#1) [f:/MIZ7035_Demon/s3/CH08_DMA_PL_LWIP/Miz_sys/Miz_sys.srcs/sources_1/bd/system/ipshared/bf41/hdl/axi_datamover_v5_1_vh_rfs.vhd:1881]
INFO: [Synth 8-638] synthesizing module 'axi_datamover_fifo__parameterized2' [f:/MIZ7035_Demon/s3/CH08_DMA_PL_LWIP/Miz_sys/Miz_sys.srcs/sources_1/bd/system/ipshared/bf41/hdl/axi_datamover_v5_1_vh_rfs.vhd:1881]
INFO: [Synth 8-638] synthesizing module 'srl_fifo_f__parameterized0' [f:/MIZ7035_Demon/s3/CH08_DMA_PL_LWIP/Miz_sys/Miz_sys.srcs/sources_1/bd/system/ipshared/6039/hdl/lib_srl_fifo_v1_0_rfs.vhd:1000]
INFO: [Synth 8-638] synthesizing module 'srl_fifo_rbu_f__parameterized0' [f:/MIZ7035_Demon/s3/CH08_DMA_PL_LWIP/Miz_sys/Miz_sys.srcs/sources_1/bd/system/ipshared/6039/hdl/lib_srl_fifo_v1_0_rfs.vhd:697]
INFO: [Synth 8-638] synthesizing module 'dynshreg_f__parameterized0' [f:/MIZ7035_Demon/s3/CH08_DMA_PL_LWIP/Miz_sys/Miz_sys.srcs/sources_1/bd/system/ipshared/6039/hdl/lib_srl_fifo_v1_0_rfs.vhd:397]
INFO: [Synth 8-256] done synthesizing module 'dynshreg_f__parameterized0' (19#1) [f:/MIZ7035_Demon/s3/CH08_DMA_PL_LWIP/Miz_sys/Miz_sys.srcs/sources_1/bd/system/ipshared/6039/hdl/lib_srl_fifo_v1_0_rfs.vhd:397]
INFO: [Synth 8-256] done synthesizing module 'srl_fifo_rbu_f__parameterized0' (19#1) [f:/MIZ7035_Demon/s3/CH08_DMA_PL_LWIP/Miz_sys/Miz_sys.srcs/sources_1/bd/system/ipshared/6039/hdl/lib_srl_fifo_v1_0_rfs.vhd:697]
INFO: [Synth 8-256] done synthesizing module 'srl_fifo_f__parameterized0' (19#1) [f:/MIZ7035_Demon/s3/CH08_DMA_PL_LWIP/Miz_sys/Miz_sys.srcs/sources_1/bd/system/ipshared/6039/hdl/lib_srl_fifo_v1_0_rfs.vhd:1000]
INFO: [Synth 8-256] done synthesizing module 'axi_datamover_fifo__parameterized2' (19#1) [f:/MIZ7035_Demon/s3/CH08_DMA_PL_LWIP/Miz_sys/Miz_sys.srcs/sources_1/bd/system/ipshared/bf41/hdl/axi_datamover_v5_1_vh_rfs.vhd:1881]
INFO: [Synth 8-256] done synthesizing module 'axi_datamover_wr_status_cntl' (20#1) [f:/MIZ7035_Demon/s3/CH08_DMA_PL_LWIP/Miz_sys/Miz_sys.srcs/sources_1/bd/system/ipshared/bf41/hdl/axi_datamover_v5_1_vh_rfs.vhd:17697]
INFO: [Synth 8-638] synthesizing module 'axi_datamover_ibttcc' [f:/MIZ7035_Demon/s3/CH08_DMA_PL_LWIP/Miz_sys/Miz_sys.srcs/sources_1/bd/system/ipshared/bf41/hdl/axi_datamover_v5_1_vh_rfs.vhd:25723]
INFO: [Synth 8-256] done synthesizing module 'axi_datamover_ibttcc' (21#1) [f:/MIZ7035_Demon/s3/CH08_DMA_PL_LWIP/Miz_sys/Miz_sys.srcs/sources_1/bd/system/ipshared/bf41/hdl/axi_datamover_v5_1_vh_rfs.vhd:25723]
INFO: [Synth 8-638] synthesizing module 'axi_datamover_skid_buf' [f:/MIZ7035_Demon/s3/CH08_DMA_PL_LWIP/Miz_sys/Miz_sys.srcs/sources_1/bd/system/ipshared/bf41/hdl/axi_datamover_v5_1_vh_rfs.vhd:19492]
INFO: [Synth 8-256] done synthesizing module 'axi_datamover_skid_buf' (22#1) [f:/MIZ7035_Demon/s3/CH08_DMA_PL_LWIP/Miz_sys/Miz_sys.srcs/sources_1/bd/system/ipshared/bf41/hdl/axi_datamover_v5_1_vh_rfs.vhd:19492]
INFO: [Synth 8-638] synthesizing module 'axi_datamover_s2mm_realign' [f:/MIZ7035_Demon/s3/CH08_DMA_PL_LWIP/Miz_sys/Miz_sys.srcs/sources_1/bd/system/ipshared/bf41/hdl/axi_datamover_v5_1_vh_rfs.vhd:40129]
INFO: [Synth 8-638] synthesizing module 'axi_datamover_fifo__parameterized3' [f:/MIZ7035_Demon/s3/CH08_DMA_PL_LWIP/Miz_sys/Miz_sys.srcs/sources_1/bd/system/ipshared/bf41/hdl/axi_datamover_v5_1_vh_rfs.vhd:1881]
INFO: [Synth 8-638] synthesizing module 'srl_fifo_f__parameterized1' [f:/MIZ7035_Demon/s3/CH08_DMA_PL_LWIP/Miz_sys/Miz_sys.srcs/sources_1/bd/system/ipshared/6039/hdl/lib_srl_fifo_v1_0_rfs.vhd:1000]
INFO: [Synth 8-638] synthesizing module 'srl_fifo_rbu_f__parameterized1' [f:/MIZ7035_Demon/s3/CH08_DMA_PL_LWIP/Miz_sys/Miz_sys.srcs/sources_1/bd/system/ipshared/6039/hdl/lib_srl_fifo_v1_0_rfs.vhd:697]
INFO: [Synth 8-638] synthesizing module 'cntr_incr_decr_addn_f__parameterized0' [f:/MIZ7035_Demon/s3/CH08_DMA_PL_LWIP/Miz_sys/Miz_sys.srcs/sources_1/bd/system/ipshared/6039/hdl/lib_srl_fifo_v1_0_rfs.vhd:143]
INFO: [Synth 8-256] done synthesizing module 'cntr_incr_decr_addn_f__parameterized0' (22#1) [f:/MIZ7035_Demon/s3/CH08_DMA_PL_LWIP/Miz_sys/Miz_sys.srcs/sources_1/bd/system/ipshared/6039/hdl/lib_srl_fifo_v1_0_rfs.vhd:143]
INFO: [Synth 8-638] synthesizing module 'dynshreg_f__parameterized1' [f:/MIZ7035_Demon/s3/CH08_DMA_PL_LWIP/Miz_sys/Miz_sys.srcs/sources_1/bd/system/ipshared/6039/hdl/lib_srl_fifo_v1_0_rfs.vhd:397]
INFO: [Synth 8-256] done synthesizing module 'dynshreg_f__parameterized1' (22#1) [f:/MIZ7035_Demon/s3/CH08_DMA_PL_LWIP/Miz_sys/Miz_sys.srcs/sources_1/bd/system/ipshared/6039/hdl/lib_srl_fifo_v1_0_rfs.vhd:397]
INFO: [Synth 8-256] done synthesizing module 'srl_fifo_rbu_f__parameterized1' (22#1) [f:/MIZ7035_Demon/s3/CH08_DMA_PL_LWIP/Miz_sys/Miz_sys.srcs/sources_1/bd/system/ipshared/6039/hdl/lib_srl_fifo_v1_0_rfs.vhd:697]
INFO: [Synth 8-256] done synthesizing module 'srl_fifo_f__parameterized1' (22#1) [f:/MIZ7035_Demon/s3/CH08_DMA_PL_LWIP/Miz_sys/Miz_sys.srcs/sources_1/bd/system/ipshared/6039/hdl/lib_srl_fifo_v1_0_rfs.vhd:1000]
INFO: [Synth 8-256] done synthesizing module 'axi_datamover_fifo__parameterized3' (22#1) [f:/MIZ7035_Demon/s3/CH08_DMA_PL_LWIP/Miz_sys/Miz_sys.srcs/sources_1/bd/system/ipshared/bf41/hdl/axi_datamover_v5_1_vh_rfs.vhd:1881]
INFO: [Synth 8-638] synthesizing module 'axi_datamover_s2mm_scatter' [f:/MIZ7035_Demon/s3/CH08_DMA_PL_LWIP/Miz_sys/Miz_sys.srcs/sources_1/bd/system/ipshared/bf41/hdl/axi_datamover_v5_1_vh_rfs.vhd:38236]
INFO: [Synth 8-638] synthesizing module 'axi_datamover_mssai_skid_buf' [f:/MIZ7035_Demon/s3/CH08_DMA_PL_LWIP/Miz_sys/Miz_sys.srcs/sources_1/bd/system/ipshared/bf41/hdl/axi_datamover_v5_1_vh_rfs.vhd:37286]
INFO: [Synth 8-638] synthesizing module 'axi_datamover_ms_strb_set' [f:/MIZ7035_Demon/s3/CH08_DMA_PL_LWIP/Miz_sys/Miz_sys.srcs/sources_1/bd/system/ipshared/bf41/hdl/axi_datamover_v5_1_vh_rfs.vhd:35726]
INFO: [Synth 8-256] done synthesizing module 'axi_datamover_ms_strb_set' (23#1) [f:/MIZ7035_Demon/s3/CH08_DMA_PL_LWIP/Miz_sys/Miz_sys.srcs/sources_1/bd/system/ipshared/bf41/hdl/axi_datamover_v5_1_vh_rfs.vhd:35726]
INFO: [Synth 8-256] done synthesizing module 'axi_datamover_mssai_skid_buf' (24#1) [f:/MIZ7035_Demon/s3/CH08_DMA_PL_LWIP/Miz_sys/Miz_sys.srcs/sources_1/bd/system/ipshared/bf41/hdl/axi_datamover_v5_1_vh_rfs.vhd:37286]
INFO: [Synth 8-638] synthesizing module 'axi_datamover_strb_gen2' [f:/MIZ7035_Demon/s3/CH08_DMA_PL_LWIP/Miz_sys/Miz_sys.srcs/sources_1/bd/system/ipshared/bf41/hdl/axi_datamover_v5_1_vh_rfs.vhd:4337]
INFO: [Synth 8-256] done synthesizing module 'axi_datamover_strb_gen2' (25#1) [f:/MIZ7035_Demon/s3/CH08_DMA_PL_LWIP/Miz_sys/Miz_sys.srcs/sources_1/bd/system/ipshared/bf41/hdl/axi_datamover_v5_1_vh_rfs.vhd:4337]
INFO: [Synth 8-638] synthesizing module 'axi_datamover_slice' [f:/MIZ7035_Demon/s3/CH08_DMA_PL_LWIP/Miz_sys/Miz_sys.srcs/sources_1/bd/system/ipshared/bf41/hdl/axi_datamover_v5_1_vh_rfs.vhd:37975]
INFO: [Synth 8-256] done synthesizing module 'axi_datamover_slice' (26#1) [f:/MIZ7035_Demon/s3/CH08_DMA_PL_LWIP/Miz_sys/Miz_sys.srcs/sources_1/bd/system/ipshared/bf41/hdl/axi_datamover_v5_1_vh_rfs.vhd:37975]
INFO: [Synth 8-638] synthesizing module 'axi_datamover_fifo__parameterized4' [f:/MIZ7035_Demon/s3/CH08_DMA_PL_LWIP/Miz_sys/Miz_sys.srcs/sources_1/bd/system/ipshared/bf41/hdl/axi_datamover_v5_1_vh_rfs.vhd:1881]
INFO: [Synth 8-638] synthesizing module 'srl_fifo_f__parameterized2' [f:/MIZ7035_Demon/s3/CH08_DMA_PL_LWIP/Miz_sys/Miz_sys.srcs/sources_1/bd/system/ipshared/6039/hdl/lib_srl_fifo_v1_0_rfs.vhd:1000]
INFO: [Synth 8-638] synthesizing module 'srl_fifo_rbu_f__parameterized2' [f:/MIZ7035_Demon/s3/CH08_DMA_PL_LWIP/Miz_sys/Miz_sys.srcs/sources_1/bd/system/ipshared/6039/hdl/lib_srl_fifo_v1_0_rfs.vhd:697]
INFO: [Synth 8-638] synthesizing module 'cntr_incr_decr_addn_f__parameterized1' [f:/MIZ7035_Demon/s3/CH08_DMA_PL_LWIP/Miz_sys/Miz_sys.srcs/sources_1/bd/system/ipshared/6039/hdl/lib_srl_fifo_v1_0_rfs.vhd:143]
INFO: [Synth 8-256] done synthesizing module 'cntr_incr_decr_addn_f__parameterized1' (26#1) [f:/MIZ7035_Demon/s3/CH08_DMA_PL_LWIP/Miz_sys/Miz_sys.srcs/sources_1/bd/system/ipshared/6039/hdl/lib_srl_fifo_v1_0_rfs.vhd:143]
INFO: [Synth 8-638] synthesizing module 'dynshreg_f__parameterized2' [f:/MIZ7035_Demon/s3/CH08_DMA_PL_LWIP/Miz_sys/Miz_sys.srcs/sources_1/bd/system/ipshared/6039/hdl/lib_srl_fifo_v1_0_rfs.vhd:397]
INFO: [Synth 8-256] done synthesizing module 'dynshreg_f__parameterized2' (26#1) [f:/MIZ7035_Demon/s3/CH08_DMA_PL_LWIP/Miz_sys/Miz_sys.srcs/sources_1/bd/system/ipshared/6039/hdl/lib_srl_fifo_v1_0_rfs.vhd:397]
INFO: [Synth 8-256] done synthesizing module 'srl_fifo_rbu_f__parameterized2' (26#1) [f:/MIZ7035_Demon/s3/CH08_DMA_PL_LWIP/Miz_sys/Miz_sys.srcs/sources_1/bd/system/ipshared/6039/hdl/lib_srl_fifo_v1_0_rfs.vhd:697]
INFO: [Synth 8-256] done synthesizing module 'srl_fifo_f__parameterized2' (26#1) [f:/MIZ7035_Demon/s3/CH08_DMA_PL_LWIP/Miz_sys/Miz_sys.srcs/sources_1/bd/system/ipshared/6039/hdl/lib_srl_fifo_v1_0_rfs.vhd:1000]
INFO: [Synth 8-256] done synthesizing module 'axi_datamover_fifo__parameterized4' (26#1) [f:/MIZ7035_Demon/s3/CH08_DMA_PL_LWIP/Miz_sys/Miz_sys.srcs/sources_1/bd/system/ipshared/bf41/hdl/axi_datamover_v5_1_vh_rfs.vhd:1881]
INFO: [Synth 8-256] done synthesizing module 'axi_datamover_s2mm_scatter' (27#1) [f:/MIZ7035_Demon/s3/CH08_DMA_PL_LWIP/Miz_sys/Miz_sys.srcs/sources_1/bd/system/ipshared/bf41/hdl/axi_datamover_v5_1_vh_rfs.vhd:38236]
INFO: [Synth 8-256] done synthesizing module 'axi_datamover_s2mm_realign' (28#1) [f:/MIZ7035_Demon/s3/CH08_DMA_PL_LWIP/Miz_sys/Miz_sys.srcs/sources_1/bd/system/ipshared/bf41/hdl/axi_datamover_v5_1_vh_rfs.vhd:40129]
INFO: [Synth 8-638] synthesizing module 'axi_datamover_indet_btt' [f:/MIZ7035_Demon/s3/CH08_DMA_PL_LWIP/Miz_sys/Miz_sys.srcs/sources_1/bd/system/ipshared/bf41/hdl/axi_datamover_v5_1_vh_rfs.vhd:28422]
INFO: [Synth 8-638] synthesizing module 'axi_datamover_stbs_set' [f:/MIZ7035_Demon/s3/CH08_DMA_PL_LWIP/Miz_sys/Miz_sys.srcs/sources_1/bd/system/ipshared/bf41/hdl/axi_datamover_v5_1_vh_rfs.vhd:23402]
INFO: [Synth 8-256] done synthesizing module 'axi_datamover_stbs_set' (29#1) [f:/MIZ7035_Demon/s3/CH08_DMA_PL_LWIP/Miz_sys/Miz_sys.srcs/sources_1/bd/system/ipshared/bf41/hdl/axi_datamover_v5_1_vh_rfs.vhd:23402]
INFO: [Synth 8-638] synthesizing module 'axi_datamover_sfifo_autord' [f:/MIZ7035_Demon/s3/CH08_DMA_PL_LWIP/Miz_sys/Miz_sys.srcs/sources_1/bd/system/ipshared/bf41/hdl/axi_datamover_v5_1_vh_rfs.vhd:1294]
INFO: [Synth 8-638] synthesizing module 'sync_fifo_fg' [f:/MIZ7035_Demon/s3/CH08_DMA_PL_LWIP/Miz_sys/Miz_sys.srcs/sources_1/bd/system/ipshared/5ab6/hdl/lib_fifo_v1_0_rfs.vhd:2097]
INFO: [Synth 8-256] done synthesizing module 'sync_fifo_fg' (50#1) [f:/MIZ7035_Demon/s3/CH08_DMA_PL_LWIP/Miz_sys/Miz_sys.srcs/sources_1/bd/system/ipshared/5ab6/hdl/lib_fifo_v1_0_rfs.vhd:2097]
INFO: [Synth 8-256] done synthesizing module 'axi_datamover_sfifo_autord' (51#1) [f:/MIZ7035_Demon/s3/CH08_DMA_PL_LWIP/Miz_sys/Miz_sys.srcs/sources_1/bd/system/ipshared/bf41/hdl/axi_datamover_v5_1_vh_rfs.vhd:1294]
INFO: [Synth 8-638] synthesizing module 'axi_datamover_sfifo_autord__parameterized0' [f:/MIZ7035_Demon/s3/CH08_DMA_PL_LWIP/Miz_sys/Miz_sys.srcs/sources_1/bd/system/ipshared/bf41/hdl/axi_datamover_v5_1_vh_rfs.vhd:1294]
INFO: [Synth 8-638] synthesizing module 'sync_fifo_fg__parameterized0' [f:/MIZ7035_Demon/s3/CH08_DMA_PL_LWIP/Miz_sys/Miz_sys.srcs/sources_1/bd/system/ipshared/5ab6/hdl/lib_fifo_v1_0_rfs.vhd:2097]
INFO: [Synth 8-256] done synthesizing module 'sync_fifo_fg__parameterized0' (60#1) [f:/MIZ7035_Demon/s3/CH08_DMA_PL_LWIP/Miz_sys/Miz_sys.srcs/sources_1/bd/system/ipshared/5ab6/hdl/lib_fifo_v1_0_rfs.vhd:2097]
INFO: [Synth 8-256] done synthesizing module 'axi_datamover_sfifo_autord__parameterized0' (60#1) [f:/MIZ7035_Demon/s3/CH08_DMA_PL_LWIP/Miz_sys/Miz_sys.srcs/sources_1/bd/system/ipshared/bf41/hdl/axi_datamover_v5_1_vh_rfs.vhd:1294]
INFO: [Synth 8-638] synthesizing module 'axi_datamover_stbs_set__parameterized0' [f:/MIZ7035_Demon/s3/CH08_DMA_PL_LWIP/Miz_sys/Miz_sys.srcs/sources_1/bd/system/ipshared/bf41/hdl/axi_datamover_v5_1_vh_rfs.vhd:23402]
INFO: [Synth 8-256] done synthesizing module 'axi_datamover_stbs_set__parameterized0' (60#1) [f:/MIZ7035_Demon/s3/CH08_DMA_PL_LWIP/Miz_sys/Miz_sys.srcs/sources_1/bd/system/ipshared/bf41/hdl/axi_datamover_v5_1_vh_rfs.vhd:23402]
INFO: [Synth 8-638] synthesizing module 'axi_datamover_skid_buf__parameterized0' [f:/MIZ7035_Demon/s3/CH08_DMA_PL_LWIP/Miz_sys/Miz_sys.srcs/sources_1/bd/system/ipshared/bf41/hdl/axi_datamover_v5_1_vh_rfs.vhd:19492]
INFO: [Synth 8-256] done synthesizing module 'axi_datamover_skid_buf__parameterized0' (60#1) [f:/MIZ7035_Demon/s3/CH08_DMA_PL_LWIP/Miz_sys/Miz_sys.srcs/sources_1/bd/system/ipshared/bf41/hdl/axi_datamover_v5_1_vh_rfs.vhd:19492]
INFO: [Synth 8-256] done synthesizing module 'axi_datamover_indet_btt' (61#1) [f:/MIZ7035_Demon/s3/CH08_DMA_PL_LWIP/Miz_sys/Miz_sys.srcs/sources_1/bd/system/ipshared/bf41/hdl/axi_datamover_v5_1_vh_rfs.vhd:28422]
INFO: [Synth 8-638] synthesizing module 'axi_datamover_addr_cntl' [f:/MIZ7035_Demon/s3/CH08_DMA_PL_LWIP/Miz_sys/Miz_sys.srcs/sources_1/bd/system/ipshared/bf41/hdl/axi_datamover_v5_1_vh_rfs.vhd:9995]
INFO: [Synth 8-638] synthesizing module 'axi_datamover_fifo__parameterized5' [f:/MIZ7035_Demon/s3/CH08_DMA_PL_LWIP/Miz_sys/Miz_sys.srcs/sources_1/bd/system/ipshared/bf41/hdl/axi_datamover_v5_1_vh_rfs.vhd:1881]
INFO: [Synth 8-638] synthesizing module 'srl_fifo_f__parameterized3' [f:/MIZ7035_Demon/s3/CH08_DMA_PL_LWIP/Miz_sys/Miz_sys.srcs/sources_1/bd/system/ipshared/6039/hdl/lib_srl_fifo_v1_0_rfs.vhd:1000]
INFO: [Synth 8-638] synthesizing module 'srl_fifo_rbu_f__parameterized3' [f:/MIZ7035_Demon/s3/CH08_DMA_PL_LWIP/Miz_sys/Miz_sys.srcs/sources_1/bd/system/ipshared/6039/hdl/lib_srl_fifo_v1_0_rfs.vhd:697]
INFO: [Synth 8-638] synthesizing module 'cntr_incr_decr_addn_f__parameterized2' [f:/MIZ7035_Demon/s3/CH08_DMA_PL_LWIP/Miz_sys/Miz_sys.srcs/sources_1/bd/system/ipshared/6039/hdl/lib_srl_fifo_v1_0_rfs.vhd:143]
INFO: [Synth 8-256] done synthesizing module 'cntr_incr_decr_addn_f__parameterized2' (61#1) [f:/MIZ7035_Demon/s3/CH08_DMA_PL_LWIP/Miz_sys/Miz_sys.srcs/sources_1/bd/system/ipshared/6039/hdl/lib_srl_fifo_v1_0_rfs.vhd:143]
INFO: [Synth 8-638] synthesizing module 'dynshreg_f__parameterized3' [f:/MIZ7035_Demon/s3/CH08_DMA_PL_LWIP/Miz_sys/Miz_sys.srcs/sources_1/bd/system/ipshared/6039/hdl/lib_srl_fifo_v1_0_rfs.vhd:397]
INFO: [Synth 8-256] done synthesizing module 'dynshreg_f__parameterized3' (61#1) [f:/MIZ7035_Demon/s3/CH08_DMA_PL_LWIP/Miz_sys/Miz_sys.srcs/sources_1/bd/system/ipshared/6039/hdl/lib_srl_fifo_v1_0_rfs.vhd:397]
INFO: [Synth 8-256] done synthesizing module 'srl_fifo_rbu_f__parameterized3' (61#1) [f:/MIZ7035_Demon/s3/CH08_DMA_PL_LWIP/Miz_sys/Miz_sys.srcs/sources_1/bd/system/ipshared/6039/hdl/lib_srl_fifo_v1_0_rfs.vhd:697]
INFO: [Synth 8-256] done synthesizing module 'srl_fifo_f__parameterized3' (61#1) [f:/MIZ7035_Demon/s3/CH08_DMA_PL_LWIP/Miz_sys/Miz_sys.srcs/sources_1/bd/system/ipshared/6039/hdl/lib_srl_fifo_v1_0_rfs.vhd:1000]
INFO: [Synth 8-256] done synthesizing module 'axi_datamover_fifo__parameterized5' (61#1) [f:/MIZ7035_Demon/s3/CH08_DMA_PL_LWIP/Miz_sys/Miz_sys.srcs/sources_1/bd/system/ipshared/bf41/hdl/axi_datamover_v5_1_vh_rfs.vhd:1881]
INFO: [Synth 8-256] done synthesizing module 'axi_datamover_addr_cntl' (62#1) [f:/MIZ7035_Demon/s3/CH08_DMA_PL_LWIP/Miz_sys/Miz_sys.srcs/sources_1/bd/system/ipshared/bf41/hdl/axi_datamover_v5_1_vh_rfs.vhd:9995]
INFO: [Synth 8-638] synthesizing module 'axi_datamover_wrdata_cntl' [f:/MIZ7035_Demon/s3/CH08_DMA_PL_LWIP/Miz_sys/Miz_sys.srcs/sources_1/bd/system/ipshared/bf41/hdl/axi_datamover_v5_1_vh_rfs.vhd:15669]
INFO: [Synth 8-638] synthesizing module 'axi_datamover_strb_gen2__parameterized0' [f:/MIZ7035_Demon/s3/CH08_DMA_PL_LWIP/Miz_sys/Miz_sys.srcs/sources_1/bd/system/ipshared/bf41/hdl/axi_datamover_v5_1_vh_rfs.vhd:4337]
INFO: [Synth 8-256] done synthesizing module 'axi_datamover_strb_gen2__parameterized0' (62#1) [f:/MIZ7035_Demon/s3/CH08_DMA_PL_LWIP/Miz_sys/Miz_sys.srcs/sources_1/bd/system/ipshared/bf41/hdl/axi_datamover_v5_1_vh_rfs.vhd:4337]
INFO: [Synth 8-638] synthesizing module 'axi_datamover_fifo__parameterized6' [f:/MIZ7035_Demon/s3/CH08_DMA_PL_LWIP/Miz_sys/Miz_sys.srcs/sources_1/bd/system/ipshared/bf41/hdl/axi_datamover_v5_1_vh_rfs.vhd:1881]
INFO: [Synth 8-638] synthesizing module 'srl_fifo_f__parameterized4' [f:/MIZ7035_Demon/s3/CH08_DMA_PL_LWIP/Miz_sys/Miz_sys.srcs/sources_1/bd/system/ipshared/6039/hdl/lib_srl_fifo_v1_0_rfs.vhd:1000]
INFO: [Synth 8-638] synthesizing module 'srl_fifo_rbu_f__parameterized4' [f:/MIZ7035_Demon/s3/CH08_DMA_PL_LWIP/Miz_sys/Miz_sys.srcs/sources_1/bd/system/ipshared/6039/hdl/lib_srl_fifo_v1_0_rfs.vhd:697]
INFO: [Synth 8-638] synthesizing module 'cntr_incr_decr_addn_f__parameterized3' [f:/MIZ7035_Demon/s3/CH08_DMA_PL_LWIP/Miz_sys/Miz_sys.srcs/sources_1/bd/system/ipshared/6039/hdl/lib_srl_fifo_v1_0_rfs.vhd:143]
INFO: [Synth 8-256] done synthesizing module 'cntr_incr_decr_addn_f__parameterized3' (62#1) [f:/MIZ7035_Demon/s3/CH08_DMA_PL_LWIP/Miz_sys/Miz_sys.srcs/sources_1/bd/system/ipshared/6039/hdl/lib_srl_fifo_v1_0_rfs.vhd:143]
INFO: [Synth 8-638] synthesizing module 'dynshreg_f__parameterized4' [f:/MIZ7035_Demon/s3/CH08_DMA_PL_LWIP/Miz_sys/Miz_sys.srcs/sources_1/bd/system/ipshared/6039/hdl/lib_srl_fifo_v1_0_rfs.vhd:397]
INFO: [Synth 8-256] done synthesizing module 'dynshreg_f__parameterized4' (62#1) [f:/MIZ7035_Demon/s3/CH08_DMA_PL_LWIP/Miz_sys/Miz_sys.srcs/sources_1/bd/system/ipshared/6039/hdl/lib_srl_fifo_v1_0_rfs.vhd:397]
INFO: [Synth 8-256] done synthesizing module 'srl_fifo_rbu_f__parameterized4' (62#1) [f:/MIZ7035_Demon/s3/CH08_DMA_PL_LWIP/Miz_sys/Miz_sys.srcs/sources_1/bd/system/ipshared/6039/hdl/lib_srl_fifo_v1_0_rfs.vhd:697]
INFO: [Synth 8-256] done synthesizing module 'srl_fifo_f__parameterized4' (62#1) [f:/MIZ7035_Demon/s3/CH08_DMA_PL_LWIP/Miz_sys/Miz_sys.srcs/sources_1/bd/system/ipshared/6039/hdl/lib_srl_fifo_v1_0_rfs.vhd:1000]
INFO: [Synth 8-256] done synthesizing module 'axi_datamover_fifo__parameterized6' (62#1) [f:/MIZ7035_Demon/s3/CH08_DMA_PL_LWIP/Miz_sys/Miz_sys.srcs/sources_1/bd/system/ipshared/bf41/hdl/axi_datamover_v5_1_vh_rfs.vhd:1881]
INFO: [Synth 8-256] done synthesizing module 'axi_datamover_wrdata_cntl' (63#1) [f:/MIZ7035_Demon/s3/CH08_DMA_PL_LWIP/Miz_sys/Miz_sys.srcs/sources_1/bd/system/ipshared/bf41/hdl/axi_datamover_v5_1_vh_rfs.vhd:15669]
INFO: [Synth 8-638] synthesizing module 'axi_datamover_skid2mm_buf' [f:/MIZ7035_Demon/s3/CH08_DMA_PL_LWIP/Miz_sys/Miz_sys.srcs/sources_1/bd/system/ipshared/bf41/hdl/axi_datamover_v5_1_vh_rfs.vhd:18990]
INFO: [Synth 8-638] synthesizing module 'axi_datamover_wr_demux' [f:/MIZ7035_Demon/s3/CH08_DMA_PL_LWIP/Miz_sys/Miz_sys.srcs/sources_1/bd/system/ipshared/bf41/hdl/axi_datamover_v5_1_vh_rfs.vhd:14112]
INFO: [Synth 8-256] done synthesizing module 'axi_datamover_wr_demux' (64#1) [f:/MIZ7035_Demon/s3/CH08_DMA_PL_LWIP/Miz_sys/Miz_sys.srcs/sources_1/bd/system/ipshared/bf41/hdl/axi_datamover_v5_1_vh_rfs.vhd:14112]
INFO: [Synth 8-256] done synthesizing module 'axi_datamover_skid2mm_buf' (65#1) [f:/MIZ7035_Demon/s3/CH08_DMA_PL_LWIP/Miz_sys/Miz_sys.srcs/sources_1/bd/system/ipshared/bf41/hdl/axi_datamover_v5_1_vh_rfs.vhd:18990]
INFO: [Synth 8-256] done synthesizing module 'axi_datamover_s2mm_full_wrap' (66#1) [f:/MIZ7035_Demon/s3/CH08_DMA_PL_LWIP/Miz_sys/Miz_sys.srcs/sources_1/bd/system/ipshared/bf41/hdl/axi_datamover_v5_1_vh_rfs.vhd:43113]
INFO: [Synth 8-256] done synthesizing module 'axi_datamover' (67#1) [f:/MIZ7035_Demon/s3/CH08_DMA_PL_LWIP/Miz_sys/Miz_sys.srcs/sources_1/bd/system/ipshared/bf41/hdl/axi_datamover_v5_1_vh_rfs.vhd:48516]
INFO: [Synth 8-256] done synthesizing module 'axi_dma' (68#1) [f:/MIZ7035_Demon/s3/CH08_DMA_PL_LWIP/Miz_sys/Miz_sys.srcs/sources_1/bd/system/ipshared/46c7/hdl/axi_dma_v7_1_vh_rfs.vhd:21830]
INFO: [Synth 8-256] done synthesizing module 'system_axi_dma_0_0' (69#1) [f:/MIZ7035_Demon/s3/CH08_DMA_PL_LWIP/Miz_sys/Miz_sys.srcs/sources_1/bd/system/ip/system_axi_dma_0_0/synth/system_axi_dma_0_0.vhd:107]
Finished RTL Elaboration : Time (s): cpu = 00:02:58 ; elapsed = 00:03:14 . Memory (MB): peak = 583.906 ; gain = 373.582
Finished RTL Optimization Phase 1 : Time (s): cpu = 00:02:58 ; elapsed = 00:03:14 . Memory (MB): peak = 583.906 ; gain = 373.582
INFO: [Device 21-403] Loading part xc7z035ffg676-2
Constraint Validation Runtime : Time (s): cpu = 00:00:00 ; elapsed = 00:00:00.063 . Memory (MB): peak = 785.875 ; gain = 0.102
Finished Constraint Validation : Time (s): cpu = 00:03:08 ; elapsed = 00:03:24 . Memory (MB): peak = 785.875 ; gain = 575.551
Finished Loading Part and Timing Information : Time (s): cpu = 00:03:08 ; elapsed = 00:03:24 . Memory (MB): peak = 785.875 ; gain = 575.551
Finished applying 'set_property' XDC Constraints : Time (s): cpu = 00:03:08 ; elapsed = 00:03:24 . Memory (MB): peak = 785.875 ; gain = 575.551
Finished RTL Optimization Phase 2 : Time (s): cpu = 00:03:11 ; elapsed = 00:03:27 . Memory (MB): peak = 785.875 ; gain = 575.551
Finished Cross Boundary and Area Optimization : Time (s): cpu = 00:03:14 ; elapsed = 00:03:31 . Memory (MB): peak = 785.875 ; gain = 575.551
---------------------------------------------------------------------------------
Start ROM, RAM, DSP and Shift Register Reporting
---------------------------------------------------------------------------------

Distributed RAM: Preliminary Mapping  Report (see note below)
+------------+---------------------------------------------------------------------------------------------------------------------------------------------------------------------------------------------------------------------------------------------------+----------------+----------------------+--------------+
|Module Name | RTL Object                                                                                                                                                                                                                                        | Inference      | Size (Depth x Width) | Primitives   | 
+------------+---------------------------------------------------------------------------------------------------------------------------------------------------------------------------------------------------------------------------------------------------+----------------+----------------------+--------------+
|axi_dma     | I_PRMRY_DATAMOVER/GEN_S2MM_FULL.I_S2MM_FULL_WRAPPER/GEN_ENABLE_INDET_BTT_SF.I_INDET_BTT/I_XD_FIFO/NON_BLK_MEM.I_SYNC_FIFOGEN_FIFO/FAMILY_SUPPORTED.I_SYNC_FIFO_BRAM/inst_fifo_gen/gconvfifo.rf/grf.rf/gntv_or_sync_fifo.mem/gdm.dm_gen.dm/RAM_reg | User Attribute | 8 x 9                | RAM32M x 2   | 
+------------+---------------------------------------------------------------------------------------------------------------------------------------------------------------------------------------------------------------------------------------------------+----------------+----------------------+--------------+

Note: The table above is a preliminary report that shows the Distributed RAMs at the current stage of the synthesis flow. Some Distributed RAMs may be reimplemented as non Distributed RAM primitives later in the synthesis flow. Multiple instantiated RAMs are reported only once.
---------------------------------------------------------------------------------
Finished ROM, RAM, DSP and Shift Register Reporting
---------------------------------------------------------------------------------
Finished Applying XDC Timing Constraints : Time (s): cpu = 00:03:22 ; elapsed = 00:03:39 . Memory (MB): peak = 785.875 ; gain = 575.551
Finished Timing Optimization : Time (s): cpu = 00:03:25 ; elapsed = 00:03:42 . Memory (MB): peak = 802.320 ; gain = 591.996
Finished Technology Mapping : Time (s): cpu = 00:03:26 ; elapsed = 00:03:43 . Memory (MB): peak = 802.320 ; gain = 591.996
Finished IO Insertion : Time (s): cpu = 00:03:26 ; elapsed = 00:03:43 . Memory (MB): peak = 802.320 ; gain = 591.996
Finished Renaming Generated Instances : Time (s): cpu = 00:03:26 ; elapsed = 00:03:43 . Memory (MB): peak = 802.320 ; gain = 591.996
Finished Rebuilding User Hierarchy : Time (s): cpu = 00:03:27 ; elapsed = 00:03:44 . Memory (MB): peak = 802.320 ; gain = 591.996
Finished Renaming Generated Ports : Time (s): cpu = 00:03:27 ; elapsed = 00:03:44 . Memory (MB): peak = 802.320 ; gain = 591.996
Finished Handling Custom Attributes : Time (s): cpu = 00:03:27 ; elapsed = 00:03:44 . Memory (MB): peak = 802.320 ; gain = 591.996
Finished Renaming Generated Nets : Time (s): cpu = 00:03:27 ; elapsed = 00:03:44 . Memory (MB): peak = 802.320 ; gain = 591.996

Report Cell Usage: 
+------+---------+------+
|      |Cell     |Count |
+------+---------+------+
|1     |CARRY4   |    35|
|2     |LUT1     |    66|
|3     |LUT2     |   119|
|4     |LUT3     |   288|
|5     |LUT4     |   164|
|6     |LUT5     |   156|
|7     |LUT6     |   197|
|8     |MUXF7    |     1|
|9     |RAM32M   |     2|
|10    |RAMB36E1 |     1|
|11    |SRL16E   |   111|
|12    |FDR      |     8|
|13    |FDRE     |  1233|
|14    |FDSE     |    50|
+------+---------+------+
Finished Writing Synthesis Report : Time (s): cpu = 00:03:27 ; elapsed = 00:03:44 . Memory (MB): peak = 802.320 ; gain = 591.996
synth_design: Time (s): cpu = 00:03:25 ; elapsed = 00:03:41 . Memory (MB): peak = 807.730 ; gain = 564.527
