#-----------------------------------------------------------
# Vivado v2016.4 (64-bit)
# SW Build 1733598 on Wed Dec 14 22:35:39 MST 2016
# IP Build 1731160 on Wed Dec 14 23:47:21 MST 2016
# Start of session at: Fri Nov 10 08:55:13 2017
# Process ID: 77364
# Current directory: F:/MIZ7035_Demon/s3/CH08_DMA_PL_LWIP/Miz_sys
# Command line: vivado.exe -gui_launcher_event rodinguilauncherevent26836 F:\MIZ7035_Demon\s3\CH08_DMA_PL_LWIP\Miz_sys\Miz_sys.xpr
# Log file: F:/MIZ7035_Demon/s3/CH08_DMA_PL_LWIP/Miz_sys/vivado.log
# Journal file: F:/MIZ7035_Demon/s3/CH08_DMA_PL_LWIP/Miz_sys\vivado.jou
#-----------------------------------------------------------
start_gui
open_project F:/MIZ7035_Demon/s3/CH08_DMA_PL_LWIP/Miz_sys/Miz_sys.xpr
Scanning sources...
Finished scanning sources
INFO: [IP_Flow 19-234] Refreshing IP repositories
INFO: [IP_Flow 19-1700] Loaded user IP repository 'f:/MIZ7035_Demon/s3/CH08_DMA_PL_LWIP/Miz_ip_lib/AXI_OLED'.
INFO: [IP_Flow 19-2313] Loaded Vivado IP repository 'D:/Xilinx/Vivado/2016.4/data/ip'.
open_project: Time (s): cpu = 00:00:11 ; elapsed = 00:00:09 . Memory (MB): peak = 946.113 ; gain = 259.313
file copy -force F:/MIZ7035_Demon/s3/CH08_DMA_PL_LWIP/Miz_sys/Miz_sys.runs/impl_1/dma_system_wrapper.sysdef F:/MIZ7035_Demon/s3/CH08_DMA_PL_LWIP/Miz_sys/Miz_sys.sdk/dma_system_wrapper.hdf

launch_sdk -workspace F:/MIZ7035_Demon/s3/CH08_DMA_PL_LWIP/Miz_sys/Miz_sys.sdk -hwspec F:/MIZ7035_Demon/s3/CH08_DMA_PL_LWIP/Miz_sys/Miz_sys.sdk/dma_system_wrapper.hdf
INFO: [Vivado 12-393] Launching SDK...
INFO: [Vivado 12-417] Running xsdk -workspace F:/MIZ7035_Demon/s3/CH08_DMA_PL_LWIP/Miz_sys/Miz_sys.sdk -hwspec F:/MIZ7035_Demon/s3/CH08_DMA_PL_LWIP/Miz_sys/Miz_sys.sdk/dma_system_wrapper.hdf
INFO: [Vivado 12-3157] SDK launch initiated. Please check console for any further messages.
file mkdir F:/MIZ7035_Demon/s3/CH08_DMA_PL_LWIP/Miz_sys/Miz_sys.sdk
file copy -force F:/MIZ7035_Demon/s3/CH08_DMA_PL_LWIP/Miz_sys/Miz_sys.runs/impl_1/dma_system_wrapper.sysdef F:/MIZ7035_Demon/s3/CH08_DMA_PL_LWIP/Miz_sys/Miz_sys.sdk/dma_system_wrapper.hdf

launch_sdk -workspace F:/MIZ7035_Demon/s3/CH08_DMA_PL_LWIP/Miz_sys/Miz_sys.sdk -hwspec F:/MIZ7035_Demon/s3/CH08_DMA_PL_LWIP/Miz_sys/Miz_sys.sdk/dma_system_wrapper.hdf
INFO: [Vivado 12-393] Launching SDK...
INFO: [Vivado 12-417] Running xsdk -workspace F:/MIZ7035_Demon/s3/CH08_DMA_PL_LWIP/Miz_sys/Miz_sys.sdk -hwspec F:/MIZ7035_Demon/s3/CH08_DMA_PL_LWIP/Miz_sys/Miz_sys.sdk/dma_system_wrapper.hdf
INFO: [Vivado 12-3157] SDK launch initiated. Please check console for any further messages.
exit
INFO: [Common 17-206] Exiting Vivado at Fri Nov 10 09:30:45 2017...
