#-----------------------------------------------------------
# Webtalk v2018.3.1 (64-bit)
# SW Build 2489853 on Tue Mar 26 04:20:25 MDT 2019
# 
# Start of session at: Sun Apr 12 01:23:11 2020
# Process ID: 18916
# Current directory: F:/FILE/FPGA/ZYNQ/08_LAN/02_LWIP_RGMII/02_LWIP_RGMII.sdk/webtalk
# Command line: wbtcv.exe -mode batch -source sdk_webtalk.tcl
# Log file: F:/FILE/FPGA/ZYNQ/08_LAN/02_LWIP_RGMII/02_LWIP_RGMII.sdk/webtalk/webtalk.log
# Journal file: F:/FILE/FPGA/ZYNQ/08_LAN/02_LWIP_RGMII/02_LWIP_RGMII.sdk/webtalk\webtalk.jou
#-----------------------------------------------------------
source sdk_webtalk.tcl
# webtalk_init -webtalk_dir F:\\FILE\\FPGA\\ZYNQ\\08_LAN\\02_LWIP_RGMII\\02_LWIP_RGMII.sdk\\webtalk
# webtalk_register_client -client project
# webtalk_add_data -client project -key date_generated -value "2020-04-12 01:23:06" -context "software_version_and_target_device"
# webtalk_add_data -client project -key product_version -value "SDK v2018.3" -context "software_version_and_target_device"
# webtalk_add_data -client project -key build_version -value "2018.3" -context "software_version_and_target_device"
# webtalk_add_data -client project -key os_platform -value "amd64" -context "software_version_and_target_device"
# webtalk_add_data -client project -key registration_id -value "" -context "software_version_and_target_device"
# webtalk_add_data -client project -key tool_flow -value "SDK" -context "software_version_and_target_device"
# webtalk_add_data -client project -key beta -value "false" -context "software_version_and_target_device"
# webtalk_add_data -client project -key route_design -value "NA" -context "software_version_and_target_device"
# webtalk_add_data -client project -key target_family -value "NA" -context "software_version_and_target_device"
# webtalk_add_data -client project -key target_device -value "NA" -context "software_version_and_target_device"
# webtalk_add_data -client project -key target_package -value "NA" -context "software_version_and_target_device"
# webtalk_add_data -client project -key target_speed -value "NA" -context "software_version_and_target_device"
# webtalk_add_data -client project -key random_id -value "1n2r41v9b55qjue1a83g1h2ba4" -context "software_version_and_target_device"
# webtalk_add_data -client project -key project_id -value "2018.3_6" -context "software_version_and_target_device"
# webtalk_add_data -client project -key project_iteration -value "6" -context "software_version_and_target_device"
# webtalk_add_data -client project -key os_name -value "Microsoft Windows 8 or later , 64-bit" -context "user_environment"
# webtalk_add_data -client project -key os_release -value "major release  (build 9200)" -context "user_environment"
# webtalk_add_data -client project -key cpu_name -value "Intel(R) Core(TM) i7-8750H CPU @ 2.20GHz" -context "user_environment"
# webtalk_add_data -client project -key cpu_speed -value "2208 MHz" -context "user_environment"
# webtalk_add_data -client project -key total_processors -value "1" -context "user_environment"
# webtalk_add_data -client project -key system_ram -value "17.047 GB" -context "user_environment"
# webtalk_register_client -client sdk
# webtalk_add_data -client sdk -key uid -value "1586611163521" -context "sdk\\\\hardware/1586611163521"
# webtalk_add_data -client sdk -key isZynq -value "true" -context "sdk\\\\hardware/1586611163521"
# webtalk_add_data -client sdk -key isZynqMP -value "false" -context "sdk\\\\hardware/1586611163521"
# webtalk_add_data -client sdk -key Processors -value "2" -context "sdk\\\\hardware/1586611163521"
# webtalk_add_data -client sdk -key VivadoVersion -value "2018.3.1" -context "sdk\\\\hardware/1586611163521"
# webtalk_add_data -client sdk -key Arch -value "zynq" -context "sdk\\\\hardware/1586611163521"
# webtalk_add_data -client sdk -key Device -value "7z035" -context "sdk\\\\hardware/1586611163521"
# webtalk_add_data -client sdk -key IsHandoff -value "true" -context "sdk\\\\hardware/1586611163521"
# webtalk_add_data -client sdk -key os -value "NA" -context "sdk\\\\hardware/1586611163521"
# webtalk_add_data -client sdk -key apptemplate -value "NA" -context "sdk\\\\hardware/1586611163521"
# webtalk_add_data -client sdk -key RecordType -value "HWCreation" -context "sdk\\\\hardware/1586611163521"
# webtalk_add_data -client sdk -key uid -value "1586613101167" -context "sdk\\\\bsp/1586613101167"
# webtalk_add_data -client sdk -key hwid -value "1531985942512" -context "sdk\\\\bsp/1586613101167"
# webtalk_add_data -client sdk -key os -value "standalone" -context "sdk\\\\bsp/1586613101167"
# webtalk_add_data -client sdk -key apptemplate -value "lwip_echo_server" -context "sdk\\\\bsp/1586613101167"
# webtalk_add_data -client sdk -key RecordType -value "BSPCreation" -context "sdk\\\\bsp/1586613101167"
# webtalk_add_data -client sdk -key uid -value "1586613117993" -context "sdk\\\\application/1586613117993"
# webtalk_add_data -client sdk -key hwid -value "1531985942512" -context "sdk\\\\application/1586613117993"
# webtalk_add_data -client sdk -key bspid -value "1586613101167" -context "sdk\\\\application/1586613117993"
# webtalk_add_data -client sdk -key newbsp -value "true" -context "sdk\\\\application/1586613117993"
# webtalk_add_data -client sdk -key os -value "standalone" -context "sdk\\\\application/1586613117993"
# webtalk_add_data -client sdk -key apptemplate -value "lwip_echo_server" -context "sdk\\\\application/1586613117993"
# webtalk_add_data -client sdk -key RecordType -value "APPCreation" -context "sdk\\\\application/1586613117993"
# webtalk_add_data -client sdk -key LangUsed -value "C" -context "sdk\\\\application/1586613117993"
# webtalk_add_data -client sdk -key Procused -value "ps7_cortexa9" -context "sdk\\\\application/1586613117993"
# webtalk_add_data -client sdk -key projSize -value "927.890625" -context "sdk\\\\application/1586613117993"
# webtalk_add_data -client sdk -key uid -value "NA" -context "sdk\\\\bsp/1586625786512"
# webtalk_add_data -client sdk -key RecordType -value "ToolUsage" -context "sdk\\\\bsp/1586625786512"
# webtalk_add_data -client sdk -key BootgenCount -value "0" -context "sdk\\\\bsp/1586625786512"
# webtalk_add_data -client sdk -key DebugCount -value "2" -context "sdk\\\\bsp/1586625786512"
# webtalk_add_data -client sdk -key PerfCount -value "0" -context "sdk\\\\bsp/1586625786512"
# webtalk_add_data -client sdk -key FlashCount -value "0" -context "sdk\\\\bsp/1586625786512"
# webtalk_add_data -client sdk -key CrossTriggCount -value "0" -context "sdk\\\\bsp/1586625786512"
# webtalk_add_data -client sdk -key QemuDebugCount -value "0" -context "sdk\\\\bsp/1586625786512"
# webtalk_transmit -clientid 2155599714 -regid "" -xml F:\\FILE\\FPGA\\ZYNQ\\08_LAN\\02_LWIP_RGMII\\02_LWIP_RGMII.sdk\\webtalk\\usage_statistics_ext_sdk.xml -html F:\\FILE\\FPGA\\ZYNQ\\08_LAN\\02_LWIP_RGMII\\02_LWIP_RGMII.sdk\\webtalk\\usage_statistics_ext_sdk.html -wdm F:\\FILE\\FPGA\\ZYNQ\\08_LAN\\02_LWIP_RGMII\\02_LWIP_RGMII.sdk\\webtalk\\sdk_webtalk.wdm -intro "<H3>SDK Usage Report</H3><BR>"
# webtalk_terminate
INFO: [Common 17-206] Exiting Webtalk at Sun Apr 12 01:23:28 2020...
